number,value,datetime_start,datetime_complete,duration,params_C,params_epsilon,params_gamma,state
133,-7.957972049105322,2026-01-17 19:39:54.510571,2026-01-17 19:39:54.524895,0 days 00:00:00.014324,46.420027775197454,1.0187433524254936,2.5433696684630775,COMPLETE
134,-7.996469750745961,2026-01-17 19:39:54.525434,2026-01-17 19:39:54.540340,0 days 00:00:00.014906,47.404335448059776,1.0629447413997934,2.851477165808947,COMPLETE
135,-7.968922959211577,2026-01-17 19:39:54.540750,2026-01-17 19:39:54.555340,0 days 00:00:00.014590,48.4661411404421,1.0861557602932033,2.6671832936011666,COMPLETE
136,-7.965500784340871,2026-01-17 19:39:54.555786,2026-01-17 19:39:54.570319,0 days 00:00:00.014533,45.46186444821166,1.0060185648755036,2.509596079481257,COMPLETE
137,-7.956651359786856,2026-01-17 19:39:54.570746,2026-01-17 19:39:54.585252,0 days 00:00:00.014506,49.26791663620828,1.0326266731500529,2.585984278439704,COMPLETE
138,-7.953114915296995,2026-01-17 19:39:54.585698,2026-01-17 19:39:54.599795,0 days 00:00:00.014097,50.810677473193515,0.9648184646280173,2.398511244585675,COMPLETE
139,-7.980766308195736,2026-01-17 19:39:54.600246,2026-01-17 19:39:54.614846,0 days 00:00:00.014600,50.96763193304319,0.9583509602943343,2.742604236343923,COMPLETE
140,-7.988449985918116,2026-01-17 19:39:54.615370,2026-01-17 19:39:54.629440,0 days 00:00:00.014070,47.69127710396074,0.9911083262931155,2.283228955897388,COMPLETE
141,-7.952449774767426,2026-01-17 19:39:54.630088,2026-01-17 19:39:54.644349,0 days 00:00:00.014261,50.16423133687508,1.0229331941347046,2.3996377046687627,COMPLETE
142,-7.976209022121336,2026-01-17 19:39:54.645053,2026-01-17 19:39:54.659133,0 days 00:00:00.014080,50.22892719298536,0.29027492957680784,2.4184502414290683,COMPLETE
143,-7.9534811252200495,2026-01-17 19:39:54.659540,2026-01-17 19:39:54.673923,0 days 00:00:00.014383,52.02492419149604,0.9751089084625549,2.510367730570812,COMPLETE
144,-7.9540481544999295,2026-01-17 19:39:54.674328,2026-01-17 19:39:54.689602,0 days 00:00:00.015274,52.370190321025,1.0242679980583933,2.519408825267581,COMPLETE
145,-7.9683071582117835,2026-01-17 19:39:54.690101,2026-01-17 19:39:54.704308,0 days 00:00:00.014207,52.26392920875424,0.9940191505808874,2.6521549671315183,COMPLETE
146,-7.95246491387522,2026-01-17 19:39:54.704920,2026-01-17 19:39:54.720644,0 days 00:00:00.015724,51.73753031129552,1.0756516261926818,2.488339749407862,COMPLETE
147,-7.955749656907864,2026-01-17 19:39:54.721424,2026-01-17 19:39:54.735830,0 days 00:00:00.014406,53.208981165695384,1.1019259080278412,2.5280838180524223,COMPLETE
148,-7.954918699573175,2026-01-17 19:39:54.736385,2026-01-17 19:39:54.750011,0 days 00:00:00.013626,51.423207979292386,1.1283090771628126,2.3169875744112662,COMPLETE
149,-7.966112687018326,2026-01-17 19:39:54.750480,2026-01-17 19:39:54.764687,0 days 00:00:00.014207,51.99381329089611,1.0728264862633807,2.631949499575675,COMPLETE
150,-7.951294347064106,2026-01-17 19:39:54.765177,2026-01-17 19:39:54.779933,0 days 00:00:00.014756,50.91835766998985,1.0328010036501498,2.4770555876474525,COMPLETE
151,-7.9518724607245215,2026-01-17 19:39:54.780479,2026-01-17 19:39:54.794961,0 days 00:00:00.014482,50.85427751826369,1.0229816240399292,2.5035506641104814,COMPLETE
152,-7.950179539503402,2026-01-17 19:39:54.795531,2026-01-17 19:39:54.810166,0 days 00:00:00.014635,50.83150022744188,1.0569210915845042,2.433062662393989,COMPLETE
153,-7.951248424978184,2026-01-17 19:39:54.810931,2026-01-17 19:39:54.825457,0 days 00:00:00.014526,50.673169789018644,1.0643595848449052,2.3882142641934587,COMPLETE
154,-7.951079934991195,2026-01-17 19:39:54.825965,2026-01-17 19:39:54.840456,0 days 00:00:00.014491,50.91313008421616,1.0611286130999238,2.3861214452986057,COMPLETE
155,-7.951124653536958,2026-01-17 19:39:54.841058,2026-01-17 19:39:54.856104,0 days 00:00:00.015046,50.58923220872524,1.0838795785548714,2.384911092214486,COMPLETE
156,-7.962724516435593,2026-01-17 19:39:54.856594,2026-01-17 19:39:54.871015,0 days 00:00:00.014421,50.761317467331864,1.0901033168227847,2.2910808965850507,COMPLETE
157,-7.951952443475115,2026-01-17 19:39:54.871624,2026-01-17 19:39:54.886981,0 days 00:00:00.015357,53.207992236049655,1.1321101241796645,2.3946141716928264,COMPLETE
158,-8.09729476141586,2026-01-17 19:39:54.887429,2026-01-17 19:39:54.902707,0 days 00:00:00.015278,25.9465385358264,1.1687504608780612,2.108307263226403,COMPLETE
159,-7.9635159214835465,2026-01-17 19:39:54.903196,2026-01-17 19:39:54.918363,0 days 00:00:00.015167,48.87743967750483,1.147438470590476,2.339307220992164,COMPLETE
160,-7.966911679990565,2026-01-17 19:39:54.919008,2026-01-17 19:39:54.934125,0 days 00:00:00.015117,52.91355848818595,1.1238935782186577,2.2192520034344576,COMPLETE
161,-7.950295353963232,2026-01-17 19:39:54.934753,2026-01-17 19:39:54.949543,0 days 00:00:00.014790,50.74959945777436,1.0548507981724198,2.4104113214377643,COMPLETE
162,-7.95293919517467,2026-01-17 19:39:54.950011,2026-01-17 19:39:54.964142,0 days 00:00:00.014131,53.025524099832836,1.056588694232512,2.4300091552409646,COMPLETE
163,-7.952991591894685,2026-01-17 19:39:54.964622,2026-01-17 19:39:54.979042,0 days 00:00:00.014420,53.36636162276854,1.0566597611557647,2.411727288630107,COMPLETE
164,-7.961099648682935,2026-01-17 19:39:54.979537,2026-01-17 19:39:54.994033,0 days 00:00:00.014496,51.79032199042742,1.1003871516028572,2.270591167755505,COMPLETE
165,-7.951194966222772,2026-01-17 19:39:54.994522,2026-01-17 19:39:55.009031,0 days 00:00:00.014509,52.94393749860067,1.0765117497540309,2.3634073364602144,COMPLETE
166,-7.97152652586494,2026-01-17 19:39:55.009524,2026-01-17 19:39:55.025091,0 days 00:00:00.015567,54.45597594679686,1.0734670020705999,2.183604409393798,COMPLETE
167,-7.95090373134845,2026-01-17 19:39:55.025597,2026-01-17 19:39:55.040222,0 days 00:00:00.014625,50.48431242730837,1.1197028786666272,2.379406542413902,COMPLETE
168,-7.955913014409203,2026-01-17 19:39:55.040687,2026-01-17 19:39:55.055094,0 days 00:00:00.014407,50.44182469087666,1.1126758630258344,2.338639280426258,COMPLETE
169,-7.9693796982635785,2026-01-17 19:39:55.055729,2026-01-17 19:39:55.070554,0 days 00:00:00.014825,50.63162155973119,1.163633203742732,2.2591055392341373,COMPLETE
170,-7.958329168689768,2026-01-17 19:39:55.071049,2026-01-17 19:39:55.086069,0 days 00:00:00.015020,49.17648768869416,1.1425950450343099,2.3632904908931085,COMPLETE
171,-7.9507987228307115,2026-01-17 19:39:55.086504,2026-01-17 19:39:55.100779,0 days 00:00:00.014275,51.740848755267336,1.080971328597917,2.417749547828463,COMPLETE
172,-7.951290265418388,2026-01-17 19:39:55.101230,2026-01-17 19:39:55.116388,0 days 00:00:00.015158,51.53540588204406,1.0865504837949758,2.4561961721966434,COMPLETE
173,-7.949472632258804,2026-01-17 19:39:55.116851,2026-01-17 19:39:55.131964,0 days 00:00:00.015113,50.18040696576737,1.1137029433592214,2.424736585890436,COMPLETE
174,-7.950823495705923,2026-01-17 19:39:55.132407,2026-01-17 19:39:55.147252,0 days 00:00:00.014845,48.718857867666294,1.1154324276923806,2.45340598409336,COMPLETE
175,-7.950703887047505,2026-01-17 19:39:55.147971,2026-01-17 19:39:55.163181,0 days 00:00:00.015210,48.93709235679459,1.12516049613058,2.4411367253433243,COMPLETE
176,-7.951265374653234,2026-01-17 19:39:55.163863,2026-01-17 19:39:55.179184,0 days 00:00:00.015321,48.476446929522425,1.132975741966336,2.4597381779699625,COMPLETE
177,-7.950663433487081,2026-01-17 19:39:55.179744,2026-01-17 19:39:55.194246,0 days 00:00:00.014502,48.64488999592225,1.1113964023759995,2.461678988232693,COMPLETE
178,-7.9737021209770615,2026-01-17 19:39:55.195180,2026-01-17 19:39:55.209310,0 days 00:00:00.014130,48.43558454980888,1.1083636757659008,2.3098535841513272,COMPLETE
179,-7.959736075099826,2026-01-17 19:39:55.209781,2026-01-17 19:39:55.224901,0 days 00:00:00.015120,46.6793019446601,1.190442666897482,2.47171575816436,COMPLETE
180,-7.954430464907669,2026-01-17 19:39:55.225494,2026-01-17 19:39:55.240152,0 days 00:00:00.014658,47.99009881076858,1.1524865113077183,2.443984878291268,COMPLETE
181,-7.964276905075788,2026-01-17 19:39:55.240879,2026-01-17 19:39:55.255660,0 days 00:00:00.014781,49.3865578116073,1.0916379697899548,2.6307269702135465,COMPLETE
182,-8.241980504541456,2026-01-17 19:39:55.256145,2026-01-17 19:39:55.270638,0 days 00:00:00.014493,50.850553582843744,1.1184312648342047,1.456738275223518,COMPLETE
183,-7.949921487847166,2026-01-17 19:39:55.271112,2026-01-17 19:39:55.285268,0 days 00:00:00.014156,50.013150472636845,1.0854322436633461,2.4633821874942696,COMPLETE
184,-7.9700641143398645,2026-01-17 19:39:55.285748,2026-01-17 19:39:55.300090,0 days 00:00:00.014342,48.678683523072465,1.0890137978270706,2.3197341311241417,COMPLETE
185,-7.9494321485643695,2026-01-17 19:39:55.300722,2026-01-17 19:39:55.315248,0 days 00:00:00.014526,49.689133954335986,1.1457265080761636,2.446789130658146,COMPLETE
186,-7.97487408745161,2026-01-17 19:39:55.315713,2026-01-17 19:39:55.330772,0 days 00:00:00.015059,49.955880829185574,1.1817961393469385,2.254755342075686,COMPLETE
187,-7.949498610936265,2026-01-17 19:39:55.331214,2026-01-17 19:39:55.345721,0 days 00:00:00.014507,50.06524105196455,1.1406917600503912,2.4423623074381644,COMPLETE
188,-7.955540972460194,2026-01-17 19:39:55.346260,2026-01-17 19:39:55.360636,0 days 00:00:00.014376,48.0768094060908,1.1562074482144518,2.4277984682654377,COMPLETE
189,-7.954317272172402,2026-01-17 19:39:55.361169,2026-01-17 19:39:55.376254,0 days 00:00:00.015085,49.87444262149621,1.1303863600259,2.3674057212982333,COMPLETE
190,-8.006583298139402,2026-01-17 19:39:55.377030,2026-01-17 19:39:55.392038,0 days 00:00:00.015008,47.07880329841136,1.1164639657903712,2.2060016812395604,COMPLETE
191,-7.951462440750862,2026-01-17 19:39:55.392520,2026-01-17 19:39:55.407471,0 days 00:00:00.014951,51.511734222243476,1.1417726574197093,2.4619809042942693,COMPLETE
192,-7.960007500934472,2026-01-17 19:39:55.408134,2026-01-17 19:39:55.423338,0 days 00:00:00.015204,50.53982722352985,1.0956961023910212,2.595445673269629,COMPLETE
193,-7.950347571704715,2026-01-17 19:39:55.424118,2026-01-17 19:39:55.438796,0 days 00:00:00.014678,49.263875320812744,1.0683951938616443,2.4484456275721356,COMPLETE
194,-7.959384191639236,2026-01-17 19:39:55.439282,2026-01-17 19:39:55.453654,0 days 00:00:00.014372,49.250991307624965,1.077689989089961,2.3619443090870043,COMPLETE
195,-7.949463448196147,2026-01-17 19:39:55.454108,2026-01-17 19:39:55.468918,0 days 00:00:00.014810,50.05346245843563,1.1092461621405685,2.4318278271108236,COMPLETE
196,-7.969646462816469,2026-01-17 19:39:55.469591,2026-01-17 19:39:55.484177,0 days 00:00:00.014586,48.38593229125961,1.1747205090297788,2.321745542973276,COMPLETE
197,-7.949756968025963,2026-01-17 19:39:55.485006,2026-01-17 19:39:55.499157,0 days 00:00:00.014151,49.97220971835252,1.1181563732857864,2.4183412875009997,COMPLETE
198,-7.972483971909462,2026-01-17 19:39:55.499988,2026-01-17 19:39:55.515606,0 days 00:00:00.015618,49.94411245471133,1.0513957079358638,2.2792847222819685,COMPLETE
199,-7.951680233909315,2026-01-17 19:39:55.516018,2026-01-17 19:39:55.531913,0 days 00:00:00.015895,50.05121813452303,1.1100482932252524,2.3865347611234062,COMPLETE
