number,value,datetime_start,datetime_complete,duration,params_C,params_epsilon,params_gamma,state
132,-7.3368819566017125,2026-01-20 16:38:34.051598,2026-01-20 16:38:34.066488,0 days 00:00:00.014890,32.3005632104624,1.199209347584642,0.9882637149177005,COMPLETE
133,-7.3378782458652125,2026-01-20 16:38:34.067020,2026-01-20 16:38:34.081044,0 days 00:00:00.014024,33.330342859289786,1.199045961670589,0.99147787545286,COMPLETE
134,-7.344751968966442,2026-01-20 16:38:34.081586,2026-01-20 16:38:34.096671,0 days 00:00:00.015085,33.83932855896484,1.199469273918548,0.9342441946140853,COMPLETE
135,-7.342648717091636,2026-01-20 16:38:34.097193,2026-01-20 16:38:34.112008,0 days 00:00:00.014815,32.540441022791576,1.1762683952910242,0.9556108762614471,COMPLETE
136,-7.3495792061973635,2026-01-20 16:38:34.112613,2026-01-20 16:38:34.128175,0 days 00:00:00.015562,33.38591711158925,1.1513167305852305,1.1605654267406427,COMPLETE
137,-7.370834318898636,2026-01-20 16:38:34.128757,2026-01-20 16:38:34.143333,0 days 00:00:00.014576,30.607267471390717,1.16903731656706,0.8110314380625021,COMPLETE
138,-7.768266961884518,2026-01-20 16:38:34.143872,2026-01-20 16:38:34.159174,0 days 00:00:00.015302,32.29049015378523,1.1303969607059523,2.7887731738648,COMPLETE
139,-7.340425602117618,2026-01-20 16:38:34.159738,2026-01-20 16:38:34.174303,0 days 00:00:00.014565,35.266096830854444,1.199283884699617,1.0176042548051054,COMPLETE
140,-7.361349659296566,2026-01-20 16:38:34.174850,2026-01-20 16:38:34.190302,0 days 00:00:00.015452,31.794857908860994,1.18098349031612,0.907345548149211,COMPLETE
141,-7.341920161040065,2026-01-20 16:38:34.190893,2026-01-20 16:38:34.205927,0 days 00:00:00.015034,34.88158552714989,1.1482766539013987,0.9957489624434438,COMPLETE
142,-7.338642753350309,2026-01-20 16:38:34.206501,2026-01-20 16:38:34.221424,0 days 00:00:00.014923,33.49313609328629,1.1794037026711623,1.0213358355194344,COMPLETE
143,-7.346037810584514,2026-01-20 16:38:34.222388,2026-01-20 16:38:34.236794,0 days 00:00:00.014406,33.03429836641644,1.177632407002936,1.1292281722914483,COMPLETE
144,-7.3730257684021385,2026-01-20 16:38:34.237549,2026-01-20 16:38:34.253028,0 days 00:00:00.015479,31.12194665976836,1.130011404798026,0.8748713030076595,COMPLETE
145,-7.355117202273304,2026-01-20 16:38:34.253546,2026-01-20 16:38:34.269087,0 days 00:00:00.015541,33.6513090927712,1.1579607864178412,1.2098043405204626,COMPLETE
146,-7.793608322332109,2026-01-20 16:38:34.269631,2026-01-20 16:38:34.284192,0 days 00:00:00.014561,47.081346019237095,1.1996798896635037,3.1466847063114285,COMPLETE
147,-7.339181078168471,2026-01-20 16:38:34.284903,2026-01-20 16:38:34.300997,0 days 00:00:00.016094,30.102925892865493,1.173713865038884,1.0189737139075548,COMPLETE
148,-7.343148312317171,2026-01-20 16:38:34.301751,2026-01-20 16:38:34.317194,0 days 00:00:00.015443,30.498525404391454,1.1737929802505314,0.9838235447016255,COMPLETE
149,-7.374081169631777,2026-01-20 16:38:34.317947,2026-01-20 16:38:34.333379,0 days 00:00:00.015432,32.31551468786139,1.1474536421185517,0.8382069465818972,COMPLETE
150,-7.381083636973786,2026-01-20 16:38:34.333972,2026-01-20 16:38:34.348358,0 days 00:00:00.014386,30.31415972138045,1.1772688731794483,0.718734666068078,COMPLETE
151,-7.338904720270844,2026-01-20 16:38:34.349111,2026-01-20 16:38:34.364759,0 days 00:00:00.015648,31.4531136946299,1.1156499118705665,1.0293157086009155,COMPLETE
152,-7.369707801666746,2026-01-20 16:38:34.365364,2026-01-20 16:38:34.380170,0 days 00:00:00.014806,29.704079878272044,0.7002209225168561,1.0304787781106637,COMPLETE
153,-7.362623732227609,2026-01-20 16:38:34.380745,2026-01-20 16:38:34.396359,0 days 00:00:00.015614,31.57999626261668,1.1996663153785636,0.9038094889077173,COMPLETE
154,-7.348337444291504,2026-01-20 16:38:34.396819,2026-01-20 16:38:34.412311,0 days 00:00:00.015492,33.32986945720529,1.1357647945711142,1.1476045351461932,COMPLETE
155,-7.344831846504317,2026-01-20 16:38:34.412876,2026-01-20 16:38:34.427278,0 days 00:00:00.014402,32.287558546314365,1.0951854017233962,0.9689170129102543,COMPLETE
156,-7.35800050672611,2026-01-20 16:38:34.428026,2026-01-20 16:38:34.442622,0 days 00:00:00.014596,34.50629972320884,1.158005927286463,1.2646995070758207,COMPLETE
157,-7.353169122974566,2026-01-20 16:38:34.443286,2026-01-20 16:38:34.457889,0 days 00:00:00.014603,28.29048940352711,1.1765964817961205,1.0160660564845463,COMPLETE
158,-7.343014854778845,2026-01-20 16:38:34.458453,2026-01-20 16:38:34.473151,0 days 00:00:00.014698,31.118979823200235,1.1215397168257133,1.115946646675317,COMPLETE
159,-7.3530123985667615,2026-01-20 16:38:34.473676,2026-01-20 16:38:34.489094,0 days 00:00:00.015418,30.231564161501424,1.1555078810950061,1.208897118092356,COMPLETE
160,-7.370335126416532,2026-01-20 16:38:34.489590,2026-01-20 16:38:34.504476,0 days 00:00:00.014886,29.280944033586024,1.1988515414566496,0.7871274557569169,COMPLETE
161,-7.340018372177836,2026-01-20 16:38:34.505021,2026-01-20 16:38:34.520275,0 days 00:00:00.015254,31.5684644976334,1.1098175689324838,1.0694648391206083,COMPLETE
162,-7.3412579061641905,2026-01-20 16:38:34.520795,2026-01-20 16:38:34.535450,0 days 00:00:00.014655,32.8829273622899,1.084280782639934,1.0396587815671825,COMPLETE
163,-7.354129390762358,2026-01-20 16:38:34.535991,2026-01-20 16:38:34.550757,0 days 00:00:00.014766,31.695791764119175,1.1465911764533117,0.9322679075436031,COMPLETE
164,-7.344194779773803,2026-01-20 16:38:34.551286,2026-01-20 16:38:34.565963,0 days 00:00:00.014677,30.802901871337802,1.1147006362099787,1.126784429038884,COMPLETE
165,-7.340760005280883,2026-01-20 16:38:34.566788,2026-01-20 16:38:34.581539,0 days 00:00:00.014751,33.96255058127286,1.1718235148921343,1.0450412570619478,COMPLETE
166,-7.3721810137916535,2026-01-20 16:38:34.582160,2026-01-20 16:38:34.598133,0 days 00:00:00.015973,32.12795035961821,1.1364965147651211,0.8650783865528289,COMPLETE
167,-7.367077983385583,2026-01-20 16:38:34.598812,2026-01-20 16:38:34.613698,0 days 00:00:00.014886,29.92126250644266,1.1787474707560877,1.3024221995824963,COMPLETE
168,-7.366720608470031,2026-01-20 16:38:34.614463,2026-01-20 16:38:34.630249,0 days 00:00:00.015786,29.02372604285802,1.0991230758455177,0.9644144286106654,COMPLETE
169,-7.35412300320084,2026-01-20 16:38:34.630780,2026-01-20 16:38:34.645859,0 days 00:00:00.015079,32.981954885283514,1.129383635395233,1.2014034403878733,COMPLETE
170,-7.340427411145129,2026-01-20 16:38:34.646595,2026-01-20 16:38:34.662278,0 days 00:00:00.015683,30.991106383112985,1.1599925975995704,1.0962310636839137,COMPLETE
171,-7.340300139752358,2026-01-20 16:38:34.662937,2026-01-20 16:38:34.678350,0 days 00:00:00.015413,31.6404674599537,1.1052121033090114,1.0738875908942143,COMPLETE
172,-7.336645324400942,2026-01-20 16:38:34.678877,2026-01-20 16:38:34.693826,0 days 00:00:00.014949,31.951954545834983,1.1972389038094002,1.005308091684553,COMPLETE
173,-7.338546787402677,2026-01-20 16:38:34.694587,2026-01-20 16:38:34.709440,0 days 00:00:00.014853,32.58568159574032,1.1985668211090996,0.9691179954518915,COMPLETE
174,-7.348135304315074,2026-01-20 16:38:34.710058,2026-01-20 16:38:34.725403,0 days 00:00:00.015345,32.60009603669146,1.178701709846653,0.934223888695574,COMPLETE
175,-7.33817733757636,2026-01-20 16:38:34.725994,2026-01-20 16:38:34.740791,0 days 00:00:00.014797,33.582149084816194,1.1996083259949484,1.0130570112180473,COMPLETE
176,-7.340262426055278,2026-01-20 16:38:34.741291,2026-01-20 16:38:34.756380,0 days 00:00:00.015089,33.504662813575656,1.1608520811164598,0.9752884829935935,COMPLETE
177,-7.366185640533791,2026-01-20 16:38:34.756849,2026-01-20 16:38:34.771836,0 days 00:00:00.014987,34.85057749349397,1.182417114766613,0.8479406503669336,COMPLETE
178,-7.583177091359166,2026-01-20 16:38:34.772490,2026-01-20 16:38:34.787518,0 days 00:00:00.015028,36.154288155633,1.1988919276403203,1.9372241094718383,COMPLETE
179,-7.341196008336794,2026-01-20 16:38:34.788267,2026-01-20 16:38:34.803284,0 days 00:00:00.015017,30.30186194259127,1.1431569266050245,1.0105362898480288,COMPLETE
180,-7.410861283610602,2026-01-20 16:38:34.803839,2026-01-20 16:38:34.819068,0 days 00:00:00.015229,55.06948996444004,1.1758069161566511,0.9105099049351164,COMPLETE
181,-7.348383412939033,2026-01-20 16:38:34.819854,2026-01-20 16:38:34.834178,0 days 00:00:00.014324,32.5484014564494,1.1572913743746769,1.159213900947881,COMPLETE
182,-7.338554148233729,2026-01-20 16:38:34.834871,2026-01-20 16:38:34.849111,0 days 00:00:00.014240,33.97060307180821,1.1975699900617223,1.005134704593695,COMPLETE
183,-7.339171404331561,2026-01-20 16:38:34.849748,2026-01-20 16:38:34.865124,0 days 00:00:00.015376,33.99946966398311,1.1813954979541301,1.0109860816333651,COMPLETE
184,-7.354933136739372,2026-01-20 16:38:34.865838,2026-01-20 16:38:34.881047,0 days 00:00:00.015209,33.807927130424176,0.8410611947175484,0.9965562943313971,COMPLETE
185,-7.37336523526007,2026-01-20 16:38:34.881747,2026-01-20 16:38:34.896695,0 days 00:00:00.014948,34.440428925964284,1.1780482673526347,0.7998381879637693,COMPLETE
186,-7.34832313723737,2026-01-20 16:38:34.897482,2026-01-20 16:38:34.912479,0 days 00:00:00.014997,33.55548804430471,1.1401852831684094,0.9347820115460241,COMPLETE
187,-7.356795658482447,2026-01-20 16:38:34.913048,2026-01-20 16:38:34.928273,0 days 00:00:00.015225,35.37943279620199,1.1995200153076344,0.8852515840393888,COMPLETE
188,-7.346865898355778,2026-01-20 16:38:34.929033,2026-01-20 16:38:34.944305,0 days 00:00:00.015272,30.821079296880395,1.1645320742616092,1.153319472382456,COMPLETE
189,-7.35556937807942,2026-01-20 16:38:34.944995,2026-01-20 16:38:34.960014,0 days 00:00:00.015019,32.06988637170065,0.7859297617926768,1.0245930791438627,COMPLETE
190,-7.959974264400363,2026-01-20 16:38:34.960644,2026-01-20 16:38:34.975722,0 days 00:00:00.015078,29.771768406754052,1.1573223509684234,3.6675367946511237,COMPLETE
191,-7.338301868438793,2026-01-20 16:38:34.976259,2026-01-20 16:38:34.991419,0 days 00:00:00.015160,33.04784514546039,1.1964081081685576,0.9754694508490618,COMPLETE
192,-7.340473989921287,2026-01-20 16:38:34.992004,2026-01-20 16:38:35.007012,0 days 00:00:00.015008,33.15051267025144,1.1814446110900836,0.9623568851891808,COMPLETE
193,-7.338886978196234,2026-01-20 16:38:35.007544,2026-01-20 16:38:35.022845,0 days 00:00:00.015301,34.097776851388815,1.1988677127861211,1.009204766959683,COMPLETE
194,-7.362616903517896,2026-01-20 16:38:35.023323,2026-01-20 16:38:35.038250,0 days 00:00:00.014927,34.143945300186594,1.1978383824533438,0.8665357743527784,COMPLETE
195,-7.3406860757637045,2026-01-20 16:38:35.038772,2026-01-20 16:38:35.053150,0 days 00:00:00.014378,34.52759607343092,1.1800995146966695,1.0192721442819528,COMPLETE
196,-7.344275789041217,2026-01-20 16:38:35.053759,2026-01-20 16:38:35.069249,0 days 00:00:00.015490,32.359584066888175,1.1992964258608212,0.9441614647787177,COMPLETE
197,-7.353166866269643,2026-01-20 16:38:35.069905,2026-01-20 16:38:35.085765,0 days 00:00:00.015860,35.69862668522864,1.1600814048299983,1.164534700345077,COMPLETE
198,-7.371663414453782,2026-01-20 16:38:35.086314,2026-01-20 16:38:35.101027,0 days 00:00:00.014713,36.84830306442004,1.174564237693059,0.7823731220673852,COMPLETE
199,-7.449289649378247,2026-01-20 16:38:35.101570,2026-01-20 16:38:35.116757,0 days 00:00:00.015187,58.34266086820764,1.1419841748827677,1.1010952196045276,COMPLETE
