number,value,datetime_start,datetime_complete,duration,params_C,params_epsilon,params_gamma,state
0,-9.728801292205283,2026-01-20 16:38:35.128965,2026-01-20 16:38:35.141292,0 days 00:00:00.012327,30.902485333797053,0.13100179752324223,0.8672613500900519,COMPLETE
1,-9.229512556180085,2026-01-20 16:38:35.141832,2026-01-20 16:38:35.154115,0 days 00:00:00.012283,44.446244106108054,0.16430323687198595,1.2151767883495257,COMPLETE
2,-10.168172926865376,2026-01-20 16:38:35.154865,2026-01-20 16:38:35.167144,0 days 00:00:00.012279,34.66031852749834,0.8085433836862509,0.612839488482724,COMPLETE
3,-8.0598884650171,2026-01-20 16:38:35.167661,2026-01-20 16:38:35.179973,0 days 00:00:00.012312,57.2546138818001,1.0810287712207307,3.7320732459519173,COMPLETE
4,-8.703743966026034,2026-01-20 16:38:35.180550,2026-01-20 16:38:35.192822,0 days 00:00:00.012272,47.97539541084397,0.19541093084931965,1.6995374356454582,COMPLETE
5,-8.036010040992654,2026-01-20 16:38:35.193591,2026-01-20 16:38:35.205352,0 days 00:00:00.011761,33.28930888588438,0.6094162883984909,3.2512423067536838,COMPLETE
6,-8.324620781752005,2026-01-20 16:38:35.205932,2026-01-20 16:38:35.218218,0 days 00:00:00.012286,26.413998186493682,0.06592995305539036,2.4784640384620418,COMPLETE
7,-7.921343912635203,2026-01-20 16:38:35.218801,2026-01-20 16:38:35.230973,0 days 00:00:00.012172,57.87628727975059,0.7671664439745907,2.8670811153324207,COMPLETE
8,-8.09885624716351,2026-01-20 16:38:35.231459,2026-01-20 16:38:35.243586,0 days 00:00:00.012127,45.62148163866693,1.132687858461064,2.6246835193189675,COMPLETE
9,-7.885269894558038,2026-01-20 16:38:35.244118,2026-01-20 16:38:35.256110,0 days 00:00:00.011992,59.01074390377637,0.5937150521288673,3.134272841297936,COMPLETE
10,-8.030185713448427,2026-01-20 16:38:35.256601,2026-01-20 16:38:35.270721,0 days 00:00:00.014120,64.79458484672031,0.44819489182606415,3.944370374970246,COMPLETE
11,-7.910841255020418,2026-01-20 16:38:35.271343,2026-01-20 16:38:35.286571,0 days 00:00:00.015228,57.55853715840294,0.8450254885618075,3.084392958905489,COMPLETE
12,-7.921901833860302,2026-01-20 16:38:35.287066,2026-01-20 16:38:35.302406,0 days 00:00:00.015340,55.49071905508492,0.913749005291308,3.133721186966249,COMPLETE
13,-8.329399234152124,2026-01-20 16:38:35.302885,2026-01-20 16:38:35.317966,0 days 00:00:00.015081,64.23139667840692,0.4672872716005373,2.0089960917238727,COMPLETE
14,-7.916046231778884,2026-01-20 16:38:35.318877,2026-01-20 16:38:35.332185,0 days 00:00:00.013308,51.809837285252385,0.5531570883549366,3.413553201980372,COMPLETE
15,-8.380672410034515,2026-01-20 16:38:35.332807,2026-01-20 16:38:35.347689,0 days 00:00:00.014882,39.600002547394894,0.932900266782811,2.140663470892292,COMPLETE
16,-7.881057364022761,2026-01-20 16:38:35.348372,2026-01-20 16:38:35.372676,0 days 00:00:00.024304,59.41909431184793,0.3705529346776962,2.89761633170026,COMPLETE
17,-7.920478405089807,2026-01-20 16:38:35.373269,2026-01-20 16:38:35.388295,0 days 00:00:00.015026,60.43772516395103,0.3426521488686105,3.5863660138284073,COMPLETE
18,-7.974738009125074,2026-01-20 16:38:35.388928,2026-01-20 16:38:35.403930,0 days 00:00:00.015002,51.007660000873415,0.3182791008272564,2.706441845558822,COMPLETE
19,-8.607123859636399,2026-01-20 16:38:35.404484,2026-01-20 16:38:35.419319,0 days 00:00:00.014835,52.838791778234615,0.6929223697520346,1.7674516871704173,COMPLETE
20,-8.03920605365639,2026-01-20 16:38:35.419797,2026-01-20 16:38:35.444880,0 days 00:00:00.025083,62.03013040011843,0.3115642145305078,2.413647568425266,COMPLETE
21,-7.8791323113318725,2026-01-20 16:38:35.445445,2026-01-20 16:38:35.461015,0 days 00:00:00.015570,59.25280175448474,0.4963762367767337,3.0198980665880804,COMPLETE
22,-7.883647593204357,2026-01-20 16:38:35.461606,2026-01-20 16:38:35.475889,0 days 00:00:00.014283,60.742324502390574,0.49369514154008,2.92375408732634,COMPLETE
23,-7.913335056488674,2026-01-20 16:38:35.476468,2026-01-20 16:38:35.490162,0 days 00:00:00.013694,54.044892464189516,0.4621437595812024,2.8903624494407003,COMPLETE
24,-7.91774546122018,2026-01-20 16:38:35.490683,2026-01-20 16:38:35.505540,0 days 00:00:00.014857,61.36498400668235,0.5113804288176809,3.4682405269749252,COMPLETE
25,-8.174785719179852,2026-01-20 16:38:35.506109,2026-01-20 16:38:35.520084,0 days 00:00:00.013975,47.913898699653004,0.3953592720178688,2.3370373793664663,COMPLETE
26,-7.898726666107384,2026-01-20 16:38:35.520737,2026-01-20 16:38:35.535792,0 days 00:00:00.015055,62.40949877439212,0.6640306423467275,2.8798302331798378,COMPLETE
27,-7.986648586581194,2026-01-20 16:38:35.536287,2026-01-20 16:38:35.551208,0 days 00:00:00.014921,41.438170702275386,0.2608664868234422,3.8076898301635564,COMPLETE
28,-7.976846781886306,2026-01-20 16:38:35.551703,2026-01-20 16:38:35.566356,0 days 00:00:00.014653,55.72468035576413,0.3923929455417344,2.634940815778269,COMPLETE
29,-7.880844858292791,2026-01-20 16:38:35.566837,2026-01-20 16:38:35.580759,0 days 00:00:00.013922,49.81050897801812,0.231273682298335,3.365689450349267,COMPLETE
30,-7.878673444461971,2026-01-20 16:38:35.581468,2026-01-20 16:38:35.596318,0 days 00:00:00.014850,50.833708691768365,0.24016186919701704,3.356313679957166,COMPLETE
31,-7.8825974441656514,2026-01-20 16:38:35.596898,2026-01-20 16:38:35.612433,0 days 00:00:00.015535,48.504381473889914,0.2270992176490348,3.3402410133445963,COMPLETE
32,-7.903576462577493,2026-01-20 16:38:35.613007,2026-01-20 16:38:35.628021,0 days 00:00:00.015014,49.78511901174804,0.14016962329889182,3.5955646487456585,COMPLETE
33,-7.99174743312152,2026-01-20 16:38:35.628636,2026-01-20 16:38:35.643009,0 days 00:00:00.014373,43.33644291888638,0.058273820988178265,3.9586779604696565,COMPLETE
34,-9.14352199069669,2026-01-20 16:38:35.643526,2026-01-20 16:38:35.658086,0 days 00:00:00.014560,38.707412124594455,0.25875167645937275,1.3103681296164438,COMPLETE
35,-7.93239605163239,2026-01-20 16:38:35.658745,2026-01-20 16:38:35.672852,0 days 00:00:00.014107,45.79869703635852,0.17474278963238477,3.670413353199286,COMPLETE
36,-7.880873435972097,2026-01-20 16:38:35.673398,2026-01-20 16:38:35.688174,0 days 00:00:00.014776,54.445103739679,0.37782161318342933,3.3325698112123123,COMPLETE
37,-7.871926669243486,2026-01-20 16:38:35.688759,2026-01-20 16:38:35.714323,0 days 00:00:00.025564,52.872399134880325,0.2801025344886258,3.2770134805388484,COMPLETE
38,-7.867104901700465,2026-01-20 16:38:35.714937,2026-01-20 16:38:35.739227,0 days 00:00:00.024290,50.45476889797094,0.10523385587505993,3.1856284655509093,COMPLETE
39,-9.690369024020598,2026-01-20 16:38:35.739779,2026-01-20 16:38:35.755961,0 days 00:00:00.016182,55.92885514143876,0.1254983251641703,0.6928851157743574,COMPLETE
40,-7.858223056682749,2026-01-20 16:38:35.756529,2026-01-20 16:38:35.771180,0 days 00:00:00.014651,52.62145627805589,0.0985286734422593,3.1535342359969434,COMPLETE
41,-7.8597893704735595,2026-01-20 16:38:35.771705,2026-01-20 16:38:35.786878,0 days 00:00:00.015173,52.625174671220066,0.10491352087318598,3.131414596133181,COMPLETE
42,-7.856362092815426,2026-01-20 16:38:35.787538,2026-01-20 16:38:35.803230,0 days 00:00:00.015692,53.082222361189544,0.10032931566101994,3.181260361854701,COMPLETE
43,-7.857205296730943,2026-01-20 16:38:35.803802,2026-01-20 16:38:35.828173,0 days 00:00:00.024371,52.786928868214936,0.10423631306151382,3.1793119462732706,COMPLETE
44,-7.971998101581415,2026-01-20 16:38:35.828974,2026-01-20 16:38:35.844189,0 days 00:00:00.015215,48.598880723044026,0.10889772639806965,2.7279915098869973,COMPLETE
45,-7.895973387619617,2026-01-20 16:38:35.844669,2026-01-20 16:38:35.859147,0 days 00:00:00.014478,46.61043927338913,0.08889374927280151,3.147037189608917,COMPLETE
46,-8.003246870675575,2026-01-20 16:38:35.859943,2026-01-20 16:38:35.884348,0 days 00:00:00.024405,53.26783791058202,0.17183354726322803,2.5816482099237144,COMPLETE
47,-7.932453914680117,2026-01-20 16:38:35.884982,2026-01-20 16:38:35.900576,0 days 00:00:00.015594,56.797352852469245,0.06168856855256419,3.805366587142896,COMPLETE
48,-7.919873995373875,2026-01-20 16:38:35.901233,2026-01-20 16:38:35.916038,0 days 00:00:00.014805,43.51864190606857,0.18918210279836437,3.194274954430399,COMPLETE
49,-7.88201862590377,2026-01-20 16:38:35.916642,2026-01-20 16:38:35.931903,0 days 00:00:00.015261,51.28944128041014,0.12373826918375849,3.497023289811959,COMPLETE
50,-7.910188901161992,2026-01-20 16:38:35.932456,2026-01-20 16:38:35.947193,0 days 00:00:00.014737,47.06525182334559,0.05030634123675514,2.995595994599121,COMPLETE
51,-7.8604458404461015,2026-01-20 16:38:35.947778,2026-01-20 16:38:35.962261,0 days 00:00:00.014483,53.36366764121272,0.1508621323480397,3.217155709459607,COMPLETE
52,-7.8596978111401965,2026-01-20 16:38:35.962790,2026-01-20 16:38:35.978293,0 days 00:00:00.015503,54.62781934393696,0.15915447667415594,3.099330923825608,COMPLETE
53,-7.919344606173323,2026-01-20 16:38:35.978849,2026-01-20 16:38:35.993089,0 days 00:00:00.014240,54.623382874730424,0.15922044857204806,2.7735060324950758,COMPLETE
54,-8.132436131397169,2026-01-20 16:38:35.993663,2026-01-20 16:38:36.008831,0 days 00:00:00.015168,26.868288106919746,0.19691183850852434,3.091562118884066,COMPLETE
55,-7.8925021851699695,2026-01-20 16:38:36.009410,2026-01-20 16:38:36.023780,0 days 00:00:00.014370,57.827074767135166,0.20762154621542728,3.5373143399165814,COMPLETE
56,-8.03553590499482,2026-01-20 16:38:36.024390,2026-01-20 16:38:36.039833,0 days 00:00:00.015443,52.705010026511964,0.13872856750905632,2.5192307773800895,COMPLETE
57,-7.858207075227737,2026-01-20 16:38:36.040477,2026-01-20 16:38:36.055488,0 days 00:00:00.015011,56.62037860858574,0.09394594756251828,2.9760571804230067,COMPLETE
58,-7.855796732783032,2026-01-20 16:38:36.056161,2026-01-20 16:38:36.072161,0 days 00:00:00.016000,56.78266592116226,0.10157650842407916,3.0054726483341923,COMPLETE
59,-7.874551237565808,2026-01-20 16:38:36.072681,2026-01-20 16:38:36.088194,0 days 00:00:00.015513,63.4381517033889,0.29790528955394757,2.8368501346374737,COMPLETE
60,-7.934082133748116,2026-01-20 16:38:36.088768,2026-01-20 16:38:36.103923,0 days 00:00:00.015155,58.33788879788107,1.079752880194911,3.0333699726675323,COMPLETE
61,-7.8615099981632115,2026-01-20 16:38:36.104591,2026-01-20 16:38:36.118509,0 days 00:00:00.013918,56.21917038591892,0.09268039939191752,2.960003961173038,COMPLETE
62,-8.241392659773325,2026-01-20 16:38:36.119070,2026-01-20 16:38:36.143354,0 days 00:00:00.024284,55.008967619776435,0.0968655072000163,2.1496679891405885,COMPLETE
63,-7.927213097090205,2026-01-20 16:38:36.143932,2026-01-20 16:38:36.158516,0 days 00:00:00.014584,52.0533406409525,0.07955609404139279,2.7795187986468344,COMPLETE
64,-7.851957151086009,2026-01-20 16:38:36.159075,2026-01-20 16:38:36.174333,0 days 00:00:00.015258,59.32234637761047,0.17425194123014695,3.087425908223394,COMPLETE
65,-7.872015479771024,2026-01-20 16:38:36.174959,2026-01-20 16:38:36.189394,0 days 00:00:00.014435,59.210023828342486,0.19874342099607528,3.431179458327502,COMPLETE
66,-7.926932719553759,2026-01-20 16:38:36.190034,2026-01-20 16:38:36.206226,0 days 00:00:00.016192,60.03120283061108,0.15659438693577685,2.660914309807608,COMPLETE
67,-7.9051018893963745,2026-01-20 16:38:36.206800,2026-01-20 16:38:36.221610,0 days 00:00:00.014810,57.19244357244489,0.7720104959807019,3.0253144685487485,COMPLETE
68,-7.8567717660108825,2026-01-20 16:38:36.222229,2026-01-20 16:38:36.237947,0 days 00:00:00.015718,61.62640992199447,0.22379792206012483,3.260002064099479,COMPLETE
69,-7.925289321036326,2026-01-20 16:38:36.238480,2026-01-20 16:38:36.253094,0 days 00:00:00.014614,64.25414793329189,0.32256143628505934,3.6095289732355775,COMPLETE
70,-7.858757365483936,2026-01-20 16:38:36.253716,2026-01-20 16:38:36.279073,0 days 00:00:00.025357,62.51286160889852,0.2384314475201038,3.267213926548393,COMPLETE
71,-7.85817709590617,2026-01-20 16:38:36.279684,2026-01-20 16:38:36.294176,0 days 00:00:00.014492,62.66985113363143,0.2525494149457341,3.2436180413240767,COMPLETE
72,-7.8565222321414385,2026-01-20 16:38:36.294771,2026-01-20 16:38:36.309142,0 days 00:00:00.014371,61.07542371918011,0.05038432203124178,3.4214545087358013,COMPLETE
73,-7.876098881491326,2026-01-20 16:38:36.309676,2026-01-20 16:38:36.325535,0 days 00:00:00.015859,63.17133746785814,0.2719126638338926,3.3896808203472957,COMPLETE
74,-7.923260890439654,2026-01-20 16:38:36.326170,2026-01-20 16:38:36.340673,0 days 00:00:00.014503,60.53809480955856,0.21312821106209798,3.6736323356558787,COMPLETE
75,-7.9395720674145664,2026-01-20 16:38:36.341658,2026-01-20 16:38:36.356588,0 days 00:00:00.014930,64.86344223213713,0.0526488289456719,3.8151005247343557,COMPLETE
76,-7.8520063126518735,2026-01-20 16:38:36.357583,2026-01-20 16:38:36.373346,0 days 00:00:00.015763,58.49568428038893,0.13524074406380088,3.302858698866023,COMPLETE
77,-7.875907959805962,2026-01-20 16:38:36.373905,2026-01-20 16:38:36.388637,0 days 00:00:00.014732,61.49389011069154,0.13591308972639146,3.484697856018344,COMPLETE
78,-7.8631595580623195,2026-01-20 16:38:36.389216,2026-01-20 16:38:36.404489,0 days 00:00:00.015273,58.382239898300085,0.249621988247611,3.317310006093979,COMPLETE
79,-9.32616850691917,2026-01-20 16:38:36.405040,2026-01-20 16:38:36.419563,0 days 00:00:00.014523,61.36226369558345,0.42307499131982107,1.1232275482826966,COMPLETE
80,-7.856093442701992,2026-01-20 16:38:36.420115,2026-01-20 16:38:36.435642,0 days 00:00:00.015527,63.38405533091444,0.19276637855796389,3.2759246316240356,COMPLETE
81,-7.85180127239226,2026-01-20 16:38:36.436182,2026-01-20 16:38:36.451259,0 days 00:00:00.015077,59.826437298630765,0.1727400191950712,3.2428820920837635,COMPLETE
82,-7.881507622241908,2026-01-20 16:38:36.451737,2026-01-20 16:38:36.466341,0 days 00:00:00.014604,59.73428127517175,0.34699334475745125,3.3821979964068323,COMPLETE
83,-7.894985886542527,2026-01-20 16:38:36.466931,2026-01-20 16:38:36.482652,0 days 00:00:00.015721,60.8325375412251,0.17992883680276606,3.558037477836457,COMPLETE
84,-7.918076561425922,2026-01-20 16:38:36.483224,2026-01-20 16:38:36.498373,0 days 00:00:00.015149,58.8508360562762,0.13188465798349303,3.700817568534392,COMPLETE
85,-7.842025074019048,2026-01-20 16:38:36.498887,2026-01-20 16:38:36.513296,0 days 00:00:00.014409,61.50780920743118,0.07159246337895704,3.2145725070741182,COMPLETE
86,-8.617894490263142,2026-01-20 16:38:36.513820,2026-01-20 16:38:36.539049,0 days 00:00:00.025229,63.92536067121873,0.0714814933796438,1.748921229708688,COMPLETE
87,-7.879647759113747,2026-01-20 16:38:36.539745,2026-01-20 16:38:36.555277,0 days 00:00:00.015532,61.96270272602728,0.20737688292764436,3.4583846429293668,COMPLETE
88,-8.413592849387296,2026-01-20 16:38:36.555856,2026-01-20 16:38:36.570511,0 days 00:00:00.014655,59.895077038619846,0.557544454612467,1.9325437162046877,COMPLETE
89,-7.864167647588532,2026-01-20 16:38:36.571067,2026-01-20 16:38:36.585865,0 days 00:00:00.014798,57.59537645108298,0.29121384914929765,3.278292639076538,COMPLETE
90,-7.967875079489856,2026-01-20 16:38:36.586674,2026-01-20 16:38:36.602028,0 days 00:00:00.015354,60.89369531016687,0.17930869771347346,3.870920833625804,COMPLETE
91,-7.850516894726996,2026-01-20 16:38:36.602649,2026-01-20 16:38:36.617801,0 days 00:00:00.015152,58.578369186112916,0.128625581148142,3.070218017362782,COMPLETE
92,-7.86138048647927,2026-01-20 16:38:36.618425,2026-01-20 16:38:36.633199,0 days 00:00:00.014774,59.027380959123754,0.12072342123151847,2.90680697959645,COMPLETE
93,-7.841264955867075,2026-01-20 16:38:36.633843,2026-01-20 16:38:36.649062,0 days 00:00:00.015219,62.051558168220694,0.07280025233353885,3.0599496565956965,COMPLETE
94,-7.8442750222641395,2026-01-20 16:38:36.649648,2026-01-20 16:38:36.665297,0 days 00:00:00.015649,62.85752091290245,0.12472616450684992,3.079715144717321,COMPLETE
95,-7.845733320538292,2026-01-20 16:38:36.665970,2026-01-20 16:38:36.680911,0 days 00:00:00.014941,63.319915196941864,0.14140031174815965,3.059529204475021,COMPLETE
96,-7.846407415006998,2026-01-20 16:38:36.681613,2026-01-20 16:38:36.696484,0 days 00:00:00.014871,63.46369502489067,0.15315727590565223,3.0725032205169858,COMPLETE
97,-7.846023581308313,2026-01-20 16:38:36.697047,2026-01-20 16:38:36.712036,0 days 00:00:00.014989,64.3086447994996,0.14768940981841122,3.0532142153037922,COMPLETE
98,-7.846255012656025,2026-01-20 16:38:36.712790,2026-01-20 16:38:36.727005,0 days 00:00:00.014215,64.98057399582655,0.1535940805682851,3.076642441943241,COMPLETE
99,-7.857312500595607,2026-01-20 16:38:36.727618,2026-01-20 16:38:36.753132,0 days 00:00:00.025514,64.53816321421009,0.15561338578134593,2.8648429436131053,COMPLETE
100,-7.8493435870802175,2026-01-20 16:38:36.753708,2026-01-20 16:38:36.768663,0 days 00:00:00.014955,63.058593476538626,0.17504399338701662,3.039058396076945,COMPLETE
101,-7.847608052583965,2026-01-20 16:38:36.769202,2026-01-20 16:38:36.784103,0 days 00:00:00.014901,64.94045086420402,0.1720981708771407,3.0864855999424505,COMPLETE
102,-7.864616551454683,2026-01-20 16:38:36.784634,2026-01-20 16:38:36.799163,0 days 00:00:00.014529,62.89390994340712,0.07106264421482639,2.794045868562131,COMPLETE
103,-7.8441993591018475,2026-01-20 16:38:36.799664,2026-01-20 16:38:36.814189,0 days 00:00:00.014525,64.99240354734317,0.12674131731173433,3.062550730835531,COMPLETE
104,-7.848766295997862,2026-01-20 16:38:36.814729,2026-01-20 16:38:36.829051,0 days 00:00:00.014322,64.93742539499995,0.11916906937454397,2.9191990656702576,COMPLETE
105,-7.846826714650154,2026-01-20 16:38:36.829605,2026-01-20 16:38:36.853902,0 days 00:00:00.024297,64.82949040473264,0.07831736569777936,2.897186023613294,COMPLETE
106,-7.843497263354893,2026-01-20 16:38:36.854593,2026-01-20 16:38:36.869961,0 days 00:00:00.015368,64.81224410603296,0.07313026188368339,2.9471036315816903,COMPLETE
107,-7.8966765525702725,2026-01-20 16:38:36.870813,2026-01-20 16:38:36.895466,0 days 00:00:00.024653,63.899151858930686,0.079964649955566,2.672605366564559,COMPLETE
108,-8.02498134148443,2026-01-20 16:38:36.896230,2026-01-20 16:38:36.911123,0 days 00:00:00.014893,63.89011265754636,1.197446063303726,2.5440388987174436,COMPLETE
109,-7.8827932298358,2026-01-20 16:38:36.911758,2026-01-20 16:38:36.938110,0 days 00:00:00.026352,62.488856666621814,0.0820999978564931,2.732802575561326,COMPLETE
110,-8.052553748448862,2026-01-20 16:38:36.938960,2026-01-20 16:38:36.963434,0 days 00:00:00.024474,64.82383621199091,0.9655962423598355,2.423338955922013,COMPLETE
111,-7.846730794738052,2026-01-20 16:38:36.964032,2026-01-20 16:38:36.978684,0 days 00:00:00.014652,64.60063317399258,0.11050402064343814,2.9472497693050808,COMPLETE
112,-7.8508249303637125,2026-01-20 16:38:36.979311,2026-01-20 16:38:36.994192,0 days 00:00:00.014881,63.99712923272447,0.151828652218374,2.9380267720807463,COMPLETE
113,-7.844135883499165,2026-01-20 16:38:36.994870,2026-01-20 16:38:37.010012,0 days 00:00:00.015142,62.07706526605374,0.11795390090834826,3.138295339064718,COMPLETE
114,-7.843908313290193,2026-01-20 16:38:37.010619,2026-01-20 16:38:37.025618,0 days 00:00:00.014999,61.98304146215354,0.11535626227466456,3.135240392282207,COMPLETE
115,-7.864925309575388,2026-01-20 16:38:37.026417,2026-01-20 16:38:37.042508,0 days 00:00:00.016091,62.27579447626287,0.11832155653217177,2.8236933687704333,COMPLETE
116,-7.972931166112218,2026-01-20 16:38:37.043094,2026-01-20 16:38:37.057655,0 days 00:00:00.014561,36.912181582782154,0.14909270220406082,3.1217377313433423,COMPLETE
117,-7.8434289158208585,2026-01-20 16:38:37.058276,2026-01-20 16:38:37.073065,0 days 00:00:00.014789,63.3211118813275,0.10693701325335983,3.172234384834493,COMPLETE
118,-7.841107324105519,2026-01-20 16:38:37.073685,2026-01-20 16:38:37.089975,0 days 00:00:00.016290,61.82979887747852,0.06407397913401913,3.2074237890243085,COMPLETE
119,-7.842589734362505,2026-01-20 16:38:37.090598,2026-01-20 16:38:37.105113,0 days 00:00:00.014515,61.84630401762688,0.05049229574836508,2.9745932738827894,COMPLETE
120,-7.838958663244933,2026-01-20 16:38:37.105663,2026-01-20 16:38:37.120431,0 days 00:00:00.014768,61.76638893790362,0.05156415806592091,3.1591777724407337,COMPLETE
121,-7.843047078560185,2026-01-20 16:38:37.120949,2026-01-20 16:38:37.135688,0 days 00:00:00.014739,61.73454763013314,0.059204212797904714,2.9823709095851103,COMPLETE
122,-7.838895492749076,2026-01-20 16:38:37.136312,2026-01-20 16:38:37.161412,0 days 00:00:00.025100,61.89227482441465,0.05156148627432576,3.1608700219116184,COMPLETE
123,-7.840745406703927,2026-01-20 16:38:37.162024,2026-01-20 16:38:37.177257,0 days 00:00:00.015233,61.922773790161976,0.06743109126513339,3.1753403668133,COMPLETE
124,-7.8389902832518885,2026-01-20 16:38:37.177848,2026-01-20 16:38:37.192940,0 days 00:00:00.015092,61.81262031662654,0.050991922799994246,3.165269092453324,COMPLETE
125,-7.839919992335716,2026-01-20 16:38:37.193516,2026-01-20 16:38:37.208801,0 days 00:00:00.015285,61.821966078210906,0.06531618754663665,3.147639301356318,COMPLETE
126,-7.8408517109651426,2026-01-20 16:38:37.209426,2026-01-20 16:38:37.224265,0 days 00:00:00.014839,60.483710604911984,0.0559308814793169,3.1950949524950185,COMPLETE
127,-7.840480914679006,2026-01-20 16:38:37.224855,2026-01-20 16:38:37.241254,0 days 00:00:00.016399,60.498187611782924,0.05368432913315475,3.185551553385615,COMPLETE
128,-7.841017796742982,2026-01-20 16:38:37.241844,2026-01-20 16:38:37.257003,0 days 00:00:00.015159,60.656301410249334,0.051196457561214444,3.225874409563742,COMPLETE
129,-7.849247607959498,2026-01-20 16:38:37.257814,2026-01-20 16:38:37.272553,0 days 00:00:00.014739,60.56301907358475,0.052276035516419586,3.353580282714122,COMPLETE
130,-7.840549762705183,2026-01-20 16:38:37.273105,2026-01-20 16:38:37.287629,0 days 00:00:00.014524,60.2927928051626,0.050840259055134715,3.1943368494310933,COMPLETE
131,-7.8406576769555105,2026-01-20 16:38:37.288226,2026-01-20 16:38:37.303985,0 days 00:00:00.015759,60.33462149375601,0.05227613185394653,3.1951975658764544,COMPLETE
