number,value,datetime_start,datetime_complete,duration,params_C,params_epsilon,params_gamma,state
0,-8.259389016754906,2026-01-20 16:38:38.430655,2026-01-20 16:38:38.443336,0 days 00:00:00.012681,50.870135236213954,0.6144520135946377,1.9718022255076988,COMPLETE
1,-8.775462346481849,2026-01-20 16:38:38.443853,2026-01-20 16:38:38.456253,0 days 00:00:00.012400,37.91816496455816,0.9960092662618774,3.5457583416661493,COMPLETE
2,-8.338394223525395,2026-01-20 16:38:38.456778,2026-01-20 16:38:38.469042,0 days 00:00:00.012264,32.816593857924715,0.4118990033721061,1.3533854363613576,COMPLETE
3,-8.916377472212451,2026-01-20 16:38:38.469580,2026-01-20 16:38:38.482001,0 days 00:00:00.012421,33.642522195143854,0.4640221854673165,3.8127438631779462,COMPLETE
4,-8.25051431236908,2026-01-20 16:38:38.482585,2026-01-20 16:38:38.495011,0 days 00:00:00.012426,32.676933330801624,0.636998431593696,2.188510692042173,COMPLETE
5,-8.780718932570135,2026-01-20 16:38:38.495526,2026-01-20 16:38:38.507631,0 days 00:00:00.012105,59.50636138161024,0.9583852941767351,3.6480524381712667,COMPLETE
6,-8.245485658421252,2026-01-20 16:38:38.508216,2026-01-20 16:38:38.520387,0 days 00:00:00.012171,34.84108986781776,0.4958165248056424,1.4995230098657362,COMPLETE
7,-8.385834497211393,2026-01-20 16:38:38.520876,2026-01-20 16:38:38.533165,0 days 00:00:00.012289,61.38113345867214,0.4809903473281507,2.9182152528577987,COMPLETE
8,-8.30258183352143,2026-01-20 16:38:38.533704,2026-01-20 16:38:38.545972,0 days 00:00:00.012268,54.335108565829096,0.8696837176094544,2.3801638544055046,COMPLETE
9,-8.220883602701813,2026-01-20 16:38:38.546468,2026-01-20 16:38:38.568996,0 days 00:00:00.022528,40.45867087607743,0.5274696473770389,1.8616664612014024,COMPLETE
10,-10.339134235192045,2026-01-20 16:38:38.569828,2026-01-20 16:38:38.585200,0 days 00:00:00.015372,25.095313727396004,0.12683652894347952,0.5262030106870632,COMPLETE
11,-8.305062588419826,2026-01-20 16:38:38.585799,2026-01-20 16:38:38.600810,0 days 00:00:00.015011,43.79061760602494,0.1704825296409913,1.2931463904739262,COMPLETE
12,-8.222335264529914,2026-01-20 16:38:38.601392,2026-01-20 16:38:38.616583,0 days 00:00:00.015191,41.46734400768984,0.735889934513791,1.5177583052032244,COMPLETE
13,-9.728791836861394,2026-01-20 16:38:38.617138,2026-01-20 16:38:38.631802,0 days 00:00:00.014664,43.0340301828332,0.7568278700746511,0.5959409016036132,COMPLETE
14,-8.26139426331992,2026-01-20 16:38:38.632331,2026-01-20 16:38:38.647392,0 days 00:00:00.015061,49.016442680386696,1.1683776829135741,1.6981880052961493,COMPLETE
15,-8.402503966103703,2026-01-20 16:38:38.647935,2026-01-20 16:38:38.662901,0 days 00:00:00.014966,40.025866842624325,0.7700557849172658,2.700161662608344,COMPLETE
16,-8.589365389620632,2026-01-20 16:38:38.663456,2026-01-20 16:38:38.679303,0 days 00:00:00.015847,47.72916926303501,0.25576740450520863,0.9744299342723877,COMPLETE
17,-8.232401274198825,2026-01-20 16:38:38.679848,2026-01-20 16:38:38.694924,0 days 00:00:00.015076,26.91404902241751,0.3523469859735768,1.9148252117990963,COMPLETE
18,-8.435748264748145,2026-01-20 16:38:38.695513,2026-01-20 16:38:38.710413,0 days 00:00:00.014900,54.25222676591751,0.6052357582483566,1.0681093056345403,COMPLETE
19,-8.479650950603405,2026-01-20 16:38:38.710906,2026-01-20 16:38:38.725888,0 days 00:00:00.014982,38.06115874873821,1.164120239142476,2.8643267891564133,COMPLETE
20,-8.31430007063996,2026-01-20 16:38:38.726681,2026-01-20 16:38:38.742028,0 days 00:00:00.015347,29.022426262050306,0.7352869116027552,2.3943760103499314,COMPLETE
21,-8.272367940384328,2026-01-20 16:38:38.742602,2026-01-20 16:38:38.757749,0 days 00:00:00.015147,26.241505100282023,0.32518977913802677,1.7006460795017788,COMPLETE
22,-8.206227230962067,2026-01-20 16:38:38.758363,2026-01-20 16:38:38.772631,0 days 00:00:00.014268,29.28927281169988,0.33733724540532406,1.9453781273614217,COMPLETE
23,-8.217832297246275,2026-01-20 16:38:38.773212,2026-01-20 16:38:38.787223,0 days 00:00:00.014011,41.85737331458847,0.05212011938601735,1.8304418546730343,COMPLETE
24,-8.263539438405864,2026-01-20 16:38:38.787948,2026-01-20 16:38:38.803320,0 days 00:00:00.015372,45.93468866940139,0.2193118110852184,2.142090229403401,COMPLETE
25,-8.603139076361781,2026-01-20 16:38:38.803901,2026-01-20 16:38:38.819360,0 days 00:00:00.015459,38.63327777754993,0.05645376960175245,3.3300866936210465,COMPLETE
26,-8.19332303919218,2026-01-20 16:38:38.820127,2026-01-20 16:38:38.834820,0 days 00:00:00.014693,30.78455293744304,0.0644323145895597,1.9171460543779375,COMPLETE
27,-8.340388264353672,2026-01-20 16:38:38.835383,2026-01-20 16:38:38.849367,0 days 00:00:00.013984,29.875364516621218,0.05144068264297473,2.5692087990451906,COMPLETE
28,-8.97653070394443,2026-01-20 16:38:38.849801,2026-01-20 16:38:38.863948,0 days 00:00:00.014147,30.019026528517493,0.29540804453872627,0.9479717224181666,COMPLETE
29,-8.208869045819474,2026-01-20 16:38:38.864468,2026-01-20 16:38:38.878909,0 days 00:00:00.014441,34.10865141149704,0.13453351717592493,2.032295377231276,COMPLETE
30,-8.531487491691466,2026-01-20 16:38:38.879469,2026-01-20 16:38:38.893703,0 days 00:00:00.014234,35.62679493155811,0.16188476345420086,3.068873400320393,COMPLETE
31,-8.212495998204517,2026-01-20 16:38:38.894241,2026-01-20 16:38:38.908008,0 days 00:00:00.013767,31.355431718271983,0.11096155139631995,2.097936875557945,COMPLETE
32,-8.21109015821206,2026-01-20 16:38:38.908536,2026-01-20 16:38:38.922706,0 days 00:00:00.014170,30.938215582396328,0.13904091272485372,2.08444929073809,COMPLETE
33,-8.291137613624652,2026-01-20 16:38:38.923215,2026-01-20 16:38:38.939108,0 days 00:00:00.015893,28.35433983151653,0.2234044812062339,2.388120065002554,COMPLETE
34,-8.208495552122578,2026-01-20 16:38:38.939670,2026-01-20 16:38:38.954008,0 days 00:00:00.014338,35.07115789823513,0.37139482045815997,1.976836213094474,COMPLETE
35,-8.200120386249152,2026-01-20 16:38:38.954741,2026-01-20 16:38:38.969464,0 days 00:00:00.014723,35.862624289345206,0.40771472992989943,1.6600280722968317,COMPLETE
36,-8.368000497156178,2026-01-20 16:38:38.970095,2026-01-20 16:38:38.995671,0 days 00:00:00.025576,36.42235631923311,0.3807797459452893,1.2640788233877158,COMPLETE
37,-8.239592246774254,2026-01-20 16:38:38.996259,2026-01-20 16:38:39.022026,0 days 00:00:00.025767,32.59777826679312,0.40983839291705854,1.5685112824319205,COMPLETE
38,-8.203300027325295,2026-01-20 16:38:39.022586,2026-01-20 16:38:39.037691,0 days 00:00:00.015105,36.84363268707326,0.578828768803446,1.6345052256852588,COMPLETE
39,-8.26233926386159,2026-01-20 16:38:39.038293,2026-01-20 16:38:39.052681,0 days 00:00:00.014388,27.952264959148277,0.5894087702950324,1.6772467909873103,COMPLETE
40,-8.318795061999047,2026-01-20 16:38:39.053367,2026-01-20 16:38:39.067766,0 days 00:00:00.014399,32.457887519537,0.5484425798546597,1.3846475599118395,COMPLETE
41,-8.199288167850693,2026-01-20 16:38:39.068313,2026-01-20 16:38:39.083200,0 days 00:00:00.014887,36.55917960692661,0.4374539936823017,1.8355293588866968,COMPLETE
42,-8.254137169130491,2026-01-20 16:38:39.083733,2026-01-20 16:38:39.098079,0 days 00:00:00.014346,36.25557825255005,0.4667963807850552,2.2665643194088716,COMPLETE
43,-8.192352455634428,2026-01-20 16:38:39.098638,2026-01-20 16:38:39.114005,0 days 00:00:00.015367,36.968444702723986,0.4381850466042218,1.7615031454968921,COMPLETE
44,-8.433486297910317,2026-01-20 16:38:39.114628,2026-01-20 16:38:39.129910,0 days 00:00:00.015282,38.94128575221987,0.6696723162197461,1.1372434993471747,COMPLETE
45,-8.253642851154718,2026-01-20 16:38:39.130549,2026-01-20 16:38:39.144846,0 days 00:00:00.014297,37.03352474173793,0.4272792758910374,1.439411262007655,COMPLETE
46,-8.20287712048604,2026-01-20 16:38:39.145399,2026-01-20 16:38:39.160472,0 days 00:00:00.015073,34.22093438973349,0.5331996309646825,1.7011106643919827,COMPLETE
47,-8.193899258122556,2026-01-20 16:38:39.161093,2026-01-20 16:38:39.175489,0 days 00:00:00.014396,33.54202408974899,0.4896989746432411,1.8000524559176303,COMPLETE
48,-9.406238813630708,2026-01-20 16:38:39.176044,2026-01-20 16:38:39.191360,0 days 00:00:00.015316,32.225349412890026,0.6557740457816251,0.7448015329578912,COMPLETE
49,-8.210992308534543,2026-01-20 16:38:39.191906,2026-01-20 16:38:39.206342,0 days 00:00:00.014436,39.77392810478355,0.44608872306815134,1.812166967919957,COMPLETE
50,-8.275192148198482,2026-01-20 16:38:39.206928,2026-01-20 16:38:39.221448,0 days 00:00:00.014520,42.9021576775732,0.5127607661747201,2.259298824281322,COMPLETE
51,-8.191346092000552,2026-01-20 16:38:39.222031,2026-01-20 16:38:39.237140,0 days 00:00:00.015109,34.0937423138963,0.2777262861064205,1.7784467301308224,COMPLETE
52,-8.189056258164426,2026-01-20 16:38:39.237766,2026-01-20 16:38:39.252389,0 days 00:00:00.014623,33.71347924707983,0.290204797313106,1.8270565414952857,COMPLETE
53,-8.301249983893733,2026-01-20 16:38:39.253082,2026-01-20 16:38:39.269809,0 days 00:00:00.016727,64.64701984760609,0.2845964137850889,1.8528776810453804,COMPLETE
54,-8.267330498492175,2026-01-20 16:38:39.270843,2026-01-20 16:38:39.284577,0 days 00:00:00.013734,33.37366044176151,0.20520956257601783,1.4810323511170584,COMPLETE
55,-8.518177570646206,2026-01-20 16:38:39.285246,2026-01-20 16:38:39.300288,0 days 00:00:00.015042,31.016847828377127,0.27800630687784966,1.2079731140936774,COMPLETE
56,-8.322936697914852,2026-01-20 16:38:39.300976,2026-01-20 16:38:39.315090,0 days 00:00:00.014114,34.11879552785086,0.4838260407886004,2.5144148806139284,COMPLETE
57,-8.260998217969487,2026-01-20 16:38:39.315606,2026-01-20 16:38:39.330691,0 days 00:00:00.015085,25.888198391197307,0.3155614362803847,1.7750136522882396,COMPLETE
58,-8.243322421479652,2026-01-20 16:38:39.331212,2026-01-20 16:38:39.345183,0 days 00:00:00.013971,37.94615141192935,0.21382423555740104,2.215168178397495,COMPLETE
59,-8.22165751988993,2026-01-20 16:38:39.345740,2026-01-20 16:38:39.360776,0 days 00:00:00.015036,40.67985581355508,0.25648472250382043,1.9600137053760376,COMPLETE
60,-8.22548994773727,2026-01-20 16:38:39.361503,2026-01-20 16:38:39.375883,0 days 00:00:00.014380,45.21772162849416,0.37871811258201193,1.5561105317364918,COMPLETE
61,-8.19222629892261,2026-01-20 16:38:39.376457,2026-01-20 16:38:39.390563,0 days 00:00:00.014106,35.18327967957295,0.4187872739020406,1.7527510326059113,COMPLETE
62,-8.3408622254376,2026-01-20 16:38:39.391080,2026-01-20 16:38:39.405985,0 days 00:00:00.014905,31.772110608598787,0.4811211816582107,1.3610833376899532,COMPLETE
63,-8.190642681945244,2026-01-20 16:38:39.406538,2026-01-20 16:38:39.420821,0 days 00:00:00.014283,33.58484212499845,0.43570173340088897,1.823989109067705,COMPLETE
64,-8.210223155913605,2026-01-20 16:38:39.421317,2026-01-20 16:38:39.435306,0 days 00:00:00.013989,33.23972294979013,0.3470768535190157,2.0356773967589303,COMPLETE
65,-8.239158443455853,2026-01-20 16:38:39.435876,2026-01-20 16:38:39.450508,0 days 00:00:00.014632,27.560474005780208,0.09343462330351171,1.7686605980764805,COMPLETE
66,-8.240779528674045,2026-01-20 16:38:39.451060,2026-01-20 16:38:39.465201,0 days 00:00:00.014141,30.1615445416096,0.5579837095901616,2.1515703362752867,COMPLETE
67,-8.208834326352441,2026-01-20 16:38:39.465973,2026-01-20 16:38:39.482142,0 days 00:00:00.016169,34.35404947997426,0.6222732022619959,1.920761381941578,COMPLETE
68,-8.279465369204956,2026-01-20 16:38:39.482642,2026-01-20 16:38:39.497671,0 days 00:00:00.015029,54.41722638204355,0.9759159382047813,1.5666155209574117,COMPLETE
69,-8.287940309505366,2026-01-20 16:38:39.498266,2026-01-20 16:38:39.513431,0 days 00:00:00.015165,35.27633682647304,1.0619216441141492,2.311558189472923,COMPLETE
70,-8.2080129997708,2026-01-20 16:38:39.514197,2026-01-20 16:38:39.529625,0 days 00:00:00.015428,28.674341205296802,0.17868327692246327,2.017323075435414,COMPLETE
71,-8.209979915072244,2026-01-20 16:38:39.530352,2026-01-20 16:38:39.546166,0 days 00:00:00.015814,37.58863904400784,0.4271478630181501,1.8816440392525953,COMPLETE
72,-8.2004887820267,2026-01-20 16:38:39.547069,2026-01-20 16:38:39.560650,0 days 00:00:00.013581,38.87176186234407,0.5059408015601734,1.75187371531128,COMPLETE
73,-8.223334494140015,2026-01-20 16:38:39.561437,2026-01-20 16:38:39.577404,0 days 00:00:00.015967,33.212513691604464,0.3865199557115415,1.6058425587012153,COMPLETE
74,-8.203858450488665,2026-01-20 16:38:39.577955,2026-01-20 16:38:39.592153,0 days 00:00:00.014198,30.53922837625132,0.4608212443461521,1.8690805511609614,COMPLETE
75,-8.225555241208191,2026-01-20 16:38:39.592870,2026-01-20 16:38:39.607300,0 days 00:00:00.014430,35.410293352401524,0.31952254053175894,2.105599659256465,COMPLETE
76,-8.24165523891636,2026-01-20 16:38:39.607867,2026-01-20 16:38:39.622085,0 days 00:00:00.014218,36.872609508694666,0.2438070924145659,1.4756156944898584,COMPLETE
77,-8.206579077856919,2026-01-20 16:38:39.622839,2026-01-20 16:38:39.638024,0 days 00:00:00.015185,31.84005123969839,0.3539223658654862,1.7480598694626333,COMPLETE
78,-8.237439817090902,2026-01-20 16:38:39.638617,2026-01-20 16:38:39.653060,0 days 00:00:00.014443,41.24699793884749,0.6898967224866207,1.9527627903840734,COMPLETE
79,-8.3678988492487,2026-01-20 16:38:39.653596,2026-01-20 16:38:39.668540,0 days 00:00:00.014944,29.254829257294222,0.40251429046869225,1.3803302241218547,COMPLETE
80,-8.865462988818853,2026-01-20 16:38:39.669065,2026-01-20 16:38:39.683467,0 days 00:00:00.014402,34.68234158420458,0.4391763257658197,3.7491718563132848,COMPLETE
81,-8.19296458008689,2026-01-20 16:38:39.684009,2026-01-20 16:38:39.698689,0 days 00:00:00.014680,35.85297828105457,0.4095775131227693,1.7253536541930763,COMPLETE
82,-8.196177807886787,2026-01-20 16:38:39.699238,2026-01-20 16:38:39.713265,0 days 00:00:00.014027,39.547003045304336,0.506297928990905,1.693168584741961,COMPLETE
83,-8.197619299854907,2026-01-20 16:38:39.713840,2026-01-20 16:38:39.738729,0 days 00:00:00.024889,39.69203408400141,0.3055123776971881,1.6559429845300642,COMPLETE
84,-8.19951250963597,2026-01-20 16:38:39.739398,2026-01-20 16:38:39.754131,0 days 00:00:00.014733,38.12069191654844,0.5605272741651092,1.6400851573840036,COMPLETE
85,-8.38603481051436,2026-01-20 16:38:39.754660,2026-01-20 16:38:39.769674,0 days 00:00:00.015014,32.906807758732114,0.5261543250760842,1.2757562390182302,COMPLETE
86,-8.247272150605971,2026-01-20 16:38:39.770295,2026-01-20 16:38:39.785122,0 days 00:00:00.014827,35.82004648376678,0.48927783714675266,1.4745738573757214,COMPLETE
87,-8.21837904087206,2026-01-20 16:38:39.785623,2026-01-20 16:38:39.800190,0 days 00:00:00.014567,33.76792766948893,0.36153573624685625,2.0732492396748765,COMPLETE
88,-8.220797870076852,2026-01-20 16:38:39.800718,2026-01-20 16:38:39.816086,0 days 00:00:00.015368,31.66236383326699,0.8211345025231871,1.7408400382708855,COMPLETE
89,-8.218469745484633,2026-01-20 16:38:39.816618,2026-01-20 16:38:39.840921,0 days 00:00:00.024303,43.22014135028559,0.459399223965005,1.553195121531401,COMPLETE
90,-8.190229845945236,2026-01-20 16:38:39.841479,2026-01-20 16:38:39.857226,0 days 00:00:00.015747,35.062456285890136,0.08570156059933698,1.8623433087088275,COMPLETE
91,-8.188151177576088,2026-01-20 16:38:39.857787,2026-01-20 16:38:39.872055,0 days 00:00:00.014268,34.67753431890891,0.11341694788821552,1.8151158193422008,COMPLETE
92,-8.189379291625071,2026-01-20 16:38:39.872751,2026-01-20 16:38:39.886979,0 days 00:00:00.014228,34.77930082733611,0.07829011003581193,1.852718689185058,COMPLETE
93,-8.207623205732167,2026-01-20 16:38:39.887576,2026-01-20 16:38:39.902164,0 days 00:00:00.014588,35.12486369698817,0.07736725456666771,1.99645237567689,COMPLETE
94,-8.209731672429868,2026-01-20 16:38:39.902724,2026-01-20 16:38:39.917607,0 days 00:00:00.014883,37.43555583440451,0.1526829047940621,1.9147441561850762,COMPLETE
95,-8.225330054151607,2026-01-20 16:38:39.918400,2026-01-20 16:38:39.931950,0 days 00:00:00.013550,32.491809766207886,0.11400185070295396,2.152281209377096,COMPLETE
96,-8.188587165375576,2026-01-20 16:38:39.932499,2026-01-20 16:38:39.946664,0 days 00:00:00.014165,34.464701190320284,0.08541948248139164,1.8477728708938652,COMPLETE
97,-8.191406520491986,2026-01-20 16:38:39.947269,2026-01-20 16:38:39.962484,0 days 00:00:00.015215,36.38432665677425,0.10385744319090989,1.828263327830376,COMPLETE
98,-8.18796920168929,2026-01-20 16:38:39.963263,2026-01-20 16:38:39.977040,0 days 00:00:00.013777,34.312390591383576,0.09712089731498597,1.839801470684697,COMPLETE
99,-8.190045287316694,2026-01-20 16:38:39.977527,2026-01-20 16:38:39.993115,0 days 00:00:00.015588,34.57043159154358,0.1840418768856798,1.858324607056262,COMPLETE
100,-8.19046669112149,2026-01-20 16:38:39.993925,2026-01-20 16:38:40.009901,0 days 00:00:00.015976,34.40366134819819,0.08923866304013554,1.883615352209307,COMPLETE
101,-8.18853601576806,2026-01-20 16:38:40.010538,2026-01-20 16:38:40.026139,0 days 00:00:00.015601,34.1637898494073,0.18473706632147582,1.8433828562661823,COMPLETE
102,-8.206606878054766,2026-01-20 16:38:40.026678,2026-01-20 16:38:40.042501,0 days 00:00:00.015823,34.49968812697034,0.18545720672936566,2.0026597685054965,COMPLETE
103,-8.188177792539154,2026-01-20 16:38:40.043092,2026-01-20 16:38:40.058032,0 days 00:00:00.014940,33.9199217160295,0.1398708050759236,1.8374035900126142,COMPLETE
104,-8.266599116470935,2026-01-20 16:38:40.058646,2026-01-20 16:38:40.073129,0 days 00:00:00.014483,31.118972434481737,0.1350533736215178,2.3443654576500244,COMPLETE
105,-8.18992983803302,2026-01-20 16:38:40.073769,2026-01-20 16:38:40.088927,0 days 00:00:00.015158,32.45602156861641,0.07653728485892339,1.89723324831222,COMPLETE
106,-8.237719116297805,2026-01-20 16:38:40.089510,2026-01-20 16:38:40.104298,0 days 00:00:00.014788,32.51377306989844,0.08285443410726612,2.22261896383609,COMPLETE
107,-8.19121657119528,2026-01-20 16:38:40.104904,2026-01-20 16:38:40.120071,0 days 00:00:00.015167,34.45995860314758,0.16144493915313712,1.8785422754716827,COMPLETE
108,-8.208634418124795,2026-01-20 16:38:40.120612,2026-01-20 16:38:40.135038,0 days 00:00:00.014426,30.08050572438038,0.0518615574990801,2.073029210847204,COMPLETE
109,-8.258764170126053,2026-01-20 16:38:40.135712,2026-01-20 16:38:40.150013,0 days 00:00:00.014301,50.32818129444898,0.12129956409583197,1.9349265320219722,COMPLETE
110,-8.229611925316158,2026-01-20 16:38:40.150630,2026-01-20 16:38:40.166991,0 days 00:00:00.016361,32.55824910553223,0.2005377656380416,2.1685637833858333,COMPLETE
111,-8.298160030968983,2026-01-20 16:38:40.167631,2026-01-20 16:38:40.184282,0 days 00:00:00.016651,33.55519927464769,0.07892472942153231,2.4785983084980043,COMPLETE
112,-8.18849703523829,2026-01-20 16:38:40.184841,2026-01-20 16:38:40.199819,0 days 00:00:00.014978,33.670677273237324,0.14404817241921403,1.8336521651151056,COMPLETE
113,-8.209568239658209,2026-01-20 16:38:40.200616,2026-01-20 16:38:40.214603,0 days 00:00:00.013987,36.077287880961066,0.13435268887376264,1.602025492806178,COMPLETE
114,-8.193255592070654,2026-01-20 16:38:40.215589,2026-01-20 16:38:40.230105,0 days 00:00:00.014516,31.464071007289817,0.0977583550097339,1.8722163999838126,COMPLETE
115,-8.210976576545294,2026-01-20 16:38:40.230735,2026-01-20 16:38:40.246559,0 days 00:00:00.015824,35.169561011950556,0.16676585115963685,2.007870755371597,COMPLETE
116,-8.271156049992335,2026-01-20 16:38:40.247118,2026-01-20 16:38:40.261902,0 days 00:00:00.014784,56.18512668960954,0.14983887742599075,1.8221591849092713,COMPLETE
117,-8.207553432484275,2026-01-20 16:38:40.262631,2026-01-20 16:38:40.278042,0 days 00:00:00.015411,34.13141803055998,0.22801206903142626,1.6544443945073692,COMPLETE
118,-8.2141544450329,2026-01-20 16:38:40.278636,2026-01-20 16:38:40.293557,0 days 00:00:00.014921,33.25324905201458,0.19090284455967005,2.0770279776235516,COMPLETE
119,-8.193697733040437,2026-01-20 16:38:40.294213,2026-01-20 16:38:40.309179,0 days 00:00:00.014966,32.05417084622218,0.07361943534354173,1.947848885172153,COMPLETE
120,-8.195934385613892,2026-01-20 16:38:40.309811,2026-01-20 16:38:40.323892,0 days 00:00:00.014081,38.30080206179629,0.11693567410962123,1.7043467890036847,COMPLETE
121,-8.188455427113677,2026-01-20 16:38:40.324455,2026-01-20 16:38:40.339907,0 days 00:00:00.015452,34.74609178146787,0.09758016440705443,1.8271189348871906,COMPLETE
122,-8.191322403925026,2026-01-20 16:38:40.340485,2026-01-20 16:38:40.356308,0 days 00:00:00.015823,34.64914809181335,0.05099564190758293,1.8904901502363298,COMPLETE
123,-8.242493813858166,2026-01-20 16:38:40.356870,2026-01-20 16:38:40.372207,0 days 00:00:00.015337,47.43283006333503,0.09779007996537104,1.8208857577719897,COMPLETE
124,-8.224146083879393,2026-01-20 16:38:40.372799,2026-01-20 16:38:40.387553,0 days 00:00:00.014754,37.389113666759144,0.1437162388115418,1.5209817500308804,COMPLETE
125,-8.68801767355365,2026-01-20 16:38:40.388137,2026-01-20 16:38:40.402692,0 days 00:00:00.014555,35.84155411253899,0.17214043402437304,3.4665852107685353,COMPLETE
126,-8.198579663144267,2026-01-20 16:38:40.403245,2026-01-20 16:38:40.417940,0 days 00:00:00.014695,33.63331796130711,0.11536699222425993,1.964397709859243,COMPLETE
127,-8.210129877626873,2026-01-20 16:38:40.418534,2026-01-20 16:38:40.433480,0 days 00:00:00.014946,36.818159518811875,0.07481355983185717,1.61172734439437,COMPLETE
128,-8.204536475016337,2026-01-20 16:38:40.434015,2026-01-20 16:38:40.448983,0 days 00:00:00.014968,30.851564600534758,0.13119412887237103,1.7880747251819153,COMPLETE
129,-8.209902939774487,2026-01-20 16:38:40.450003,2026-01-20 16:38:40.464723,0 days 00:00:00.014720,32.83125424440204,0.24380616412806894,2.0540295724119138,COMPLETE
130,-8.198196975800222,2026-01-20 16:38:40.465314,2026-01-20 16:38:40.480195,0 days 00:00:00.014881,35.12900131102181,0.09333872113073317,1.6998620198298737,COMPLETE
131,-8.188712008138392,2026-01-20 16:38:40.481113,2026-01-20 16:38:40.495801,0 days 00:00:00.014688,34.59378615363889,0.15642893381664127,1.8350594407412075,COMPLETE
