number,value,datetime_start,datetime_complete,duration,params_C,params_epsilon,params_gamma,state
133,-8.00048649010727,2026-01-20 16:44:44.526804,2026-01-20 16:44:44.541109,0 days 00:00:00.014305,45.18241709520892,1.1994443514145687,2.136382623813914,COMPLETE
134,-8.010636351276647,2026-01-20 16:44:44.541613,2026-01-20 16:44:44.556195,0 days 00:00:00.014582,44.9674274106257,1.1994173852351384,2.211823775062902,COMPLETE
135,-7.9991834911124355,2026-01-20 16:44:44.556863,2026-01-20 16:44:44.572617,0 days 00:00:00.015754,45.851620209381664,1.1719165580961743,2.1135549948060133,COMPLETE
136,-8.03087257029648,2026-01-20 16:44:44.573074,2026-01-20 16:44:44.587282,0 days 00:00:00.014208,46.16071652277859,1.1706957228701933,2.4001845767701186,COMPLETE
137,-8.020549613228301,2026-01-20 16:44:44.587816,2026-01-20 16:44:44.602841,0 days 00:00:00.015025,47.13798209316974,1.199796738224705,2.323459623377315,COMPLETE
138,-7.999228911305536,2026-01-20 16:44:44.603439,2026-01-20 16:44:44.618407,0 days 00:00:00.014968,43.391466427350224,1.1656992380766578,2.1039123361641705,COMPLETE
139,-8.014717454843293,2026-01-20 16:44:44.618925,2026-01-20 16:44:44.633384,0 days 00:00:00.014459,43.33055957227991,1.1010556187929745,2.255814993677204,COMPLETE
140,-8.010944138473862,2026-01-20 16:44:44.633992,2026-01-20 16:44:44.648183,0 days 00:00:00.014191,41.312328148191995,1.143380162447638,2.039409225334108,COMPLETE
141,-8.001422895591329,2026-01-20 16:44:44.648729,2026-01-20 16:44:44.663441,0 days 00:00:00.014712,45.276210977837444,1.1667901632445667,2.1406866425694,COMPLETE
142,-7.998816303301979,2026-01-20 16:44:44.664227,2026-01-20 16:44:44.678479,0 days 00:00:00.014252,43.92874226233299,1.178289173902717,2.1010624033745002,COMPLETE
143,-7.99841429159183,2026-01-20 16:44:44.679005,2026-01-20 16:44:44.692943,0 days 00:00:00.013938,43.91678910645407,1.1824323045325802,2.056021624978519,COMPLETE
144,-7.999535434575525,2026-01-20 16:44:44.693581,2026-01-20 16:44:44.708234,0 days 00:00:00.014653,44.107753573890825,1.1300922202745334,2.0449605252849525,COMPLETE
145,-8.003407951375683,2026-01-20 16:44:44.708711,2026-01-20 16:44:44.722865,0 days 00:00:00.014154,43.92712887127183,1.1274858723823693,2.0020961811071945,COMPLETE
146,-8.012194564452134,2026-01-20 16:44:44.723349,2026-01-20 16:44:44.737948,0 days 00:00:00.014599,41.85202902528721,1.178657827115852,2.245188319760321,COMPLETE
147,-8.038807659493752,2026-01-20 16:44:44.738442,2026-01-20 16:44:44.752745,0 days 00:00:00.014303,43.35862728040025,1.0950751289962046,1.8634816832959786,COMPLETE
148,-8.007743465751991,2026-01-20 16:44:44.753362,2026-01-20 16:44:44.767842,0 days 00:00:00.014480,44.37227848692621,1.1334119453315572,2.1976710102405113,COMPLETE
149,-8.001477490269156,2026-01-20 16:44:44.768331,2026-01-20 16:44:44.783565,0 days 00:00:00.015234,45.868355096417055,1.0718540805883374,2.0433944534446815,COMPLETE
150,-8.006409341718793,2026-01-20 16:44:44.784463,2026-01-20 16:44:44.799079,0 days 00:00:00.014616,41.18804116596781,1.1766780402431716,2.0688069923668424,COMPLETE
151,-8.000187340340059,2026-01-20 16:44:44.799538,2026-01-20 16:44:44.813852,0 days 00:00:00.014314,46.83584009910949,1.1544609087445636,2.1017588246748526,COMPLETE
152,-7.999942969611601,2026-01-20 16:44:44.814541,2026-01-20 16:44:44.830411,0 days 00:00:00.015870,46.62733333546609,1.1557026246758793,2.0048563511627573,COMPLETE
153,-8.558633173798311,2026-01-20 16:44:44.830899,2026-01-20 16:44:44.845935,0 days 00:00:00.015036,44.06906541915225,1.1099129946266948,3.981140884849961,COMPLETE
154,-8.023004032960973,2026-01-20 16:44:44.846439,2026-01-20 16:44:44.861248,0 days 00:00:00.014809,43.21932841692411,1.1766343251118807,1.9133519472896223,COMPLETE
155,-8.000415797957256,2026-01-20 16:44:44.861815,2026-01-20 16:44:44.876882,0 days 00:00:00.015067,45.89471260787321,1.136689304405385,1.9931877405913223,COMPLETE
156,-8.00582505717874,2026-01-20 16:44:44.877413,2026-01-20 16:44:44.891732,0 days 00:00:00.014319,44.34477427268437,1.156921996486994,2.184171185710759,COMPLETE
157,-8.018964315869056,2026-01-20 16:44:44.892349,2026-01-20 16:44:44.906544,0 days 00:00:00.014195,46.32113112900603,1.1852221803416454,2.2931592970412744,COMPLETE
158,-8.052924902580077,2026-01-20 16:44:44.907058,2026-01-20 16:44:44.921892,0 days 00:00:00.014834,42.03282670673255,1.1298061721583827,1.8128411244946694,COMPLETE
159,-8.00122382009845,2026-01-20 16:44:44.922453,2026-01-20 16:44:44.937737,0 days 00:00:00.015284,46.92888696239671,1.0982654910392857,2.0115365141107535,COMPLETE
160,-8.020418718743219,2026-01-20 16:44:44.938363,2026-01-20 16:44:44.952958,0 days 00:00:00.014595,45.559737934929565,1.1553427804038552,1.8835742065629866,COMPLETE
161,-8.001137648627338,2026-01-20 16:44:44.953640,2026-01-20 16:44:44.968649,0 days 00:00:00.015009,46.84248541631955,1.160523476432014,2.1138407922991784,COMPLETE
162,-7.998404965521547,2026-01-20 16:44:44.969089,2026-01-20 16:44:44.984334,0 days 00:00:00.015245,43.49349987950651,1.1834764036670773,2.088874006584613,COMPLETE
163,-7.99877064303099,2026-01-20 16:44:44.984903,2026-01-20 16:44:44.999108,0 days 00:00:00.014205,43.281788835895355,1.175895843308698,2.078074749337311,COMPLETE
164,-8.009666915814764,2026-01-20 16:44:44.999557,2026-01-20 16:44:45.014762,0 days 00:00:00.015205,43.21545198360408,1.1855816773019152,2.2194638354919,COMPLETE
165,-8.058791272151552,2026-01-20 16:44:45.015250,2026-01-20 16:44:45.029681,0 days 00:00:00.014431,28.786042991327918,1.1957199575987962,2.0815316923969553,COMPLETE
166,-8.006014197524646,2026-01-20 16:44:45.030194,2026-01-20 16:44:45.044409,0 days 00:00:00.014215,44.615249081019805,1.121916627880787,2.1817757759366216,COMPLETE
167,-8.003708240552763,2026-01-20 16:44:45.044875,2026-01-20 16:44:45.059611,0 days 00:00:00.014736,42.429508028611096,1.1357382335982869,2.051425974325607,COMPLETE
168,-8.014461829562311,2026-01-20 16:44:45.060115,2026-01-20 16:44:45.075595,0 days 00:00:00.015480,43.63021492215952,1.1977707095644086,1.9379285576894882,COMPLETE
169,-8.00058231938893,2026-01-20 16:44:45.076102,2026-01-20 16:44:45.091232,0 days 00:00:00.015130,44.0657195752325,1.1713177869945977,2.1329801638307977,COMPLETE
170,-8.02678221650752,2026-01-20 16:44:45.092010,2026-01-20 16:44:45.106849,0 days 00:00:00.014839,40.95120171407614,1.1114039694335585,2.3491784854731605,COMPLETE
171,-7.999683943735755,2026-01-20 16:44:45.107424,2026-01-20 16:44:45.121976,0 days 00:00:00.014552,45.18244198021356,1.1467184497755694,2.0079251681764605,COMPLETE
172,-8.000670117134563,2026-01-20 16:44:45.122739,2026-01-20 16:44:45.137404,0 days 00:00:00.014665,44.94663956985815,1.1412994579442186,1.9916375014005805,COMPLETE
173,-8.000284762348901,2026-01-20 16:44:45.138009,2026-01-20 16:44:45.152779,0 days 00:00:00.014770,43.11986532464677,1.1749748294045939,2.126179922308315,COMPLETE
174,-8.035659004377033,2026-01-20 16:44:45.153409,2026-01-20 16:44:45.167905,0 days 00:00:00.014496,45.26895454211375,0.42799711359499526,2.050737354430761,COMPLETE
175,-8.02284933063814,2026-01-20 16:44:45.168507,2026-01-20 16:44:45.182761,0 days 00:00:00.014254,44.090053761705754,1.1514146451175513,1.9026859960068074,COMPLETE
176,-8.00743040380166,2026-01-20 16:44:45.183312,2026-01-20 16:44:45.198092,0 days 00:00:00.014780,42.139440711124024,1.1785428124727169,2.205632684662433,COMPLETE
177,-7.999523983147036,2026-01-20 16:44:45.198628,2026-01-20 16:44:45.212889,0 days 00:00:00.014261,46.04198985899676,1.1992020413026678,1.9725232485745177,COMPLETE
178,-8.019660236841878,2026-01-20 16:44:45.213617,2026-01-20 16:44:45.228357,0 days 00:00:00.014740,48.19209728991221,1.1995917974473793,1.828604494587779,COMPLETE
179,-8.0647399891442,2026-01-20 16:44:45.228962,2026-01-20 16:44:45.243368,0 days 00:00:00.014406,45.86820356789423,1.12018589359105,1.7366085942462839,COMPLETE
180,-8.55815680094609,2026-01-20 16:44:45.243876,2026-01-20 16:44:45.258368,0 days 00:00:00.014492,42.94379592067445,1.143895664548796,0.9966624292872199,COMPLETE
181,-8.001399368448023,2026-01-20 16:44:45.258901,2026-01-20 16:44:45.274301,0 days 00:00:00.015400,44.8355277735017,1.1719532360176594,1.9726604189803443,COMPLETE
182,-7.99837504252716,2026-01-20 16:44:45.275022,2026-01-20 16:44:45.289832,0 days 00:00:00.014810,45.86753263176699,1.1625329817469852,2.077615319345119,COMPLETE
183,-7.99917118120498,2026-01-20 16:44:45.290643,2026-01-20 16:44:45.304782,0 days 00:00:00.014139,47.70385043625077,1.1495290537743466,2.035988593532835,COMPLETE
184,-7.9974428502854575,2026-01-20 16:44:45.305294,2026-01-20 16:44:45.319884,0 days 00:00:00.014590,46.04407800975653,1.1976265772540373,2.0741154683773377,COMPLETE
185,-7.999795263296771,2026-01-20 16:44:45.320510,2026-01-20 16:44:45.335738,0 days 00:00:00.015228,47.70298207438811,1.1996649793225462,2.0810390655026545,COMPLETE
186,-8.000855501084242,2026-01-20 16:44:45.336223,2026-01-20 16:44:45.351421,0 days 00:00:00.015198,46.06513504231423,1.1791467160884368,1.9549989551233875,COMPLETE
187,-8.017450550326243,2026-01-20 16:44:45.351927,2026-01-20 16:44:45.367240,0 days 00:00:00.015313,47.42432582826181,1.165445273642915,2.276111572730022,COMPLETE
188,-8.00928490022876,2026-01-20 16:44:45.367906,2026-01-20 16:44:45.382791,0 days 00:00:00.014885,48.39738843154653,1.1856675701876442,2.1740850332109383,COMPLETE
189,-8.006208250632977,2026-01-20 16:44:45.383321,2026-01-20 16:44:45.397973,0 days 00:00:00.014652,46.23793424075573,1.156673001673493,1.9173241033453365,COMPLETE
190,-7.99761526475104,2026-01-20 16:44:45.398716,2026-01-20 16:44:45.413653,0 days 00:00:00.014937,45.57603314769024,1.1995820622516058,2.0820570640863783,COMPLETE
191,-7.998061115825616,2026-01-20 16:44:45.414213,2026-01-20 16:44:45.428773,0 days 00:00:00.014560,45.664935390350536,1.1835636779574554,2.062067319027772,COMPLETE
192,-8.000245029518009,2026-01-20 16:44:45.429263,2026-01-20 16:44:45.443918,0 days 00:00:00.014655,43.61648590527663,1.15879940264678,2.12279168186296,COMPLETE
193,-7.99831669479492,2026-01-20 16:44:45.444492,2026-01-20 16:44:45.459666,0 days 00:00:00.015174,45.59818085845816,1.1783462781784717,2.053159692272292,COMPLETE
194,-7.998159126927914,2026-01-20 16:44:45.460225,2026-01-20 16:44:45.475221,0 days 00:00:00.014996,45.511189862389834,1.179999364270193,2.086739731812922,COMPLETE
195,-8.008607066857302,2026-01-20 16:44:45.475817,2026-01-20 16:44:45.490427,0 days 00:00:00.014610,45.72649982071122,1.1996028429197778,2.186997960641543,COMPLETE
196,-7.998290942721908,2026-01-20 16:44:45.491187,2026-01-20 16:44:45.505802,0 days 00:00:00.014615,44.635822677811895,1.1807923864346541,2.069682769182741,COMPLETE
197,-7.999151368732934,2026-01-20 16:44:45.506401,2026-01-20 16:44:45.521114,0 days 00:00:00.014713,45.215285195172164,1.1757280795260219,2.0148724515874195,COMPLETE
198,-7.998350397274645,2026-01-20 16:44:45.521743,2026-01-20 16:44:45.535929,0 days 00:00:00.014186,44.59444633673241,1.1997492096940294,2.0196221894071025,COMPLETE
199,-8.512958468139178,2026-01-20 16:44:45.536409,2026-01-20 16:44:45.550885,0 days 00:00:00.014476,44.62107636261227,1.182242642957248,3.8781684374074263,COMPLETE
