number,value,datetime_start,datetime_complete,duration,params_C,params_epsilon,params_gamma,state
0,-7.686614642562755,2026-01-20 16:44:35.737631,2026-01-20 16:44:35.749915,0 days 00:00:00.012284,45.76000051267215,0.07119860584147938,3.348129106942909,COMPLETE
1,-7.761025599933104,2026-01-20 16:44:35.750582,2026-01-20 16:44:35.762998,0 days 00:00:00.012416,32.46053627461423,0.5383484630231804,3.0868887214084486,COMPLETE
2,-7.802392802153053,2026-01-20 16:44:35.763705,2026-01-20 16:44:35.775972,0 days 00:00:00.012267,31.177161973166495,0.4550841989843375,3.536147359557275,COMPLETE
3,-8.349536202372256,2026-01-20 16:44:35.776653,2026-01-20 16:44:35.788980,0 days 00:00:00.012327,26.692769996415883,0.42774953584476955,2.0155020857706143,COMPLETE
4,-7.713867216819425,2026-01-20 16:44:35.789704,2026-01-20 16:44:35.801470,0 days 00:00:00.011766,40.03354314182901,0.5898931207030168,2.992355562113191,COMPLETE
5,-7.879625992901046,2026-01-20 16:44:35.802093,2026-01-20 16:44:35.814330,0 days 00:00:00.012237,49.84034264909194,1.1257629093966486,3.6941353338110057,COMPLETE
6,-7.770760974075989,2026-01-20 16:44:35.815103,2026-01-20 16:44:35.827539,0 days 00:00:00.012436,55.216396868085994,0.9209972300631072,3.3271315283729814,COMPLETE
7,-7.806258604168536,2026-01-20 16:44:35.828071,2026-01-20 16:44:35.840589,0 days 00:00:00.012518,53.71541249438057,0.5793205104495229,2.310798519418393,COMPLETE
8,-7.741870337927585,2026-01-20 16:44:35.841285,2026-01-20 16:44:35.853650,0 days 00:00:00.012365,62.31772052786027,0.1786144094771837,2.4178936108781586,COMPLETE
9,-9.146287412258891,2026-01-20 16:44:35.854234,2026-01-20 16:44:35.866533,0 days 00:00:00.012299,62.347081247098636,1.0559334775706113,0.9488220238085738,COMPLETE
10,-8.78829209234296,2026-01-20 16:44:35.867115,2026-01-20 16:44:35.882295,0 days 00:00:00.015180,42.60251912808984,0.06532052074243139,1.3655428723270076,COMPLETE
11,-7.74140643031838,2026-01-20 16:44:35.882910,2026-01-20 16:44:35.898171,0 days 00:00:00.015261,39.82195019952516,0.8406551296405793,2.8526289397991764,COMPLETE
12,-7.813113835791756,2026-01-20 16:44:35.898837,2026-01-20 16:44:35.913657,0 days 00:00:00.014820,37.33217490085861,0.3029025694020367,3.8168536835610922,COMPLETE
13,-7.717081672141984,2026-01-20 16:44:35.914345,2026-01-20 16:44:35.929279,0 days 00:00:00.014934,47.28556279617181,0.7204550939409979,2.9346956189183073,COMPLETE
14,-8.376792887123985,2026-01-20 16:44:35.930197,2026-01-20 16:44:35.945531,0 days 00:00:00.015334,35.99745902941373,0.30366402125181624,1.8128319612267565,COMPLETE
15,-7.7271727407460045,2026-01-20 16:44:35.946080,2026-01-20 16:44:35.961359,0 days 00:00:00.015279,43.61282393087007,0.7358678543945946,2.717073435851784,COMPLETE
16,-7.800533911658445,2026-01-20 16:44:35.962079,2026-01-20 16:44:35.977348,0 days 00:00:00.015269,50.893091857267365,0.09140782555712769,3.9175434689828608,COMPLETE
17,-7.692549768468086,2026-01-20 16:44:35.977904,2026-01-20 16:44:35.992952,0 days 00:00:00.015048,57.204539244365726,0.3012452519077847,3.29357384236064,COMPLETE
18,-7.691835152356582,2026-01-20 16:44:35.993621,2026-01-20 16:44:36.008973,0 days 00:00:00.015352,57.936443183031656,0.26647886577901847,3.3116406549013786,COMPLETE
19,-7.708179740778036,2026-01-20 16:44:36.009529,2026-01-20 16:44:36.034547,0 days 00:00:00.025018,58.79989373937939,0.22435935640567375,2.5455603315085678,COMPLETE
20,-8.329386531387572,2026-01-20 16:44:36.035175,2026-01-20 16:44:36.059602,0 days 00:00:00.024427,64.81606461230932,0.18758867080599534,1.6851076380807948,COMPLETE
21,-7.711530355604401,2026-01-20 16:44:36.060179,2026-01-20 16:44:36.075426,0 days 00:00:00.015247,56.62426880227176,0.3498501561800023,3.373659209790343,COMPLETE
22,-7.670610709403867,2026-01-20 16:44:36.076248,2026-01-20 16:44:36.091481,0 days 00:00:00.015233,58.90846526863847,0.06547918136739342,3.3082013135809345,COMPLETE
23,-7.728046423877953,2026-01-20 16:44:36.092075,2026-01-20 16:44:36.106666,0 days 00:00:00.014591,52.67981472585467,0.054745385414222206,3.618209356080259,COMPLETE
24,-7.6742871575463125,2026-01-20 16:44:36.107292,2026-01-20 16:44:36.121621,0 days 00:00:00.014329,48.186639245495535,0.15951467887618478,3.1849456112764383,COMPLETE
25,-7.684479755477834,2026-01-20 16:44:36.122238,2026-01-20 16:44:36.136598,0 days 00:00:00.014360,46.63351844469856,0.12614374720071744,2.674933146896647,COMPLETE
26,-7.689350015041439,2026-01-20 16:44:36.137180,2026-01-20 16:44:36.152097,0 days 00:00:00.014917,49.08414832330167,0.18047231475528708,2.6310218781451615,COMPLETE
27,-7.957734253072229,2026-01-20 16:44:36.152725,2026-01-20 16:44:36.167879,0 days 00:00:00.015154,47.048743971821345,0.3822855973081076,2.1211296854464567,COMPLETE
28,-9.769738118999063,2026-01-20 16:44:36.168912,2026-01-20 16:44:36.183310,0 days 00:00:00.014398,41.78358100977155,0.1496552007656265,0.605604510419331,COMPLETE
29,-7.66773721896571,2026-01-20 16:44:36.184022,2026-01-20 16:44:36.198388,0 days 00:00:00.014366,45.13909799540809,0.13169132981276432,3.139982153546977,COMPLETE
30,-7.867034627245036,2026-01-20 16:44:36.198964,2026-01-20 16:44:36.213918,0 days 00:00:00.014954,60.42861113303949,0.4676039465751456,3.9957592134840008,COMPLETE
31,-7.664962758731511,2026-01-20 16:44:36.214621,2026-01-20 16:44:36.229689,0 days 00:00:00.015068,44.79449429244474,0.12513737994392887,3.1223426442198523,COMPLETE
32,-7.681728226003992,2026-01-20 16:44:36.230356,2026-01-20 16:44:36.245006,0 days 00:00:00.014650,45.028592490031194,0.23826166964174952,3.168070361589531,COMPLETE
33,-7.72785713233972,2026-01-20 16:44:36.245580,2026-01-20 16:44:36.260358,0 days 00:00:00.014778,35.33937919539109,0.05274815262456761,3.514004975695381,COMPLETE
34,-7.662469781330779,2026-01-20 16:44:36.260939,2026-01-20 16:44:36.275880,0 days 00:00:00.014941,52.57319719024871,0.11389402921056324,3.1030125017084833,COMPLETE
35,-7.696842581571929,2026-01-20 16:44:36.276470,2026-01-20 16:44:36.290736,0 days 00:00:00.014266,52.07993826422046,0.5017533647268899,3.0225402911397983,COMPLETE
36,-7.858903416740647,2026-01-20 16:44:36.291364,2026-01-20 16:44:36.305884,0 days 00:00:00.014520,25.409628812665105,0.38976308552385186,3.5539639309781084,COMPLETE
37,-7.661860278296177,2026-01-20 16:44:36.306440,2026-01-20 16:44:36.322347,0 days 00:00:00.015907,54.87532431339709,0.1158010961710682,2.8938649242457,COMPLETE
38,-7.664052561151655,2026-01-20 16:44:36.322852,2026-01-20 16:44:36.337370,0 days 00:00:00.014518,54.548037495564905,0.13886698261425232,2.8761888187426163,COMPLETE
39,-7.670774671818189,2026-01-20 16:44:36.338219,2026-01-20 16:44:36.353017,0 days 00:00:00.014798,55.1617582785249,0.2113807146415319,2.871719117925685,COMPLETE
40,-7.969576715317544,2026-01-20 16:44:36.353635,2026-01-20 16:44:36.368187,0 days 00:00:00.014552,29.628643686124754,0.2636120598535105,2.4542745592724127,COMPLETE
41,-7.660260840901114,2026-01-20 16:44:36.368818,2026-01-20 16:44:36.383815,0 days 00:00:00.014997,54.46716375907108,0.12115139292617892,3.0550017395359523,COMPLETE
42,-7.669595963936101,2026-01-20 16:44:36.384750,2026-01-20 16:44:36.400555,0 days 00:00:00.015805,54.7993928847586,0.12910490869226038,2.7811219783037218,COMPLETE
43,-7.6585091880917275,2026-01-20 16:44:36.401109,2026-01-20 16:44:36.416970,0 days 00:00:00.015861,53.4773732335985,0.09862057707491234,2.966719007173649,COMPLETE
44,-7.754247264342818,2026-01-20 16:44:36.417593,2026-01-20 16:44:36.432271,0 days 00:00:00.014678,51.59316115296403,0.21991423502362623,2.4139686620955745,COMPLETE
45,-7.82532585799985,2026-01-20 16:44:36.432808,2026-01-20 16:44:36.457282,0 days 00:00:00.024474,53.71917573250423,0.33884377185768405,2.263871146480806,COMPLETE
46,-7.6570240621687535,2026-01-20 16:44:36.457930,2026-01-20 16:44:36.472602,0 days 00:00:00.014672,60.90529364694702,0.10007871650272503,2.9285912750097745,COMPLETE
47,-7.894211724957438,2026-01-20 16:44:36.473172,2026-01-20 16:44:36.488039,0 days 00:00:00.014867,61.69648092058578,1.1795328724009826,3.7383064414501797,COMPLETE
48,-7.651689239766917,2026-01-20 16:44:36.488742,2026-01-20 16:44:36.503476,0 days 00:00:00.014734,64.28610048565238,0.09367564178393892,3.013667567706376,COMPLETE
49,-7.763240626789544,2026-01-20 16:44:36.504060,2026-01-20 16:44:36.520048,0 days 00:00:00.015988,64.08723408832188,0.6720797059121958,3.47728009166749,COMPLETE
50,-7.7360723628610915,2026-01-20 16:44:36.520660,2026-01-20 16:44:36.536467,0 days 00:00:00.015807,60.47886200704306,0.9917625363889421,2.96683072834914,COMPLETE
51,-7.651265587983953,2026-01-20 16:44:36.537047,2026-01-20 16:44:36.551706,0 days 00:00:00.014659,63.75159708692168,0.09092308896564015,3.059407777882533,COMPLETE
52,-7.669049410829574,2026-01-20 16:44:36.552319,2026-01-20 16:44:36.577890,0 days 00:00:00.025571,62.459876892070426,0.09462169756234613,2.7743222759648893,COMPLETE
53,-7.704391649768158,2026-01-20 16:44:36.578528,2026-01-20 16:44:36.604048,0 days 00:00:00.025520,63.84179697190197,0.17156423957869882,2.573331956093826,COMPLETE
54,-7.669954471644223,2026-01-20 16:44:36.604691,2026-01-20 16:44:36.620119,0 days 00:00:00.015428,60.18347428416022,0.26747147516487,2.993510854508654,COMPLETE
55,-7.692569818032418,2026-01-20 16:44:36.620843,2026-01-20 16:44:36.636025,0 days 00:00:00.015182,56.6103829293653,0.09376746133403563,3.420155931448906,COMPLETE
56,-7.671762569138761,2026-01-20 16:44:36.636712,2026-01-20 16:44:36.651433,0 days 00:00:00.014721,62.317964543174135,0.19573522336090987,3.237150043058677,COMPLETE
57,-7.945982889165488,2026-01-20 16:44:36.652083,2026-01-20 16:44:36.667499,0 days 00:00:00.015416,50.12949031735687,0.08394232364072085,2.116210748260269,COMPLETE
58,-7.731351257594729,2026-01-20 16:44:36.668150,2026-01-20 16:44:36.682863,0 days 00:00:00.014713,58.78181998137406,0.8010652220919418,2.7474131499116043,COMPLETE
59,-7.70787051048693,2026-01-20 16:44:36.683529,2026-01-20 16:44:36.699827,0 days 00:00:00.016298,63.6068860636849,0.050177249366049115,2.526172057896058,COMPLETE
60,-7.670720892248821,2026-01-20 16:44:36.700713,2026-01-20 16:44:36.715377,0 days 00:00:00.014664,56.722836734104874,0.24808113193743747,3.0258652761684703,COMPLETE
61,-7.660005372453805,2026-01-20 16:44:36.715971,2026-01-20 16:44:36.731708,0 days 00:00:00.015737,52.70507349331877,0.10651099945596386,3.0803129876805833,COMPLETE
62,-7.666402381324464,2026-01-20 16:44:36.732283,2026-01-20 16:44:36.756921,0 days 00:00:00.024638,60.2985730093939,0.16525479279068056,2.853056166603772,COMPLETE
63,-7.662642942051745,2026-01-20 16:44:36.757986,2026-01-20 16:44:36.772419,0 days 00:00:00.014433,64.80325417048203,0.10117450028193468,3.2536357206208826,COMPLETE
64,-7.732849572421216,2026-01-20 16:44:36.773122,2026-01-20 16:44:36.787483,0 days 00:00:00.014361,57.83340055848773,0.5781925177606286,3.3572220108612,COMPLETE
65,-7.691548122336231,2026-01-20 16:44:36.788009,2026-01-20 16:44:36.802986,0 days 00:00:00.014977,55.97804694333131,0.2997641331131759,2.69589805614079,COMPLETE
66,-7.664533453083392,2026-01-20 16:44:36.803492,2026-01-20 16:44:36.818477,0 days 00:00:00.014985,61.55695729541114,0.2042057978471129,2.942446875084033,COMPLETE
67,-7.665140926877544,2026-01-20 16:44:36.819068,2026-01-20 16:44:36.835333,0 days 00:00:00.016265,49.16730084075644,0.15743912176381245,3.0774025503726588,COMPLETE
68,-7.7413618722527415,2026-01-20 16:44:36.836471,2026-01-20 16:44:36.850130,0 days 00:00:00.013659,50.63967487263085,0.08164830098482252,3.663629500813866,COMPLETE
69,-7.6622074135422285,2026-01-20 16:44:36.850665,2026-01-20 16:44:36.864866,0 days 00:00:00.014201,59.38289728588934,0.11334493566749279,3.1891401056544573,COMPLETE
70,-8.917851769324434,2026-01-20 16:44:36.865447,2026-01-20 16:44:36.879940,0 days 00:00:00.014493,53.327214678966705,0.05101335860201012,1.2337256700935602,COMPLETE
71,-7.668280787554141,2026-01-20 16:44:36.880714,2026-01-20 16:44:36.895664,0 days 00:00:00.014950,58.82952557375328,0.11986193261671355,3.250498258700602,COMPLETE
72,-7.666437344102491,2026-01-20 16:44:36.896323,2026-01-20 16:44:36.910939,0 days 00:00:00.014616,57.81669141744322,0.1862198667105276,3.1255586140035443,COMPLETE
73,-7.686131036784985,2026-01-20 16:44:36.911534,2026-01-20 16:44:36.927491,0 days 00:00:00.015957,63.081349781922775,0.10076522555259998,3.403581208470535,COMPLETE
74,-7.667055779043966,2026-01-20 16:44:36.928170,2026-01-20 16:44:36.942441,0 days 00:00:00.014271,61.091599576479105,0.15320082902084273,2.830796398646467,COMPLETE
75,-7.66882521781054,2026-01-20 16:44:36.943071,2026-01-20 16:44:36.969578,0 days 00:00:00.026507,59.48016599280106,0.22772385878762522,2.9404309106272613,COMPLETE
76,-7.66392772074102,2026-01-20 16:44:36.970345,2026-01-20 16:44:36.985907,0 days 00:00:00.015562,55.21581243730962,0.08315947414080038,3.2055197602945436,COMPLETE
77,-7.688719786788849,2026-01-20 16:44:36.986512,2026-01-20 16:44:37.011847,0 days 00:00:00.025335,53.41169615878509,0.13972033083932794,2.6094335152172556,COMPLETE
78,-7.657720249926325,2026-01-20 16:44:37.012451,2026-01-20 16:44:37.027123,0 days 00:00:00.014672,64.81828562612289,0.1827540116216753,3.048093554215211,COMPLETE
79,-7.665678757980868,2026-01-20 16:44:37.027748,2026-01-20 16:44:37.043077,0 days 00:00:00.015329,64.4652781568908,0.2736333856087399,3.0565502493487187,COMPLETE
80,-8.199159088321828,2026-01-20 16:44:37.043836,2026-01-20 16:44:37.058716,0 days 00:00:00.014880,63.2365496656822,0.1932884267984315,1.7883765955610176,COMPLETE
81,-7.65839558214442,2026-01-20 16:44:37.059326,2026-01-20 16:44:37.075605,0 days 00:00:00.016279,60.96862768094123,0.1146776514606676,2.9227929240610657,COMPLETE
82,-7.659478686127818,2026-01-20 16:44:37.076250,2026-01-20 16:44:37.091355,0 days 00:00:00.015105,62.64739018335597,0.14772320735681682,2.9165758029122677,COMPLETE
83,-7.686185529731075,2026-01-20 16:44:37.092108,2026-01-20 16:44:37.107964,0 days 00:00:00.015856,62.690175847392375,0.1634473623812983,2.681006131656037,COMPLETE
84,-7.663071154276449,2026-01-20 16:44:37.108523,2026-01-20 16:44:37.134926,0 days 00:00:00.026403,64.87833526861448,0.0749277731469771,2.802799209701276,COMPLETE
85,-7.665054478655755,2026-01-20 16:44:37.135785,2026-01-20 16:44:37.160220,0 days 00:00:00.024435,61.65911987747273,0.2267464649084795,3.036438983270142,COMPLETE
86,-7.7223923707195015,2026-01-20 16:44:37.160868,2026-01-20 16:44:37.176643,0 days 00:00:00.015775,61.15450809777243,0.1328649777370424,2.4772290320542667,COMPLETE
87,-7.76811376797539,2026-01-20 16:44:37.177249,2026-01-20 16:44:37.192822,0 days 00:00:00.015573,63.6614089442459,0.18142898734130625,2.335665780725231,COMPLETE
88,-7.6541065960428565,2026-01-20 16:44:37.193514,2026-01-20 16:44:37.209784,0 days 00:00:00.016270,62.18098244942843,0.0704349360628458,2.9174960876044898,COMPLETE
89,-7.652806943902561,2026-01-20 16:44:37.210301,2026-01-20 16:44:37.225698,0 days 00:00:00.015397,62.37417209046907,0.06826378954956301,2.9305670203892786,COMPLETE
90,-7.653686662216667,2026-01-20 16:44:37.226288,2026-01-20 16:44:37.250870,0 days 00:00:00.024582,62.41231628833425,0.06642852035292032,2.9145172813894873,COMPLETE
91,-7.654399257258386,2026-01-20 16:44:37.251447,2026-01-20 16:44:37.276513,0 days 00:00:00.025066,62.34351672031504,0.07046068659282169,2.9096693848691224,COMPLETE
92,-7.670559109071059,2026-01-20 16:44:37.277172,2026-01-20 16:44:37.292329,0 days 00:00:00.015157,60.85135887630778,0.06099492559114289,2.7533485284274652,COMPLETE
93,-7.652907316985997,2026-01-20 16:44:37.292994,2026-01-20 16:44:37.307685,0 days 00:00:00.014691,62.14866698027691,0.07153102462726832,2.938786399223844,COMPLETE
94,-7.688714424957359,2026-01-20 16:44:37.308247,2026-01-20 16:44:37.323175,0 days 00:00:00.014928,59.67324689715195,0.06281042034600293,2.612083259860844,COMPLETE
95,-7.659185408196673,2026-01-20 16:44:37.323764,2026-01-20 16:44:37.339991,0 days 00:00:00.016227,61.99935813494091,0.07865233585052503,2.855851962469266,COMPLETE
96,-7.649677234742039,2026-01-20 16:44:37.340582,2026-01-20 16:44:37.355014,0 days 00:00:00.014432,63.86311062138566,0.052860571998934736,2.975959281555289,COMPLETE
97,-7.664513798497014,2026-01-20 16:44:37.355705,2026-01-20 16:44:37.370981,0 days 00:00:00.015276,63.992268407114565,0.05365684461020094,3.298278118718139,COMPLETE
98,-7.652076112479159,2026-01-20 16:44:37.371471,2026-01-20 16:44:37.386346,0 days 00:00:00.014875,64.97518770724932,0.07621652071880523,3.1597282399920794,COMPLETE
99,-7.653909620117689,2026-01-20 16:44:37.386931,2026-01-20 16:44:37.412159,0 days 00:00:00.025228,63.33665330329087,0.07748003217114637,3.1735086866321964,COMPLETE
100,-7.651838128448401,2026-01-20 16:44:37.412737,2026-01-20 16:44:37.427296,0 days 00:00:00.014559,63.38024504085658,0.06989981259916501,3.1561555391925995,COMPLETE
101,-7.651852761974206,2026-01-20 16:44:37.427912,2026-01-20 16:44:37.442753,0 days 00:00:00.014841,63.362003626970115,0.07799382757126479,3.1411168337415027,COMPLETE
102,-7.695261433796562,2026-01-20 16:44:37.443339,2026-01-20 16:44:37.459127,0 days 00:00:00.015788,63.25374161963644,0.08152875913245011,3.4632363977953733,COMPLETE
103,-7.722886150336619,2026-01-20 16:44:37.459714,2026-01-20 16:44:37.475835,0 days 00:00:00.016121,63.762446138129285,0.13851742549655344,3.5701731733266566,COMPLETE
104,-7.65184623368854,2026-01-20 16:44:37.476432,2026-01-20 16:44:37.491018,0 days 00:00:00.014586,64.97743695338708,0.09145372944973669,3.136329616435083,COMPLETE
105,-7.653985691802129,2026-01-20 16:44:37.491690,2026-01-20 16:44:37.506511,0 days 00:00:00.014821,64.21763368090203,0.10344527610541127,3.1488585958751814,COMPLETE
106,-7.669090898066787,2026-01-20 16:44:37.507078,2026-01-20 16:44:37.523470,0 days 00:00:00.016392,64.90988127561262,0.05167719675366781,3.3302518064231528,COMPLETE
107,-7.661974616313532,2026-01-20 16:44:37.523978,2026-01-20 16:44:37.538388,0 days 00:00:00.014410,62.98155822501391,0.13561038612235007,3.2001717757941557,COMPLETE
108,-7.652843543013144,2026-01-20 16:44:37.538890,2026-01-20 16:44:37.555908,0 days 00:00:00.017018,63.320092683005576,0.09377937843109037,3.131266300721215,COMPLETE
109,-7.756766081451912,2026-01-20 16:44:37.556544,2026-01-20 16:44:37.571293,0 days 00:00:00.014749,38.85885148422855,0.8635890121796816,3.103092562675932,COMPLETE
110,-7.675473644760269,2026-01-20 16:44:37.571892,2026-01-20 16:44:37.586797,0 days 00:00:00.014905,61.763055462883806,0.16692079761814052,3.2822839778782544,COMPLETE
111,-7.652135765403131,2026-01-20 16:44:37.587350,2026-01-20 16:44:37.602419,0 days 00:00:00.015069,63.6897312631292,0.09124779651792647,3.00929485508041,COMPLETE
112,-7.652718667802921,2026-01-20 16:44:37.603015,2026-01-20 16:44:37.617716,0 days 00:00:00.014701,64.0431318305448,0.09881112408140122,2.9959046261075666,COMPLETE
113,-7.6543387390941335,2026-01-20 16:44:37.618442,2026-01-20 16:44:37.634249,0 days 00:00:00.015807,64.44251803418518,0.12077684998316457,2.98834233297241,COMPLETE
114,-7.6855092679650525,2026-01-20 16:44:37.634837,2026-01-20 16:44:37.650597,0 days 00:00:00.015760,63.91483332782106,0.09812011068345905,3.400634092118489,COMPLETE
115,-7.661352174774938,2026-01-20 16:44:37.651157,2026-01-20 16:44:37.665970,0 days 00:00:00.014813,60.060165316745696,0.1506797019066043,3.1329039925433633,COMPLETE
116,-7.653367975556333,2026-01-20 16:44:37.666733,2026-01-20 16:44:37.682138,0 days 00:00:00.015405,63.018648154295505,0.09687457885120758,3.0025818037853074,COMPLETE
117,-7.6611211440403135,2026-01-20 16:44:37.682713,2026-01-20 16:44:37.697421,0 days 00:00:00.014708,64.88868484432292,0.11903261766902945,3.226315018838176,COMPLETE
118,-7.685508544040846,2026-01-20 16:44:37.698031,2026-01-20 16:44:37.712781,0 days 00:00:00.014750,61.67329174549046,0.20235012130800373,3.3298274429528494,COMPLETE
119,-7.745275425882762,2026-01-20 16:44:37.713503,2026-01-20 16:44:37.728129,0 days 00:00:00.014626,63.952901550815554,1.06748424795461,2.805171234993974,COMPLETE
120,-7.724074492627369,2026-01-20 16:44:37.728895,2026-01-20 16:44:37.742994,0 days 00:00:00.014099,31.7845062088483,0.08964406612172186,3.0898257863800245,COMPLETE
121,-7.6534962637204105,2026-01-20 16:44:37.743731,2026-01-20 16:44:37.757500,0 days 00:00:00.013769,63.097841369793116,0.09790318053146294,2.9918594387829565,COMPLETE
122,-7.6566996275674,2026-01-20 16:44:37.758089,2026-01-20 16:44:37.774516,0 days 00:00:00.016427,63.06801416272416,0.13983082214875064,3.0127609662479413,COMPLETE
123,-7.65585751767387,2026-01-20 16:44:37.775024,2026-01-20 16:44:37.790708,0 days 00:00:00.015684,64.94983214920623,0.11618613543623438,3.164090153391941,COMPLETE
124,-7.651254009269749,2026-01-20 16:44:37.791274,2026-01-20 16:44:37.807121,0 days 00:00:00.015847,63.64428948796214,0.09088548117244456,3.073101002569702,COMPLETE
125,-7.657144843009087,2026-01-20 16:44:37.807654,2026-01-20 16:44:37.822662,0 days 00:00:00.015008,64.01471168776557,0.051225650146525845,3.236998581440616,COMPLETE
126,-7.659853972379912,2026-01-20 16:44:37.823432,2026-01-20 16:44:37.838888,0 days 00:00:00.015456,61.659002185431476,0.16653266538323702,3.1058939453748775,COMPLETE
127,-7.6737694982244165,2026-01-20 16:44:37.839456,2026-01-20 16:44:37.854219,0 days 00:00:00.014763,60.882070265362685,0.08807650540759722,2.741649951065228,COMPLETE
128,-7.6653079642770745,2026-01-20 16:44:37.854777,2026-01-20 16:44:37.869541,0 days 00:00:00.014764,62.199646749428965,0.12243477452918264,2.824470394417775,COMPLETE
129,-7.664727689872999,2026-01-20 16:44:37.870344,2026-01-20 16:44:37.884701,0 days 00:00:00.014357,63.67731166764571,0.05037279908779082,3.2993931075540446,COMPLETE
130,-7.708821303310652,2026-01-20 16:44:37.885238,2026-01-20 16:44:37.900411,0 days 00:00:00.015173,64.2207277325316,0.15459557465794693,3.4931695220993033,COMPLETE
131,-7.65212580315872,2026-01-20 16:44:37.900944,2026-01-20 16:44:37.916724,0 days 00:00:00.015780,62.82955423098084,0.08090281813200803,3.011183458927563,COMPLETE
