number,value,datetime_start,datetime_complete,duration,params_C,params_epsilon,params_gamma,state
132,-8.260464070064765,2026-01-17 19:48:03.188212,2026-01-17 19:48:03.202917,0 days 00:00:00.014705,26.704747128393773,0.4425249586365195,2.0765405866540143,COMPLETE
133,-8.23306996578054,2026-01-17 19:48:03.203522,2026-01-17 19:48:03.217857,0 days 00:00:00.014335,25.84151556123777,0.3532188064956603,1.970687011326916,COMPLETE
134,-8.23124969789285,2026-01-17 19:48:03.218390,2026-01-17 19:48:03.233465,0 days 00:00:00.015075,25.956070327245502,0.3357378073221328,1.9562476181534096,COMPLETE
135,-8.23294217879231,2026-01-17 19:48:03.234103,2026-01-17 19:48:03.249422,0 days 00:00:00.015319,25.872803034005425,0.3501913450746541,1.9701363088142503,COMPLETE
136,-8.318954313580964,2026-01-17 19:48:03.250051,2026-01-17 19:48:03.264971,0 days 00:00:00.014920,26.12553353070233,0.3517190590747247,2.3428016827948577,COMPLETE
137,-8.235709514667827,2026-01-17 19:48:03.265687,2026-01-17 19:48:03.280411,0 days 00:00:00.014724,27.3998930174416,0.2367285132128515,2.0017376278219943,COMPLETE
138,-8.24490181389262,2026-01-17 19:48:03.281160,2026-01-17 19:48:03.295910,0 days 00:00:00.014750,27.021718564999944,0.2741658566549623,2.0481840035490206,COMPLETE
139,-8.26226485780946,2026-01-17 19:48:03.296676,2026-01-17 19:48:03.310963,0 days 00:00:00.014287,25.705490086798907,0.320756454373073,2.1455892998034964,COMPLETE
140,-8.232305191698225,2026-01-17 19:48:03.311657,2026-01-17 19:48:03.326081,0 days 00:00:00.014424,27.515532905290662,0.2225723867345014,1.9830400223591333,COMPLETE
141,-8.228274083156759,2026-01-17 19:48:03.326566,2026-01-17 19:48:03.341815,0 days 00:00:00.015249,27.90359562929484,0.22111997681695303,1.9360295800739333,COMPLETE
142,-8.233941259313285,2026-01-17 19:48:03.342396,2026-01-17 19:48:03.357004,0 days 00:00:00.014608,27.44201461563445,0.22503289778962962,1.9944470835749213,COMPLETE
143,-8.285418959414503,2026-01-17 19:48:03.357700,2026-01-17 19:48:03.373005,0 days 00:00:00.015305,28.186209816232186,0.1315363121378943,2.2686646829905865,COMPLETE
144,-8.236715399971535,2026-01-17 19:48:03.373620,2026-01-17 19:48:03.387787,0 days 00:00:00.014167,27.383900141239454,0.22368091759859898,2.012571865126974,COMPLETE
145,-8.252037006747042,2026-01-17 19:48:03.388498,2026-01-17 19:48:03.403320,0 days 00:00:00.014822,26.649710505304228,0.21301376947349485,2.1159466243189673,COMPLETE
146,-8.22710740989897,2026-01-17 19:48:03.403823,2026-01-17 19:48:03.418337,0 days 00:00:00.014514,27.595609712873795,0.24683890675630774,1.8912643902529085,COMPLETE
147,-8.223576635981674,2026-01-17 19:48:03.418865,2026-01-17 19:48:03.433119,0 days 00:00:00.014254,27.618318637085046,0.14287949789453147,1.8686719352237728,COMPLETE
148,-8.24902858052199,2026-01-17 19:48:03.433753,2026-01-17 19:48:03.447841,0 days 00:00:00.014088,28.824426681354208,0.1177931284456839,2.070306292869462,COMPLETE
149,-8.224471084672297,2026-01-17 19:48:03.448352,2026-01-17 19:48:03.463045,0 days 00:00:00.014693,27.72691752013951,0.1686836258126151,1.8468028636610587,COMPLETE
150,-8.223443649398853,2026-01-17 19:48:03.463579,2026-01-17 19:48:03.478078,0 days 00:00:00.014499,27.94849077840577,0.13613591528019148,1.8707745886694767,COMPLETE
151,-8.2248463390025,2026-01-17 19:48:03.478503,2026-01-17 19:48:03.492875,0 days 00:00:00.014372,27.908345403041334,0.16760552883105945,1.8294290130098858,COMPLETE
152,-8.22428915649933,2026-01-17 19:48:03.493356,2026-01-17 19:48:03.508323,0 days 00:00:00.014967,27.935525872955573,0.16039596688272173,1.8438379776643055,COMPLETE
153,-8.225105115898453,2026-01-17 19:48:03.508957,2026-01-17 19:48:03.523243,0 days 00:00:00.014286,27.899574904422753,0.17430539667413456,1.8275460672899797,COMPLETE
154,-8.225267639924596,2026-01-17 19:48:03.523829,2026-01-17 19:48:03.538058,0 days 00:00:00.014229,28.07453978277622,0.17158268924410308,1.818813883051164,COMPLETE
155,-8.224501618310962,2026-01-17 19:48:03.538556,2026-01-17 19:48:03.553144,0 days 00:00:00.014588,28.2100323826409,0.15867792517239518,1.8300064051953988,COMPLETE
156,-8.224553418145506,2026-01-17 19:48:03.553692,2026-01-17 19:48:03.568204,0 days 00:00:00.014512,28.188077091510984,0.16273042791725525,1.832853518310512,COMPLETE
157,-8.225066069131206,2026-01-17 19:48:03.568718,2026-01-17 19:48:03.584180,0 days 00:00:00.015462,28.44987909993545,0.16300073883016775,1.8284430739522988,COMPLETE
158,-8.222316583814074,2026-01-17 19:48:03.584717,2026-01-17 19:48:03.599236,0 days 00:00:00.014519,28.341518095667134,0.052107565264977646,1.8322825526810775,COMPLETE
159,-8.223020653649503,2026-01-17 19:48:03.599786,2026-01-17 19:48:03.614142,0 days 00:00:00.014356,28.652852614673243,0.06442463009429725,1.8282203745674555,COMPLETE
160,-8.222739015984335,2026-01-17 19:48:03.614852,2026-01-17 19:48:03.628626,0 days 00:00:00.013774,28.3729717792707,0.0550208997297011,1.8174278092805165,COMPLETE
161,-8.222822096248313,2026-01-17 19:48:03.629093,2026-01-17 19:48:03.653890,0 days 00:00:00.024797,28.59393460457438,0.061678274004226485,1.832186508206715,COMPLETE
162,-8.222673286418722,2026-01-17 19:48:03.654732,2026-01-17 19:48:03.669244,0 days 00:00:00.014512,28.70008882199691,0.050936251099983745,1.8378779346245093,COMPLETE
163,-8.222458852660989,2026-01-17 19:48:03.669791,2026-01-17 19:48:03.684062,0 days 00:00:00.014271,28.395215717576672,0.05561195278987237,1.8321742188749666,COMPLETE
164,-8.22285034075959,2026-01-17 19:48:03.684562,2026-01-17 19:48:03.699211,0 days 00:00:00.014649,28.670503408204603,0.052747923555904255,1.82836070230843,COMPLETE
165,-8.223943765540978,2026-01-17 19:48:03.699682,2026-01-17 19:48:03.713750,0 days 00:00:00.014068,28.94197150069999,0.08075609025637939,1.8188904672689454,COMPLETE
166,-8.223302750655561,2026-01-17 19:48:03.714425,2026-01-17 19:48:03.727895,0 days 00:00:00.013470,28.899557092122937,0.059301528897163745,1.8262778253955791,COMPLETE
167,-8.223830839591747,2026-01-17 19:48:03.728612,2026-01-17 19:48:03.742915,0 days 00:00:00.014303,28.91496597898217,0.050392313866099714,1.8020137138620693,COMPLETE
168,-8.22411775123138,2026-01-17 19:48:03.743557,2026-01-17 19:48:03.768605,0 days 00:00:00.025048,29.09047060894776,0.05440834483776263,1.8055099773880154,COMPLETE
169,-8.257190623882405,2026-01-17 19:48:03.769206,2026-01-17 19:48:03.783983,0 days 00:00:00.014777,28.969929830609633,0.05747028350143555,1.6167383650077087,COMPLETE
170,-8.22502163010979,2026-01-17 19:48:03.784653,2026-01-17 19:48:03.798903,0 days 00:00:00.014250,29.18320278380858,0.0901710680284236,1.7901406683077403,COMPLETE
171,-8.225141501252192,2026-01-17 19:48:03.799416,2026-01-17 19:48:03.813711,0 days 00:00:00.014295,28.94151536715994,0.09265106060144351,1.7861370504363538,COMPLETE
172,-8.223695838289789,2026-01-17 19:48:03.814257,2026-01-17 19:48:03.828597,0 days 00:00:00.014340,29.424797111105665,0.05186407037970292,1.8620075661810478,COMPLETE
173,-8.223512866957417,2026-01-17 19:48:03.829201,2026-01-17 19:48:03.844437,0 days 00:00:00.015236,29.410523637428582,0.05450991432823302,1.8583173946640197,COMPLETE
174,-8.224507781060023,2026-01-17 19:48:03.845176,2026-01-17 19:48:03.859765,0 days 00:00:00.014589,29.571704823020234,0.05124932777953629,1.8651621822296214,COMPLETE
175,-8.236233101865418,2026-01-17 19:48:03.860271,2026-01-17 19:48:03.874539,0 days 00:00:00.014268,28.9740209841508,0.11074606140087148,1.6865797225518315,COMPLETE
176,-8.225544537444694,2026-01-17 19:48:03.875131,2026-01-17 19:48:03.889713,0 days 00:00:00.014582,29.54748079842173,0.07134555623372668,1.779448755589167,COMPLETE
177,-8.249392574550622,2026-01-17 19:48:03.890199,2026-01-17 19:48:03.905239,0 days 00:00:00.015040,28.72186312622057,0.14041967117754212,1.646804693381416,COMPLETE
178,-8.225252188286206,2026-01-17 19:48:03.905682,2026-01-17 19:48:03.920116,0 days 00:00:00.014434,29.760703407843142,0.0800493590523911,1.85222110096638,COMPLETE
179,-8.228767393117852,2026-01-17 19:48:03.920825,2026-01-17 19:48:03.937811,0 days 00:00:00.016986,28.76490606014895,0.10550340456502255,1.7433334819719217,COMPLETE
180,-8.229616879673381,2026-01-17 19:48:03.938374,2026-01-17 19:48:03.953114,0 days 00:00:00.014740,30.40215931417564,0.06784532655651174,1.875273823780536,COMPLETE
181,-8.223591502148803,2026-01-17 19:48:03.953801,2026-01-17 19:48:03.969094,0 days 00:00:00.015293,29.425721600390872,0.053445283703602464,1.859235330618311,COMPLETE
182,-8.226183417089711,2026-01-17 19:48:03.969576,2026-01-17 19:48:03.984096,0 days 00:00:00.014520,29.30531605310283,0.08632229173019476,1.7699062429140424,COMPLETE
183,-8.222201917384888,2026-01-17 19:48:03.984684,2026-01-17 19:48:03.999090,0 days 00:00:00.014406,28.52601881273341,0.05363517713174968,1.8622801225972492,COMPLETE
184,-8.230102534242366,2026-01-17 19:48:03.999613,2026-01-17 19:48:04.014757,0 days 00:00:00.015144,29.78056469676429,0.052353325298009463,1.7111684277960242,COMPLETE
185,-8.224331282021748,2026-01-17 19:48:04.015512,2026-01-17 19:48:04.030393,0 days 00:00:00.014881,28.60676346181972,0.13002390987837006,1.8681111128833023,COMPLETE
186,-8.259231516237335,2026-01-17 19:48:04.030863,2026-01-17 19:48:04.045657,0 days 00:00:00.014794,28.73337709740189,0.12126479022209492,1.6185456053711893,COMPLETE
187,-8.232315248670034,2026-01-17 19:48:04.046143,2026-01-17 19:48:04.060419,0 days 00:00:00.014276,30.67575036374813,0.09826446829225356,1.8788745051696345,COMPLETE
188,-8.22678297895876,2026-01-17 19:48:04.060978,2026-01-17 19:48:04.075454,0 days 00:00:00.014476,29.437990566790084,0.07165472636013787,1.7587419126444395,COMPLETE
189,-8.231298323990895,2026-01-17 19:48:04.076015,2026-01-17 19:48:04.090789,0 days 00:00:00.014774,28.654183862827363,0.050741182887984494,1.713852937276882,COMPLETE
190,-8.302454622911885,2026-01-17 19:48:04.091324,2026-01-17 19:48:04.105376,0 days 00:00:00.014052,26.96172329602735,0.14057156479664193,1.5751135920363217,COMPLETE
191,-8.22237359267614,2026-01-17 19:48:04.105895,2026-01-17 19:48:04.120414,0 days 00:00:00.014519,28.2295928441271,0.08188469776537137,1.8869289096968371,COMPLETE
192,-8.229748057520908,2026-01-17 19:48:04.121373,2026-01-17 19:48:04.136343,0 days 00:00:00.014970,30.295406237188626,0.08145800090901752,1.8822580722545115,COMPLETE
193,-8.382224604100049,2026-01-17 19:48:04.136880,2026-01-17 19:48:04.152170,0 days 00:00:00.015290,55.651455662888935,0.10731496676195398,1.7904610705085315,COMPLETE
194,-8.234918949707126,2026-01-17 19:48:04.152880,2026-01-17 19:48:04.167277,0 days 00:00:00.014397,28.436539643722167,0.050777404201285285,2.028980540838011,COMPLETE
195,-8.226681469832036,2026-01-17 19:48:04.168438,2026-01-17 19:48:04.182927,0 days 00:00:00.014489,29.687914107374866,0.07645380384978656,1.8910581048983268,COMPLETE
196,-8.226546060282464,2026-01-17 19:48:04.183576,2026-01-17 19:48:04.198220,0 days 00:00:00.014644,27.209059072426875,0.0964980464347803,1.7901236303603232,COMPLETE
197,-8.236379901984936,2026-01-17 19:48:04.198783,2026-01-17 19:48:04.213247,0 days 00:00:00.014464,29.063933468389866,0.1314900926019317,1.6848483590789693,COMPLETE
198,-8.235709061955863,2026-01-17 19:48:04.213755,2026-01-17 19:48:04.228373,0 days 00:00:00.014618,31.26735455618273,0.0705534685990056,1.8786250691702389,COMPLETE
199,-8.24149258430392,2026-01-17 19:48:04.228898,2026-01-17 19:48:04.244530,0 days 00:00:00.015632,28.318069746283957,0.11270326341223444,2.048837232996951,COMPLETE
