number,value,datetime_start,datetime_complete,duration,params_C,params_epsilon,params_gamma,state
132,-7.815684094523692,2026-01-17 19:48:00.036814,2026-01-17 19:48:00.051873,0 days 00:00:00.015059,56.893366513603276,0.08600197886811908,3.111265231947041,COMPLETE
133,-7.814857583709609,2026-01-17 19:48:00.052449,2026-01-17 19:48:00.067798,0 days 00:00:00.015349,57.46924782114866,0.1314608919515296,3.0098354924821287,COMPLETE
134,-7.8229375240409595,2026-01-17 19:48:00.068522,2026-01-17 19:48:00.082828,0 days 00:00:00.014306,54.334952644642186,0.19775168058251907,2.92446533604397,COMPLETE
135,-7.822737807228182,2026-01-17 19:48:00.083305,2026-01-17 19:48:00.098613,0 days 00:00:00.015308,58.246482438870736,0.10490510613825463,3.1440083166256976,COMPLETE
136,-7.826986360316463,2026-01-17 19:48:00.099112,2026-01-17 19:48:00.113692,0 days 00:00:00.014580,56.62252833641376,0.07586209849215646,3.2388286850575403,COMPLETE
137,-7.823493094866865,2026-01-17 19:48:00.114199,2026-01-17 19:48:00.129729,0 days 00:00:00.015530,59.19013505769907,0.17221712145985113,3.027683134740182,COMPLETE
138,-7.8102723355500645,2026-01-17 19:48:00.130277,2026-01-17 19:48:00.145418,0 days 00:00:00.015141,55.79067763465545,0.08982027449807953,2.9334353774800297,COMPLETE
139,-7.837389702883385,2026-01-17 19:48:00.145947,2026-01-17 19:48:00.160513,0 days 00:00:00.014566,55.45117155721267,0.07616719876806244,2.7522377224542005,COMPLETE
140,-7.807349885235782,2026-01-17 19:48:00.161051,2026-01-17 19:48:00.175659,0 days 00:00:00.014608,57.87207492453366,0.05226824624617708,2.9060125784472572,COMPLETE
141,-7.809479526317932,2026-01-17 19:48:00.176160,2026-01-17 19:48:00.190543,0 days 00:00:00.014383,58.136930175914856,0.09016202913738611,2.9694310278857263,COMPLETE
142,-7.810409946722595,2026-01-17 19:48:00.191090,2026-01-17 19:48:00.207255,0 days 00:00:00.016165,57.71712568722917,0.09439185904500602,2.9283657993199546,COMPLETE
143,-7.813262762894871,2026-01-17 19:48:00.207835,2026-01-17 19:48:00.232423,0 days 00:00:00.024588,58.023558092931154,0.09483751848975634,2.885925248238678,COMPLETE
144,-7.826238188147133,2026-01-17 19:48:00.233252,2026-01-17 19:48:00.247451,0 days 00:00:00.014199,57.791101787386175,0.09648872305032251,2.7942690250965785,COMPLETE
145,-9.331875044976512,2026-01-17 19:48:00.248013,2026-01-17 19:48:00.263902,0 days 00:00:00.015889,58.609935277586274,0.08588855781208388,1.1929549925346075,COMPLETE
146,-7.818846701156344,2026-01-17 19:48:00.264655,2026-01-17 19:48:00.279273,0 days 00:00:00.014618,57.59248737045485,0.1498345361771195,2.889361654125644,COMPLETE
147,-7.855243456876093,2026-01-17 19:48:00.279847,2026-01-17 19:48:00.294403,0 days 00:00:00.014556,59.59781012024353,0.0726218038972973,2.6495670333676373,COMPLETE
148,-7.841625678670364,2026-01-17 19:48:00.294926,2026-01-17 19:48:00.309422,0 days 00:00:00.014496,58.141552958313405,0.1051604291222027,2.721377253002135,COMPLETE
149,-7.822171316944969,2026-01-17 19:48:00.309958,2026-01-17 19:48:00.323965,0 days 00:00:00.014007,54.54089457550434,0.14397361673356168,3.128549344556295,COMPLETE
150,-7.810526291497214,2026-01-17 19:48:00.324465,2026-01-17 19:48:00.338809,0 days 00:00:00.014344,55.80978497555247,0.07363018902841559,2.9061713503078965,COMPLETE
151,-7.810235341907995,2026-01-17 19:48:00.339317,2026-01-17 19:48:00.353501,0 days 00:00:00.014184,57.05102516023467,0.07467151407499607,2.9018236278775467,COMPLETE
152,-7.810986845059517,2026-01-17 19:48:00.354042,2026-01-17 19:48:00.368657,0 days 00:00:00.014615,57.043325244071724,0.07191977512570934,2.8902374477788397,COMPLETE
153,-7.807878472312882,2026-01-17 19:48:00.369175,2026-01-17 19:48:00.383146,0 days 00:00:00.013971,55.68650648822291,0.07278381182857084,2.949185364298019,COMPLETE
154,-7.8261004985411855,2026-01-17 19:48:00.383700,2026-01-17 19:48:00.407930,0 days 00:00:00.024230,57.128473641346325,0.07477053415283329,2.7883999323170365,COMPLETE
155,-7.807652762869317,2026-01-17 19:48:00.408486,2026-01-17 19:48:00.432990,0 days 00:00:00.024504,55.70582403324596,0.07231408391859752,2.955845590491649,COMPLETE
156,-7.807952235134101,2026-01-17 19:48:00.433869,2026-01-17 19:48:00.458308,0 days 00:00:00.024439,55.67797426973139,0.07675175809692407,2.9642060010188667,COMPLETE
157,-7.813801040259918,2026-01-17 19:48:00.458894,2026-01-17 19:48:00.483544,0 days 00:00:00.024650,55.75969968753696,0.08597045245242564,2.8826187119915505,COMPLETE
158,-7.8775315961878105,2026-01-17 19:48:00.484102,2026-01-17 19:48:00.498485,0 days 00:00:00.014383,52.73575014835083,0.6838169537719608,2.9332211564629675,COMPLETE
159,-7.893882608283931,2026-01-17 19:48:00.499037,2026-01-17 19:48:00.513422,0 days 00:00:00.014385,55.801185511758845,0.13297542277986255,2.5739107581452734,COMPLETE
160,-7.822023779313663,2026-01-17 19:48:00.513944,2026-01-17 19:48:00.539368,0 days 00:00:00.025424,57.008107811278265,0.07635558568666723,2.811354376055381,COMPLETE
161,-7.811466902773685,2026-01-17 19:48:00.539920,2026-01-17 19:48:00.554114,0 days 00:00:00.014194,58.70925015209877,0.09922547318189467,2.962669572942764,COMPLETE
162,-7.812530556982057,2026-01-17 19:48:00.554656,2026-01-17 19:48:00.568825,0 days 00:00:00.014169,53.79225666535796,0.10571842214272109,2.953092704747809,COMPLETE
163,-7.812821688888997,2026-01-17 19:48:00.569400,2026-01-17 19:48:00.583640,0 days 00:00:00.014240,58.92571924080137,0.07636361921439185,2.865559411430257,COMPLETE
164,-7.869604588881435,2026-01-17 19:48:00.584135,2026-01-17 19:48:00.598417,0 days 00:00:00.014282,56.419687550021536,0.4507220917655227,2.7165362416991274,COMPLETE
165,-7.812231906409606,2026-01-17 19:48:00.598951,2026-01-17 19:48:00.613258,0 days 00:00:00.014307,55.49585223014982,0.11301091979828481,2.955413185046488,COMPLETE
166,-7.827603696491058,2026-01-17 19:48:00.613767,2026-01-17 19:48:00.628195,0 days 00:00:00.014428,57.194475134616894,0.14879285521299168,2.8110385668765083,COMPLETE
167,-7.817714244536508,2026-01-17 19:48:00.628734,2026-01-17 19:48:00.643132,0 days 00:00:00.014398,58.71011635378939,0.09461010367662777,3.0916852315998957,COMPLETE
168,-7.822054999923486,2026-01-17 19:48:00.643657,2026-01-17 19:48:00.657798,0 days 00:00:00.014141,57.80188699620428,0.16895197197615136,2.874278898677522,COMPLETE
169,-7.809293699110073,2026-01-17 19:48:00.658343,2026-01-17 19:48:00.672584,0 days 00:00:00.014241,59.567878932473604,0.07251222754694368,2.9446026896824615,COMPLETE
170,-7.835751596629562,2026-01-17 19:48:00.673180,2026-01-17 19:48:00.697818,0 days 00:00:00.024638,59.627901002349645,0.13003296302742268,2.751689266989733,COMPLETE
171,-7.8070016773802475,2026-01-17 19:48:00.698388,2026-01-17 19:48:00.712838,0 days 00:00:00.014450,56.0826225681691,0.07078622558059729,2.965364405034581,COMPLETE
172,-7.807340263618175,2026-01-17 19:48:00.713387,2026-01-17 19:48:00.727873,0 days 00:00:00.014486,56.344657293804204,0.07135999493588954,2.945406915722411,COMPLETE
173,-7.810207899592531,2026-01-17 19:48:00.728497,2026-01-17 19:48:00.743226,0 days 00:00:00.014729,55.33755907416631,0.07011295919309002,2.909544261790963,COMPLETE
174,-7.807172225796397,2026-01-17 19:48:00.743782,2026-01-17 19:48:00.758257,0 days 00:00:00.014475,55.25832533606091,0.07036301677203974,2.9846929160271967,COMPLETE
175,-7.804942372123151,2026-01-17 19:48:00.758788,2026-01-17 19:48:00.773595,0 days 00:00:00.014807,55.35519404158207,0.05083522185550994,2.9867933512894522,COMPLETE
176,-7.805570066941192,2026-01-17 19:48:00.774153,2026-01-17 19:48:00.798907,0 days 00:00:00.024754,54.06558446380612,0.05026939725702485,2.9974225605921783,COMPLETE
177,-7.810675244662173,2026-01-17 19:48:00.799477,2026-01-17 19:48:00.814328,0 days 00:00:00.014851,54.058317427809676,0.09668368707616214,2.996376417208228,COMPLETE
178,-7.808811716174864,2026-01-17 19:48:00.814881,2026-01-17 19:48:00.829429,0 days 00:00:00.014548,54.89273330957772,0.06421047368059045,3.081469130242279,COMPLETE
179,-7.808580911482203,2026-01-17 19:48:00.829972,2026-01-17 19:48:00.844646,0 days 00:00:00.014674,53.222065347148686,0.05028934180439814,3.1109682205585663,COMPLETE
180,-7.80751257515964,2026-01-17 19:48:00.845316,2026-01-17 19:48:00.859517,0 days 00:00:00.014201,52.99697052953277,0.052829502895293964,3.0732045511881223,COMPLETE
181,-7.816634633983301,2026-01-17 19:48:00.860037,2026-01-17 19:48:00.875770,0 days 00:00:00.015733,53.22949765980801,0.050026779537111016,3.2006739128038095,COMPLETE
182,-7.81068273309057,2026-01-17 19:48:00.876308,2026-01-17 19:48:00.890678,0 days 00:00:00.014370,54.80957005506197,0.063974784903137,3.110895183149438,COMPLETE
183,-7.80799775329466,2026-01-17 19:48:00.891210,2026-01-17 19:48:00.905919,0 days 00:00:00.014709,52.534780657116265,0.05006821948492431,3.0920139071820354,COMPLETE
184,-7.814786597376579,2026-01-17 19:48:00.906578,2026-01-17 19:48:00.921804,0 days 00:00:00.015226,53.499660125764365,0.05314317220483328,3.1787881811345358,COMPLETE
185,-7.81553769768631,2026-01-17 19:48:00.922486,2026-01-17 19:48:00.937517,0 days 00:00:00.015031,52.15968155663545,0.11550091786849331,3.0888991076359114,COMPLETE
186,-7.80552566137667,2026-01-17 19:48:00.938073,2026-01-17 19:48:00.953421,0 days 00:00:00.015348,54.264735046808376,0.051054683728903885,3.0255657351805714,COMPLETE
187,-7.8211981611413535,2026-01-17 19:48:00.953989,2026-01-17 19:48:00.969112,0 days 00:00:00.015123,51.00216821523496,0.06862112545175608,3.2388352257155644,COMPLETE
188,-7.807904548430111,2026-01-17 19:48:00.969858,2026-01-17 19:48:00.984548,0 days 00:00:00.014690,52.610893417493415,0.05241058812016304,3.082469928854331,COMPLETE
189,-7.809445124052185,2026-01-17 19:48:00.985182,2026-01-17 19:48:00.999735,0 days 00:00:00.014553,51.672260026636835,0.05133901407262912,3.115616551532066,COMPLETE
190,-7.8128104230370266,2026-01-17 19:48:01.000320,2026-01-17 19:48:01.014733,0 days 00:00:00.014413,52.69461496541061,0.0573566546736977,3.1581956860120095,COMPLETE
191,-7.808180901459276,2026-01-17 19:48:01.015411,2026-01-17 19:48:01.029975,0 days 00:00:00.014564,51.826688131260624,0.051538848672954635,3.0829220405340556,COMPLETE
192,-7.80785995501815,2026-01-17 19:48:01.030954,2026-01-17 19:48:01.045406,0 days 00:00:00.014452,51.68264369422834,0.050233415236453055,3.0757941682213645,COMPLETE
193,-7.809263514475786,2026-01-17 19:48:01.046071,2026-01-17 19:48:01.061227,0 days 00:00:00.015156,51.647434237580214,0.05551558473412788,3.1002560960502974,COMPLETE
194,-7.828498833787819,2026-01-17 19:48:01.061861,2026-01-17 19:48:01.076617,0 days 00:00:00.014756,51.15419436819317,0.050163130615885544,3.3116510887344544,COMPLETE
195,-7.807423409089223,2026-01-17 19:48:01.077196,2026-01-17 19:48:01.091919,0 days 00:00:00.014723,52.33279047552661,0.05180020273335438,3.062836104414453,COMPLETE
196,-7.807822969923156,2026-01-17 19:48:01.092451,2026-01-17 19:48:01.108176,0 days 00:00:00.015725,51.86307476137229,0.050403288199432614,3.07635009660684,COMPLETE
197,-7.818865773111955,2026-01-17 19:48:01.108677,2026-01-17 19:48:01.123767,0 days 00:00:00.015090,52.085625143255456,0.08532571290704391,3.1911921649874513,COMPLETE
198,-7.806549677259952,2026-01-17 19:48:01.124325,2026-01-17 19:48:01.138795,0 days 00:00:00.014470,53.034180761400755,0.05186989556579338,3.039847033315729,COMPLETE
199,-7.813125975748989,2026-01-17 19:48:01.139278,2026-01-17 19:48:01.153727,0 days 00:00:00.014449,52.89827077725046,0.11385666146663073,3.017862613358152,COMPLETE
