number,value,datetime_start,datetime_complete,duration,params_C,params_epsilon,params_gamma,state
0,-7.643738102570973,2026-01-17 19:52:21.743995,2026-01-17 19:52:23.800741,0 days 00:00:02.056746,29.471873759568894,0.9218861603243889,2.2991624691113746,COMPLETE
1,-8.01915913159389,2026-01-17 19:52:23.801776,2026-01-17 19:52:25.422999,0 days 00:00:01.621223,32.701671916721935,1.169756961893575,3.9615190204081547,COMPLETE
2,-7.684495149464136,2026-01-17 19:52:25.423688,2026-01-17 19:52:27.034038,0 days 00:00:01.610350,62.84607164073699,0.09565837445351028,1.4236003178747312,COMPLETE
3,-7.562465293739985,2026-01-17 19:52:27.034764,2026-01-17 19:52:28.400146,0 days 00:00:01.365382,58.65867483297248,0.3656685432907051,1.2039339549728467,COMPLETE
4,-7.476570283083676,2026-01-17 19:52:28.400855,2026-01-17 19:52:28.413176,0 days 00:00:00.012321,42.24662879489506,1.0791990704250305,0.929081046825426,COMPLETE
5,-7.662284524878787,2026-01-17 19:52:28.413791,2026-01-17 19:52:28.436184,0 days 00:00:00.022393,63.172610999514106,0.2939209047326476,1.3842419954622158,COMPLETE
6,-7.533933536169364,2026-01-17 19:52:28.437048,2026-01-17 19:52:28.449398,0 days 00:00:00.012350,30.810042095176527,1.0619146883485142,1.9217271426281646,COMPLETE
7,-7.8690454062819395,2026-01-17 19:52:28.449958,2026-01-17 19:52:28.462211,0 days 00:00:00.012253,54.65596207456039,1.1184701300573006,3.397740426525149,COMPLETE
8,-7.4461333410455115,2026-01-17 19:52:28.462760,2026-01-17 19:52:28.474866,0 days 00:00:00.012106,31.333962277875425,0.2026172766147733,0.7860890434380775,COMPLETE
9,-7.641582659792941,2026-01-17 19:52:28.475558,2026-01-17 19:52:28.487818,0 days 00:00:00.012260,41.610673794904145,0.6341227997650685,1.9800064471752703,COMPLETE
10,-7.519701664996367,2026-01-17 19:52:28.488347,2026-01-17 19:52:28.502931,0 days 00:00:00.014584,49.83246625792707,0.5330313697261388,0.5847454274852422,COMPLETE
11,-7.472416154383407,2026-01-17 19:52:28.503506,2026-01-17 19:52:28.518514,0 days 00:00:00.015008,41.147349840331344,0.7057917426199891,0.5961850328635478,COMPLETE
12,-7.55312505316098,2026-01-17 19:52:28.519081,2026-01-17 19:52:28.534167,0 days 00:00:00.015086,37.12067048211198,0.7614241106591648,0.5153341547562874,COMPLETE
13,-7.6908907337407655,2026-01-17 19:52:28.534696,2026-01-17 19:52:28.549946,0 days 00:00:00.015250,25.36295457768035,0.09671457802666494,2.6963546119191935,COMPLETE
14,-7.531418904964593,2026-01-17 19:52:28.550498,2026-01-17 19:52:28.565157,0 days 00:00:00.014659,47.76533421295673,0.7808287161107526,0.9699257070710983,COMPLETE
15,-7.506930970770102,2026-01-17 19:52:28.565672,2026-01-17 19:52:28.579319,0 days 00:00:00.013647,35.84308208711882,0.4151523241107243,1.6611392063996475,COMPLETE
16,-7.755961642813832,2026-01-17 19:52:28.579898,2026-01-17 19:52:28.594343,0 days 00:00:00.014445,38.13857572193167,0.22858480842654436,2.77039737669585,COMPLETE
17,-7.421541969046709,2026-01-17 19:52:28.594952,2026-01-17 19:52:28.609852,0 days 00:00:00.014900,25.261936399957076,0.555830867594707,0.8506817198852203,COMPLETE
18,-7.390360511190741,2026-01-17 19:52:28.610395,2026-01-17 19:52:28.624932,0 days 00:00:00.014537,27.0501583918441,0.5118097248637253,1.064997643738816,COMPLETE
19,-7.387619590675975,2026-01-17 19:52:28.625478,2026-01-17 19:52:28.640374,0 days 00:00:00.014896,25.10352482006138,0.5263382005836308,1.1356054602869792,COMPLETE
20,-7.653195815934916,2026-01-17 19:52:28.641056,2026-01-17 19:52:28.656131,0 days 00:00:00.015075,27.61521418052751,0.4820755760880364,2.442534314662602,COMPLETE
21,-7.384146923722379,2026-01-17 19:52:28.656926,2026-01-17 19:52:28.670018,0 days 00:00:00.013092,25.093194248684906,0.5201799130390117,1.119215868022219,COMPLETE
22,-7.487685357436531,2026-01-17 19:52:28.670579,2026-01-17 19:52:28.685447,0 days 00:00:00.014868,34.10829672783264,0.6379037459225303,1.7083021044256275,COMPLETE
23,-7.41822699035162,2026-01-17 19:52:28.686002,2026-01-17 19:52:28.700473,0 days 00:00:00.014471,27.68412744895003,0.44560958965569253,1.1903050899243401,COMPLETE
24,-7.48978636240269,2026-01-17 19:52:28.701040,2026-01-17 19:52:28.716201,0 days 00:00:00.015161,28.856602310717513,0.8613545422774425,1.5539757440918485,COMPLETE
25,-7.392920401590767,2026-01-17 19:52:28.716733,2026-01-17 19:52:28.732009,0 days 00:00:00.015276,25.77950598440381,0.3383786591737223,1.14046939973645,COMPLETE
26,-7.553148002385268,2026-01-17 19:52:28.732563,2026-01-17 19:52:28.748132,0 days 00:00:00.015569,33.653903603819344,0.5430851239578264,1.9571420675767817,COMPLETE
27,-7.473328918550925,2026-01-17 19:52:28.748935,2026-01-17 19:52:28.763395,0 days 00:00:00.014460,29.936331143602754,0.652794039498533,1.2833389971080758,COMPLETE
28,-7.388157958084562,2026-01-17 19:52:28.763987,2026-01-17 19:52:28.778390,0 days 00:00:00.014403,25.044568473729086,0.48429621147486596,1.0198864070863476,COMPLETE
29,-7.546035106636912,2026-01-17 19:52:28.779012,2026-01-17 19:52:28.793829,0 days 00:00:00.014817,38.96671791132671,0.9345349957144142,1.7843117371862267,COMPLETE
30,-7.618281763140464,2026-01-17 19:52:28.794439,2026-01-17 19:52:28.808332,0 days 00:00:00.013893,29.995316100662976,0.40792108863216164,2.2528803484354576,COMPLETE
31,-7.386689959420802,2026-01-17 19:52:28.808810,2026-01-17 19:52:28.824118,0 days 00:00:00.015308,27.50378816665851,0.5005417119294783,1.0004657133037576,COMPLETE
32,-7.42312758300172,2026-01-17 19:52:28.824680,2026-01-17 19:52:28.838809,0 days 00:00:00.014129,32.200619947962004,0.5834945274149562,0.7651037317818155,COMPLETE
33,-7.486261277982797,2026-01-17 19:52:28.839407,2026-01-17 19:52:28.854213,0 days 00:00:00.014806,28.414511570587422,0.275352145548734,1.463861802720941,COMPLETE
34,-7.991860029243796,2026-01-17 19:52:28.854768,2026-01-17 19:52:28.869016,0 days 00:00:00.014248,25.262672169017087,0.4750010387562458,3.9582908526426466,COMPLETE
35,-7.438851645731144,2026-01-17 19:52:28.869552,2026-01-17 19:52:28.884104,0 days 00:00:00.014552,34.998151183373324,0.3681512568920226,1.004058082533039,COMPLETE
36,-7.423830850775443,2026-01-17 19:52:28.884675,2026-01-17 19:52:28.898742,0 days 00:00:00.014067,32.342484309335575,0.708205609185983,0.7086204778340601,COMPLETE
37,-7.472972440695997,2026-01-17 19:52:28.899319,2026-01-17 19:52:28.914018,0 days 00:00:00.014699,28.70853150487768,0.336924930491807,1.3504739068132463,COMPLETE
38,-7.403571697456387,2026-01-17 19:52:28.914577,2026-01-17 19:52:28.930085,0 days 00:00:00.015508,27.414883303494157,0.5947779896920069,1.1132051629979904,COMPLETE
39,-7.645736298655646,2026-01-17 19:52:28.930637,2026-01-17 19:52:28.955438,0 days 00:00:00.024801,55.10977747827934,0.4385488261120988,1.517847321168247,COMPLETE
40,-7.491856376247247,2026-01-17 19:52:28.956148,2026-01-17 19:52:28.970365,0 days 00:00:00.014217,44.855851487603275,0.6914894360578678,0.9005149006063633,COMPLETE
41,-7.404551466547323,2026-01-17 19:52:28.970912,2026-01-17 19:52:28.985735,0 days 00:00:00.014823,27.119533671555526,0.5017927245949847,1.1424914816912104,COMPLETE
42,-7.406125971744105,2026-01-17 19:52:28.986298,2026-01-17 19:52:29.000711,0 days 00:00:00.014413,30.34196953944607,0.5144342866289475,1.0046470288089555,COMPLETE
43,-7.43356264207676,2026-01-17 19:52:29.001373,2026-01-17 19:52:29.015722,0 days 00:00:00.014349,26.116205814976375,0.5942050540224516,1.3051668490190893,COMPLETE
44,-7.470681819366296,2026-01-17 19:52:29.016339,2026-01-17 19:52:29.030435,0 days 00:00:00.014096,31.579793758986703,0.4030891444510274,0.6869363541970503,COMPLETE
45,-7.562525981884552,2026-01-17 19:52:29.030955,2026-01-17 19:52:29.044917,0 days 00:00:00.013962,25.043059935293353,0.2667261380860357,2.104434377523953,COMPLETE
46,-7.409762829425043,2026-01-17 19:52:29.045479,2026-01-17 19:52:29.060964,0 days 00:00:00.015485,29.677539348469715,0.47309367567619803,1.0400919837856357,COMPLETE
47,-7.59254939358064,2026-01-17 19:52:29.061469,2026-01-17 19:52:29.075927,0 days 00:00:00.014458,61.653899807039934,0.16873156051038402,0.5312153318446627,COMPLETE
48,-7.4061337895637935,2026-01-17 19:52:29.076483,2026-01-17 19:52:29.092624,0 days 00:00:00.016141,27.030453898075308,0.7514248532576245,0.8329986332629187,COMPLETE
49,-7.5061511845875115,2026-01-17 19:52:29.093375,2026-01-17 19:52:29.109361,0 days 00:00:00.015986,32.9868271250845,0.5519722618378781,1.4325353533473317,COMPLETE
50,-7.6846082548560135,2026-01-17 19:52:29.110325,2026-01-17 19:52:29.123877,0 days 00:00:00.013552,50.63564206752399,0.36629105357654546,1.7870579490982743,COMPLETE
51,-7.416632096624352,2026-01-17 19:52:29.124665,2026-01-17 19:52:29.138943,0 days 00:00:00.014278,26.238553946525037,0.3455765863914548,1.2356501997587577,COMPLETE
52,-7.395211854195594,2026-01-17 19:52:29.139732,2026-01-17 19:52:29.153781,0 days 00:00:00.014049,28.809232671785203,0.5152070707776208,0.922265023709346,COMPLETE
53,-7.383076247997529,2026-01-17 19:52:29.154327,2026-01-17 19:52:29.168491,0 days 00:00:00.014164,25.069329955049824,0.4499213370684814,1.1082057091194892,COMPLETE
54,-7.498383358974829,2026-01-17 19:52:29.169072,2026-01-17 19:52:29.183659,0 days 00:00:00.014587,27.414254906273474,0.45426957044293576,1.5762011928859538,COMPLETE
55,-7.428180473990511,2026-01-17 19:52:29.184340,2026-01-17 19:52:29.199409,0 days 00:00:00.015069,31.081050675585054,0.6253507150293626,1.060180443973628,COMPLETE
56,-7.471578837687019,2026-01-17 19:52:29.199920,2026-01-17 19:52:29.215610,0 days 00:00:00.015690,26.218617224149305,0.6711947542099719,0.669510462674848,COMPLETE
57,-7.821838203475039,2026-01-17 19:52:29.216205,2026-01-17 19:52:29.230528,0 days 00:00:00.014323,36.360482829772145,0.576930329224914,3.2124487633485077,COMPLETE
58,-7.477258399726971,2026-01-17 19:52:29.231019,2026-01-17 19:52:29.246074,0 days 00:00:00.015055,28.765358607893596,0.40284214801346757,1.3756559163741398,COMPLETE
59,-7.409862164600196,2026-01-17 19:52:29.246575,2026-01-17 19:52:29.261703,0 days 00:00:00.015128,30.72434549396321,0.5170012900148663,0.8529127405373096,COMPLETE
60,-7.640287315804789,2026-01-17 19:52:29.262224,2026-01-17 19:52:29.277053,0 days 00:00:00.014829,25.17985904527291,0.4343705581494304,2.4486176390675025,COMPLETE
61,-7.398227261221072,2026-01-17 19:52:29.277552,2026-01-17 19:52:29.291875,0 days 00:00:00.014323,26.612542544338478,0.3064775250455439,1.1385868947646518,COMPLETE
62,-7.441036627896475,2026-01-17 19:52:29.292694,2026-01-17 19:52:29.306795,0 days 00:00:00.014101,28.115005020071845,1.1755834963838991,1.2296895306795186,COMPLETE
63,-7.453303202633651,2026-01-17 19:52:29.307614,2026-01-17 19:52:29.322623,0 days 00:00:00.015009,25.019877728236082,0.38279440176092583,0.7779116526226215,COMPLETE
64,-7.397438905330626,2026-01-17 19:52:29.323278,2026-01-17 19:52:29.337266,0 days 00:00:00.013988,26.730072462268243,0.3089217773787931,0.9850120527992758,COMPLETE
65,-7.511342751971118,2026-01-17 19:52:29.337931,2026-01-17 19:52:29.352606,0 days 00:00:00.014675,29.508089990704875,0.21459777897534082,1.684615768495438,COMPLETE
66,-7.455103767273779,2026-01-17 19:52:29.353289,2026-01-17 19:52:29.367231,0 days 00:00:00.013942,28.064928597618113,0.46929039308960224,1.305155246319564,COMPLETE
67,-7.473516581219746,2026-01-17 19:52:29.367953,2026-01-17 19:52:29.384403,0 days 00:00:00.016450,39.66210021786071,0.49003759005356345,0.6349182568749402,COMPLETE
68,-7.405068601792349,2026-01-17 19:52:29.385052,2026-01-17 19:52:29.399209,0 days 00:00:00.014157,26.395070413600575,0.5565210297256851,1.1717943165588618,COMPLETE
69,-7.496607781093497,2026-01-17 19:52:29.399792,2026-01-17 19:52:29.415470,0 days 00:00:00.015678,34.53560450888208,0.5982512841827692,1.455650316501778,COMPLETE
70,-7.523985411568006,2026-01-17 19:52:29.416020,2026-01-17 19:52:29.430053,0 days 00:00:00.014033,44.92594068428651,0.4272181891121453,1.0246001469215515,COMPLETE
71,-7.404135177728124,2026-01-17 19:52:29.430605,2026-01-17 19:52:29.445576,0 days 00:00:00.014971,28.922915504240745,0.5262872650180177,0.8773406178018193,COMPLETE
72,-7.389717504633653,2026-01-17 19:52:29.446192,2026-01-17 19:52:29.460543,0 days 00:00:00.014351,27.636666021675055,0.5188414940027392,0.9491003468652768,COMPLETE
73,-7.390982950611057,2026-01-17 19:52:29.461174,2026-01-17 19:52:29.475485,0 days 00:00:00.014311,26.010006488295012,0.6185689212682918,1.113009508231664,COMPLETE
74,-7.433462361022367,2026-01-17 19:52:29.476069,2026-01-17 19:52:29.490405,0 days 00:00:00.014336,27.231601791695315,0.6424337071712986,0.762871442368946,COMPLETE
75,-7.397662883641073,2026-01-17 19:52:29.490957,2026-01-17 19:52:29.506058,0 days 00:00:00.015101,31.626558146940965,0.5719257702009186,0.9329849875487599,COMPLETE
76,-7.426119810355985,2026-01-17 19:52:29.506660,2026-01-17 19:52:29.522275,0 days 00:00:00.015615,29.999029949062347,0.7161916550763682,1.0936339476879855,COMPLETE
77,-7.412731453367277,2026-01-17 19:52:29.522906,2026-01-17 19:52:29.537387,0 days 00:00:00.014481,25.911126410032878,0.8134524756363506,1.2088055395673696,COMPLETE
78,-7.46630798232385,2026-01-17 19:52:29.537942,2026-01-17 19:52:29.552730,0 days 00:00:00.014788,27.722936809112266,0.6100161934251462,1.3533679452651286,COMPLETE
79,-7.519435801304087,2026-01-17 19:52:29.553487,2026-01-17 19:52:29.567883,0 days 00:00:00.014396,25.213062188959892,0.547257545804993,0.593010508170615,COMPLETE
80,-7.450833008766134,2026-01-17 19:52:29.568572,2026-01-17 19:52:29.583593,0 days 00:00:00.015021,27.95661962508443,0.4814719682942298,0.7521204890808901,COMPLETE
81,-7.389521578968003,2026-01-17 19:52:29.584146,2026-01-17 19:52:29.600113,0 days 00:00:00.015967,26.298785459526034,0.5013537096542162,1.0965835632956067,COMPLETE
82,-7.389426435073991,2026-01-17 19:52:29.600695,2026-01-17 19:52:29.615042,0 days 00:00:00.014347,26.229847608937803,0.4527305726650112,1.098292583485444,COMPLETE
83,-7.400251159052945,2026-01-17 19:52:29.615667,2026-01-17 19:52:29.630253,0 days 00:00:00.014586,26.90702745972493,0.5123263548676482,0.917945407573231,COMPLETE
84,-7.524118435285983,2026-01-17 19:52:29.630832,2026-01-17 19:52:29.645514,0 days 00:00:00.014682,43.329148591452146,0.45482585853195895,1.2362668415200537,COMPLETE
85,-7.43126239800592,2026-01-17 19:52:29.646098,2026-01-17 19:52:29.660441,0 days 00:00:00.014343,33.13642352140703,0.3943320899495539,1.0345200358601607,COMPLETE
86,-7.500852312940535,2026-01-17 19:52:29.661041,2026-01-17 19:52:29.675756,0 days 00:00:00.014715,29.75742381864165,0.491789786024742,1.572664271002419,COMPLETE
87,-7.426780865868525,2026-01-17 19:52:29.676372,2026-01-17 19:52:29.691290,0 days 00:00:00.014918,28.884909987115712,0.4269686014936272,0.8164374916446191,COMPLETE
88,-7.392797976099468,2026-01-17 19:52:29.691848,2026-01-17 19:52:29.706121,0 days 00:00:00.014273,25.02280769103095,0.5541390452624121,0.9633121866367592,COMPLETE
89,-7.425305473440415,2026-01-17 19:52:29.706700,2026-01-17 19:52:29.722012,0 days 00:00:00.015312,26.221068378008727,0.455583445033351,1.2752235755112862,COMPLETE
90,-7.551644375305076,2026-01-17 19:52:29.722565,2026-01-17 19:52:29.736830,0 days 00:00:00.014265,27.9444724456601,0.5270925619978913,0.5078982881813635,COMPLETE
91,-7.389737167025868,2026-01-17 19:52:29.737543,2026-01-17 19:52:29.752067,0 days 00:00:00.014524,26.03785308881942,0.6257236665555338,1.1068390345714345,COMPLETE
92,-7.3891244597236945,2026-01-17 19:52:29.752682,2026-01-17 19:52:29.767040,0 days 00:00:00.014358,27.06790407706993,0.5750853655670318,1.0606955844825743,COMPLETE
93,-7.408527483614418,2026-01-17 19:52:29.767616,2026-01-17 19:52:29.782486,0 days 00:00:00.014870,26.784921223668142,0.6610403222805037,1.171515459376802,COMPLETE
94,-7.4871591070372645,2026-01-17 19:52:29.783023,2026-01-17 19:52:29.797586,0 days 00:00:00.014563,30.811029494718593,0.9892803479242951,1.3902663887495166,COMPLETE
95,-7.541340138958755,2026-01-17 19:52:29.798148,2026-01-17 19:52:29.813012,0 days 00:00:00.014864,47.90806578361755,0.5792282571598841,1.0808453189692684,COMPLETE
96,-7.389801963870346,2026-01-17 19:52:29.813560,2026-01-17 19:52:29.828188,0 days 00:00:00.014628,25.80893259321989,0.4917609410128165,0.9820996884471203,COMPLETE
97,-7.409502895323541,2026-01-17 19:52:29.828717,2026-01-17 19:52:29.843798,0 days 00:00:00.015081,29.136618623123994,0.5430013907183653,0.8513711348163651,COMPLETE
98,-7.445278213487969,2026-01-17 19:52:29.844338,2026-01-17 19:52:29.858752,0 days 00:00:00.014414,27.25980851894587,0.4600014662934656,1.3079817897206618,COMPLETE
99,-7.767038193686415,2026-01-17 19:52:29.859609,2026-01-17 19:52:29.874039,0 days 00:00:00.014430,55.75291132549288,0.683147335739535,2.9108698471769223,COMPLETE
100,-7.464658921648943,2026-01-17 19:52:29.874560,2026-01-17 19:52:29.889673,0 days 00:00:00.015113,25.935955952158757,0.4124137718033295,1.482430764623127,COMPLETE
101,-7.390936286311901,2026-01-17 19:52:29.890295,2026-01-17 19:52:29.905012,0 days 00:00:00.014717,25.88582080057201,0.498705885139296,0.9719760240124529,COMPLETE
102,-7.40884559744832,2026-01-17 19:52:29.905618,2026-01-17 19:52:29.920176,0 days 00:00:00.014558,28.39708216786652,0.5639041087690942,1.0888322036294176,COMPLETE
103,-7.9729130297799955,2026-01-17 19:52:29.920712,2026-01-17 19:52:29.936449,0 days 00:00:00.015737,25.826605190526955,0.5339170859883304,3.8790439434943065,COMPLETE
104,-7.466496430920091,2026-01-17 19:52:29.937004,2026-01-17 19:52:29.952063,0 days 00:00:00.015059,27.34712549523417,0.49117588668540224,0.711016931129143,COMPLETE
105,-7.404976897258504,2026-01-17 19:52:29.952628,2026-01-17 19:52:29.966963,0 days 00:00:00.014335,26.703525916168783,0.383047327257266,1.1645994220956657,COMPLETE
106,-7.423289464756751,2026-01-17 19:52:29.967571,2026-01-17 19:52:29.983013,0 days 00:00:00.015442,25.031488734322277,0.3500260958469166,0.896700361432281,COMPLETE
107,-7.384437677786164,2026-01-17 19:52:29.983668,2026-01-17 19:52:29.999962,0 days 00:00:00.016294,28.296973784909657,0.5996627402340378,0.9692285357627538,COMPLETE
108,-7.601717404189955,2026-01-17 19:52:30.000575,2026-01-17 19:52:30.014833,0 days 00:00:00.014258,64.21824446041444,0.6381241866733683,1.2469910048340775,COMPLETE
109,-7.408469614940761,2026-01-17 19:52:30.015466,2026-01-17 19:52:30.030037,0 days 00:00:00.014571,30.360929872307125,0.6230396548886786,1.0076870229382207,COMPLETE
110,-7.4166933472555,2026-01-17 19:52:30.030571,2026-01-17 19:52:30.045225,0 days 00:00:00.014654,29.243996544358044,0.6043232106319137,0.804407944937986,COMPLETE
111,-7.385570334038846,2026-01-17 19:52:30.045756,2026-01-17 19:52:30.061545,0 days 00:00:00.015789,28.008573896964922,0.5833781204075568,0.9624091450905571,COMPLETE
112,-7.399666830450364,2026-01-17 19:52:30.062155,2026-01-17 19:52:30.079415,0 days 00:00:00.017260,27.27261612129021,0.5903056459475876,1.100038515011511,COMPLETE
113,-7.393842034789616,2026-01-17 19:52:30.080003,2026-01-17 19:52:30.095544,0 days 00:00:00.015541,27.97576863174562,0.572244253431312,0.9132626948924114,COMPLETE
114,-7.451085848213502,2026-01-17 19:52:30.096185,2026-01-17 19:52:30.111277,0 days 00:00:00.015092,31.780779360578943,0.44137164021499664,1.1720447246547836,COMPLETE
115,-7.402939423996348,2026-01-17 19:52:30.111867,2026-01-17 19:52:30.126617,0 days 00:00:00.014750,28.433176263050115,0.535564673139871,1.060169500938005,COMPLETE
116,-7.439319111116059,2026-01-17 19:52:30.127364,2026-01-17 19:52:30.142358,0 days 00:00:00.014994,26.54203990865417,0.7315924281775927,0.729537577441876,COMPLETE
117,-7.557311718639423,2026-01-17 19:52:30.142906,2026-01-17 19:52:30.157790,0 days 00:00:00.014884,27.860708352209457,0.6632050124053036,2.0793075934675844,COMPLETE
118,-7.433773638894101,2026-01-17 19:52:30.158349,2026-01-17 19:52:30.173261,0 days 00:00:00.014912,25.529594707745304,0.47197888355284184,0.8214590880257624,COMPLETE
119,-7.476279215483404,2026-01-17 19:52:30.173896,2026-01-17 19:52:30.188796,0 days 00:00:00.014900,29.74113732048318,0.5203234536082161,1.3159494376864724,COMPLETE
120,-7.484104339967305,2026-01-17 19:52:30.189394,2026-01-17 19:52:30.205065,0 days 00:00:00.015671,26.57014081683895,0.6131613957724072,0.6491754514461348,COMPLETE
121,-7.387255879777496,2026-01-17 19:52:30.205692,2026-01-17 19:52:30.220753,0 days 00:00:00.015061,25.937435940441024,0.4976672958668487,0.9980201922629769,COMPLETE
122,-7.385395461850742,2026-01-17 19:52:30.221403,2026-01-17 19:52:30.236083,0 days 00:00:00.014680,25.582084040048905,0.5049380660889454,1.0248525143586196,COMPLETE
123,-7.397596326236626,2026-01-17 19:52:30.236674,2026-01-17 19:52:30.251964,0 days 00:00:00.015290,25.04039890601166,0.5055849124247911,0.9570566885914097,COMPLETE
124,-7.3892261486301205,2026-01-17 19:52:30.252755,2026-01-17 19:52:30.268310,0 days 00:00:00.015555,27.473935303626885,0.4325298691115938,1.0265625100075606,COMPLETE
125,-7.3889430878829945,2026-01-17 19:52:30.268984,2026-01-17 19:52:30.283798,0 days 00:00:00.014814,26.916248887467244,0.4302929175486105,1.022018043758236,COMPLETE
126,-7.388818270992613,2026-01-17 19:52:30.284406,2026-01-17 19:52:30.300203,0 days 00:00:00.015797,27.102938628086168,0.42526525566168577,1.0311137158831516,COMPLETE
127,-7.407902469275653,2026-01-17 19:52:30.300751,2026-01-17 19:52:30.316235,0 days 00:00:00.015484,28.952995552427904,0.4187531865180626,0.8903081825023931,COMPLETE
128,-7.3972587343638905,2026-01-17 19:52:30.316841,2026-01-17 19:52:30.331574,0 days 00:00:00.014733,28.258103580215863,0.37009662018065215,1.0387908590933117,COMPLETE
129,-7.413271836121794,2026-01-17 19:52:30.332114,2026-01-17 19:52:30.346457,0 days 00:00:00.014343,26.95467718347594,0.43588949839964414,1.1930751513185023,COMPLETE
130,-7.391474673578003,2026-01-17 19:52:30.346978,2026-01-17 19:52:30.361304,0 days 00:00:00.014326,27.50466245216637,0.3957229577998132,1.0242693203023916,COMPLETE
131,-7.426351569787312,2026-01-17 19:52:30.361837,2026-01-17 19:52:30.376095,0 days 00:00:00.014258,25.0206940307121,0.46905553244526,0.8541900722398843,COMPLETE
