number,value,datetime_start,datetime_complete,duration,params_C,params_epsilon,params_gamma,state
0,-9.003450607030043,2026-01-17 19:52:37.667694,2026-01-17 19:52:37.679919,0 days 00:00:00.012225,40.581278096374895,0.10980901648188023,0.7979798027976772,COMPLETE
1,-8.44501819078088,2026-01-17 19:52:37.680395,2026-01-17 19:52:37.692553,0 days 00:00:00.012158,50.96831796294158,1.062643853446323,3.681223616430276,COMPLETE
2,-8.101655733964924,2026-01-17 19:52:37.693116,2026-01-17 19:52:37.705235,0 days 00:00:00.012119,50.34980324857739,0.1749097625477501,2.883347771688057,COMPLETE
3,-10.257944432207788,2026-01-17 19:52:37.705776,2026-01-17 19:52:37.718195,0 days 00:00:00.012419,26.117969955847308,1.1391419897301143,0.5213622187449809,COMPLETE
4,-9.492614641865831,2026-01-17 19:52:37.718934,2026-01-17 19:52:37.731287,0 days 00:00:00.012353,51.74016673598616,0.2941986619922956,0.6136391987342749,COMPLETE
5,-8.09763642803439,2026-01-17 19:52:37.731787,2026-01-17 19:52:37.743920,0 days 00:00:00.012133,33.29336718458141,0.39794508271317924,2.1466202649472,COMPLETE
6,-8.031171060902617,2026-01-17 19:52:37.744485,2026-01-17 19:52:37.756631,0 days 00:00:00.012146,46.66741742478742,0.8594271619477392,1.9565172344296258,COMPLETE
7,-9.451226330393704,2026-01-17 19:52:37.757253,2026-01-17 19:52:37.769277,0 days 00:00:00.012024,64.72982869525192,0.5351152600357989,0.5854678092381068,COMPLETE
8,-8.418322654905928,2026-01-17 19:52:37.769767,2026-01-17 19:52:37.781928,0 days 00:00:00.012161,52.57049808250295,0.5756957839887058,1.1322675742104455,COMPLETE
9,-8.187177148613722,2026-01-17 19:52:37.782462,2026-01-17 19:52:37.794962,0 days 00:00:00.012500,35.30399455251407,0.3683170545679472,2.927895157990362,COMPLETE
10,-8.02754045561529,2026-01-17 19:52:37.795620,2026-01-17 19:52:37.810800,0 days 00:00:00.015180,61.847820905884504,0.874898045677955,1.8146171257258905,COMPLETE
11,-8.007751992838815,2026-01-17 19:52:37.811356,2026-01-17 19:52:37.825985,0 days 00:00:00.014629,62.684212095952006,0.8717477616866981,1.859813071253939,COMPLETE
12,-8.142136469606752,2026-01-17 19:52:37.826535,2026-01-17 19:52:37.841178,0 days 00:00:00.014643,64.75929733543846,0.8389675637373178,1.5819191830233388,COMPLETE
13,-8.20241464693689,2026-01-17 19:52:37.841773,2026-01-17 19:52:37.856975,0 days 00:00:00.015202,59.08317920370632,0.7757455688777246,1.47361672049751,COMPLETE
14,-7.998822519070894,2026-01-17 19:52:37.857573,2026-01-17 19:52:37.872586,0 days 00:00:00.015013,58.61494021800122,0.7573053875550247,2.608059383887578,COMPLETE
15,-8.0162022112983,2026-01-17 19:52:37.873370,2026-01-17 19:52:37.888106,0 days 00:00:00.014736,56.49950409264162,0.7081058746756923,2.664602919157071,COMPLETE
16,-8.380536914359828,2026-01-17 19:52:37.888642,2026-01-17 19:52:37.903534,0 days 00:00:00.014892,57.41882598038499,1.000645171431554,3.575215406017681,COMPLETE
17,-8.007287223693934,2026-01-17 19:52:37.904111,2026-01-17 19:52:37.919424,0 days 00:00:00.015313,45.22670137810107,0.6628669417633425,2.4722847317944776,COMPLETE
18,-8.027391092844221,2026-01-17 19:52:37.920172,2026-01-17 19:52:37.934925,0 days 00:00:00.014753,42.83021300496511,0.6658012073369078,2.5245498929711827,COMPLETE
19,-8.273304378121193,2026-01-17 19:52:37.935436,2026-01-17 19:52:37.949093,0 days 00:00:00.013657,39.31824640748672,0.5037628180254841,3.2907663754968786,COMPLETE
20,-7.988706542802534,2026-01-17 19:52:37.949765,2026-01-17 19:52:37.963059,0 days 00:00:00.013294,46.46519146926791,0.9806289389074256,2.3689150522878992,COMPLETE
21,-7.985178609606182,2026-01-17 19:52:37.963546,2026-01-17 19:52:37.978750,0 days 00:00:00.015204,46.91047540850742,1.0158062397167256,2.3575249411340837,COMPLETE
22,-8.18226579505,2026-01-17 19:52:37.979358,2026-01-17 19:52:37.994178,0 days 00:00:00.014820,47.42445578752152,0.9847308120161025,3.090852211169729,COMPLETE
23,-7.945147289762488,2026-01-17 19:52:37.994727,2026-01-17 19:52:38.009100,0 days 00:00:00.014373,54.963315828280805,1.1503769449393986,2.2786522250466694,COMPLETE
24,-7.9460996761109515,2026-01-17 19:52:38.009586,2026-01-17 19:52:38.024941,0 days 00:00:00.015355,54.4902268548947,1.1753335931945428,2.272760477703131,COMPLETE
25,-7.946871739277384,2026-01-17 19:52:38.025536,2026-01-17 19:52:38.040967,0 days 00:00:00.015431,54.4400821190251,1.1943565781319996,2.1728156699115098,COMPLETE
26,-7.944935582744743,2026-01-17 19:52:38.041723,2026-01-17 19:52:38.055911,0 days 00:00:00.014188,55.62567350621563,1.1909816089965206,2.1545553614669912,COMPLETE
27,-8.177548741891016,2026-01-17 19:52:38.056420,2026-01-17 19:52:38.070380,0 days 00:00:00.013960,55.06588355800997,1.1203303826288535,1.502132717463113,COMPLETE
28,-8.581772867642695,2026-01-17 19:52:38.071071,2026-01-17 19:52:38.085122,0 days 00:00:00.014051,59.61056106423548,1.1906321102319182,3.927939862400533,COMPLETE
29,-8.29908454203996,2026-01-17 19:52:38.085636,2026-01-17 19:52:38.100998,0 days 00:00:00.015362,53.958090847103406,1.0891667447551532,1.221086846754118,COMPLETE
30,-7.9775075947186975,2026-01-17 19:52:38.101463,2026-01-17 19:52:38.115390,0 days 00:00:00.013927,49.574771765808755,0.9358168008116257,2.1261282943388515,COMPLETE
31,-7.955135953393099,2026-01-17 19:52:38.115947,2026-01-17 19:52:38.129811,0 days 00:00:00.013864,54.84123163919586,1.1928327974389725,2.0920943809284,COMPLETE
32,-8.08320975779353,2026-01-17 19:52:38.130409,2026-01-17 19:52:38.145143,0 days 00:00:00.014734,60.34630357870753,1.070419086750978,1.6979150337071103,COMPLETE
33,-8.055959812154962,2026-01-17 19:52:38.145657,2026-01-17 19:52:38.159654,0 days 00:00:00.013997,50.54039796440166,1.1947282397593564,2.755829683251841,COMPLETE
34,-7.941289717965702,2026-01-17 19:52:38.160200,2026-01-17 19:52:38.175034,0 days 00:00:00.014834,56.054940997347835,1.1227743052305463,2.2587719779249316,COMPLETE
35,-7.9828634587512655,2026-01-17 19:52:38.175625,2026-01-17 19:52:38.200437,0 days 00:00:00.024812,56.90799685422861,0.0696879890029588,2.326446761688493,COMPLETE
36,-8.012476439667333,2026-01-17 19:52:38.201294,2026-01-17 19:52:38.216006,0 days 00:00:00.014712,48.809424746709844,1.11331535684349,1.9592583276439497,COMPLETE
37,-8.113493318012749,2026-01-17 19:52:38.216555,2026-01-17 19:52:38.232204,0 days 00:00:00.015649,53.09240708802889,1.0419430367410543,2.935114454989606,COMPLETE
38,-8.50980776239052,2026-01-17 19:52:38.232754,2026-01-17 19:52:38.247470,0 days 00:00:00.014716,25.821065343999692,0.9237884097070894,1.257857572327426,COMPLETE
39,-8.679565932512237,2026-01-17 19:52:38.248106,2026-01-17 19:52:38.262260,0 days 00:00:00.014154,51.679265499068755,0.1867976496742364,0.9165536958799103,COMPLETE
40,-8.263695938601712,2026-01-17 19:52:38.262828,2026-01-17 19:52:38.277236,0 days 00:00:00.014408,40.84564914939386,1.1157937570741336,3.240095386079817,COMPLETE
41,-7.946156043765437,2026-01-17 19:52:38.277851,2026-01-17 19:52:38.291968,0 days 00:00:00.014117,55.900938551849485,1.152940111178966,2.1426195187896,COMPLETE
42,-7.958058283007226,2026-01-17 19:52:38.292565,2026-01-17 19:52:38.307589,0 days 00:00:00.015024,61.20147139750217,1.130011490618611,1.9966090865145687,COMPLETE
43,-7.938942889703692,2026-01-17 19:52:38.308165,2026-01-17 19:52:38.322475,0 days 00:00:00.014310,56.94004214562537,1.061072022119628,2.258300256164977,COMPLETE
44,-8.043165262135789,2026-01-17 19:52:38.323129,2026-01-17 19:52:38.337958,0 days 00:00:00.014829,63.1723719307361,1.0583201571462257,1.7587650620881818,COMPLETE
45,-8.05383985787194,2026-01-17 19:52:38.338598,2026-01-17 19:52:38.353030,0 days 00:00:00.014432,58.12278981858408,0.9220189410754247,2.7899585751094467,COMPLETE
46,-7.967133609612793,2026-01-17 19:52:38.353579,2026-01-17 19:52:38.368958,0 days 00:00:00.015379,52.773719728324586,1.079011843187913,2.4349573060056198,COMPLETE
47,-7.9559686622284715,2026-01-17 19:52:38.369501,2026-01-17 19:52:38.384289,0 days 00:00:00.014788,51.639764304510024,1.1408397433572515,2.2941661785758747,COMPLETE
48,-8.139332360526218,2026-01-17 19:52:38.384903,2026-01-17 19:52:38.398930,0 days 00:00:00.014027,32.565018663714085,1.0309780759436127,2.6220750128544825,COMPLETE
49,-7.99377264474497,2026-01-17 19:52:38.399454,2026-01-17 19:52:38.414795,0 days 00:00:00.015341,56.52665041295181,0.815159222048585,1.9553145813491821,COMPLETE
50,-8.13051227907624,2026-01-17 19:52:38.415345,2026-01-17 19:52:38.429246,0 days 00:00:00.013901,58.469269998520716,0.964496778944026,1.6152556299921639,COMPLETE
51,-7.942912281424961,2026-01-17 19:52:38.429775,2026-01-17 19:52:38.444234,0 days 00:00:00.014459,55.35661140525229,1.1641763142276156,2.1958638283373726,COMPLETE
52,-7.931757411515359,2026-01-17 19:52:38.444851,2026-01-17 19:52:38.460320,0 days 00:00:00.015469,60.55304853756172,1.1522184193441745,2.238478276010415,COMPLETE
53,-7.999127802894938,2026-01-17 19:52:38.460861,2026-01-17 19:52:38.476486,0 days 00:00:00.015625,63.84730555417639,1.0884855017936164,1.8589435130955376,COMPLETE
54,-7.964040481470962,2026-01-17 19:52:38.477228,2026-01-17 19:52:38.491955,0 days 00:00:00.014727,60.98144517580286,1.1526957339631878,2.4606492816669197,COMPLETE
55,-7.949513679217665,2026-01-17 19:52:38.492563,2026-01-17 19:52:38.516871,0 days 00:00:00.024308,62.08956432653404,1.047045165951964,2.0384596357924196,COMPLETE
56,-7.992530000578368,2026-01-17 19:52:38.517660,2026-01-17 19:52:38.532910,0 days 00:00:00.015250,59.47393285626577,0.42852732449226344,2.5651671032943755,COMPLETE
57,-7.939802613538087,2026-01-17 19:52:38.533496,2026-01-17 19:52:38.547999,0 days 00:00:00.014503,57.611942773707376,1.0117890433630932,2.1887153156713017,COMPLETE
58,-7.944862140896139,2026-01-17 19:52:38.548727,2026-01-17 19:52:38.563381,0 days 00:00:00.014654,57.223635947180355,0.893992738774865,2.188566108765767,COMPLETE
59,-7.99914267881603,2026-01-17 19:52:38.563940,2026-01-17 19:52:38.579087,0 days 00:00:00.015147,58.15930730277272,0.9620099383834042,1.9110329571992137,COMPLETE
60,-8.014671263076028,2026-01-17 19:52:38.579691,2026-01-17 19:52:38.594112,0 days 00:00:00.014421,64.36311574962227,0.8844362113609182,2.681320846913261,COMPLETE
61,-7.9453655417544535,2026-01-17 19:52:38.594751,2026-01-17 19:52:38.609046,0 days 00:00:00.014295,56.30109421244315,1.0088522882281166,2.176317662943552,COMPLETE
62,-7.93252970988627,2026-01-17 19:52:38.609641,2026-01-17 19:52:38.623896,0 days 00:00:00.014255,60.04211714203384,1.101828364516835,2.237412150853871,COMPLETE
63,-7.95445863895589,2026-01-17 19:52:38.624447,2026-01-17 19:52:38.638664,0 days 00:00:00.014217,60.478169626545906,1.1005129274640941,2.4139041560781607,COMPLETE
64,-7.931142223194937,2026-01-17 19:52:38.639326,2026-01-17 19:52:38.654332,0 days 00:00:00.015006,62.29966268019818,0.9995435745645447,2.242822354885614,COMPLETE
65,-7.982521929201477,2026-01-17 19:52:38.655082,2026-01-17 19:52:38.669400,0 days 00:00:00.014318,62.56185202326105,1.0164270666522202,2.55046607745272,COMPLETE
66,-7.935856033193535,2026-01-17 19:52:38.669940,2026-01-17 19:52:38.685772,0 days 00:00:00.015832,59.35777664816466,0.9767964192287524,2.26446661647479,COMPLETE
67,-8.034783064463758,2026-01-17 19:52:38.686339,2026-01-17 19:52:38.701306,0 days 00:00:00.014967,59.69680801927158,0.9583052893079504,1.8080195345192382,COMPLETE
68,-7.9426867027495165,2026-01-17 19:52:38.701902,2026-01-17 19:52:38.716217,0 days 00:00:00.014315,61.607614274025984,0.8445950985828847,2.3336298345924944,COMPLETE
69,-7.953731849857201,2026-01-17 19:52:38.716941,2026-01-17 19:52:38.731145,0 days 00:00:00.014204,62.873135015467085,0.7793995457321796,2.072526535808654,COMPLETE
70,-8.040469265674677,2026-01-17 19:52:38.731713,2026-01-17 19:52:38.746474,0 days 00:00:00.014761,64.9850385117953,0.9963793895151225,2.762186678297646,COMPLETE
71,-7.942037028676092,2026-01-17 19:52:38.746999,2026-01-17 19:52:38.761209,0 days 00:00:00.014210,62.00722140532828,0.8539558091962516,2.3345854629852827,COMPLETE
72,-7.967653719365975,2026-01-17 19:52:38.761748,2026-01-17 19:52:38.776279,0 days 00:00:00.014531,58.79530100470324,1.0666217145565002,2.4709135881917645,COMPLETE
73,-7.933894443394235,2026-01-17 19:52:38.776851,2026-01-17 19:52:38.791611,0 days 00:00:00.014760,60.53374144534223,1.031940063976328,2.258038315922692,COMPLETE
74,-7.95119478884349,2026-01-17 19:52:38.792100,2026-01-17 19:52:38.806041,0 days 00:00:00.013941,60.40033554219899,0.5946819450613801,2.238707391905674,COMPLETE
75,-7.960718560297954,2026-01-17 19:52:38.806491,2026-01-17 19:52:38.820381,0 days 00:00:00.013890,57.50603816198394,1.035157727432324,2.044540807852521,COMPLETE
76,-8.064484682982059,2026-01-17 19:52:38.820875,2026-01-17 19:52:38.834819,0 days 00:00:00.013944,63.647801368702844,0.93957690545572,1.719235701464087,COMPLETE
77,-7.962671919575868,2026-01-17 19:52:38.835298,2026-01-17 19:52:38.849808,0 days 00:00:00.014510,53.537364992798686,0.9836622515115738,2.416647784741838,COMPLETE
78,-8.000026515566512,2026-01-17 19:52:38.850392,2026-01-17 19:52:38.865496,0 days 00:00:00.015104,59.77702715929212,1.0841224754483683,1.8865466494412937,COMPLETE
79,-8.27466877912524,2026-01-17 19:52:38.866040,2026-01-17 19:52:38.880486,0 days 00:00:00.014446,27.79260813468168,1.1182244222725892,2.8776133066537204,COMPLETE
80,-7.938865483058123,2026-01-17 19:52:38.880952,2026-01-17 19:52:38.894945,0 days 00:00:00.013993,57.74129304768064,0.9106067981110165,2.238261351567075,COMPLETE
81,-7.936922044341413,2026-01-17 19:52:38.895395,2026-01-17 19:52:38.909363,0 days 00:00:00.013968,57.7982582366724,1.0520053010604364,2.25155652350916,COMPLETE
82,-7.9573531250954,2026-01-17 19:52:38.909878,2026-01-17 19:52:38.923980,0 days 00:00:00.014102,57.682989037884724,0.9078239646201491,2.0869238522708757,COMPLETE
83,-7.976877333146317,2026-01-17 19:52:38.924446,2026-01-17 19:52:38.938256,0 days 00:00:00.013810,59.09364099466107,1.0105147705520563,2.512619226480462,COMPLETE
84,-7.932850852177228,2026-01-17 19:52:38.938731,2026-01-17 19:52:38.952825,0 days 00:00:00.014094,61.195138579019,1.0589494261122625,2.2588124024149714,COMPLETE
85,-8.016883845148621,2026-01-17 19:52:38.953297,2026-01-17 19:52:38.968337,0 days 00:00:00.015040,61.2999871506984,1.0563341388490433,2.677420867033836,COMPLETE
86,-7.935591802136173,2026-01-17 19:52:38.968860,2026-01-17 19:52:38.983111,0 days 00:00:00.014251,60.62668737454117,0.9468454171387481,2.2728333759514787,COMPLETE
87,-7.947102981918849,2026-01-17 19:52:38.983882,2026-01-17 19:52:38.997413,0 days 00:00:00.013531,62.936381360362645,0.8100611465585557,2.3811632791028616,COMPLETE
88,-7.97847763493106,2026-01-17 19:52:38.997947,2026-01-17 19:52:39.012042,0 days 00:00:00.014095,60.49283728677967,0.7040989822757951,1.999043769423082,COMPLETE
89,-7.934502775701352,2026-01-17 19:52:39.012525,2026-01-17 19:52:39.026485,0 days 00:00:00.013960,61.40127895593933,0.974829772490671,2.274214435744642,COMPLETE
90,-7.995254580117193,2026-01-17 19:52:39.026968,2026-01-17 19:52:39.041008,0 days 00:00:00.014040,63.59729477761207,0.9482766511103011,2.606042094749124,COMPLETE
91,-7.932610603793843,2026-01-17 19:52:39.041546,2026-01-17 19:52:39.057509,0 days 00:00:00.015963,61.71979375077221,0.9863575767954285,2.2552976348134584,COMPLETE
92,-7.942476199852689,2026-01-17 19:52:39.058061,2026-01-17 19:52:39.082553,0 days 00:00:00.024492,61.873078248478656,0.9767263509051133,2.3500617442538783,COMPLETE
93,-7.969636428844853,2026-01-17 19:52:39.083149,2026-01-17 19:52:39.097702,0 days 00:00:00.014553,60.977779262562166,1.0445384660000152,2.4884747661526636,COMPLETE
94,-7.93281336935847,2026-01-17 19:52:39.098262,2026-01-17 19:52:39.113500,0 days 00:00:00.015238,64.23590177794428,1.098133035668123,2.0885303822874075,COMPLETE
95,-7.932915414667387,2026-01-17 19:52:39.114029,2026-01-17 19:52:39.128139,0 days 00:00:00.014110,64.07964980118955,1.0998618207103983,2.0896939115401034,COMPLETE
96,-7.928484749789897,2026-01-17 19:52:39.128993,2026-01-17 19:52:39.142948,0 days 00:00:00.013955,64.27785121879795,1.1107096617058143,2.122646495303437,COMPLETE
97,-7.9281558895682185,2026-01-17 19:52:39.143685,2026-01-17 19:52:39.157997,0 days 00:00:00.014312,64.10010878832246,1.1403374929559011,2.1218934038780137,COMPLETE
98,-7.961098183693025,2026-01-17 19:52:39.158511,2026-01-17 19:52:39.185284,0 days 00:00:00.026773,64.53502711438313,1.1693009658428621,1.9484797952012551,COMPLETE
99,-7.928854660215971,2026-01-17 19:52:39.185878,2026-01-17 19:52:39.200524,0 days 00:00:00.014646,63.98122258324528,1.1377344677741072,2.1178609016741974,COMPLETE
100,-8.012380350986309,2026-01-17 19:52:39.201070,2026-01-17 19:52:39.214974,0 days 00:00:00.013904,64.95644503188906,1.1357716044033086,1.8129364518467797,COMPLETE
101,-7.932901761787133,2026-01-17 19:52:39.215617,2026-01-17 19:52:39.230091,0 days 00:00:00.014474,63.94181208547139,1.0979680769333082,2.092179675058221,COMPLETE
102,-7.9303651132907955,2026-01-17 19:52:39.230555,2026-01-17 19:52:39.244610,0 days 00:00:00.014055,63.75105065611696,1.1086473676222095,2.1127363600985034,COMPLETE
103,-7.929529861035109,2026-01-17 19:52:39.245275,2026-01-17 19:52:39.270323,0 days 00:00:00.025048,63.17973939274004,1.17650741673143,2.1180125199318023,COMPLETE
104,-7.94869978809187,2026-01-17 19:52:39.271026,2026-01-17 19:52:39.285289,0 days 00:00:00.014263,62.88319788688483,1.1770827371286783,2.009273407061105,COMPLETE
105,-7.9275769199080965,2026-01-17 19:52:39.285960,2026-01-17 19:52:39.299630,0 days 00:00:00.013670,62.70991201856308,1.1993166802745239,2.14917756689926,COMPLETE
106,-8.111672991013876,2026-01-17 19:52:39.300294,2026-01-17 19:52:39.315351,0 days 00:00:00.015057,62.213767934896694,1.1473585184675592,1.6299490451758847,COMPLETE
107,-7.926803305611384,2026-01-17 19:52:39.315837,2026-01-17 19:52:39.330531,0 days 00:00:00.014694,63.35273669784983,1.1642626210356726,2.146521309410113,COMPLETE
108,-7.97521555661813,2026-01-17 19:52:39.331109,2026-01-17 19:52:39.357239,0 days 00:00:00.026130,62.90258142767728,1.1922706053320364,1.91707304100563,COMPLETE
109,-7.926369832121239,2026-01-17 19:52:39.358014,2026-01-17 19:52:39.373168,0 days 00:00:00.015154,63.510377429564805,1.1605638876546178,2.154047733360492,COMPLETE
110,-7.926044919701518,2026-01-17 19:52:39.373929,2026-01-17 19:52:39.391021,0 days 00:00:00.017092,63.70092021894576,1.1725957279302799,2.1441167632743974,COMPLETE
111,-7.92681308045221,2026-01-17 19:52:39.391491,2026-01-17 19:52:39.407128,0 days 00:00:00.015637,63.168808197415046,1.1673009370169174,2.152410413349941,COMPLETE
112,-7.926910027764251,2026-01-17 19:52:39.407862,2026-01-17 19:52:39.422732,0 days 00:00:00.014870,63.25648100091566,1.1687090490143468,2.1469980782855496,COMPLETE
113,-7.9468354674047985,2026-01-17 19:52:39.423383,2026-01-17 19:52:39.438273,0 days 00:00:00.014890,63.96217031772073,1.1668086863438583,2.0061761121523456,COMPLETE
114,-7.927513239357184,2026-01-17 19:52:39.438776,2026-01-17 19:52:39.453843,0 days 00:00:00.015067,63.29082518783955,1.1932748712569032,2.1339798283840397,COMPLETE
115,-7.927286714350339,2026-01-17 19:52:39.454543,2026-01-17 19:52:39.467986,0 days 00:00:00.013443,63.3331090635237,1.1325806427803287,2.1487629319573927,COMPLETE
116,-7.926075927444363,2026-01-17 19:52:39.468664,2026-01-17 19:52:39.482985,0 days 00:00:00.014321,63.25651511988985,1.1988515377100477,2.1548638867136147,COMPLETE
117,-7.9878581235766175,2026-01-17 19:52:39.483684,2026-01-17 19:52:39.498469,0 days 00:00:00.014785,64.88418196476044,1.1950901758069685,1.8683525473712483,COMPLETE
118,-8.02974050015993,2026-01-17 19:52:39.499056,2026-01-17 19:52:39.514138,0 days 00:00:00.015082,63.25653183244097,1.1348017833432065,1.7826072845023468,COMPLETE
119,-7.929086334148688,2026-01-17 19:52:39.514771,2026-01-17 19:52:39.529541,0 days 00:00:00.014770,62.4602922708086,1.156345066423897,2.1416431021394495,COMPLETE
120,-7.953307591443395,2026-01-17 19:52:39.530162,2026-01-17 19:52:39.544559,0 days 00:00:00.014397,64.99704502118458,1.1256870637818588,1.9768374097203962,COMPLETE
121,-7.928665758848389,2026-01-17 19:52:39.545049,2026-01-17 19:52:39.559343,0 days 00:00:00.014294,62.43757830385978,1.15424748807172,2.1509213103244056,COMPLETE
122,-7.92739128219511,2026-01-17 19:52:39.559862,2026-01-17 19:52:39.574046,0 days 00:00:00.014184,62.35751493746938,1.198223052306254,2.1827157971486937,COMPLETE
123,-7.944821582700824,2026-01-17 19:52:39.574586,2026-01-17 19:52:39.588822,0 days 00:00:00.014236,62.596013741393485,1.199600951372867,2.025687807227097,COMPLETE
124,-7.973757892159743,2026-01-17 19:52:39.589493,2026-01-17 19:52:39.605018,0 days 00:00:00.015525,63.199452313611715,1.1640659886704174,1.9230574753160081,COMPLETE
125,-8.004502787952259,2026-01-17 19:52:39.605782,2026-01-17 19:52:39.621102,0 days 00:00:00.015320,44.1374861406714,1.1778489006698116,2.1713432409055295,COMPLETE
126,-8.04732046573734,2026-01-17 19:52:39.621609,2026-01-17 19:52:39.635814,0 days 00:00:00.014205,38.20335840787354,1.1997722621471447,2.1839879925359056,COMPLETE
127,-7.944865264586911,2026-01-17 19:52:39.636598,2026-01-17 19:52:39.651422,0 days 00:00:00.014824,61.94830502085422,1.156239538875513,2.3660728993111966,COMPLETE
128,-7.986945984172436,2026-01-17 19:52:39.651915,2026-01-17 19:52:39.666072,0 days 00:00:00.014157,63.405883015341686,0.21004618159721383,2.0383970462658296,COMPLETE
129,-7.951718115017829,2026-01-17 19:52:39.666563,2026-01-17 19:52:39.681275,0 days 00:00:00.014712,62.25393599481986,1.124620619681329,2.404972892715178,COMPLETE
130,-7.994410195635078,2026-01-17 19:52:39.681826,2026-01-17 19:52:39.696975,0 days 00:00:00.015149,64.44445396100629,1.1765010550571333,1.856479431339848,COMPLETE
131,-7.926673731054697,2026-01-17 19:52:39.697515,2026-01-17 19:52:39.712087,0 days 00:00:00.014572,64.04870702936164,1.1395896432198027,2.1359020505071302,COMPLETE
132,-7.93026749218334,2026-01-17 19:52:39.712756,2026-01-17 19:52:39.727502,0 days 00:00:00.014746,61.499403791130774,1.148234387412448,2.160377512980383,COMPLETE
