number,value,datetime_start,datetime_complete,duration,params_C,params_epsilon,params_gamma,state
0,-8.072521665368276,2026-01-20 16:43:36.528303,2026-01-20 16:43:36.550972,0 days 00:00:00.022669,57.75682711825277,0.38167242404757407,2.148938446792523,COMPLETE
1,-8.065053452744829,2026-01-20 16:43:36.551638,2026-01-20 16:43:36.563974,0 days 00:00:00.012336,53.85633013176699,0.46244236949885753,2.1425999104146545,COMPLETE
2,-8.454890490439213,2026-01-20 16:43:36.564520,2026-01-20 16:43:36.576928,0 days 00:00:00.012408,43.853306016689295,0.7570032246488534,3.7256416716266094,COMPLETE
3,-8.452146775517544,2026-01-20 16:43:36.577577,2026-01-20 16:43:36.589984,0 days 00:00:00.012407,64.02878533780117,1.15814363618931,0.863723555294176,COMPLETE
4,-8.1789966090798,2026-01-20 16:43:36.590690,2026-01-20 16:43:36.603227,0 days 00:00:00.012537,53.92685458727097,0.1633381189382821,1.2878205980269668,COMPLETE
5,-8.44159495132266,2026-01-20 16:43:36.603757,2026-01-20 16:43:36.616306,0 days 00:00:00.012549,42.62518330598401,0.7717266217024611,0.9451448045867251,COMPLETE
6,-8.095479973840105,2026-01-20 16:43:36.616996,2026-01-20 16:43:36.639265,0 days 00:00:00.022269,52.264294074100405,0.2124660703448374,1.6600585593276538,COMPLETE
7,-8.044157154561887,2026-01-20 16:43:36.639821,2026-01-20 16:43:36.652109,0 days 00:00:00.012288,45.977771700375925,0.9317364828727082,1.5876394344165976,COMPLETE
8,-8.07367435761888,2026-01-20 16:43:36.652700,2026-01-20 16:43:36.664995,0 days 00:00:00.012295,29.868694900429954,0.642605094408118,1.8629336093756328,COMPLETE
9,-8.59675577509718,2026-01-20 16:43:36.665826,2026-01-20 16:43:36.678133,0 days 00:00:00.012307,28.104036922616956,0.6953217926825562,3.850521318124608,COMPLETE
10,-8.223285858933963,2026-01-20 16:43:36.678927,2026-01-20 16:43:36.694800,0 days 00:00:00.015873,37.768689292887835,1.0846792194105717,3.1461333270476386,COMPLETE
11,-8.09199995164156,2026-01-20 16:43:36.695353,2026-01-20 16:43:36.710537,0 days 00:00:00.015184,48.95532497809363,0.9544499245831112,2.7849522674346368,COMPLETE
12,-8.0867146650893,2026-01-20 16:43:36.711148,2026-01-20 16:43:36.726055,0 days 00:00:00.014907,37.589674561928604,0.4859092195388235,2.6457783148613525,COMPLETE
13,-8.121887494296708,2026-01-20 16:43:36.726513,2026-01-20 16:43:36.741839,0 days 00:00:00.015326,59.193447486541494,0.9339265776539083,1.4607241554401174,COMPLETE
14,-8.055640646837713,2026-01-20 16:43:36.742477,2026-01-20 16:43:36.756577,0 days 00:00:00.014100,47.43994232739097,0.4114336992687233,2.3360288191287437,COMPLETE
15,-8.078925534094914,2026-01-20 16:43:36.757207,2026-01-20 16:43:36.773034,0 days 00:00:00.015827,47.484870881715544,0.266480429314274,2.606956401451059,COMPLETE
16,-9.559523696254436,2026-01-20 16:43:36.773700,2026-01-20 16:43:36.789217,0 days 00:00:00.015517,38.690320183711684,0.9426004670116129,0.5866917945076007,COMPLETE
17,-8.257912058196395,2026-01-20 16:43:36.789997,2026-01-20 16:43:36.806003,0 days 00:00:00.016006,34.25139276693855,0.5490305416763308,3.2199648979955766,COMPLETE
18,-8.057373923979766,2026-01-20 16:43:36.806859,2026-01-20 16:43:36.821997,0 days 00:00:00.015138,48.10587512193829,0.3834397483904859,1.885379216852232,COMPLETE
19,-8.159818321270034,2026-01-20 16:43:36.822755,2026-01-20 16:43:36.836381,0 days 00:00:00.013626,42.16081473011242,0.11014655592196287,1.2996464464326087,COMPLETE
20,-8.054306301990751,2026-01-20 16:43:36.836930,2026-01-20 16:43:36.852267,0 days 00:00:00.015337,32.2810544109374,0.8828534987641978,2.3566359936545234,COMPLETE
21,-8.05633662250336,2026-01-20 16:43:36.852853,2026-01-20 16:43:36.868221,0 days 00:00:00.015368,32.640893883479386,0.8514057097503128,2.379031473342624,COMPLETE
22,-8.133672477183838,2026-01-20 16:43:36.869054,2026-01-20 16:43:36.882724,0 days 00:00:00.013670,45.77398465662221,1.059341810950974,2.9317829038764476,COMPLETE
23,-8.060775253226131,2026-01-20 16:43:36.883303,2026-01-20 16:43:36.897792,0 days 00:00:00.014489,49.96521848085874,0.8089725402176043,2.362826515349823,COMPLETE
24,-8.031863877439697,2026-01-20 16:43:36.898443,2026-01-20 16:43:36.912786,0 days 00:00:00.014343,41.02286912044142,0.6035732274709369,1.8335561510512246,COMPLETE
25,-8.135046097949221,2026-01-20 16:43:36.913466,2026-01-20 16:43:36.928250,0 days 00:00:00.014784,25.889668323311597,0.607444298687578,1.8668312855320133,COMPLETE
26,-8.082126971630784,2026-01-20 16:43:36.929224,2026-01-20 16:43:36.944079,0 days 00:00:00.014855,33.90302437424377,0.885392679555583,1.6125872549609008,COMPLETE
27,-8.246427460685098,2026-01-20 16:43:36.944649,2026-01-20 16:43:36.958944,0 days 00:00:00.014295,40.87317141301233,1.0012859024679561,1.1447517945502792,COMPLETE
28,-8.03349866574963,2026-01-20 16:43:36.959483,2026-01-20 16:43:36.974679,0 days 00:00:00.015196,36.22085373803836,1.197483116872506,2.10199942019982,COMPLETE
29,-8.048181592731854,2026-01-20 16:43:36.975209,2026-01-20 16:43:36.989271,0 days 00:00:00.014062,40.299203340872566,1.1533186422904091,2.1594719796121122,COMPLETE
30,-8.025588656441952,2026-01-20 16:43:36.989839,2026-01-20 16:43:37.005331,0 days 00:00:00.015492,36.06796456877037,1.1822643385138967,1.9879959728295407,COMPLETE
31,-8.029530517878573,2026-01-20 16:43:37.006067,2026-01-20 16:43:37.020635,0 days 00:00:00.014568,35.88516815885016,1.1746418975851074,2.031321850938248,COMPLETE
32,-8.029278185794903,2026-01-20 16:43:37.021175,2026-01-20 16:43:37.035534,0 days 00:00:00.014359,36.32327807658641,1.197308299339613,2.044303703318218,COMPLETE
33,-8.030822249985622,2026-01-20 16:43:37.036083,2026-01-20 16:43:37.050127,0 days 00:00:00.014044,30.299181541194294,1.0643310928461704,2.0312795901011422,COMPLETE
34,-8.038109754732847,2026-01-20 16:43:37.050648,2026-01-20 16:43:37.066642,0 days 00:00:00.015994,30.18199368396812,1.0859524679072523,1.9358349133102652,COMPLETE
35,-8.03893444525012,2026-01-20 16:43:37.067193,2026-01-20 16:43:37.083100,0 days 00:00:00.015907,35.59829270347301,1.1987125539387788,2.166046997630867,COMPLETE
36,-8.117759453185759,2026-01-20 16:43:37.083660,2026-01-20 16:43:37.098510,0 days 00:00:00.014850,25.462449583116864,1.0336169971616145,2.5481831801798824,COMPLETE
37,-8.030661406223231,2026-01-20 16:43:37.099045,2026-01-20 16:43:37.113338,0 days 00:00:00.014293,30.751932840742736,1.119060826450284,2.0978600416978463,COMPLETE
38,-8.134846623291619,2026-01-20 16:43:37.113964,2026-01-20 16:43:37.128368,0 days 00:00:00.014404,28.067318993477,1.1301220360765025,1.6810602114324582,COMPLETE
39,-8.123571093064674,2026-01-20 16:43:37.128984,2026-01-20 16:43:37.143280,0 days 00:00:00.014296,43.986893305095165,1.1113384400333204,1.297449432187149,COMPLETE
40,-8.15776188127885,2026-01-20 16:43:37.144026,2026-01-20 16:43:37.158290,0 days 00:00:00.014264,31.541671549802878,0.9913594826487393,1.4679038753419413,COMPLETE
41,-8.049707753268832,2026-01-20 16:43:37.158982,2026-01-20 16:43:37.174106,0 days 00:00:00.015124,27.74710681498816,1.147581717269701,2.0493433264151415,COMPLETE
42,-8.025786167961757,2026-01-20 16:43:37.174753,2026-01-20 16:43:37.190051,0 days 00:00:00.015298,34.89907837725681,1.0419242267187163,2.0073155728069323,COMPLETE
43,-8.025543211736885,2026-01-20 16:43:37.190719,2026-01-20 16:43:37.205422,0 days 00:00:00.014703,34.1021195164512,1.1973823165978486,1.7837706055552824,COMPLETE
44,-8.022971449518701,2026-01-20 16:43:37.206042,2026-01-20 16:43:37.220193,0 days 00:00:00.014151,35.71368643048775,1.1946957051407996,1.7383623042664225,COMPLETE
45,-8.02068043171122,2026-01-20 16:43:37.221200,2026-01-20 16:43:37.235319,0 days 00:00:00.014119,38.181227462632286,1.0193179024761918,1.7006454151294843,COMPLETE
46,-8.368180725974032,2026-01-20 16:43:37.235838,2026-01-20 16:43:37.260998,0 days 00:00:00.025160,38.84784224737966,1.022195172417328,1.024314708955489,COMPLETE
47,-8.052059211552427,2026-01-20 16:43:37.261873,2026-01-20 16:43:37.277645,0 days 00:00:00.015772,34.06462600475786,0.9772660813210594,1.6940233917688912,COMPLETE
48,-8.017900461911573,2026-01-20 16:43:37.278375,2026-01-20 16:43:37.293147,0 days 00:00:00.014772,39.23792438206173,1.1045735139421362,1.7686218172480397,COMPLETE
49,-8.077938471973765,2026-01-20 16:43:37.293989,2026-01-20 16:43:37.307278,0 days 00:00:00.013289,39.35761729217232,1.1004723855282241,1.4558738241334006,COMPLETE
50,-8.723748677943565,2026-01-20 16:43:37.307792,2026-01-20 16:43:37.323140,0 days 00:00:00.015348,42.687990562911196,0.7625322477813459,0.804648803226114,COMPLETE
51,-8.019640569386564,2026-01-20 16:43:37.323659,2026-01-20 16:43:37.338135,0 days 00:00:00.014476,37.294326403867096,1.056758248100009,1.738830242300571,COMPLETE
52,-8.015806187333906,2026-01-20 16:43:37.338656,2026-01-20 16:43:37.354171,0 days 00:00:00.015515,37.78283250911282,1.1427557514407995,1.7929217133464372,COMPLETE
53,-8.017139668862114,2026-01-20 16:43:37.354725,2026-01-20 16:43:37.369654,0 days 00:00:00.014929,37.35365487353243,1.1253783158953847,1.7595201474751825,COMPLETE
54,-8.07566394693373,2026-01-20 16:43:37.370244,2026-01-20 16:43:37.386632,0 days 00:00:00.016388,37.56753363392883,1.0827408432534915,1.4961354240752462,COMPLETE
55,-8.197780404909588,2026-01-20 16:43:37.387162,2026-01-20 16:43:37.401319,0 days 00:00:00.014157,64.9869602412436,0.9046819589425878,1.208249693593944,COMPLETE
56,-8.020861613524598,2026-01-20 16:43:37.401928,2026-01-20 16:43:37.415870,0 days 00:00:00.013942,37.728812244920704,0.9719164408668096,1.7454188523588898,COMPLETE
57,-8.038274663670354,2026-01-20 16:43:37.416393,2026-01-20 16:43:37.430649,0 days 00:00:00.014256,44.09327176014283,0.963673117179044,1.5848924643756817,COMPLETE
58,-8.153909834897949,2026-01-20 16:43:37.431188,2026-01-20 16:43:37.445548,0 days 00:00:00.014360,37.55737915039928,0.8142090812865621,1.3369215760004178,COMPLETE
59,-8.052298971913645,2026-01-20 16:43:37.446190,2026-01-20 16:43:37.461191,0 days 00:00:00.015001,42.26941654614639,1.036424055369563,2.225865339534002,COMPLETE
60,-8.131325857967326,2026-01-20 16:43:37.461773,2026-01-20 16:43:37.475894,0 days 00:00:00.014121,60.70911807250593,0.9319188153283057,1.5356348921653256,COMPLETE
61,-8.015948341099906,2026-01-20 16:43:37.476462,2026-01-20 16:43:37.491156,0 days 00:00:00.014694,38.78033261256557,1.1249506093963195,1.7566831124582096,COMPLETE
62,-8.025137341464868,2026-01-20 16:43:37.491660,2026-01-20 16:43:37.506952,0 days 00:00:00.015292,40.3287996168522,1.1389794692956605,1.8537219824100533,COMPLETE
63,-8.123348390745726,2026-01-20 16:43:37.507469,2026-01-20 16:43:37.522762,0 days 00:00:00.015293,38.70598759110714,0.27511970448660955,1.4056901294893787,COMPLETE
64,-8.027135577181088,2026-01-20 16:43:37.523264,2026-01-20 16:43:37.547963,0 days 00:00:00.024699,39.84793498109106,0.7186316204494239,1.7314324943777133,COMPLETE
65,-8.049344148387574,2026-01-20 16:43:37.548727,2026-01-20 16:43:37.562178,0 days 00:00:00.013451,37.213077691313366,0.9926705827616168,1.616618791647279,COMPLETE
66,-8.03860395249431,2026-01-20 16:43:37.562703,2026-01-20 16:43:37.577648,0 days 00:00:00.014945,32.65721020516068,1.0706665751102502,1.8016246320787472,COMPLETE
67,-8.443898668447101,2026-01-20 16:43:37.578149,2026-01-20 16:43:37.592489,0 days 00:00:00.014340,41.66682758857654,1.0087201260966074,3.668881585475338,COMPLETE
68,-8.237874733860389,2026-01-20 16:43:37.593019,2026-01-20 16:43:37.608219,0 days 00:00:00.015200,38.33929729527896,1.1084774325267437,1.1820755056350851,COMPLETE
69,-8.04289098058254,2026-01-20 16:43:37.608735,2026-01-20 16:43:37.623068,0 days 00:00:00.014333,43.440403563732595,1.1511870218948246,1.9170576364151928,COMPLETE
70,-8.285517888326265,2026-01-20 16:43:37.623638,2026-01-20 16:43:37.638189,0 days 00:00:00.014551,46.125295061262385,1.0626342459783045,1.0597655764234362,COMPLETE
71,-8.019174687336271,2026-01-20 16:43:37.638728,2026-01-20 16:43:37.654159,0 days 00:00:00.015431,36.95179029358444,1.157537677048388,1.7303106320550243,COMPLETE
72,-8.026663519409356,2026-01-20 16:43:37.654713,2026-01-20 16:43:37.670021,0 days 00:00:00.015308,36.76231430104849,1.153931793120254,1.6806437550660678,COMPLETE
73,-8.034350541186146,2026-01-20 16:43:37.670673,2026-01-20 16:43:37.686210,0 days 00:00:00.015537,41.01137801309234,1.0965880164014334,1.5774723561679285,COMPLETE
74,-8.051351470758974,2026-01-20 16:43:37.686732,2026-01-20 16:43:37.700814,0 days 00:00:00.014082,39.405673124438195,1.0470577022038081,2.277450571241731,COMPLETE
75,-8.077013740631706,2026-01-20 16:43:37.701581,2026-01-20 16:43:37.715873,0 days 00:00:00.014292,33.16087227484837,1.1166029850701051,2.4931934242733047,COMPLETE
76,-8.152685235639572,2026-01-20 16:43:37.716614,2026-01-20 16:43:37.732561,0 days 00:00:00.015947,34.89995663020145,0.9488772211364982,1.3929926061783806,COMPLETE
77,-8.021227403307618,2026-01-20 16:43:37.733132,2026-01-20 16:43:37.748103,0 days 00:00:00.014971,38.08069562613158,0.9064498526414575,1.885296998456066,COMPLETE
78,-8.069474778255454,2026-01-20 16:43:37.748665,2026-01-20 16:43:37.774079,0 days 00:00:00.025414,54.42023197019178,0.48066742692386255,1.941885057363514,COMPLETE
79,-8.03362430366194,2026-01-20 16:43:37.774687,2026-01-20 16:43:37.789208,0 days 00:00:00.014521,34.923629490494974,0.8509994674913766,1.7732928510652524,COMPLETE
80,-8.042124061984547,2026-01-20 16:43:37.789841,2026-01-20 16:43:37.805000,0 days 00:00:00.015159,36.8615088534809,1.1570008674610957,1.620806816768164,COMPLETE
81,-8.018490045377042,2026-01-20 16:43:37.805773,2026-01-20 16:43:37.820732,0 days 00:00:00.014959,38.47524532220439,1.0225961151223413,1.8250424145669055,COMPLETE
82,-8.021061820164414,2026-01-20 16:43:37.821373,2026-01-20 16:43:37.836908,0 days 00:00:00.015535,39.685978029431624,1.0106059659987283,1.8065661966760596,COMPLETE
83,-8.051474505033758,2026-01-20 16:43:37.837603,2026-01-20 16:43:37.851807,0 days 00:00:00.014204,41.458074636083126,1.0918387428681318,1.520191221691853,COMPLETE
84,-8.043611670422903,2026-01-20 16:43:37.852475,2026-01-20 16:43:37.867150,0 days 00:00:00.014675,38.121767962782556,1.1298595816507087,2.1409891212321397,COMPLETE
85,-8.019896471786366,2026-01-20 16:43:37.867745,2026-01-20 16:43:37.882214,0 days 00:00:00.014469,36.67533083870301,1.169034261884481,1.7320837045949136,COMPLETE
86,-8.02242010766384,2026-01-20 16:43:37.882769,2026-01-20 16:43:37.896912,0 days 00:00:00.014143,35.13864833314857,1.0762377166594337,1.9592457446906208,COMPLETE
87,-8.0191816581794,2026-01-20 16:43:37.897449,2026-01-20 16:43:37.913126,0 days 00:00:00.015677,40.21201877629869,1.1700207188201988,1.6371268193653092,COMPLETE
88,-8.149682231539407,2026-01-20 16:43:37.913667,2026-01-20 16:43:37.928221,0 days 00:00:00.014554,36.47694074919952,1.174510746568898,1.3694539562133277,COMPLETE
89,-8.16864483328755,2026-01-20 16:43:37.928778,2026-01-20 16:43:37.944864,0 days 00:00:00.016086,40.688647367322375,1.1656171531895811,1.257643173451529,COMPLETE
90,-8.018151458187637,2026-01-20 16:43:37.945466,2026-01-20 16:43:37.960590,0 days 00:00:00.015124,39.307973702488745,1.1244622004603164,1.6554778858501824,COMPLETE
91,-8.01906541821899,2026-01-20 16:43:37.961300,2026-01-20 16:43:37.975788,0 days 00:00:00.014488,39.09931684761858,1.1223039276642177,1.8407651650436818,COMPLETE
92,-8.042536416580258,2026-01-20 16:43:37.976269,2026-01-20 16:43:37.990569,0 days 00:00:00.014300,45.14469814678274,1.1186597046251656,1.8451510498419164,COMPLETE
93,-8.020077589231239,2026-01-20 16:43:37.991048,2026-01-20 16:43:38.006054,0 days 00:00:00.015006,39.550957566387616,1.0552629433675045,1.6601081340064856,COMPLETE
94,-8.042967070896719,2026-01-20 16:43:38.006581,2026-01-20 16:43:38.020992,0 days 00:00:00.014411,43.326962697566735,1.136050609378401,1.5220790995509508,COMPLETE
95,-8.035604376868,2026-01-20 16:43:38.021523,2026-01-20 16:43:38.035812,0 days 00:00:00.014289,38.861672318383576,0.5617603620214955,2.0856542803610285,COMPLETE
96,-8.04379408659779,2026-01-20 16:43:38.036258,2026-01-20 16:43:38.051512,0 days 00:00:00.015254,42.010763159057014,1.0802931357561634,1.9904563250119822,COMPLETE
97,-8.07876024903888,2026-01-20 16:43:38.052012,2026-01-20 16:43:38.066527,0 days 00:00:00.014515,40.429829239817266,1.1085231176179764,1.4396469265411085,COMPLETE
98,-8.078688819886162,2026-01-20 16:43:38.067030,2026-01-20 16:43:38.081470,0 days 00:00:00.014440,33.39410152304144,1.137463244606082,1.6202242290088966,COMPLETE
99,-8.042652139303097,2026-01-20 16:43:38.081921,2026-01-20 16:43:38.096687,0 days 00:00:00.014766,35.660604355678345,0.055032615668044516,2.2043406236668823,COMPLETE
100,-8.037665632677838,2026-01-20 16:43:38.097353,2026-01-20 16:43:38.112961,0 days 00:00:00.015608,42.94164183330779,1.1812302248698918,1.8916383828367689,COMPLETE
101,-8.01830729893636,2026-01-20 16:43:38.113636,2026-01-20 16:43:38.128926,0 days 00:00:00.015290,37.0016647358514,1.1694528646451403,1.7439083389034036,COMPLETE
102,-8.01859106297965,2026-01-20 16:43:38.129502,2026-01-20 16:43:38.144410,0 days 00:00:00.014908,38.86463415256936,1.0465870621982227,1.8120701596422955,COMPLETE
103,-8.017796052943012,2026-01-20 16:43:38.145089,2026-01-20 16:43:38.161383,0 days 00:00:00.016294,39.012192457751,1.1730563604761917,1.8088044990352865,COMPLETE
104,-8.01958082165924,2026-01-20 16:43:38.161947,2026-01-20 16:43:38.176231,0 days 00:00:00.014284,39.31321382025564,1.0293152289926493,1.7932050204791379,COMPLETE
105,-8.025803560824283,2026-01-20 16:43:38.176754,2026-01-20 16:43:38.191193,0 days 00:00:00.014439,38.42502275066166,1.198762567177597,1.9527015493843496,COMPLETE
106,-8.04531000233864,2026-01-20 16:43:38.191721,2026-01-20 16:43:38.205994,0 days 00:00:00.014273,41.0921821312975,1.0969637525845637,1.5442233292992633,COMPLETE
107,-8.018398616692803,2026-01-20 16:43:38.206526,2026-01-20 16:43:38.221981,0 days 00:00:00.015455,36.20786107186513,1.1323575960353578,1.8061149250515396,COMPLETE
108,-8.018625873582135,2026-01-20 16:43:38.222531,2026-01-20 16:43:38.236929,0 days 00:00:00.014398,35.80921986498602,1.1193975407854686,1.8388804242810224,COMPLETE
109,-8.049506483495112,2026-01-20 16:43:38.237810,2026-01-20 16:43:38.254149,0 days 00:00:00.016339,31.754927095088703,1.082348879402221,2.301807915974944,COMPLETE
110,-8.029972939462837,2026-01-20 16:43:38.254852,2026-01-20 16:43:38.270560,0 days 00:00:00.015708,34.16343443208965,1.049563058114751,2.0538563055653083,COMPLETE
111,-8.019572420129748,2026-01-20 16:43:38.271175,2026-01-20 16:43:38.299828,0 days 00:00:00.028653,35.56965527541094,1.1277355005682081,1.8190046155528146,COMPLETE
112,-8.018803825182626,2026-01-20 16:43:38.300595,2026-01-20 16:43:38.352576,0 days 00:00:00.051981,37.64653199956437,1.1399271006401304,1.8835829390478611,COMPLETE
113,-8.028046149006562,2026-01-20 16:43:38.353415,2026-01-20 16:43:38.422580,0 days 00:00:00.069165,37.79412755143236,1.144506100170897,2.0042589942830373,COMPLETE
114,-8.019047214722207,2026-01-20 16:43:38.423414,2026-01-20 16:43:38.492585,0 days 00:00:00.069171,36.105646803885534,1.1041961887432192,1.8939067549763304,COMPLETE
115,-8.016429782995372,2026-01-20 16:43:38.498769,2026-01-20 16:43:38.576448,0 days 00:00:00.077679,38.59738222830443,1.1820721333361153,1.6862360795297164,COMPLETE
116,-8.033528391344602,2026-01-20 16:43:38.577426,2026-01-20 16:43:38.654180,0 days 00:00:00.076754,36.19999148846918,1.0686755526288354,1.6868453342656655,COMPLETE
117,-8.08232375663825,2026-01-20 16:43:38.655167,2026-01-20 16:43:38.688458,0 days 00:00:00.033291,38.91506820043404,0.6555241958483027,1.4896429174788752,COMPLETE
118,-8.025565678637532,2026-01-20 16:43:38.689389,2026-01-20 16:43:38.718533,0 days 00:00:00.029144,34.54727791131518,1.1744340743669732,1.7732383832421201,COMPLETE
119,-8.058152569548124,2026-01-20 16:43:38.719753,2026-01-20 16:43:38.746054,0 days 00:00:00.026301,37.00087322671817,0.9907857590534308,1.5831247008198928,COMPLETE
120,-8.037900530378478,2026-01-20 16:43:38.747196,2026-01-20 16:43:38.774609,0 days 00:00:00.027413,33.44281240626728,1.1877717852789773,2.1439626605157582,COMPLETE
121,-8.019642104611558,2026-01-20 16:43:38.775484,2026-01-20 16:43:38.802891,0 days 00:00:00.027407,37.679857021948244,1.1502347897201604,1.903024593994461,COMPLETE
122,-8.018988187891145,2026-01-20 16:43:38.803700,2026-01-20 16:43:38.832488,0 days 00:00:00.028788,39.885236213782825,1.1146931074251423,1.7207950886832177,COMPLETE
123,-8.025145000127196,2026-01-20 16:43:38.833279,2026-01-20 16:43:38.850821,0 days 00:00:00.017542,37.371114905805676,1.1416927683828473,1.6701216075680663,COMPLETE
124,-8.017756668424656,2026-01-20 16:43:38.851645,2026-01-20 16:43:38.879381,0 days 00:00:00.027736,38.47290894098132,1.0945465125803708,1.844207915628091,COMPLETE
125,-8.026634951429646,2026-01-20 16:43:38.880573,2026-01-20 16:43:38.909832,0 days 00:00:00.029259,41.66703039987289,1.0346039024698024,1.7884600202151852,COMPLETE
126,-8.027523360015405,2026-01-20 16:43:38.910738,2026-01-20 16:43:38.938368,0 days 00:00:00.027630,38.5885969105768,1.0976352397616072,1.9739366486897758,COMPLETE
127,-8.040523197467312,2026-01-20 16:43:38.939579,2026-01-20 16:43:38.966216,0 days 00:00:00.026637,40.10707737100029,1.0733487269878175,1.5757465011625729,COMPLETE
128,-8.044834057969052,2026-01-20 16:43:38.967103,2026-01-20 16:43:38.994420,0 days 00:00:00.027317,35.3787152184944,1.170432947871547,1.6492392312624145,COMPLETE
129,-8.032538022972636,2026-01-20 16:43:38.995320,2026-01-20 16:43:39.022780,0 days 00:00:00.027460,38.5519956809073,0.4369783723177877,1.8377650849674152,COMPLETE
130,-8.033794351366097,2026-01-20 16:43:39.023716,2026-01-20 16:43:39.051737,0 days 00:00:00.028021,36.40051879906163,1.198107292726805,2.1022219546939462,COMPLETE
131,-8.018295092027456,2026-01-20 16:43:39.052627,2026-01-20 16:43:39.080154,0 days 00:00:00.027527,37.910482002639355,1.1214761387965977,1.870116657570028,COMPLETE
132,-8.038718400223392,2026-01-20 16:43:39.081376,2026-01-20 16:43:39.108728,0 days 00:00:00.027352,39.48162304777096,0.31268306894437065,1.7642585247902156,COMPLETE
