number,value,datetime_start,datetime_complete,duration,params_C,params_epsilon,params_gamma,state
0,-8.131592517331706,2026-01-20 16:45:39.519008,2026-01-20 16:45:39.531147,0 days 00:00:00.012139,38.66642227472579,0.9933716540823624,3.205132275564406,COMPLETE
1,-9.059655399121056,2026-01-20 16:45:39.531676,2026-01-20 16:45:39.543958,0 days 00:00:00.012282,26.097590427715,0.13507193130927714,1.69859056123639,COMPLETE
2,-8.498766326037423,2026-01-20 16:45:39.544531,2026-01-20 16:45:39.556760,0 days 00:00:00.012229,60.04949840747089,1.0119598248967971,1.8835538656089839,COMPLETE
3,-9.637061524043595,2026-01-20 16:45:39.557278,2026-01-20 16:45:39.569427,0 days 00:00:00.012149,33.64698854923604,0.11423161397724081,1.1351507006697639,COMPLETE
4,-8.429462945539075,2026-01-20 16:45:39.569933,2026-01-20 16:45:39.582414,0 days 00:00:00.012481,38.967020168525714,0.3995620536229379,2.14557022082929,COMPLETE
5,-8.8984219527705,2026-01-20 16:45:39.582964,2026-01-20 16:45:39.595141,0 days 00:00:00.012177,61.68381932942128,0.2576374986302212,1.5611575848488606,COMPLETE
6,-9.266451657684154,2026-01-20 16:45:39.595707,2026-01-20 16:45:39.607983,0 days 00:00:00.012276,63.58977105444178,0.6270485811925436,1.2692200697780782,COMPLETE
7,-8.319284393625477,2026-01-20 16:45:39.608529,2026-01-20 16:45:39.620850,0 days 00:00:00.012321,29.777641644301774,1.0926153889381,2.604862136048411,COMPLETE
8,-8.16935996979325,2026-01-20 16:45:39.621409,2026-01-20 16:45:39.633936,0 days 00:00:00.012527,52.22922046941548,0.6026144925103767,3.8927265667837823,COMPLETE
9,-8.093546381737294,2026-01-20 16:45:39.634617,2026-01-20 16:45:39.646889,0 days 00:00:00.012272,40.70208633342343,0.3559170319606647,2.7888179585563644,COMPLETE
10,-10.119900026260996,2026-01-20 16:45:39.647314,2026-01-20 16:45:39.662424,0 days 00:00:00.015110,48.33555123568499,0.6144156215442971,0.5484909435856458,COMPLETE
11,-8.110333936070672,2026-01-20 16:45:39.662947,2026-01-20 16:45:39.677946,0 days 00:00:00.014999,39.9520908949121,0.8967312879110547,2.995882608910442,COMPLETE
12,-8.09673578655954,2026-01-20 16:45:39.678467,2026-01-20 16:45:39.694113,0 days 00:00:00.015646,41.68260448578062,0.810774960423824,2.896730379182575,COMPLETE
13,-8.118487018080184,2026-01-20 16:45:39.694665,2026-01-20 16:45:39.710102,0 days 00:00:00.015437,45.76495047342808,0.7539937644174681,3.450596000120418,COMPLETE
14,-8.103192777393902,2026-01-20 16:45:39.710635,2026-01-20 16:45:39.725053,0 days 00:00:00.014418,51.20593273750925,0.408390429926135,2.5815954842699464,COMPLETE
15,-8.114550224043285,2026-01-20 16:45:39.725521,2026-01-20 16:45:39.740037,0 days 00:00:00.014516,42.62302437652984,0.4137411513317744,2.666707799242114,COMPLETE
16,-8.185864719081218,2026-01-20 16:45:39.740551,2026-01-20 16:45:39.755505,0 days 00:00:00.014954,32.647806458418096,0.8047314632617922,3.668135217837189,COMPLETE
17,-8.042973619244128,2026-01-20 16:45:39.756227,2026-01-20 16:45:39.771856,0 days 00:00:00.015629,55.90572523217388,0.49645064864777677,2.98584614767721,COMPLETE
18,-8.037696877312783,2026-01-20 16:45:39.772365,2026-01-20 16:45:39.787530,0 days 00:00:00.015165,56.466677346613665,0.2727458918390637,3.3030164549244585,COMPLETE
19,-8.045453363900467,2026-01-20 16:45:39.788075,2026-01-20 16:45:39.804265,0 days 00:00:00.016190,55.816419147309695,0.2651569518128399,3.3673245869503763,COMPLETE
20,-8.134292523010583,2026-01-20 16:45:39.804994,2026-01-20 16:45:39.820381,0 days 00:00:00.015387,56.927390559914194,0.5519640992574513,3.7595147581076924,COMPLETE
21,-8.044847073083014,2026-01-20 16:45:39.821185,2026-01-20 16:45:39.835596,0 days 00:00:00.014411,56.11830899096181,0.26396652668950255,3.3659202085595616,COMPLETE
22,-8.028822812879236,2026-01-20 16:45:39.836249,2026-01-20 16:45:39.851655,0 days 00:00:00.015406,55.072226946169096,0.24030754794455822,3.168647087461826,COMPLETE
23,-8.259234513005945,2026-01-20 16:45:39.852227,2026-01-20 16:45:39.866240,0 days 00:00:00.014013,51.67921387550852,0.057623622400338775,2.259376184092363,COMPLETE
24,-8.03793855132858,2026-01-20 16:45:39.866768,2026-01-20 16:45:39.880939,0 days 00:00:00.014171,58.354023271232286,0.49129689563648926,3.051746093518095,COMPLETE
25,-8.170437269030582,2026-01-20 16:45:39.881475,2026-01-20 16:45:39.895734,0 days 00:00:00.014259,60.0989485812867,0.18224692448793972,2.3597802473366754,COMPLETE
26,-8.02317611081424,2026-01-20 16:45:39.896260,2026-01-20 16:45:39.912078,0 days 00:00:00.015818,64.6152368948371,0.326798073909892,3.1990024694304644,COMPLETE
27,-8.068114081382344,2026-01-20 16:45:39.912628,2026-01-20 16:45:39.926643,0 days 00:00:00.014015,63.004615403002745,0.20732725330832724,3.602706229586407,COMPLETE
28,-8.14465964194048,2026-01-20 16:45:39.927116,2026-01-20 16:45:39.941822,0 days 00:00:00.014706,53.67471139412084,0.3288395401392278,3.9328272557735575,COMPLETE
29,-8.025621506288001,2026-01-20 16:45:39.942505,2026-01-20 16:45:39.956655,0 days 00:00:00.014150,64.33247977867003,0.3135787820967661,3.235010955088032,COMPLETE
30,-8.004542609525988,2026-01-20 16:45:39.957126,2026-01-20 16:45:39.971156,0 days 00:00:00.014030,64.49972925176384,0.0629225102975669,3.163630517446861,COMPLETE
31,-8.005060774245853,2026-01-20 16:45:39.971662,2026-01-20 16:45:39.986681,0 days 00:00:00.015019,63.799941713715704,0.0539541899041763,3.174569883473989,COMPLETE
32,-8.05003354581476,2026-01-20 16:45:39.987169,2026-01-20 16:45:40.002876,0 days 00:00:00.015707,64.1515824711223,0.05217094859238797,3.5791939403911326,COMPLETE
33,-8.008695068156335,2026-01-20 16:45:40.003407,2026-01-20 16:45:40.017982,0 days 00:00:00.014575,64.73956128938086,0.13682285074551637,3.1710839220336755,COMPLETE
34,-8.132125236766857,2026-01-20 16:45:40.018452,2026-01-20 16:45:40.033615,0 days 00:00:00.015163,59.74905336631251,0.13908778313324222,2.4453652730488082,COMPLETE
35,-8.041364313129321,2026-01-20 16:45:40.034187,2026-01-20 16:45:40.048594,0 days 00:00:00.014407,61.75446486449456,0.12943747225077085,2.821140081542733,COMPLETE
36,-8.00928527289982,2026-01-20 16:45:40.049103,2026-01-20 16:45:40.063795,0 days 00:00:00.014692,64.78296722356903,0.16407869988687218,3.1471874497664656,COMPLETE
37,-8.632091455349794,2026-01-20 16:45:40.064402,2026-01-20 16:45:40.078415,0 days 00:00:00.014013,60.37556012114159,0.09633416119827978,1.8041332756748312,COMPLETE
38,-8.42589640416065,2026-01-20 16:45:40.078922,2026-01-20 16:45:40.093173,0 days 00:00:00.014251,62.020262470344576,0.17178167244018758,1.984861528329366,COMPLETE
39,-8.04555167066447,2026-01-20 16:45:40.093716,2026-01-20 16:45:40.107889,0 days 00:00:00.014173,58.60678146466461,0.09448385723704567,3.512264734074365,COMPLETE
40,-8.33945378447524,2026-01-20 16:45:40.108392,2026-01-20 16:45:40.123690,0 days 00:00:00.015298,25.380766062639474,0.18824427147505596,2.7021815946263574,COMPLETE
41,-8.0079739874386,2026-01-20 16:45:40.124223,2026-01-20 16:45:40.148459,0 days 00:00:00.024236,64.38409247746505,0.1406884467995636,3.0792099880507946,COMPLETE
42,-8.004825991596974,2026-01-20 16:45:40.149268,2026-01-20 16:45:40.174528,0 days 00:00:00.025260,64.86568900637624,0.058015628692358795,3.1932295695066713,COMPLETE
43,-8.077024701034569,2026-01-20 16:45:40.175118,2026-01-20 16:45:40.189571,0 days 00:00:00.014453,61.97311447689071,0.06396315528909366,3.737776526842891,COMPLETE
44,-8.023149797603148,2026-01-20 16:45:40.190218,2026-01-20 16:45:40.205149,0 days 00:00:00.014931,62.59453176604935,0.12337423212964095,2.9391917978381357,COMPLETE
45,-8.017145570310088,2026-01-20 16:45:40.205917,2026-01-20 16:45:40.219256,0 days 00:00:00.013339,60.3810148788399,0.2180615814106347,3.099439455903112,COMPLETE
46,-8.104227914489593,2026-01-20 16:45:40.219771,2026-01-20 16:45:40.234758,0 days 00:00:00.014987,58.693109333832965,0.05185762381235255,2.5252850547257837,COMPLETE
47,-8.104913182389623,2026-01-20 16:45:40.235323,2026-01-20 16:45:40.251280,0 days 00:00:00.015957,64.90070520446312,1.1970254650305203,2.8558180370070656,COMPLETE
48,-8.947590602683627,2026-01-20 16:45:40.251816,2026-01-20 16:45:40.266165,0 days 00:00:00.014349,48.57596462968874,0.12173954107793093,1.5695121224102833,COMPLETE
49,-8.169282880327328,2026-01-20 16:45:40.266670,2026-01-20 16:45:40.281531,0 days 00:00:00.014861,28.042502232555815,0.1003125750042993,3.841138668882678,COMPLETE
50,-8.167602221003559,2026-01-20 16:45:40.282287,2026-01-20 16:45:40.297825,0 days 00:00:00.015538,63.06192925400596,0.38352432720078566,3.9984305449897475,COMPLETE
51,-8.028822335743858,2026-01-20 16:45:40.298529,2026-01-20 16:45:40.313841,0 days 00:00:00.015312,64.9289551073608,0.15756454415241547,3.3712639506990842,COMPLETE
52,-8.071339959627847,2026-01-20 16:45:40.314651,2026-01-20 16:45:40.328617,0 days 00:00:00.013966,37.099731581685795,0.15981107111571047,3.09393889206129,COMPLETE
53,-8.053668398035935,2026-01-20 16:45:40.329358,2026-01-20 16:45:40.343566,0 days 00:00:00.014208,61.34885717486688,0.21443703918213822,2.754582103310335,COMPLETE
54,-9.872902140431757,2026-01-20 16:45:40.344017,2026-01-20 16:45:40.358763,0 days 00:00:00.014746,63.10678088587436,0.29136951599024136,0.8687176820643863,COMPLETE
55,-8.040877190791297,2026-01-20 16:45:40.359354,2026-01-20 16:45:40.373960,0 days 00:00:00.014606,57.84581214263324,0.0922775174732039,3.4650248493144207,COMPLETE
56,-8.067781045698828,2026-01-20 16:45:40.374664,2026-01-20 16:45:40.389672,0 days 00:00:00.015008,60.824961213697215,0.6976423380188885,3.2399134637801694,COMPLETE
57,-8.021503545626604,2026-01-20 16:45:40.390383,2026-01-20 16:45:40.405198,0 days 00:00:00.014815,63.606963854526214,0.23079486154839693,2.9693123365009746,COMPLETE
58,-8.010128514891909,2026-01-20 16:45:40.405707,2026-01-20 16:45:40.420803,0 days 00:00:00.015096,62.97247504532571,0.1544154997057721,3.1174267698630147,COMPLETE
59,-8.060093167746103,2026-01-20 16:45:40.421323,2026-01-20 16:45:40.435332,0 days 00:00:00.014009,59.4636522191853,0.44538982235276725,3.3790851588266695,COMPLETE
60,-8.073240853699733,2026-01-20 16:45:40.435888,2026-01-20 16:45:40.449990,0 days 00:00:00.014102,53.987593994628114,0.08849042710761446,2.6243230063248113,COMPLETE
61,-8.008402117353466,2026-01-20 16:45:40.450494,2026-01-20 16:45:40.466153,0 days 00:00:00.015659,64.99919506220071,0.15898636166294486,3.072170645111736,COMPLETE
62,-8.018562512340157,2026-01-20 16:45:40.466656,2026-01-20 16:45:40.482076,0 days 00:00:00.015420,64.746264648899,0.19089217451005897,3.267066109765841,COMPLETE
63,-8.017399571105923,2026-01-20 16:45:40.482733,2026-01-20 16:45:40.498356,0 days 00:00:00.015623,61.355939843610976,0.12640078902316706,3.0168406681298054,COMPLETE
64,-8.082384932907198,2026-01-20 16:45:40.498906,2026-01-20 16:45:40.513037,0 days 00:00:00.014131,63.034976033500506,0.9752380599178196,2.8771581207967225,COMPLETE
65,-8.059204192114562,2026-01-20 16:45:40.513528,2026-01-20 16:45:40.528752,0 days 00:00:00.015224,64.99795350437553,0.2523424207450135,3.5205647700254254,COMPLETE
66,-8.030960796927062,2026-01-20 16:45:40.529281,2026-01-20 16:45:40.544051,0 days 00:00:00.014770,43.581604787441336,0.08308015958172918,3.154533807625152,COMPLETE
67,-8.082506772171042,2026-01-20 16:45:40.544546,2026-01-20 16:45:40.559783,0 days 00:00:00.015237,57.333829923791775,0.29090191959209344,3.6323363995631146,COMPLETE
68,-8.02159555315515,2026-01-20 16:45:40.560346,2026-01-20 16:45:40.575631,0 days 00:00:00.015285,63.666362717050404,0.15598770358092942,3.314687148431729,COMPLETE
69,-8.05052576031908,2026-01-20 16:45:40.576153,2026-01-20 16:45:40.590851,0 days 00:00:00.014698,62.13333874633683,0.05053969380568206,2.753733287535861,COMPLETE
70,-8.321297736986928,2026-01-20 16:45:40.591569,2026-01-20 16:45:40.615187,0 days 00:00:00.023618,59.20864884723188,0.19473617339771904,2.120534768275638,COMPLETE
71,-8.01018692000221,2026-01-20 16:45:40.615735,2026-01-20 16:45:40.630240,0 days 00:00:00.014505,63.17837491832317,0.1575377704280168,3.1270434398669553,COMPLETE
72,-8.019866113266577,2026-01-20 16:45:40.630850,2026-01-20 16:45:40.645268,0 days 00:00:00.014418,60.680462783381394,0.13670655262818857,3.0077415035746036,COMPLETE
73,-8.031206723629719,2026-01-20 16:45:40.645848,2026-01-20 16:45:40.660975,0 days 00:00:00.015127,63.909798491399854,0.10996653224231376,3.4167273336714286,COMPLETE
74,-8.009127946820184,2026-01-20 16:45:40.661526,2026-01-20 16:45:40.676131,0 days 00:00:00.014605,61.84291770395057,0.08011216092576624,3.1897956432836763,COMPLETE
75,-8.01283827488342,2026-01-20 16:45:40.676656,2026-01-20 16:45:40.691524,0 days 00:00:00.014868,61.7879403277194,0.0766282240773811,3.2553520318681524,COMPLETE
76,-8.028198659274148,2026-01-20 16:45:40.692081,2026-01-20 16:45:40.708224,0 days 00:00:00.016143,63.620747430290635,0.21542954872505435,2.9158696298124673,COMPLETE
77,-8.004634871198244,2026-01-20 16:45:40.708776,2026-01-20 16:45:40.724259,0 days 00:00:00.015483,64.96482121606691,0.050625565039256526,3.200390070580286,COMPLETE
78,-8.045318585253671,2026-01-20 16:45:40.724830,2026-01-20 16:45:40.740801,0 days 00:00:00.015971,62.31765099123507,0.07576276235758171,3.5346170363585143,COMPLETE
79,-8.079198356033315,2026-01-20 16:45:40.741528,2026-01-20 16:45:40.756567,0 days 00:00:00.015039,59.7995719458993,0.1202724580797997,3.7171364989364886,COMPLETE
80,-8.013915388916175,2026-01-20 16:45:40.757087,2026-01-20 16:45:40.783004,0 days 00:00:00.025917,61.10091632700771,0.10183460314119978,3.05144965875467,COMPLETE
81,-8.004620668116386,2026-01-20 16:45:40.783624,2026-01-20 16:45:40.798325,0 days 00:00:00.014701,64.21173213431315,0.05596172456762798,3.1697720455848484,COMPLETE
82,-8.01499850898269,2026-01-20 16:45:40.798922,2026-01-20 16:45:40.814946,0 days 00:00:00.016024,63.86460490703475,0.052149171542894106,3.3249057980748065,COMPLETE
83,-8.010718795230027,2026-01-20 16:45:40.815514,2026-01-20 16:45:40.831042,0 days 00:00:00.015528,62.44847860872386,0.07750715203726691,3.236755217927395,COMPLETE
84,-8.037983009074708,2026-01-20 16:45:40.831681,2026-01-20 16:45:40.846561,0 days 00:00:00.014880,64.18803024549028,0.12784619848454168,3.454945071224782,COMPLETE
85,-8.03019120356568,2026-01-20 16:45:40.847120,2026-01-20 16:45:40.861355,0 days 00:00:00.014235,61.142616165067835,0.17985045768882546,2.9168720338105594,COMPLETE
86,-8.108549006619878,2026-01-20 16:45:40.861948,2026-01-20 16:45:40.878498,0 days 00:00:00.016550,37.228263503270476,0.050875835154894716,2.7903391406359166,COMPLETE
87,-8.063807317976748,2026-01-20 16:45:40.879091,2026-01-20 16:45:40.893674,0 days 00:00:00.014583,50.11156008899748,0.5768905896417942,3.197809173692138,COMPLETE
88,-8.010305298921937,2026-01-20 16:45:40.894268,2026-01-20 16:45:40.909652,0 days 00:00:00.015384,63.93786713802307,0.10654067838792322,3.031241018541848,COMPLETE
89,-8.125743998786728,2026-01-20 16:45:40.910301,2026-01-20 16:45:40.925382,0 days 00:00:00.015081,62.42772812280661,0.2448121328229948,2.474375350413697,COMPLETE
90,-8.143641619228232,2026-01-20 16:45:40.926001,2026-01-20 16:45:40.940459,0 days 00:00:00.014458,32.3789591089256,0.6451370360679174,3.320507269511819,COMPLETE
91,-8.008348203108971,2026-01-20 16:45:40.941008,2026-01-20 16:45:40.956139,0 days 00:00:00.015131,64.80594273319649,0.1404450343857919,3.1593668148574356,COMPLETE
92,-8.006451525642735,2026-01-20 16:45:40.956679,2026-01-20 16:45:40.982140,0 days 00:00:00.025461,64.58231581038882,0.07943896031218198,3.196194497665384,COMPLETE
93,-8.007556734860346,2026-01-20 16:45:40.982765,2026-01-20 16:45:40.997301,0 days 00:00:00.014536,64.76285521392867,0.1402811340145676,3.0790197717274337,COMPLETE
94,-8.028220788317613,2026-01-20 16:45:40.997866,2026-01-20 16:45:41.012241,0 days 00:00:00.014375,46.339318790043826,0.13716718074851272,2.9538671197060635,COMPLETE
95,-8.037548409900145,2026-01-20 16:45:41.012949,2026-01-20 16:45:41.029269,0 days 00:00:00.016320,64.99130547604119,0.1799493344487605,2.842967939403799,COMPLETE
96,-8.006194701017533,2026-01-20 16:45:41.029879,2026-01-20 16:45:41.045003,0 days 00:00:00.015124,64.07030849975595,0.10327488696084633,3.1052068660969283,COMPLETE
97,-8.022221239738979,2026-01-20 16:45:41.045736,2026-01-20 16:45:41.060956,0 days 00:00:00.015220,63.31939483717306,0.10316627258623567,3.353400221185847,COMPLETE
98,-8.03001342773996,2026-01-20 16:45:41.061504,2026-01-20 16:45:41.077755,0 days 00:00:00.016251,64.12968061632587,0.07176356377937253,3.431148198910114,COMPLETE
99,-8.094364204030613,2026-01-20 16:45:41.078326,2026-01-20 16:45:41.093476,0 days 00:00:00.015150,60.62059217253287,0.8864995760937777,2.7150776250139916,COMPLETE
100,-8.01286267778309,2026-01-20 16:45:41.094127,2026-01-20 16:45:41.108547,0 days 00:00:00.014420,62.84369899192052,0.20741104435970195,3.0965573387583523,COMPLETE
101,-8.008267108065663,2026-01-20 16:45:41.109069,2026-01-20 16:45:41.123735,0 days 00:00:00.014666,64.33604392482644,0.14706711950614607,3.082501993772907,COMPLETE
102,-8.01385578390347,2026-01-20 16:45:41.124282,2026-01-20 16:45:41.139226,0 days 00:00:00.014944,64.28584249108341,0.10532269401394784,3.2767138502154123,COMPLETE
103,-8.018555153824991,2026-01-20 16:45:41.139784,2026-01-20 16:45:41.154376,0 days 00:00:00.014592,62.480257235646434,0.14144217924990862,2.9875278260139284,COMPLETE
104,-8.006173753262967,2026-01-20 16:45:41.154936,2026-01-20 16:45:41.169587,0 days 00:00:00.014651,63.689238731467036,0.07420119394506434,3.170429359186679,COMPLETE
105,-8.052077144450129,2026-01-20 16:45:41.170190,2026-01-20 16:45:41.185977,0 days 00:00:00.015787,63.540733464667184,0.07308230951553815,3.580411839685616,COMPLETE
106,-9.372069301123137,2026-01-20 16:45:41.186661,2026-01-20 16:45:41.201295,0 days 00:00:00.014634,61.516092698974305,0.0506799602067657,1.2485406042609923,COMPLETE
107,-8.036560115217602,2026-01-20 16:45:41.201932,2026-01-20 16:45:41.216788,0 days 00:00:00.014856,59.928894684647716,0.11226162875947931,2.8425196328414164,COMPLETE
108,-8.006596974588946,2026-01-20 16:45:41.217466,2026-01-20 16:45:41.233189,0 days 00:00:00.015723,63.20519249601141,0.08630647328902791,3.087990998378609,COMPLETE
109,-8.008310969773849,2026-01-20 16:45:41.233891,2026-01-20 16:45:41.249342,0 days 00:00:00.015451,63.11937473135616,0.08187153622087723,3.199538690128144,COMPLETE
110,-8.029458688091552,2026-01-20 16:45:41.250235,2026-01-20 16:45:41.266849,0 days 00:00:00.016614,58.85181197239038,0.09335522787510128,3.3801462673768716,COMPLETE
111,-8.010035732346903,2026-01-20 16:45:41.267502,2026-01-20 16:45:41.283003,0 days 00:00:00.015501,64.08925820033578,0.17058296459715822,3.067666343352305,COMPLETE
112,-8.006805646144782,2026-01-20 16:45:41.283577,2026-01-20 16:45:41.298154,0 days 00:00:00.014577,62.056867687933696,0.06899470259274432,3.1166981778723684,COMPLETE
113,-8.019214557293907,2026-01-20 16:45:41.298763,2026-01-20 16:45:41.313426,0 days 00:00:00.014663,62.37070364921453,0.06941629090807475,2.9560031447523603,COMPLETE
114,-8.015873281452008,2026-01-20 16:45:41.314199,2026-01-20 16:45:41.329624,0 days 00:00:00.015425,61.340138500463375,0.1249258040521915,3.246951713626281,COMPLETE
115,-8.007135464236898,2026-01-20 16:45:41.330147,2026-01-20 16:45:41.345650,0 days 00:00:00.015503,63.14564174926606,0.09531044782474382,3.1391984995137876,COMPLETE
116,-8.017553753466995,2026-01-20 16:45:41.346460,2026-01-20 16:45:41.361113,0 days 00:00:00.014653,62.66891424240568,0.09026617304973528,3.314489013665933,COMPLETE
117,-8.009540951237568,2026-01-20 16:45:41.361846,2026-01-20 16:45:41.376914,0 days 00:00:00.015068,60.18832025940784,0.06590824395677863,3.1492654896043604,COMPLETE
118,-8.075845768296002,2026-01-20 16:45:41.377617,2026-01-20 16:45:41.392224,0 days 00:00:00.014607,63.500744417379906,0.11040113004940583,2.64682041884968,COMPLETE
119,-8.038144273234675,2026-01-20 16:45:41.392863,2026-01-20 16:45:41.407537,0 days 00:00:00.014674,62.0980503635829,0.06932037746005842,3.4897539702185085,COMPLETE
120,-8.020199558667665,2026-01-20 16:45:41.408288,2026-01-20 16:45:41.424394,0 days 00:00:00.016106,57.6832794180263,0.05244577375672288,3.0109178921833126,COMPLETE
121,-8.004990088227084,2026-01-20 16:45:41.425119,2026-01-20 16:45:41.439627,0 days 00:00:00.014508,64.94509292700937,0.09462265823621202,3.128770214371479,COMPLETE
122,-8.00773432663864,2026-01-20 16:45:41.440223,2026-01-20 16:45:41.455402,0 days 00:00:00.015179,64.95514842213899,0.0948438770844737,3.2091383335379366,COMPLETE
123,-8.007678500657986,2026-01-20 16:45:41.455990,2026-01-20 16:45:41.470842,0 days 00:00:00.014852,63.46816086212096,0.11528361365848552,3.1298275749381577,COMPLETE
124,-8.026513687708578,2026-01-20 16:45:41.471441,2026-01-20 16:45:41.486459,0 days 00:00:00.015018,62.94391815586253,0.07977799753580223,2.9005258244319827,COMPLETE
125,-8.017143925289874,2026-01-20 16:45:41.487068,2026-01-20 16:45:41.502207,0 days 00:00:00.015139,64.06458392688653,0.11587751651348036,3.303655160883036,COMPLETE
126,-8.016162026185542,2026-01-20 16:45:41.502818,2026-01-20 16:45:41.518111,0 days 00:00:00.015293,61.88325150708294,0.16783501807507134,3.0350878076159793,COMPLETE
127,-8.012050655483502,2026-01-20 16:45:41.518669,2026-01-20 16:45:41.534695,0 days 00:00:00.016026,60.73813297033121,0.051074960231622044,3.2525354069541446,COMPLETE
128,-8.064694468281136,2026-01-20 16:45:41.535247,2026-01-20 16:45:41.549982,0 days 00:00:00.014735,64.97914902063721,0.5103959209483688,3.3838290613097666,COMPLETE
129,-8.013168141058436,2026-01-20 16:45:41.550525,2026-01-20 16:45:41.565144,0 days 00:00:00.014619,63.66185785640892,0.194636199214586,3.171478794135994,COMPLETE
130,-8.025329704727415,2026-01-20 16:45:41.565699,2026-01-20 16:45:41.580403,0 days 00:00:00.014704,61.417795127734365,0.09759117253606026,2.9273745895265026,COMPLETE
131,-8.008054823936117,2026-01-20 16:45:41.580988,2026-01-20 16:45:41.605972,0 days 00:00:00.024984,63.40305495994823,0.12267312722795849,3.1223940774186394,COMPLETE
