number,value,datetime_start,datetime_complete,duration,params_C,params_epsilon,params_gamma,state
0,-9.530578825033022,2026-01-17 19:52:32.634806,2026-01-17 19:52:32.647251,0 days 00:00:00.012445,62.77479354818793,0.6148123967190358,3.8140128421682333,COMPLETE
1,-8.961524807217554,2026-01-17 19:52:32.647831,2026-01-17 19:52:32.660240,0 days 00:00:00.012409,53.439416203624624,0.9838314060240279,2.190221947392495,COMPLETE
2,-9.095095484929946,2026-01-17 19:52:32.660887,2026-01-17 19:52:32.673223,0 days 00:00:00.012336,51.70814548404219,0.6294450121965377,2.637484713408129,COMPLETE
3,-9.010612037135118,2026-01-17 19:52:32.673650,2026-01-17 19:52:32.695794,0 days 00:00:00.022144,59.35726953314906,0.9792685756463111,2.239044766698152,COMPLETE
4,-9.413811829156618,2026-01-17 19:52:32.696348,2026-01-17 19:52:32.708615,0 days 00:00:00.012267,54.626232437598745,0.37096612604320295,0.8434949256062427,COMPLETE
5,-9.529476026481877,2026-01-17 19:52:32.709481,2026-01-17 19:52:32.721804,0 days 00:00:00.012323,40.131793977048616,0.9052481706351947,3.7594038730861206,COMPLETE
6,-9.165159851795359,2026-01-17 19:52:32.722338,2026-01-17 19:52:32.734431,0 days 00:00:00.012093,63.63445042604032,0.8034667283468084,2.730651304054004,COMPLETE
7,-9.577174354060796,2026-01-17 19:52:32.735162,2026-01-17 19:52:32.747334,0 days 00:00:00.012172,27.72096765274057,1.1573443080916752,3.808354572684003,COMPLETE
8,-9.094318907426738,2026-01-17 19:52:32.747845,2026-01-17 19:52:32.760328,0 days 00:00:00.012483,28.722805177273187,0.941943327043021,2.8509954652209264,COMPLETE
9,-9.12498658810161,2026-01-17 19:52:32.760848,2026-01-17 19:52:32.772996,0 days 00:00:00.012148,62.106100465861836,0.8578049094750999,2.5719095510624856,COMPLETE
10,-8.984193544442737,2026-01-17 19:52:32.773500,2026-01-17 19:52:32.788514,0 days 00:00:00.015014,43.08932915618402,0.12268326435617549,1.324497487455412,COMPLETE
11,-9.039378425865154,2026-01-17 19:52:32.789084,2026-01-17 19:52:32.804138,0 days 00:00:00.015054,42.836504971628386,0.0606468441732311,1.2291515187464694,COMPLETE
12,-8.857321261170025,2026-01-17 19:52:32.804626,2026-01-17 19:52:32.819287,0 days 00:00:00.014661,48.28157529519184,0.06358232870633215,1.6800816278737023,COMPLETE
13,-8.812646703306497,2026-01-17 19:52:32.819777,2026-01-17 19:52:32.834690,0 days 00:00:00.014913,50.178317995382905,0.4246650295160971,1.8527471147741523,COMPLETE
14,-8.837230864188987,2026-01-17 19:52:32.835364,2026-01-17 19:52:32.849936,0 days 00:00:00.014572,35.46913221331984,0.2584242613669263,1.7198509244614097,COMPLETE
15,-8.821666888383692,2026-01-17 19:52:32.850507,2026-01-17 19:52:32.864244,0 days 00:00:00.013737,36.34764981218701,0.30091819556584276,1.755754377306178,COMPLETE
16,-10.491157854573526,2026-01-17 19:52:32.864823,2026-01-17 19:52:32.879182,0 days 00:00:00.014359,35.427084586768366,0.4502769497624426,0.5334017572986516,COMPLETE
17,-8.813478155089049,2026-01-17 19:52:32.879679,2026-01-17 19:52:32.894230,0 days 00:00:00.014551,36.685593345910796,0.48685196941567677,1.719187308122349,COMPLETE
18,-9.260558655645578,2026-01-17 19:52:32.894740,2026-01-17 19:52:32.909206,0 days 00:00:00.014466,47.78456143615171,0.5673672501167555,3.1456149310258916,COMPLETE
19,-8.80195075916969,2026-01-17 19:52:32.909802,2026-01-17 19:52:32.924474,0 days 00:00:00.014672,31.42647413700694,0.495655329032797,1.9432833983899487,COMPLETE
20,-8.805529701513382,2026-01-17 19:52:32.925045,2026-01-17 19:52:32.940514,0 days 00:00:00.015469,30.583986000666346,0.6924675770211114,2.082606928659926,COMPLETE
21,-8.818529211150935,2026-01-17 19:52:32.941046,2026-01-17 19:52:32.955265,0 days 00:00:00.014219,26.840828775510722,0.6741815486009572,2.07475447214981,COMPLETE
22,-8.79408159177255,2026-01-17 19:52:32.955975,2026-01-17 19:52:32.969586,0 days 00:00:00.013611,32.981017174608745,0.4945255553331457,1.9847906457237665,COMPLETE
23,-8.980741583770065,2026-01-17 19:52:32.970105,2026-01-17 19:52:32.984135,0 days 00:00:00.014030,31.60866728324246,0.7369370963615738,1.3310786371297665,COMPLETE
24,-9.23094183189421,2026-01-17 19:52:32.984698,2026-01-17 19:52:32.998780,0 days 00:00:00.014082,32.09689276369018,0.5432500655325201,3.2016127085661545,COMPLETE
25,-8.921998037860687,2026-01-17 19:52:32.999337,2026-01-17 19:52:33.013232,0 days 00:00:00.013895,31.65845419700697,0.22176979579818645,2.5073687843180785,COMPLETE
26,-8.927071088938765,2026-01-17 19:52:33.013727,2026-01-17 19:52:33.028118,0 days 00:00:00.014391,39.500522321211776,0.7318016603376771,2.3944270679504878,COMPLETE
27,-8.845967911040502,2026-01-17 19:52:33.028616,2026-01-17 19:52:33.042377,0 days 00:00:00.013761,25.582278657879442,0.3583682957022135,1.9270585338112172,COMPLETE
28,-8.892393351330984,2026-01-17 19:52:33.043206,2026-01-17 19:52:33.057528,0 days 00:00:00.014322,29.44183802757451,0.5038640105155856,1.5701981853819178,COMPLETE
29,-9.303305724370983,2026-01-17 19:52:33.058010,2026-01-17 19:52:33.072849,0 days 00:00:00.014839,33.17475247732409,0.6141967539266813,1.0134324377490287,COMPLETE
30,-9.150851548196103,2026-01-17 19:52:33.073570,2026-01-17 19:52:33.088128,0 days 00:00:00.014558,38.936385572991085,0.7156344990883792,2.956570521293305,COMPLETE
31,-8.833030458859337,2026-01-17 19:52:33.088645,2026-01-17 19:52:33.114333,0 days 00:00:00.025688,47.70554233560008,0.3812614372299213,1.9878152413186094,COMPLETE
32,-8.962463988529214,2026-01-17 19:52:33.114941,2026-01-17 19:52:33.129744,0 days 00:00:00.014803,57.01422406818725,0.42746499970117224,2.165324875981053,COMPLETE
33,-8.823144031154673,2026-01-17 19:52:33.130386,2026-01-17 19:52:33.144685,0 days 00:00:00.014299,50.898911201208435,0.5869123271548514,1.920692359307239,COMPLETE
34,-8.856255992368025,2026-01-17 19:52:33.145303,2026-01-17 19:52:33.159267,0 days 00:00:00.013964,29.91573446309269,0.6527122748500911,2.313638703303077,COMPLETE
35,-8.815223729187263,2026-01-17 19:52:33.159846,2026-01-17 19:52:33.173871,0 days 00:00:00.014025,44.670514278154656,1.0615281835222425,1.5381272810071573,COMPLETE
36,-8.932379545165473,2026-01-17 19:52:33.174698,2026-01-17 19:52:33.188412,0 days 00:00:00.013714,51.640917500641486,0.5102796991700046,2.1900620779294697,COMPLETE
37,-8.99296203299925,2026-01-17 19:52:33.189248,2026-01-17 19:52:33.202527,0 days 00:00:00.013279,25.17614684528474,0.4366961092064803,1.439588903862584,COMPLETE
38,-8.777469417877438,2026-01-17 19:52:33.203063,2026-01-17 19:52:33.217149,0 days 00:00:00.014086,33.80352675378142,0.8275611376996654,1.911746495958472,COMPLETE
39,-9.18835415210439,2026-01-17 19:52:33.217846,2026-01-17 19:52:33.231275,0 days 00:00:00.013429,32.900316344031026,0.851667693966686,1.0895445234308572,COMPLETE
40,-8.896839441521013,2026-01-17 19:52:33.231990,2026-01-17 19:52:33.246031,0 days 00:00:00.014041,34.085205498892776,0.7911751028668876,2.3691703240459625,COMPLETE
41,-8.794704454348029,2026-01-17 19:52:33.246576,2026-01-17 19:52:33.261659,0 days 00:00:00.015083,37.774427969996914,0.32764459514872896,1.9651940953454705,COMPLETE
42,-8.814355283544964,2026-01-17 19:52:33.262351,2026-01-17 19:52:33.277031,0 days 00:00:00.014680,30.628205337042395,0.30699226377518696,2.094583199256127,COMPLETE
43,-8.968406638885142,2026-01-17 19:52:33.277810,2026-01-17 19:52:33.291890,0 days 00:00:00.014080,38.257744465320094,0.8150781179097972,2.4927466562884746,COMPLETE
44,-9.105687460048793,2026-01-17 19:52:33.292674,2026-01-17 19:52:33.306698,0 days 00:00:00.014024,41.311566647809286,1.0009528538462704,2.77990463820777,COMPLETE
45,-8.820362127435667,2026-01-17 19:52:33.307463,2026-01-17 19:52:33.321006,0 days 00:00:00.013543,28.383917217199944,0.6463166665715318,1.8410975618404442,COMPLETE
46,-8.88266428894715,2026-01-17 19:52:33.321529,2026-01-17 19:52:33.335529,0 days 00:00:00.014000,34.20781600965287,0.17491305758145667,1.5737764826467338,COMPLETE
47,-8.88159681769309,2026-01-17 19:52:33.336052,2026-01-17 19:52:33.349823,0 days 00:00:00.013771,38.22679563004605,0.904579093014294,2.2865991818313915,COMPLETE
48,-8.826271282698542,2026-01-17 19:52:33.350348,2026-01-17 19:52:33.364067,0 days 00:00:00.013719,27.49533058419317,0.3492418616012689,2.0310941597883954,COMPLETE
49,-9.073251929035651,2026-01-17 19:52:33.364586,2026-01-17 19:52:33.378561,0 days 00:00:00.013975,41.596809392758914,1.162547550221096,2.6699019700710993,COMPLETE
50,-8.783593215783693,2026-01-17 19:52:33.379153,2026-01-17 19:52:33.393993,0 days 00:00:00.014840,37.28003310962541,0.6994863067355689,1.7886414335608416,COMPLETE
51,-8.783452994588732,2026-01-17 19:52:33.394534,2026-01-17 19:52:33.408648,0 days 00:00:00.014114,35.0262328046725,0.7824708325575739,1.7894433616901055,COMPLETE
52,-8.791173267107741,2026-01-17 19:52:33.409315,2026-01-17 19:52:33.423280,0 days 00:00:00.013965,37.037685288618384,0.7664456716022857,1.7178045222587868,COMPLETE
53,-8.889080140109336,2026-01-17 19:52:33.423821,2026-01-17 19:52:33.437819,0 days 00:00:00.013998,36.88665826862117,0.760867833057657,1.4211227165361806,COMPLETE
54,-8.77874269822225,2026-01-17 19:52:33.438421,2026-01-17 19:52:33.452733,0 days 00:00:00.014312,35.626211127782284,0.8970972152538335,1.7748196356594155,COMPLETE
55,-8.788303820530066,2026-01-17 19:52:33.453537,2026-01-17 19:52:33.466840,0 days 00:00:00.013303,35.33306329289888,0.9098494610126197,1.7226791930954126,COMPLETE
56,-8.801201957559195,2026-01-17 19:52:33.467387,2026-01-17 19:52:33.481984,0 days 00:00:00.014597,35.45957913889872,0.9009256039622533,1.67074333965963,COMPLETE
57,-8.769395795243337,2026-01-17 19:52:33.482547,2026-01-17 19:52:33.496451,0 days 00:00:00.013904,40.50693209160483,0.9609735606541365,1.8239667787843978,COMPLETE
58,-9.06224780095952,2026-01-17 19:52:33.496979,2026-01-17 19:52:33.511391,0 days 00:00:00.014412,40.87134632378299,1.0355377919302449,1.1243829330794064,COMPLETE
59,-8.851381688466116,2026-01-17 19:52:33.512012,2026-01-17 19:52:33.526219,0 days 00:00:00.014207,44.1074325311027,1.1024473921371702,1.447011748007654,COMPLETE
60,-9.3963743226508,2026-01-17 19:52:33.526763,2026-01-17 19:52:33.541118,0 days 00:00:00.014355,42.70319019481069,0.8654350448897887,0.8850004597210199,COMPLETE
61,-8.781794398072643,2026-01-17 19:52:33.541789,2026-01-17 19:52:33.555667,0 days 00:00:00.013878,34.616197163049506,0.9836899437710728,1.7636046247827832,COMPLETE
62,-8.772693576636541,2026-01-17 19:52:33.556198,2026-01-17 19:52:33.570302,0 days 00:00:00.014104,34.69874722658189,0.9566540691460188,1.8407517359785102,COMPLETE
63,-8.982327105372118,2026-01-17 19:52:33.570842,2026-01-17 19:52:33.585255,0 days 00:00:00.014413,34.615935814751,0.9676622354328436,1.269319842427527,COMPLETE
64,-8.767984831662725,2026-01-17 19:52:33.585821,2026-01-17 19:52:33.600742,0 days 00:00:00.014921,39.994765190007335,0.9494170433509719,1.8061892704407099,COMPLETE
65,-8.805522035719228,2026-01-17 19:52:33.601321,2026-01-17 19:52:33.615672,0 days 00:00:00.014351,39.60773827191174,0.9645746935894386,1.6040237126452528,COMPLETE
66,-9.466130685863803,2026-01-17 19:52:33.616394,2026-01-17 19:52:33.631600,0 days 00:00:00.015206,40.58429459952187,1.1137925062498597,3.5875743976134546,COMPLETE
67,-8.775528709420673,2026-01-17 19:52:33.632259,2026-01-17 19:52:33.646325,0 days 00:00:00.014066,45.94650485582851,1.030584313347895,1.862224748835212,COMPLETE
68,-8.779533351548743,2026-01-17 19:52:33.646884,2026-01-17 19:52:33.661017,0 days 00:00:00.014133,46.887025316835306,1.0066389401565148,1.8699980790470696,COMPLETE
69,-8.777852823820382,2026-01-17 19:52:33.661783,2026-01-17 19:52:33.675374,0 days 00:00:00.013591,46.37019780175266,1.197650105314076,1.8723524411044683,COMPLETE
70,-8.926702181918634,2026-01-17 19:52:33.675882,2026-01-17 19:52:33.689999,0 days 00:00:00.014117,49.398194905289216,1.189718921210711,2.156087635207409,COMPLETE
71,-8.775473649971563,2026-01-17 19:52:33.690511,2026-01-17 19:52:33.705207,0 days 00:00:00.014696,45.553709537448384,1.0278530171236093,1.8648641919568008,COMPLETE
72,-8.777969685818478,2026-01-17 19:52:33.706037,2026-01-17 19:52:33.720100,0 days 00:00:00.014063,46.91851633423801,1.0923235269592186,1.8631555052959232,COMPLETE
73,-8.776321149833128,2026-01-17 19:52:33.720703,2026-01-17 19:52:33.735090,0 days 00:00:00.014387,45.73064409151261,1.0605628774221767,1.874986831616452,COMPLETE
74,-8.855214672086145,2026-01-17 19:52:33.735644,2026-01-17 19:52:33.749904,0 days 00:00:00.014260,46.043492474788785,1.0523660655173936,2.0894897710291147,COMPLETE
75,-8.798564407048325,2026-01-17 19:52:33.750449,2026-01-17 19:52:33.764679,0 days 00:00:00.014230,53.17927904762958,0.9390029107982549,1.6164639863199026,COMPLETE
76,-8.826701728884165,2026-01-17 19:52:33.765444,2026-01-17 19:52:33.780846,0 days 00:00:00.015402,43.776495808213326,1.1389950961545774,1.4992617917613025,COMPLETE
77,-8.907356417779448,2026-01-17 19:52:33.781469,2026-01-17 19:52:33.795760,0 days 00:00:00.014291,45.2579139640527,1.0267479839316593,2.2122286150269725,COMPLETE
78,-8.801667545936542,2026-01-17 19:52:33.796329,2026-01-17 19:52:33.810562,0 days 00:00:00.014233,42.253884994350514,1.079921485357348,2.0128766287290785,COMPLETE
79,-8.80658711537067,2026-01-17 19:52:33.811079,2026-01-17 19:52:33.825858,0 days 00:00:00.014779,49.62244155820874,0.9343278544253072,1.907979434023806,COMPLETE
80,-9.003886682566627,2026-01-17 19:52:33.826370,2026-01-17 19:52:33.840447,0 days 00:00:00.014077,48.78304497459462,0.8577886711902241,2.4051377672295593,COMPLETE
81,-8.777755618698155,2026-01-17 19:52:33.841023,2026-01-17 19:52:33.854996,0 days 00:00:00.013973,46.49086428181791,1.0892755012187187,1.6637677430552245,COMPLETE
82,-8.775338093141162,2026-01-17 19:52:33.855538,2026-01-17 19:52:33.870146,0 days 00:00:00.014608,45.50296141111082,1.1631745169111922,1.669201957670781,COMPLETE
83,-8.778112158892185,2026-01-17 19:52:33.870692,2026-01-17 19:52:33.884902,0 days 00:00:00.014210,44.963354874771305,1.1323495114936348,1.6582839946341614,COMPLETE
84,-8.88631593080486,2026-01-17 19:52:33.885430,2026-01-17 19:52:33.899613,0 days 00:00:00.014183,43.552017447246335,1.0694710535102252,1.3710819957960512,COMPLETE
85,-8.828892630258023,2026-01-17 19:52:33.900297,2026-01-17 19:52:33.914823,0 days 00:00:00.014526,45.78724491458624,1.0016778170397491,1.5101028200561846,COMPLETE
86,-8.823364531257678,2026-01-17 19:52:33.915433,2026-01-17 19:52:33.929848,0 days 00:00:00.014415,48.128065986463554,1.0353836030373968,1.97988960916456,COMPLETE
87,-8.842022310234407,2026-01-17 19:52:33.930482,2026-01-17 19:52:33.945135,0 days 00:00:00.014653,41.92044394805682,0.9565261688066967,2.138975081217548,COMPLETE
88,-8.777276968549355,2026-01-17 19:52:33.945641,2026-01-17 19:52:33.960580,0 days 00:00:00.014939,50.68357461215872,1.162155423317767,1.659508904634199,COMPLETE
89,-8.94216757923775,2026-01-17 19:52:33.961102,2026-01-17 19:52:33.976637,0 days 00:00:00.015535,52.96025221755552,1.1627345046013535,1.2664597382210094,COMPLETE
90,-8.863634751722373,2026-01-17 19:52:33.977230,2026-01-17 19:52:33.991769,0 days 00:00:00.014539,60.7927435761912,0.8201418412518885,1.7972135798397,COMPLETE
91,-8.787161427618535,2026-01-17 19:52:33.992341,2026-01-17 19:52:34.007805,0 days 00:00:00.015464,55.88711461672979,1.1327668965613877,1.6412663188847731,COMPLETE
92,-8.817948060303028,2026-01-17 19:52:34.008440,2026-01-17 19:52:34.024143,0 days 00:00:00.015703,50.422100452655684,1.017354345531622,1.5334412377680287,COMPLETE
93,-8.893446144073575,2026-01-17 19:52:34.025082,2026-01-17 19:52:34.039702,0 days 00:00:00.014620,51.674737244565534,1.0503421964337751,2.0550555307132075,COMPLETE
94,-8.804758987588475,2026-01-17 19:52:34.040477,2026-01-17 19:52:34.055589,0 days 00:00:00.015112,47.51286360941327,1.108977456266168,1.937406546648842,COMPLETE
95,-8.773782547005656,2026-01-17 19:52:34.056169,2026-01-17 19:52:34.070959,0 days 00:00:00.014790,44.32804009584444,1.1603098847928297,1.6842286861505413,COMPLETE
96,-8.771046872041543,2026-01-17 19:52:34.071560,2026-01-17 19:52:34.086800,0 days 00:00:00.015240,44.86356039297744,1.1546759467648666,1.8246319344750055,COMPLETE
97,-8.770602210109324,2026-01-17 19:52:34.087368,2026-01-17 19:52:34.102399,0 days 00:00:00.015031,44.476148891928965,1.166538671961545,1.8264234272840945,COMPLETE
98,-8.93598479191667,2026-01-17 19:52:34.103000,2026-01-17 19:52:34.117843,0 days 00:00:00.014843,44.16831768342283,1.1822921455268574,2.279929265263773,COMPLETE
99,-8.773448171831742,2026-01-17 19:52:34.118450,2026-01-17 19:52:34.133446,0 days 00:00:00.014996,45.07955562987058,1.0730316778987836,1.8437896466545451,COMPLETE
100,-8.882492716427844,2026-01-17 19:52:34.134222,2026-01-17 19:52:34.149045,0 days 00:00:00.014823,44.712961098201916,1.1329596952797412,1.3696170113166828,COMPLETE
101,-8.77111326179082,2026-01-17 19:52:34.149845,2026-01-17 19:52:34.163879,0 days 00:00:00.014034,43.16302054774896,1.0570709200213895,1.8367865458829475,COMPLETE
102,-8.767278709673693,2026-01-17 19:52:34.164612,2026-01-17 19:52:34.179534,0 days 00:00:00.014922,43.196124377641084,1.1529722466532584,1.7860115037660442,COMPLETE
103,-8.768504175361139,2026-01-17 19:52:34.180225,2026-01-17 19:52:34.195695,0 days 00:00:00.015470,43.22394953486638,1.15168000959644,1.7359268980925502,COMPLETE
104,-8.770044009729752,2026-01-17 19:52:34.196404,2026-01-17 19:52:34.211945,0 days 00:00:00.015541,40.34378693400794,1.149894787522853,1.7114582618143857,COMPLETE
105,-8.768971926361072,2026-01-17 19:52:34.212672,2026-01-17 19:52:34.237798,0 days 00:00:00.025126,43.08014213722868,1.1276696182792318,1.7343343948607242,COMPLETE
106,-8.76826878976062,2026-01-17 19:52:34.238412,2026-01-17 19:52:34.254192,0 days 00:00:00.015780,42.774295892844385,1.113087828845497,1.7562489443816238,COMPLETE
107,-8.76829465365827,2026-01-17 19:52:34.254941,2026-01-17 19:52:34.269644,0 days 00:00:00.014703,43.11116000696346,1.122710752544335,1.7494965342599655,COMPLETE
108,-8.804682901757925,2026-01-17 19:52:34.270231,2026-01-17 19:52:34.284723,0 days 00:00:00.014492,40.210238542502836,1.197490706248993,1.5633011221609197,COMPLETE
109,-8.768923693536506,2026-01-17 19:52:34.285443,2026-01-17 19:52:34.299785,0 days 00:00:00.014342,43.018914122920684,1.1101991295525286,1.7409375607808233,COMPLETE
110,-8.846816012678318,2026-01-17 19:52:34.300314,2026-01-17 19:52:34.314931,0 days 00:00:00.014617,41.15599227780715,1.1157708519191512,1.4579498153435355,COMPLETE
111,-8.768383902003071,2026-01-17 19:52:34.315435,2026-01-17 19:52:34.330417,0 days 00:00:00.014982,42.61469367200739,1.1399117237285519,1.746676465098552,COMPLETE
112,-8.7684913082251,2026-01-17 19:52:34.330945,2026-01-17 19:52:34.345455,0 days 00:00:00.014510,39.17562731277361,1.1334050800335624,1.7335588107550013,COMPLETE
113,-8.767808556393257,2026-01-17 19:52:34.345977,2026-01-17 19:52:34.360486,0 days 00:00:00.014509,39.58438429369375,1.1161307903697104,1.7382191013228014,COMPLETE
114,-8.769346759436864,2026-01-17 19:52:34.361037,2026-01-17 19:52:34.375289,0 days 00:00:00.014252,38.91837296639006,1.113059559359156,1.7338258529704436,COMPLETE
115,-8.767050864678419,2026-01-17 19:52:34.376144,2026-01-17 19:52:34.390361,0 days 00:00:00.014217,39.14063778601413,1.1182606465793359,1.748579453932165,COMPLETE
116,-8.768061277878758,2026-01-17 19:52:34.391103,2026-01-17 19:52:34.404680,0 days 00:00:00.013577,38.905806706682135,1.1089058162496968,1.7449542601964865,COMPLETE
117,-10.439570116591971,2026-01-17 19:52:34.405247,2026-01-17 19:52:34.419711,0 days 00:00:00.014464,39.01719477546513,1.0957731552365206,0.5216782414482597,COMPLETE
118,-8.797834511841552,2026-01-17 19:52:34.420216,2026-01-17 19:52:34.434470,0 days 00:00:00.014254,42.692048069604255,1.1289561607014966,1.9940559436758176,COMPLETE
119,-8.802430317512895,2026-01-17 19:52:34.435035,2026-01-17 19:52:34.459650,0 days 00:00:00.024615,41.81623504045252,1.0793497780983576,1.5830249308321018,COMPLETE
120,-8.768073587492953,2026-01-17 19:52:34.460229,2026-01-17 19:52:34.474507,0 days 00:00:00.014278,38.14753911269701,1.18672270515431,1.7396997963012568,COMPLETE
121,-8.766424650444671,2026-01-17 19:52:34.474991,2026-01-17 19:52:34.499920,0 days 00:00:00.024929,39.341665311017344,1.1174319588934623,1.7517672049862272,COMPLETE
122,-8.797268919713897,2026-01-17 19:52:34.500534,2026-01-17 19:52:34.515088,0 days 00:00:00.014554,37.866782617738664,1.186342071159182,1.6037160555066243,COMPLETE
123,-8.83970020937411,2026-01-17 19:52:34.515889,2026-01-17 19:52:34.530624,0 days 00:00:00.014735,39.674917485802666,1.103143056749781,1.4811262584447398,COMPLETE
124,-8.766848332245601,2026-01-17 19:52:34.531208,2026-01-17 19:52:34.545660,0 days 00:00:00.014452,38.769207411548805,1.1849228052798793,1.741732506579174,COMPLETE
125,-8.774542021706157,2026-01-17 19:52:34.546196,2026-01-17 19:52:34.560934,0 days 00:00:00.014738,36.126801003130545,1.180457027251974,1.918524165194481,COMPLETE
126,-8.765340351357384,2026-01-17 19:52:34.561516,2026-01-17 19:52:34.575965,0 days 00:00:00.014449,38.62975383626378,1.1389788146424709,1.7684328781600218,COMPLETE
127,-8.857489220212718,2026-01-17 19:52:34.576535,2026-01-17 19:52:34.591114,0 days 00:00:00.014579,38.47130127866238,1.197565048602217,1.4083817706129158,COMPLETE
128,-8.809986004799153,2026-01-17 19:52:34.591669,2026-01-17 19:52:34.605990,0 days 00:00:00.014321,39.52846180457465,1.0859539745870284,1.564162937345373,COMPLETE
129,-8.799416898492357,2026-01-17 19:52:34.606508,2026-01-17 19:52:34.621044,0 days 00:00:00.014536,37.64925943144292,1.139958815657398,2.038714247308884,COMPLETE
130,-8.799817018867483,2026-01-17 19:52:34.621811,2026-01-17 19:52:34.635697,0 days 00:00:00.013886,36.232591950807475,1.1719110679647624,1.6071747599948647,COMPLETE
131,-8.767267872049596,2026-01-17 19:52:34.636242,2026-01-17 19:52:34.650833,0 days 00:00:00.014591,40.85886248741037,1.144198431968716,1.7703216860772886,COMPLETE
132,-8.767509322030074,2026-01-17 19:52:34.651447,2026-01-17 19:52:34.665782,0 days 00:00:00.014335,41.17086285703168,1.1376538643651979,1.78324027656878,COMPLETE
