number,value,datetime_start,datetime_complete,duration,params_C,params_epsilon,params_gamma,state
0,-8.73664067204137,2026-01-17 19:52:35.704680,2026-01-17 19:52:35.716897,0 days 00:00:00.012217,32.09663673355508,1.1513608470741286,3.783103606782481,COMPLETE
1,-8.632847984109414,2026-01-17 19:52:35.717417,2026-01-17 19:52:35.729622,0 days 00:00:00.012205,51.3763954368594,0.5099693382710316,3.5696736231112642,COMPLETE
2,-8.735296722684547,2026-01-17 19:52:35.730293,2026-01-17 19:52:35.742776,0 days 00:00:00.012483,38.88333587311975,0.4179039264733421,3.948514944336654,COMPLETE
3,-8.516892458439909,2026-01-17 19:52:35.743256,2026-01-17 19:52:35.755562,0 days 00:00:00.012306,56.898068452677386,1.1876577089477636,2.0645050037956265,COMPLETE
4,-8.755399102447344,2026-01-17 19:52:35.756303,2026-01-17 19:52:35.768809,0 days 00:00:00.012506,57.243270859095595,0.5988165800249426,3.9860798361246284,COMPLETE
5,-8.62202854063113,2026-01-17 19:52:35.769745,2026-01-17 19:52:35.792370,0 days 00:00:00.022625,50.8211560042685,0.27486119058633024,3.5223206208999702,COMPLETE
6,-8.507856831524752,2026-01-17 19:52:35.792949,2026-01-17 19:52:35.805206,0 days 00:00:00.012257,53.54177817919944,0.7321773880026907,2.1918716091996013,COMPLETE
7,-8.600594216081307,2026-01-17 19:52:35.805775,2026-01-17 19:52:35.818035,0 days 00:00:00.012260,64.74844468294353,0.21047503217941466,3.3873660412408158,COMPLETE
8,-8.578269581747108,2026-01-17 19:52:35.818535,2026-01-17 19:52:35.841083,0 days 00:00:00.022548,53.64940246641811,0.46677904137743603,1.789412209787107,COMPLETE
9,-8.543726291592929,2026-01-17 19:52:35.841772,2026-01-17 19:52:35.854137,0 days 00:00:00.012365,41.703050121097476,0.6306375308499157,1.557375378425418,COMPLETE
10,-9.214807586860907,2026-01-17 19:52:35.854676,2026-01-17 19:52:35.869530,0 days 00:00:00.014854,26.282446972047644,0.8285517163632261,0.9809538630442094,COMPLETE
11,-8.476584733076377,2026-01-17 19:52:35.870071,2026-01-17 19:52:35.884727,0 days 00:00:00.014656,61.131349328882315,1.1899662296362599,2.6134998991431253,COMPLETE
12,-8.492939321130944,2026-01-17 19:52:35.885465,2026-01-17 19:52:35.900171,0 days 00:00:00.014706,64.71583758380943,0.9409120858775253,2.6837844720847532,COMPLETE
13,-8.500165434817239,2026-01-17 19:52:35.900834,2026-01-17 19:52:35.913883,0 days 00:00:00.013049,64.77811744661318,0.9454693207308962,2.766176427262765,COMPLETE
14,-8.48999778290764,2026-01-17 19:52:35.914444,2026-01-17 19:52:35.929460,0 days 00:00:00.015016,60.75226223887694,1.0089013867932142,2.743086383639802,COMPLETE
15,-8.516050016874628,2026-01-17 19:52:35.930029,2026-01-17 19:52:35.944716,0 days 00:00:00.014687,59.57204544423432,1.0236790243789584,2.9243363020720956,COMPLETE
16,-8.536531955243806,2026-01-17 19:52:35.945209,2026-01-17 19:52:35.959786,0 days 00:00:00.014577,46.30579602065117,1.070261350692734,3.109183894902613,COMPLETE
17,-8.476488449727508,2026-01-17 19:52:35.960468,2026-01-17 19:52:35.975175,0 days 00:00:00.014707,46.873246452631804,0.8323611192725886,2.5031963242028956,COMPLETE
18,-8.681622811201748,2026-01-17 19:52:35.975737,2026-01-17 19:52:35.990671,0 days 00:00:00.014934,46.463066311094416,0.819508557900735,1.2263841856378093,COMPLETE
19,-8.470808369271172,2026-01-17 19:52:35.991171,2026-01-17 19:52:36.005972,0 days 00:00:00.014801,35.68231324089684,0.8091373638399068,2.377787349786442,COMPLETE
20,-8.484380643103105,2026-01-17 19:52:36.006409,2026-01-17 19:52:36.021170,0 days 00:00:00.014761,36.65151757464442,0.054448063311447026,2.336242694716804,COMPLETE
21,-10.408008916498744,2026-01-17 19:52:36.021647,2026-01-17 19:52:36.036705,0 days 00:00:00.015058,31.925640991281462,0.8205676595547907,0.5078195823511868,COMPLETE
22,-8.475680288448709,2026-01-17 19:52:36.037305,2026-01-17 19:52:36.052236,0 days 00:00:00.014931,40.96270228209398,0.7344349332921302,2.504466450581904,COMPLETE
23,-8.479879591832823,2026-01-17 19:52:36.052758,2026-01-17 19:52:36.066682,0 days 00:00:00.013924,42.61104676364518,0.7243779206377429,2.3505472254814737,COMPLETE
24,-8.457624792531895,2026-01-17 19:52:36.067226,2026-01-17 19:52:36.082069,0 days 00:00:00.014843,34.74241052951558,0.7188708280368646,1.9224337860130079,COMPLETE
25,-8.466790438697355,2026-01-17 19:52:36.082593,2026-01-17 19:52:36.097606,0 days 00:00:00.015013,34.84230053647843,0.6685676021187721,1.7434144509376392,COMPLETE
26,-8.45679669587348,2026-01-17 19:52:36.098163,2026-01-17 19:52:36.112070,0 days 00:00:00.013907,34.73507771659268,0.5904530350721996,1.8592988168084041,COMPLETE
27,-8.413766574362647,2026-01-17 19:52:36.112669,2026-01-17 19:52:36.126522,0 days 00:00:00.013853,26.514707876868272,0.5958146118519271,1.9134594417954087,COMPLETE
28,-8.727816202783943,2026-01-17 19:52:36.127048,2026-01-17 19:52:36.141242,0 days 00:00:00.014194,25.225486255614484,0.5368572595269515,1.3291559753383015,COMPLETE
29,-8.412690996726571,2026-01-17 19:52:36.141764,2026-01-17 19:52:36.155416,0 days 00:00:00.013652,29.47480889667301,0.3911924686681373,1.9486753210553636,COMPLETE
30,-8.583452024307052,2026-01-17 19:52:36.155939,2026-01-17 19:52:36.170398,0 days 00:00:00.014459,29.136736458887363,0.3829132876864868,1.4321890639314099,COMPLETE
31,-8.420137459965968,2026-01-17 19:52:36.170982,2026-01-17 19:52:36.184528,0 days 00:00:00.013546,30.62117259296073,0.35379276642693225,1.9269602478909673,COMPLETE
32,-8.424624788060976,2026-01-17 19:52:36.185149,2026-01-17 19:52:36.199095,0 days 00:00:00.013946,30.641379881011886,0.3418069374146688,2.055018948437991,COMPLETE
33,-8.414952701395329,2026-01-17 19:52:36.199830,2026-01-17 19:52:36.214682,0 days 00:00:00.014852,29.569038645607236,0.33253358238250785,2.056719397771085,COMPLETE
34,-8.495386385422787,2026-01-17 19:52:36.215272,2026-01-17 19:52:36.230697,0 days 00:00:00.015425,27.888783581340686,0.15193081836657404,1.6171078101218965,COMPLETE
35,-8.415827148437693,2026-01-17 19:52:36.231240,2026-01-17 19:52:36.245477,0 days 00:00:00.014237,28.783829360763722,0.2928762911859798,2.1486886031495303,COMPLETE
36,-8.408639177738106,2026-01-17 19:52:36.246087,2026-01-17 19:52:36.260120,0 days 00:00:00.014033,27.725578381617453,0.45107110166689723,2.156278793278118,COMPLETE
37,-8.997571028035905,2026-01-17 19:52:36.260687,2026-01-17 19:52:36.274777,0 days 00:00:00.014090,27.359226512665387,0.45739890062192634,1.1116161812526184,COMPLETE
38,-8.486655206687114,2026-01-17 19:52:36.275313,2026-01-17 19:52:36.289265,0 days 00:00:00.013952,38.508645445250025,0.5568559679474083,2.048053955134793,COMPLETE
39,-8.467752492584248,2026-01-17 19:52:36.289756,2026-01-17 19:52:36.303711,0 days 00:00:00.013955,32.7589970384686,0.48025871696016526,1.6039457204187433,COMPLETE
40,-8.447296511621225,2026-01-17 19:52:36.304288,2026-01-17 19:52:36.318407,0 days 00:00:00.014119,32.64163514761429,0.22135063243783468,2.1967795067588143,COMPLETE
41,-8.425843910066245,2026-01-17 19:52:36.318963,2026-01-17 19:52:36.333206,0 days 00:00:00.014243,29.613148578959276,0.2827913729117838,2.1676339399222546,COMPLETE
42,-8.467787120099036,2026-01-17 19:52:36.333747,2026-01-17 19:52:36.347940,0 days 00:00:00.014193,25.082862938733765,0.2939333885950548,1.7629280995130203,COMPLETE
43,-8.40382255889223,2026-01-17 19:52:36.348467,2026-01-17 19:52:36.362624,0 days 00:00:00.014157,28.041809640313435,0.4299204291470363,2.014029552741573,COMPLETE
44,-8.588009308749255,2026-01-17 19:52:36.363357,2026-01-17 19:52:36.378136,0 days 00:00:00.014779,27.454922333634997,0.38249423423958073,1.452183175988683,COMPLETE
45,-8.42834168663254,2026-01-17 19:52:36.378870,2026-01-17 19:52:36.393105,0 days 00:00:00.014235,31.416456430532563,0.4293728695003904,1.958381778291191,COMPLETE
46,-8.497543627776253,2026-01-17 19:52:36.393895,2026-01-17 19:52:36.409530,0 days 00:00:00.015635,26.183841410339525,0.20292906509379482,1.6465586390004572,COMPLETE
47,-8.70120261383999,2026-01-17 19:52:36.410151,2026-01-17 19:52:36.424367,0 days 00:00:00.014216,33.55268769354852,0.5315822673146284,3.764023598981901,COMPLETE
48,-8.484756660161585,2026-01-17 19:52:36.424983,2026-01-17 19:52:36.440204,0 days 00:00:00.015221,37.94889057309865,0.42815425798524,2.4573593174327195,COMPLETE
49,-8.427769049134819,2026-01-17 19:52:36.441059,2026-01-17 19:52:36.454595,0 days 00:00:00.013536,29.42303315906806,0.5007354347508295,2.236148948959435,COMPLETE
50,-8.432289677952845,2026-01-17 19:52:36.455144,2026-01-17 19:52:36.470046,0 days 00:00:00.014902,26.60396171931327,0.6504952735508902,1.8207456597911305,COMPLETE
51,-8.406715658347892,2026-01-17 19:52:36.470639,2026-01-17 19:52:36.485768,0 days 00:00:00.015129,28.411411077710888,0.316553558198502,2.035913734396134,COMPLETE
52,-8.41748632569267,2026-01-17 19:52:36.486447,2026-01-17 19:52:36.500987,0 days 00:00:00.014540,30.181208666557016,0.33424025987603767,2.001091997753525,COMPLETE
53,-8.40745698317368,2026-01-17 19:52:36.501545,2026-01-17 19:52:36.517173,0 days 00:00:00.015628,28.21569798544109,0.39951507110892037,2.0917157251373504,COMPLETE
54,-8.52745902336483,2026-01-17 19:52:36.517790,2026-01-17 19:52:36.532173,0 days 00:00:00.014383,27.77055894477209,0.6015120167292006,2.930942674245121,COMPLETE
55,-8.458956111898853,2026-01-17 19:52:36.532803,2026-01-17 19:52:36.547007,0 days 00:00:00.014204,26.3298973733356,0.3902444295319094,2.5577297053864876,COMPLETE
56,-8.511700030054921,2026-01-17 19:52:36.547861,2026-01-17 19:52:36.562009,0 days 00:00:00.014148,48.90834242680333,0.23926436533040557,2.292468035397942,COMPLETE
57,-8.45452635933639,2026-01-17 19:52:36.562546,2026-01-17 19:52:36.577019,0 days 00:00:00.014473,28.315051940717613,0.44689547021172427,1.6879356292835177,COMPLETE
58,-9.45220024893958,2026-01-17 19:52:36.577909,2026-01-17 19:52:36.593011,0 days 00:00:00.015102,31.762168841306973,0.5043811797239554,0.8342901008958536,COMPLETE
59,-8.492784969324102,2026-01-17 19:52:36.593547,2026-01-17 19:52:36.608054,0 days 00:00:00.014507,33.91770310580616,0.404247216628441,1.5132182208862857,COMPLETE
60,-8.493356224874413,2026-01-17 19:52:36.608716,2026-01-17 19:52:36.623699,0 days 00:00:00.014983,54.874324314513586,0.5606124796766857,2.671688803111434,COMPLETE
61,-8.40938325405236,2026-01-17 19:52:36.624272,2026-01-17 19:52:36.638720,0 days 00:00:00.014448,25.492474225002354,0.13323094447249528,2.105630529054209,COMPLETE
62,-8.411446012600607,2026-01-17 19:52:36.639337,2026-01-17 19:52:36.654560,0 days 00:00:00.015223,25.638936821837174,0.1229669660253531,2.1754158885064188,COMPLETE
63,-8.43761363402333,2026-01-17 19:52:36.655126,2026-01-17 19:52:36.669522,0 days 00:00:00.014396,25.26868807374728,0.08050060288780014,2.421512031387798,COMPLETE
64,-8.411388152644898,2026-01-17 19:52:36.670403,2026-01-17 19:52:36.683996,0 days 00:00:00.013593,28.489294905246,0.1227213235976555,2.1293678115883616,COMPLETE
65,-8.436240115629518,2026-01-17 19:52:36.684547,2026-01-17 19:52:36.699991,0 days 00:00:00.015444,31.11018170810688,0.1457234845614588,2.1714693566734704,COMPLETE
66,-8.429184394878067,2026-01-17 19:52:36.700827,2026-01-17 19:52:36.715413,0 days 00:00:00.014586,28.106598271071736,0.11549099374596165,2.316315913260373,COMPLETE
67,-8.52137620057301,2026-01-17 19:52:36.716147,2026-01-17 19:52:36.731294,0 days 00:00:00.015147,26.580576628346424,0.16628302351415847,2.866755571657729,COMPLETE
68,-8.411373995157858,2026-01-17 19:52:36.732038,2026-01-17 19:52:36.746390,0 days 00:00:00.014352,26.018944410410196,0.05390305815913485,2.0979049683152793,COMPLETE
69,-8.42712993203058,2026-01-17 19:52:36.746919,2026-01-17 19:52:36.760967,0 days 00:00:00.014048,28.506408611334713,0.0638468522096271,1.8218107204527505,COMPLETE
70,-8.510749559876231,2026-01-17 19:52:36.761505,2026-01-17 19:52:36.775663,0 days 00:00:00.014158,43.42914873040225,0.18773160309846132,2.0961311435274586,COMPLETE
71,-8.419410931655584,2026-01-17 19:52:36.776209,2026-01-17 19:52:36.790669,0 days 00:00:00.014460,25.17343830831946,0.10783898879300656,2.2895622758033727,COMPLETE
72,-8.440026601474537,2026-01-17 19:52:36.791225,2026-01-17 19:52:36.806745,0 days 00:00:00.015520,27.053485904821883,0.11422109447554388,2.4264980276874963,COMPLETE
73,-8.426889473532269,2026-01-17 19:52:36.807449,2026-01-17 19:52:36.822565,0 days 00:00:00.015116,30.45262158255121,0.258735859341803,2.111208957532279,COMPLETE
74,-8.46906923036881,2026-01-17 19:52:36.823097,2026-01-17 19:52:36.837329,0 days 00:00:00.014232,25.96492112650598,0.08664607461723717,2.592597174633405,COMPLETE
75,-8.417102772442394,2026-01-17 19:52:36.838053,2026-01-17 19:52:36.853553,0 days 00:00:00.015500,28.568926863287043,0.18311186327361725,1.8745604218250413,COMPLETE
76,-8.409934070719789,2026-01-17 19:52:36.854264,2026-01-17 19:52:36.868642,0 days 00:00:00.014378,27.03988505851125,0.12737926817809395,2.0205921778180924,COMPLETE
77,-8.412045330875351,2026-01-17 19:52:36.869342,2026-01-17 19:52:36.883220,0 days 00:00:00.013878,27.195206963628465,0.05042452339233125,2.0176336171976543,COMPLETE
78,-8.44885330765231,2026-01-17 19:52:36.883724,2026-01-17 19:52:36.897726,0 days 00:00:00.014002,32.46000873777234,0.24622394918052454,1.7437525395865277,COMPLETE
79,-8.47719470853656,2026-01-17 19:52:36.898301,2026-01-17 19:52:36.912397,0 days 00:00:00.014096,36.413001898143975,0.31832938639269154,2.279386384234439,COMPLETE
80,-8.415409592174985,2026-01-17 19:52:36.913182,2026-01-17 19:52:36.927295,0 days 00:00:00.014113,29.527973653816787,0.23018930612231053,1.9370161577320129,COMPLETE
81,-8.412353986459394,2026-01-17 19:52:36.928034,2026-01-17 19:52:36.942184,0 days 00:00:00.014150,25.632238681722882,0.13026179267434143,2.1907282420510543,COMPLETE
82,-8.405154953953668,2026-01-17 19:52:36.942730,2026-01-17 19:52:36.958118,0 days 00:00:00.015388,27.65274589114543,0.1551148754665302,2.061285386633664,COMPLETE
83,-8.406772816474774,2026-01-17 19:52:36.958612,2026-01-17 19:52:36.973447,0 days 00:00:00.014835,27.473789573821424,0.09208121203475335,2.072847086830251,COMPLETE
84,-8.406686030327101,2026-01-17 19:52:36.974144,2026-01-17 19:52:36.988722,0 days 00:00:00.014578,27.321548279921803,0.17257335879969582,2.035269061701496,COMPLETE
85,-8.420035533864791,2026-01-17 19:52:36.989354,2026-01-17 19:52:37.003874,0 days 00:00:00.014520,30.479071961501802,0.17532267997086026,1.9959504180471113,COMPLETE
86,-8.422034735282674,2026-01-17 19:52:37.004592,2026-01-17 19:52:37.019949,0 days 00:00:00.015357,27.611675450876902,0.2124070543963263,1.8609322184447745,COMPLETE
87,-8.467863474210404,2026-01-17 19:52:37.020631,2026-01-17 19:52:37.035311,0 days 00:00:00.014680,33.272423211195715,0.3068600198559055,2.3881556915326105,COMPLETE
88,-8.431485295063109,2026-01-17 19:52:37.035994,2026-01-17 19:52:37.051584,0 days 00:00:00.015590,29.48955096339247,0.354486171650554,1.7533435219653404,COMPLETE
89,-8.444150995294619,2026-01-17 19:52:37.052120,2026-01-17 19:52:37.067113,0 days 00:00:00.014993,31.76959443640029,0.2720324137731662,2.2378363316982703,COMPLETE
90,-8.408921000172185,2026-01-17 19:52:37.067632,2026-01-17 19:52:37.081818,0 days 00:00:00.014186,27.19142462243573,0.15473009946010047,2.0136041230124393,COMPLETE
91,-8.409339948493898,2026-01-17 19:52:37.082305,2026-01-17 19:52:37.096228,0 days 00:00:00.013923,27.217622368023648,0.15337749482113003,2.0076073122183526,COMPLETE
92,-8.458167389367855,2026-01-17 19:52:37.096809,2026-01-17 19:52:37.111137,0 days 00:00:00.014328,28.974276352540233,0.15676046917227168,1.6818105951025357,COMPLETE
93,-8.418229309469178,2026-01-17 19:52:37.111692,2026-01-17 19:52:37.125917,0 days 00:00:00.014225,27.713351546588438,0.09097347850248419,1.9091070704065112,COMPLETE
94,-8.412852555063184,2026-01-17 19:52:37.126447,2026-01-17 19:52:37.141400,0 days 00:00:00.014953,25.023823527435347,0.20117435771960773,2.0550685542692633,COMPLETE
95,-8.46555068218713,2026-01-17 19:52:37.141934,2026-01-17 19:52:37.155844,0 days 00:00:00.013910,30.315065781308096,1.1539070548111847,2.5045210591542615,COMPLETE
96,-8.49389372865095,2026-01-17 19:52:37.156517,2026-01-17 19:52:37.170889,0 days 00:00:00.014372,39.782352454571594,0.36164369742891134,1.8086498057319118,COMPLETE
97,-8.52436693571636,2026-01-17 19:52:37.171429,2026-01-17 19:52:37.186118,0 days 00:00:00.014689,26.872688123386506,0.480943147932169,1.55061253669324,COMPLETE
98,-8.411853002815077,2026-01-17 19:52:37.186874,2026-01-17 19:52:37.200646,0 days 00:00:00.013772,28.849053917100132,0.1434390513967534,1.9772676770829158,COMPLETE
99,-8.453639490625566,2026-01-17 19:52:37.201228,2026-01-17 19:52:37.216809,0 days 00:00:00.015581,31.17275589827254,0.08666002608148506,2.35155980136316,COMPLETE
100,-8.411706739745066,2026-01-17 19:52:37.217380,2026-01-17 19:52:37.231138,0 days 00:00:00.013758,26.447935826206432,0.2601773886019009,2.243896880875327,COMPLETE
101,-8.40648252773692,2026-01-17 19:52:37.231669,2026-01-17 19:52:37.247136,0 days 00:00:00.015467,27.380442155160658,0.16828162485421494,2.0384431218255683,COMPLETE
102,-8.405742386397984,2026-01-17 19:52:37.247729,2026-01-17 19:52:37.261856,0 days 00:00:00.014127,27.799694973677155,0.18971388858888102,2.075431520511823,COMPLETE
103,-8.415115310448822,2026-01-17 19:52:37.262415,2026-01-17 19:52:37.276786,0 days 00:00:00.014371,27.930881967078864,0.2216525338510617,1.894516576662249,COMPLETE
104,-8.415359634838845,2026-01-17 19:52:37.277319,2026-01-17 19:52:37.291537,0 days 00:00:00.014218,29.816635945677838,0.16855283123316606,1.9739672205139547,COMPLETE
105,-8.407977589974893,2026-01-17 19:52:37.292104,2026-01-17 19:52:37.317376,0 days 00:00:00.025272,28.396928628721827,0.1886637115479556,2.062506515704095,COMPLETE
106,-8.42111772555452,2026-01-17 19:52:37.317958,2026-01-17 19:52:37.334119,0 days 00:00:00.016161,28.74356370937124,0.19371761212429442,2.2142426215762527,COMPLETE
107,-8.409719587171123,2026-01-17 19:52:37.334684,2026-01-17 19:52:37.349156,0 days 00:00:00.014472,28.13530969118612,0.41060893017685024,2.1370879698495906,COMPLETE
108,-8.43304804107411,2026-01-17 19:52:37.349949,2026-01-17 19:52:37.364546,0 days 00:00:00.014597,31.32234343732691,0.4391810975547562,2.070355165839057,COMPLETE
109,-8.44546594815508,2026-01-17 19:52:37.365098,2026-01-17 19:52:37.380722,0 days 00:00:00.015624,29.973371370041818,0.29791138491124813,1.6960965871987819,COMPLETE
110,-8.567658643961423,2026-01-17 19:52:37.381329,2026-01-17 19:52:37.395609,0 days 00:00:00.014280,51.31077225479665,0.2357193439596843,1.8329430155592152,COMPLETE
111,-8.407193596902044,2026-01-17 19:52:37.396200,2026-01-17 19:52:37.410817,0 days 00:00:00.014617,27.443190900221104,0.1509906905112899,2.0315374323572692,COMPLETE
112,-8.588089948480507,2026-01-17 19:52:37.411394,2026-01-17 19:52:37.435824,0 days 00:00:00.024430,63.43042043843661,0.10490830222091439,1.91254346542896,COMPLETE
113,-8.409699356824811,2026-01-17 19:52:37.436429,2026-01-17 19:52:37.450974,0 days 00:00:00.014545,26.200531048737894,0.17345413725797307,2.169662183728224,COMPLETE
114,-8.42709481707582,2026-01-17 19:52:37.451491,2026-01-17 19:52:37.466161,0 days 00:00:00.014670,27.737804858511122,0.21107223833423147,2.326700067061971,COMPLETE
115,-8.416036280885496,2026-01-17 19:52:37.466707,2026-01-17 19:52:37.481167,0 days 00:00:00.014460,29.30842474782132,0.46591746648782084,2.0783198610158804,COMPLETE
116,-8.629435760637225,2026-01-17 19:52:37.481718,2026-01-17 19:52:37.496205,0 days 00:00:00.014487,26.693835457828747,0.07658580199082989,3.3619530083301137,COMPLETE
117,-8.438647217986658,2026-01-17 19:52:37.496956,2026-01-17 19:52:37.511628,0 days 00:00:00.014672,30.655329787234148,0.3746673373356563,2.269669166377091,COMPLETE
118,-8.410297350095604,2026-01-17 19:52:37.512426,2026-01-17 19:52:37.526605,0 days 00:00:00.014179,28.517648634254797,0.2535869686188188,1.9664437116905862,COMPLETE
119,-8.435742455557417,2026-01-17 19:52:37.527335,2026-01-17 19:52:37.541542,0 days 00:00:00.014207,27.309893227326626,0.2731514106280183,1.7900167369578575,COMPLETE
120,-8.406406174112533,2026-01-17 19:52:37.542060,2026-01-17 19:52:37.556342,0 days 00:00:00.014282,25.93765393708884,0.2005372050140736,2.121454395301909,COMPLETE
121,-8.407878296800856,2026-01-17 19:52:37.557107,2026-01-17 19:52:37.571257,0 days 00:00:00.014150,25.929681510765974,0.14764000545145128,2.108941584904929,COMPLETE
122,-8.40496202913209,2026-01-17 19:52:37.571816,2026-01-17 19:52:37.587417,0 days 00:00:00.015601,25.69569561747544,0.32111781478155865,2.1358021193859225,COMPLETE
123,-8.404017590096148,2026-01-17 19:52:37.587935,2026-01-17 19:52:37.602348,0 days 00:00:00.014413,25.90450672700594,0.3345381670059024,2.1264049384041996,COMPLETE
124,-8.404338041464277,2026-01-17 19:52:37.603319,2026-01-17 19:52:37.617547,0 days 00:00:00.014228,26.083503683910628,0.32312839203982585,2.129628353203401,COMPLETE
125,-8.409174734474536,2026-01-17 19:52:37.618098,2026-01-17 19:52:37.633015,0 days 00:00:00.014917,26.108351321869463,0.3179786030165494,2.219368189188305,COMPLETE
126,-8.442356197829344,2026-01-17 19:52:37.633605,2026-01-17 19:52:37.648992,0 days 00:00:00.015387,25.17761910891685,0.33208245282369864,2.4646837634980643,COMPLETE
127,-8.406453614793659,2026-01-17 19:52:37.649679,2026-01-17 19:52:37.664531,0 days 00:00:00.014852,26.295117856231155,0.27749842303779515,2.15066421900794,COMPLETE
128,-8.42071616265586,2026-01-17 19:52:37.665099,2026-01-17 19:52:37.679503,0 days 00:00:00.014404,25.942782555121752,0.2908893127844275,2.3258754686996146,COMPLETE
129,-8.424457437961566,2026-01-17 19:52:37.680024,2026-01-17 19:52:37.695658,0 days 00:00:00.015634,26.613115579969897,0.27130443288201916,1.8783648774381363,COMPLETE
130,-8.408093541348062,2026-01-17 19:52:37.696302,2026-01-17 19:52:37.711592,0 days 00:00:00.015290,25.012118543536484,0.22746933875474834,2.1671955396917837,COMPLETE
131,-8.409723456221032,2026-01-17 19:52:37.712168,2026-01-17 19:52:37.727041,0 days 00:00:00.014873,26.959961683445663,0.35686142429690715,1.9553241454855925,COMPLETE
