number,value,datetime_start,datetime_complete,duration,params_C,params_epsilon,params_gamma,state
133,-8.205577079255928,2026-01-17 19:58:12.126344,2026-01-17 19:58:12.140917,0 days 00:00:00.014573,55.89936344749211,1.1517287750382057,2.0996509629982496,COMPLETE
134,-8.194332590018366,2026-01-17 19:58:12.141761,2026-01-17 19:58:12.156798,0 days 00:00:00.015037,53.21700866422102,1.1955908059945566,2.1776849226121398,COMPLETE
135,-8.222592171510296,2026-01-17 19:58:12.157526,2026-01-17 19:58:12.172304,0 days 00:00:00.014778,56.7574342924523,1.0754484609139374,2.0332699870052804,COMPLETE
136,-8.202041304434877,2026-01-17 19:58:12.173020,2026-01-17 19:58:12.187593,0 days 00:00:00.014573,54.23523524590485,1.1628189997702565,2.4953498510500602,COMPLETE
137,-8.185913769792037,2026-01-17 19:58:12.188201,2026-01-17 19:58:12.202786,0 days 00:00:00.014585,55.16181861531217,1.10746667141538,2.265559028573222,COMPLETE
138,-8.212503093204385,2026-01-17 19:58:12.203282,2026-01-17 19:58:12.217785,0 days 00:00:00.014503,55.69702288714326,0.25301135048064544,2.3888356515064575,COMPLETE
139,-8.187206581343201,2026-01-17 19:58:12.218343,2026-01-17 19:58:12.232811,0 days 00:00:00.014468,52.22757265457984,1.0318799005701182,2.301185251812461,COMPLETE
140,-8.199714572954147,2026-01-17 19:58:12.233278,2026-01-17 19:58:12.247571,0 days 00:00:00.014293,55.27042970612583,1.1061623725640402,2.4678472996998204,COMPLETE
141,-8.18727528264652,2026-01-17 19:58:12.248265,2026-01-17 19:58:12.262659,0 days 00:00:00.014394,53.6972617222024,1.1361821957068068,2.243155020183883,COMPLETE
142,-8.19503756104368,2026-01-17 19:58:12.263114,2026-01-17 19:58:12.277357,0 days 00:00:00.014243,54.61710821526648,1.1205217548811188,2.170023124115341,COMPLETE
143,-8.18749695774864,2026-01-17 19:58:12.277820,2026-01-17 19:58:12.291818,0 days 00:00:00.013998,56.539956603592316,1.0885495694152467,2.263104023932151,COMPLETE
144,-8.229563858334094,2026-01-17 19:58:12.292322,2026-01-17 19:58:12.306861,0 days 00:00:00.014539,38.93588802853625,1.1697142633166724,2.4101259460645927,COMPLETE
145,-8.189338245879751,2026-01-17 19:58:12.307474,2026-01-17 19:58:12.322460,0 days 00:00:00.014986,53.188225537759635,1.1989622220814837,2.3562977593013215,COMPLETE
146,-8.210065200518601,2026-01-17 19:58:12.322933,2026-01-17 19:58:12.337384,0 days 00:00:00.014451,51.46781929133608,1.0572828704065638,2.0849897005988662,COMPLETE
147,-8.191170736963095,2026-01-17 19:58:12.337822,2026-01-17 19:58:12.352137,0 days 00:00:00.014315,55.01137555372629,1.146396763877703,2.1929082932655692,COMPLETE
148,-8.206612051033181,2026-01-17 19:58:12.352754,2026-01-17 19:58:12.367226,0 days 00:00:00.014472,54.016341964345685,1.1101399475336355,2.5479375307520393,COMPLETE
149,-8.186358258082532,2026-01-17 19:58:12.367786,2026-01-17 19:58:12.382437,0 days 00:00:00.014651,56.28312801276694,1.13109002062128,2.2843392090914163,COMPLETE
150,-8.192636008892688,2026-01-17 19:58:12.382892,2026-01-17 19:58:12.397423,0 days 00:00:00.014531,58.34603429058301,0.9829560277601374,2.3150146955684403,COMPLETE
151,-8.186351385621162,2026-01-17 19:58:12.397886,2026-01-17 19:58:12.411972,0 days 00:00:00.014086,55.99454055925948,1.1338542467832586,2.254565355618565,COMPLETE
152,-8.197742301641183,2026-01-17 19:58:12.412450,2026-01-17 19:58:12.428095,0 days 00:00:00.015645,55.9656858230325,1.0865157556102008,2.4351540475767854,COMPLETE
153,-8.187813055494688,2026-01-17 19:58:12.428761,2026-01-17 19:58:12.442816,0 days 00:00:00.014055,57.261831369446995,1.1321744116048993,2.2821280338868624,COMPLETE
154,-8.196399352789204,2026-01-17 19:58:12.443237,2026-01-17 19:58:12.457531,0 days 00:00:00.014294,56.59220767642888,0.7500164333081316,2.3724698999395017,COMPLETE
155,-8.200747556737277,2026-01-17 19:58:12.458014,2026-01-17 19:58:12.472507,0 days 00:00:00.014493,60.04654448324987,1.0467840160081343,2.134155426433097,COMPLETE
156,-8.219925087210617,2026-01-17 19:58:12.473105,2026-01-17 19:58:12.487348,0 days 00:00:00.014243,55.703896329351224,1.100763475755971,2.0327688299708,COMPLETE
157,-8.187954462045838,2026-01-17 19:58:12.487995,2026-01-17 19:58:12.502699,0 days 00:00:00.014704,52.39991832590396,1.1550131694214656,2.2564456105755313,COMPLETE
158,-8.187337374450058,2026-01-17 19:58:12.503267,2026-01-17 19:58:12.517678,0 days 00:00:00.014411,53.76056682259422,1.0726857720135357,2.341637687424194,COMPLETE
159,-8.199431917412166,2026-01-17 19:58:12.518327,2026-01-17 19:58:12.533008,0 days 00:00:00.014681,57.85037319916509,1.1283552108320603,2.4561426939527973,COMPLETE
160,-8.730819024949625,2026-01-17 19:58:12.533546,2026-01-17 19:58:12.548880,0 days 00:00:00.015334,55.00732914868878,0.525060019233894,0.9576491799118321,COMPLETE
161,-8.190982154544816,2026-01-17 19:58:12.549621,2026-01-17 19:58:12.563396,0 days 00:00:00.013775,54.427047825246184,1.158315938650037,2.197928038644849,COMPLETE
162,-8.186795427140924,2026-01-17 19:58:12.563809,2026-01-17 19:58:12.578600,0 days 00:00:00.014791,53.009201245300886,1.1747385406408335,2.2557298335107805,COMPLETE
163,-8.202132741178456,2026-01-17 19:58:12.578993,2026-01-17 19:58:12.593341,0 days 00:00:00.014348,52.51061209444647,1.1122307017174382,2.132064251773373,COMPLETE
164,-8.185620195669292,2026-01-17 19:58:12.593808,2026-01-17 19:58:12.608307,0 days 00:00:00.014499,53.201056792178505,1.1325640370204715,2.2718756524594306,COMPLETE
165,-8.189988993203624,2026-01-17 19:58:12.609078,2026-01-17 19:58:12.623398,0 days 00:00:00.014320,50.62311280653392,1.1676634169308964,2.2717144393705064,COMPLETE
166,-8.193286884165875,2026-01-17 19:58:12.623801,2026-01-17 19:58:12.638207,0 days 00:00:00.014406,53.16237636036729,1.1369347451623504,2.4042941355359244,COMPLETE
167,-8.193046007524973,2026-01-17 19:58:12.638613,2026-01-17 19:58:12.652830,0 days 00:00:00.014217,53.086124534054825,1.1785137012296842,2.193245498176776,COMPLETE
168,-8.18718221856849,2026-01-17 19:58:12.653285,2026-01-17 19:58:12.667840,0 days 00:00:00.014555,51.85886328638625,1.140815324969454,2.3386089693878938,COMPLETE
169,-8.204382153717496,2026-01-17 19:58:12.668334,2026-01-17 19:58:12.682436,0 days 00:00:00.014102,56.28117533962456,1.0999502325744455,2.515413533902068,COMPLETE
170,-8.203409827264831,2026-01-17 19:58:12.682937,2026-01-17 19:58:12.697538,0 days 00:00:00.014601,53.89033761450548,1.1220188188261513,2.1165443968139073,COMPLETE
171,-8.18639002585186,2026-01-17 19:58:12.698064,2026-01-17 19:58:12.712834,0 days 00:00:00.014770,55.1460562551932,1.0776422781837165,2.2840977844541017,COMPLETE
172,-8.186860646845101,2026-01-17 19:58:12.713886,2026-01-17 19:58:12.728323,0 days 00:00:00.014437,55.58927054837398,1.0808765416839794,2.2527498002902533,COMPLETE
173,-8.194472342698024,2026-01-17 19:58:12.728903,2026-01-17 19:58:12.743615,0 days 00:00:00.014712,55.244681729976314,1.1678028910966618,2.3911230521079854,COMPLETE
174,-8.190645656429844,2026-01-17 19:58:12.744131,2026-01-17 19:58:12.758392,0 days 00:00:00.014261,53.8326767135837,1.115806473761371,2.213907249690565,COMPLETE
175,-8.188240341789339,2026-01-17 19:58:12.758879,2026-01-17 19:58:12.773331,0 days 00:00:00.014452,57.10758697323806,1.143861937600631,2.298848014035255,COMPLETE
176,-8.196637231118013,2026-01-17 19:58:12.773908,2026-01-17 19:58:12.789029,0 days 00:00:00.015121,52.89611230257035,1.0937246717470364,2.1701894748983035,COMPLETE
177,-8.199732065723325,2026-01-17 19:58:12.789511,2026-01-17 19:58:12.804064,0 days 00:00:00.014553,54.62571575482878,1.1632932750123082,2.4611248227857776,COMPLETE
178,-8.212457979370363,2026-01-17 19:58:12.804569,2026-01-17 19:58:12.818867,0 days 00:00:00.014298,56.12566207463836,1.1335047600685797,2.0681919551433836,COMPLETE
179,-8.187125809976738,2026-01-17 19:58:12.819325,2026-01-17 19:58:12.833597,0 days 00:00:00.014272,51.05592642451048,1.0603654392693502,2.3388822018843056,COMPLETE
180,-8.187215029429284,2026-01-17 19:58:12.834031,2026-01-17 19:58:12.849597,0 days 00:00:00.015566,55.166980693457845,1.0296575031929809,2.2735262311930513,COMPLETE
181,-8.186869247748367,2026-01-17 19:58:12.850013,2026-01-17 19:58:12.864231,0 days 00:00:00.014218,55.62498952067992,1.082410631546989,2.2505738701331923,COMPLETE
182,-8.18788235810413,2026-01-17 19:58:12.864939,2026-01-17 19:58:12.879307,0 days 00:00:00.014368,54.07335549310151,1.1043430960062823,2.238663628349324,COMPLETE
183,-8.454834317188176,2026-01-17 19:58:12.879715,2026-01-17 19:58:12.894647,0 days 00:00:00.014932,56.85514342178819,1.0746484387146935,3.5933387602689764,COMPLETE
184,-8.193488382958824,2026-01-17 19:58:12.895076,2026-01-17 19:58:12.909449,0 days 00:00:00.014373,55.71420674834203,1.1789574698730627,2.37504246331615,COMPLETE
185,-8.199223795985102,2026-01-17 19:58:12.909872,2026-01-17 19:58:12.924976,0 days 00:00:00.015104,53.36155514481942,1.1206828342652486,2.144596101921172,COMPLETE
186,-8.185244735042037,2026-01-17 19:58:12.925465,2026-01-17 19:58:12.940627,0 days 00:00:00.015162,55.012412123496574,1.1499723725567321,2.2827179577128716,COMPLETE
187,-8.185747841531539,2026-01-17 19:58:12.941061,2026-01-17 19:58:12.955675,0 days 00:00:00.014614,52.025086935466966,1.1501561500303419,2.3136810811944972,COMPLETE
188,-8.195892233427035,2026-01-17 19:58:12.956113,2026-01-17 19:58:12.970383,0 days 00:00:00.014270,54.5819156941173,1.1502252081707485,2.4149408652088344,COMPLETE
189,-8.186293991632432,2026-01-17 19:58:12.970761,2026-01-17 19:58:12.986220,0 days 00:00:00.015459,51.70669439661041,1.132013041181074,2.3228073453015967,COMPLETE
190,-8.186169708825677,2026-01-17 19:58:12.986632,2026-01-17 19:58:13.001294,0 days 00:00:00.014662,52.01124064973378,1.148239483189133,2.321763890543897,COMPLETE
191,-8.188836160714692,2026-01-17 19:58:13.002010,2026-01-17 19:58:13.016366,0 days 00:00:00.014356,49.98980199266614,1.14810767886934,2.3297600348091696,COMPLETE
192,-8.194181958638769,2026-01-17 19:58:13.016855,2026-01-17 19:58:13.031111,0 days 00:00:00.014256,52.00519526065137,1.1179403035698638,2.192677111015636,COMPLETE
193,-8.191046472475595,2026-01-17 19:58:13.031893,2026-01-17 19:58:13.046690,0 days 00:00:00.014797,51.4137199133625,1.154377392814804,2.3954383704230287,COMPLETE
194,-8.19221186568475,2026-01-17 19:58:13.047094,2026-01-17 19:58:13.061709,0 days 00:00:00.014615,48.95219146201626,1.0981389346271686,2.3046049985712123,COMPLETE
195,-8.202104488965054,2026-01-17 19:58:13.062333,2026-01-17 19:58:13.077447,0 days 00:00:00.015114,52.292548505268584,1.133033602313493,2.503693139984634,COMPLETE
196,-8.188587870628314,2026-01-17 19:58:13.077898,2026-01-17 19:58:13.093477,0 days 00:00:00.015579,50.66621193376367,1.1998104570960446,2.3501357702914003,COMPLETE
197,-8.194504057088228,2026-01-17 19:58:13.094159,2026-01-17 19:58:13.108612,0 days 00:00:00.014453,53.73657501791071,1.107945427009134,2.1851620437117503,COMPLETE
198,-8.19703464893115,2026-01-17 19:58:13.109317,2026-01-17 19:58:13.123787,0 days 00:00:00.014470,51.85887047609323,1.1752248940622092,2.4519142325948065,COMPLETE
199,-8.185416668321855,2026-01-17 19:58:13.124368,2026-01-17 19:58:13.139249,0 days 00:00:00.014881,54.874364413579684,1.1412457421696653,2.2995789280219086,COMPLETE
