number,value,datetime_start,datetime_complete,duration,params_C,params_epsilon,params_gamma,state
132,-7.059985708013407,2026-01-17 19:53:59.214058,2026-01-17 19:53:59.228690,0 days 00:00:00.014632,32.089577182494686,1.075707789793479,0.9731116866407374,COMPLETE
133,-7.076965388215643,2026-01-17 19:53:59.229310,2026-01-17 19:53:59.245396,0 days 00:00:00.016086,28.324277578597147,1.0438851001515874,1.2138154522327396,COMPLETE
134,-7.062999698117724,2026-01-17 19:53:59.245976,2026-01-17 19:53:59.260809,0 days 00:00:00.014833,25.012933622838908,1.1998103881914692,0.8422581762972499,COMPLETE
135,-7.173448188547638,2026-01-17 19:53:59.261340,2026-01-17 19:53:59.276520,0 days 00:00:00.015180,58.69934361134912,1.1231845906525455,0.8918578209623065,COMPLETE
136,-7.088620276425613,2026-01-17 19:53:59.277072,2026-01-17 19:53:59.292222,0 days 00:00:00.015150,34.62108915740671,1.1610066059336477,1.0891838866310486,COMPLETE
137,-7.4747015223935644,2026-01-17 19:53:59.292798,2026-01-17 19:53:59.308125,0 days 00:00:00.015327,29.02845451004576,1.101576699912809,3.1719558821574463,COMPLETE
138,-7.048784273505912,2026-01-17 19:53:59.308596,2026-01-17 19:53:59.322876,0 days 00:00:00.014280,27.037228548815783,1.1518462267762752,0.9640821612408399,COMPLETE
139,-7.068392052974405,2026-01-17 19:53:59.323389,2026-01-17 19:53:59.337652,0 days 00:00:00.014263,26.98378171223841,1.1237769034978793,0.6969031080033481,COMPLETE
140,-7.065829482872819,2026-01-17 19:53:59.338168,2026-01-17 19:53:59.352531,0 days 00:00:00.014363,29.939168161861065,1.1793370102084593,1.1621264611865343,COMPLETE
141,-7.04640501943329,2026-01-17 19:53:59.353066,2026-01-17 19:53:59.367755,0 days 00:00:00.014689,27.822079102006533,1.1535222415703104,0.9465951742986018,COMPLETE
142,-7.045973692835316,2026-01-17 19:53:59.368581,2026-01-17 19:53:59.382913,0 days 00:00:00.014332,27.961253736614886,1.159186730594115,0.9372143476496719,COMPLETE
143,-7.049095401772784,2026-01-17 19:53:59.383442,2026-01-17 19:53:59.397896,0 days 00:00:00.014454,27.70131567628266,1.1565122021314977,0.9270661480893263,COMPLETE
144,-7.055597705113938,2026-01-17 19:53:59.398507,2026-01-17 19:53:59.412948,0 days 00:00:00.014441,27.887687838974756,1.1639636118893786,0.8450407128613968,COMPLETE
145,-7.054183582139639,2026-01-17 19:53:59.413682,2026-01-17 19:53:59.427945,0 days 00:00:00.014263,26.180079693520863,1.1996845066895958,0.9182801895495635,COMPLETE
146,-7.065764345768119,2026-01-17 19:53:59.428467,2026-01-17 19:53:59.442826,0 days 00:00:00.014359,27.259532934047293,1.0976136844061497,0.7115778072625343,COMPLETE
147,-7.04646048596489,2026-01-17 19:53:59.443375,2026-01-17 19:53:59.458145,0 days 00:00:00.014770,27.801431023207343,1.1629665372182794,0.9358776135985468,COMPLETE
148,-7.052683182771041,2026-01-17 19:53:59.458693,2026-01-17 19:53:59.473116,0 days 00:00:00.014423,28.177656003003314,1.1784234261956172,0.8189862210855242,COMPLETE
149,-7.072403880062683,2026-01-17 19:53:59.473643,2026-01-17 19:53:59.488242,0 days 00:00:00.014599,25.656008445326293,1.157529890952074,1.2720000192472347,COMPLETE
150,-7.059608336686051,2026-01-17 19:53:59.489031,2026-01-17 19:53:59.504490,0 days 00:00:00.015459,26.740191693628287,1.0716919576492003,1.074539318768677,COMPLETE
151,-7.048255188064462,2026-01-17 19:53:59.505357,2026-01-17 19:53:59.519954,0 days 00:00:00.014597,28.939614843983275,1.126692919767448,0.9300015287729657,COMPLETE
152,-7.056932021397321,2026-01-17 19:53:59.520551,2026-01-17 19:53:59.535218,0 days 00:00:00.014667,27.810882414187233,1.1149232687646131,0.8961721726245044,COMPLETE
153,-7.044843013022638,2026-01-17 19:53:59.535926,2026-01-17 19:53:59.551364,0 days 00:00:00.015438,28.88008653930684,1.1592702411921605,0.9747379859892644,COMPLETE
154,-7.046146385064158,2026-01-17 19:53:59.551950,2026-01-17 19:53:59.566792,0 days 00:00:00.014842,28.8402920944122,1.1779173468108828,1.0424628857395961,COMPLETE
155,-7.042850094589918,2026-01-17 19:53:59.567372,2026-01-17 19:53:59.581984,0 days 00:00:00.014612,26.89359438255172,1.1820407300258928,0.9946023210602865,COMPLETE
156,-7.053463712746817,2026-01-17 19:53:59.582604,2026-01-17 19:53:59.597133,0 days 00:00:00.014529,26.404947031644276,1.183747141314014,1.1296651871936032,COMPLETE
157,-7.16363294128557,2026-01-17 19:53:59.597793,2026-01-17 19:53:59.612187,0 days 00:00:00.014394,27.205537018330407,1.157126838121419,1.8345770756011808,COMPLETE
158,-7.052699155517066,2026-01-17 19:53:59.612821,2026-01-17 19:53:59.628149,0 days 00:00:00.015328,28.04789742107933,1.180203525679733,0.820800454120045,COMPLETE
159,-7.053452230489492,2026-01-17 19:53:59.628974,2026-01-17 19:53:59.643659,0 days 00:00:00.014685,25.860430247246185,1.127015875167102,1.0162128624066544,COMPLETE
160,-7.050879552316827,2026-01-17 19:53:59.644333,2026-01-17 19:53:59.659581,0 days 00:00:00.015248,30.068037140473276,1.159991780730833,0.7535666508771017,COMPLETE
161,-7.0475622798668764,2026-01-17 19:53:59.660105,2026-01-17 19:53:59.674613,0 days 00:00:00.014508,28.64967066435501,1.137040632787004,0.96322036926868,COMPLETE
162,-7.040806549640142,2026-01-17 19:53:59.675352,2026-01-17 19:53:59.689696,0 days 00:00:00.014344,28.67980236951234,1.1967343239618728,1.0079941305881248,COMPLETE
163,-7.045921033035766,2026-01-17 19:53:59.690164,2026-01-17 19:53:59.704186,0 days 00:00:00.014022,28.706189183492878,1.199390689361012,0.887582445753718,COMPLETE
164,-7.049609623910323,2026-01-17 19:53:59.704850,2026-01-17 19:53:59.719150,0 days 00:00:00.014300,28.583439548399618,1.1837704971874004,0.8781589341446563,COMPLETE
165,-7.059421358627139,2026-01-17 19:53:59.719646,2026-01-17 19:53:59.734084,0 days 00:00:00.014438,27.52995202715597,1.1975534001222563,1.1864360150388036,COMPLETE
166,-7.055325530185132,2026-01-17 19:53:59.734530,2026-01-17 19:53:59.748692,0 days 00:00:00.014162,28.86206795437265,1.127086351573256,1.0727018011751337,COMPLETE
167,-7.055629321554934,2026-01-17 19:53:59.749155,2026-01-17 19:53:59.763607,0 days 00:00:00.014452,26.942839919526268,1.177542394500947,0.8699879467561584,COMPLETE
168,-7.039034473377692,2026-01-17 19:53:59.764212,2026-01-17 19:53:59.779439,0 days 00:00:00.015227,28.071783233297605,1.1979080321907458,0.964851075551081,COMPLETE
169,-7.05055863571485,2026-01-17 19:53:59.780006,2026-01-17 19:53:59.794724,0 days 00:00:00.014718,28.202082387377082,1.1955207156238483,0.8049718297413514,COMPLETE
170,-7.133378320958146,2026-01-17 19:53:59.795336,2026-01-17 19:53:59.810107,0 days 00:00:00.014771,29.553834416418855,0.4015168995443347,0.6545236460363983,COMPLETE
171,-7.0476261419413815,2026-01-17 19:53:59.810750,2026-01-17 19:53:59.826058,0 days 00:00:00.015308,27.748092197424786,1.1607434584378453,0.9313179223547772,COMPLETE
172,-7.044567558257235,2026-01-17 19:53:59.826642,2026-01-17 19:53:59.841263,0 days 00:00:00.014621,27.511490039842638,1.199967351073226,0.9270351968505091,COMPLETE
173,-7.219219874448458,2026-01-17 19:53:59.841756,2026-01-17 19:53:59.856799,0 days 00:00:00.015043,28.7385752753449,1.1982853698222242,2.0702362398224095,COMPLETE
174,-7.049459101129602,2026-01-17 19:53:59.857334,2026-01-17 19:53:59.872175,0 days 00:00:00.014841,26.510917748106444,1.1682189967782202,0.9722063767378369,COMPLETE
175,-7.045716423854918,2026-01-17 19:53:59.872851,2026-01-17 19:53:59.887681,0 days 00:00:00.014830,27.30068387244726,1.1987159500491056,1.0754131153420876,COMPLETE
176,-7.296906805055684,2026-01-17 19:53:59.888366,2026-01-17 19:53:59.903539,0 days 00:00:00.015173,26.92067949159172,1.1998686132155119,2.445365208653645,COMPLETE
177,-7.077872683808647,2026-01-17 19:53:59.904245,2026-01-17 19:53:59.918697,0 days 00:00:00.014452,25.235175633863417,1.1785999577156918,0.7335854440966152,COMPLETE
178,-7.252281156232567,2026-01-17 19:53:59.919195,2026-01-17 19:53:59.933976,0 days 00:00:00.014781,27.935383651927946,1.1698783471147904,2.2497760004415914,COMPLETE
179,-7.05511799359031,2026-01-17 19:53:59.934497,2026-01-17 19:53:59.948730,0 days 00:00:00.014233,27.27746080884686,1.1310962640172257,1.0993128553357996,COMPLETE
180,-7.047559585597703,2026-01-17 19:53:59.949259,2026-01-17 19:53:59.964179,0 days 00:00:00.014920,28.49369018211918,1.1775659004166694,0.8966889490992781,COMPLETE
181,-7.0463440648954005,2026-01-17 19:53:59.964896,2026-01-17 19:53:59.979378,0 days 00:00:00.014482,28.35272653332671,1.1984611325949832,0.891387343157567,COMPLETE
182,-7.047504538167338,2026-01-17 19:53:59.979851,2026-01-17 19:53:59.994305,0 days 00:00:00.014454,28.400583812812677,1.199056890570191,0.883692931184591,COMPLETE
183,-7.053835800081241,2026-01-17 19:53:59.994791,2026-01-17 19:54:00.009764,0 days 00:00:00.014973,28.29434920341168,1.1806958795958777,0.8518913454320779,COMPLETE
184,-7.049141883374912,2026-01-17 19:54:00.010234,2026-01-17 19:54:00.024748,0 days 00:00:00.014514,30.3277733183978,1.199239580620913,0.7928890508442599,COMPLETE
185,-7.114363670000095,2026-01-17 19:54:00.025393,2026-01-17 19:54:00.041016,0 days 00:00:00.015623,27.8290605991031,0.6529206290821017,0.8907987892569202,COMPLETE
186,-7.525255919363947,2026-01-17 19:54:00.041610,2026-01-17 19:54:00.056787,0 days 00:00:00.015177,29.546013075125337,1.1755517774794388,3.3730123277043704,COMPLETE
187,-7.042988326085694,2026-01-17 19:54:00.057382,2026-01-17 19:54:00.071869,0 days 00:00:00.014487,28.603733945117785,1.199520601007283,1.0375413399829152,COMPLETE
188,-7.056557641950846,2026-01-17 19:54:00.072532,2026-01-17 19:54:00.087149,0 days 00:00:00.014617,26.166194879705305,1.1787854496209444,0.8442928759125746,COMPLETE
189,-7.03959754199788,2026-01-17 19:54:00.087812,2026-01-17 19:54:00.103174,0 days 00:00:00.015362,28.432708921516035,1.1987244578406502,0.9853972316830643,COMPLETE
190,-7.051334535730933,2026-01-17 19:54:00.103780,2026-01-17 19:54:00.118955,0 days 00:00:00.015175,28.31846636934617,1.1950011097419866,0.7486018744675482,COMPLETE
191,-7.040022662831821,2026-01-17 19:54:00.119672,2026-01-17 19:54:00.134766,0 days 00:00:00.015094,27.519554362157166,1.1990387032853165,0.9928520107806089,COMPLETE
192,-7.044205970521405,2026-01-17 19:54:00.135401,2026-01-17 19:54:00.150279,0 days 00:00:00.014878,27.557292584619336,1.197994488489321,0.9296651343296942,COMPLETE
193,-7.044010488930242,2026-01-17 19:54:00.150873,2026-01-17 19:54:00.165447,0 days 00:00:00.014574,27.578062530965326,1.199075027805133,1.0591790836250026,COMPLETE
194,-7.044556706567531,2026-01-17 19:54:00.166049,2026-01-17 19:54:00.181135,0 days 00:00:00.015086,26.377108414690284,1.1994325379465962,1.0689651023764144,COMPLETE
195,-7.053632890355513,2026-01-17 19:54:00.181897,2026-01-17 19:54:00.196293,0 days 00:00:00.014396,26.58574600652798,1.1962801979475188,1.1352043623223715,COMPLETE
196,-7.045921030081589,2026-01-17 19:54:00.197078,2026-01-17 19:54:00.211162,0 days 00:00:00.014084,25.84346375867124,1.1927224077164138,1.0749382847449602,COMPLETE
197,-7.04579747374081,2026-01-17 19:54:00.211606,2026-01-17 19:54:00.226037,0 days 00:00:00.014431,25.167056574432763,1.198419090808201,1.0706899498467097,COMPLETE
198,-7.0455341191881375,2026-01-17 19:54:00.226623,2026-01-17 19:54:00.241581,0 days 00:00:00.014958,25.285101421938077,1.1996588536084178,1.0727396540792307,COMPLETE
199,-7.064502383872269,2026-01-17 19:54:00.242056,2026-01-17 19:54:00.257044,0 days 00:00:00.014988,25.073450126840505,1.1979201105189194,1.2289014808906056,COMPLETE
