number,value,datetime_start,datetime_complete,duration,params_C,params_epsilon,params_gamma,state
0,-8.683120017946564,2026-01-20 16:49:08.277417,2026-01-20 16:49:08.289844,0 days 00:00:00.012427,43.23050616472324,0.9252428076412984,3.8561835712403885,COMPLETE
1,-8.464780046385835,2026-01-20 16:49:08.290388,2026-01-20 16:49:08.302801,0 days 00:00:00.012413,50.6437968583098,0.3599354636495137,1.2526255220394669,COMPLETE
2,-8.245552077678033,2026-01-20 16:49:08.303342,2026-01-20 16:49:08.315540,0 days 00:00:00.012198,37.75464207417032,0.3420269085433948,2.686357409358692,COMPLETE
3,-8.553969781515596,2026-01-20 16:49:08.316271,2026-01-20 16:49:08.328501,0 days 00:00:00.012230,60.45122775671104,1.1437962066877132,1.0416420582922237,COMPLETE
4,-8.322315962804678,2026-01-20 16:49:08.329038,2026-01-20 16:49:08.341585,0 days 00:00:00.012547,54.00038181261269,0.3424764165396753,2.9605835253804553,COMPLETE
5,-8.222803346861884,2026-01-20 16:49:08.342276,2026-01-20 16:49:08.354551,0 days 00:00:00.012275,53.98405095400747,0.14231939019261786,2.160257406558956,COMPLETE
6,-8.245481762909028,2026-01-20 16:49:08.355123,2026-01-20 16:49:08.367886,0 days 00:00:00.012763,52.96059504468455,0.382526301470016,1.8310685894854513,COMPLETE
7,-8.243353899582244,2026-01-20 16:49:08.368381,2026-01-20 16:49:08.380665,0 days 00:00:00.012284,33.54774035700955,0.2837166127467543,2.555368046869373,COMPLETE
8,-8.337852378973029,2026-01-20 16:49:08.381172,2026-01-20 16:49:08.403698,0 days 00:00:00.022526,60.32210264247459,0.1946369865545589,1.652697867670398,COMPLETE
9,-8.226603571828846,2026-01-20 16:49:08.404281,2026-01-20 16:49:08.416700,0 days 00:00:00.012419,42.276131163345696,1.1736879745534632,2.5991203861007337,COMPLETE
10,-9.955614606268792,2026-01-20 16:49:08.417239,2026-01-20 16:49:08.432315,0 days 00:00:00.015076,64.00959112573301,0.6184496366673958,0.53300682434267,COMPLETE
11,-8.480689800019734,2026-01-20 16:49:08.432804,2026-01-20 16:49:08.447554,0 days 00:00:00.014750,27.328473235361912,0.7908110471748709,3.3102742047733016,COMPLETE
12,-8.169370630182241,2026-01-20 16:49:08.448061,2026-01-20 16:49:08.461848,0 days 00:00:00.013787,41.710528572330915,1.1876675057948605,2.1430022943735976,COMPLETE
13,-8.229908116919423,2026-01-20 16:49:08.462367,2026-01-20 16:49:08.475968,0 days 00:00:00.013601,49.07575170686687,0.06115415226920673,2.107678875231742,COMPLETE
14,-8.19904384324508,2026-01-20 16:49:08.476816,2026-01-20 16:49:08.491261,0 days 00:00:00.014445,36.675088135590414,0.6762396774023193,2.152039335316207,COMPLETE
15,-8.341300126959542,2026-01-20 16:49:08.491822,2026-01-20 16:49:08.506631,0 days 00:00:00.014809,32.93416960639519,0.6288903408692116,1.396181437933903,COMPLETE
16,-8.398194222756274,2026-01-20 16:49:08.507111,2026-01-20 16:49:08.521957,0 days 00:00:00.014846,38.809063194255785,0.983788382848642,3.1873634063385397,COMPLETE
17,-8.203829598489307,2026-01-20 16:49:08.522531,2026-01-20 16:49:08.536934,0 days 00:00:00.014403,26.659910173197893,0.5862224169076566,1.9335718697516902,COMPLETE
18,-8.998774509857256,2026-01-20 16:49:08.537480,2026-01-20 16:49:08.552450,0 days 00:00:00.014970,46.749280974175235,0.818933949244286,0.8024568118397415,COMPLETE
19,-8.201168067816072,2026-01-20 16:49:08.552999,2026-01-20 16:49:08.567947,0 days 00:00:00.014948,34.81579555525222,1.0358664400471873,2.350377280504918,COMPLETE
20,-8.616282908464521,2026-01-20 16:49:08.568700,2026-01-20 16:49:08.583774,0 days 00:00:00.015074,29.351259051025764,0.525307314189132,3.6947334006261405,COMPLETE
21,-8.19184044736098,2026-01-20 16:49:08.584298,2026-01-20 16:49:08.598417,0 days 00:00:00.014119,36.866022872450124,1.04081093319162,2.3603119256045884,COMPLETE
22,-8.252174966031788,2026-01-20 16:49:08.598914,2026-01-20 16:49:08.614410,0 days 00:00:00.015496,39.55289244907653,1.0677594197268208,1.5169511821066233,COMPLETE
23,-8.195961724365354,2026-01-20 16:49:08.614965,2026-01-20 16:49:08.630191,0 days 00:00:00.015226,36.59932688367933,0.8481704798926915,2.360434822755546,COMPLETE
24,-8.341783604098618,2026-01-20 16:49:08.630736,2026-01-20 16:49:08.645215,0 days 00:00:00.014479,31.443722686903648,0.8754121829253723,2.9978900598790164,COMPLETE
25,-8.17855842432228,2026-01-20 16:49:08.645785,2026-01-20 16:49:08.661180,0 days 00:00:00.015395,41.1891830343835,1.1288873596389086,2.3387207388152613,COMPLETE
26,-8.290825393989426,2026-01-20 16:49:08.661680,2026-01-20 16:49:08.675974,0 days 00:00:00.014294,42.154290289288525,1.182515142929986,2.853735948970944,COMPLETE
27,-8.181747245076085,2026-01-20 16:49:08.676527,2026-01-20 16:49:08.690605,0 days 00:00:00.014078,46.14552595599659,1.0977246446971767,1.9429682363450718,COMPLETE
28,-8.207069110039445,2026-01-20 16:49:08.691181,2026-01-20 16:49:08.705815,0 days 00:00:00.014634,46.6099090476926,1.0902960338940137,1.8155481745251998,COMPLETE
29,-8.191995092339646,2026-01-20 16:49:08.706358,2026-01-20 16:49:08.720478,0 days 00:00:00.014120,44.28907196593863,0.9806723413752432,1.9455710162089388,COMPLETE
30,-8.23845328057928,2026-01-20 16:49:08.720983,2026-01-20 16:49:08.736071,0 days 00:00:00.015088,40.175012450271005,0.9386445756673536,1.6235662413161542,COMPLETE
31,-8.202955698909857,2026-01-20 16:49:08.736610,2026-01-20 16:49:08.750711,0 days 00:00:00.014101,45.38251509936363,1.1214571459006664,2.4735848045047413,COMPLETE
32,-8.169627850474404,2026-01-20 16:49:08.751312,2026-01-20 16:49:08.765922,0 days 00:00:00.014610,41.558746083921584,1.0256980554688642,2.2587473480070113,COMPLETE
33,-8.403474974413175,2026-01-20 16:49:08.766491,2026-01-20 16:49:08.781643,0 days 00:00:00.015152,48.525138629016354,0.7359575723233553,1.2465150880132558,COMPLETE
34,-8.2529578760285,2026-01-20 16:49:08.782272,2026-01-20 16:49:08.797042,0 days 00:00:00.014770,41.263039965624245,1.194186849642424,2.7132896475505026,COMPLETE
35,-8.185338821863747,2026-01-20 16:49:08.797621,2026-01-20 16:49:08.812065,0 days 00:00:00.014444,44.19251633222148,0.9319417382851025,2.003432751640972,COMPLETE
36,-8.174006382600043,2026-01-20 16:49:08.812735,2026-01-20 16:49:08.827671,0 days 00:00:00.014936,50.0137084870326,1.1165098154260629,2.2317854697563546,COMPLETE
37,-8.26969505459007,2026-01-20 16:49:08.828222,2026-01-20 16:49:08.842902,0 days 00:00:00.014680,50.857346798415584,1.011956169215377,2.7354859605480564,COMPLETE
38,-8.182892832595556,2026-01-20 16:49:08.843559,2026-01-20 16:49:08.858367,0 days 00:00:00.014808,58.485347554632014,1.142503258105812,2.194748410574112,COMPLETE
39,-8.212896568473344,2026-01-20 16:49:08.858894,2026-01-20 16:49:08.873818,0 days 00:00:00.014924,57.041099361679954,0.9032747951908495,1.7610960225258427,COMPLETE
40,-8.211174682456022,2026-01-20 16:49:08.874369,2026-01-20 16:49:08.889956,0 days 00:00:00.015587,52.525038581366374,0.4605087081612532,2.4719819783071397,COMPLETE
41,-8.160975266607855,2026-01-20 16:49:08.890667,2026-01-20 16:49:08.905063,0 days 00:00:00.014396,48.11843881962226,1.1002275443252991,2.031776208292733,COMPLETE
42,-8.179636426217801,2026-01-20 16:49:08.905577,2026-01-20 16:49:08.920596,0 days 00:00:00.015019,49.63882376113987,1.107963583362071,2.2849562253662468,COMPLETE
43,-8.175296626404567,2026-01-20 16:49:08.921153,2026-01-20 16:49:08.936577,0 days 00:00:00.015424,42.83003274465256,1.1484131141337075,2.0455190560324708,COMPLETE
44,-8.228022456013887,2026-01-20 16:49:08.937131,2026-01-20 16:49:08.961794,0 days 00:00:00.024663,55.80783980008583,0.9760604602043459,1.7022373048136883,COMPLETE
45,-8.170723247527567,2026-01-20 16:49:08.962386,2026-01-20 16:49:08.978128,0 days 00:00:00.015742,42.981621299128186,1.191217397287884,2.074308358590316,COMPLETE
46,-8.292264094332928,2026-01-20 16:49:08.978756,2026-01-20 16:49:09.004321,0 days 00:00:00.025565,47.676157943498424,1.1885877359731483,1.4435294957857128,COMPLETE
47,-8.398673039045537,2026-01-20 16:49:09.004937,2026-01-20 16:49:09.019449,0 days 00:00:00.014512,50.87335230491045,1.0599033401068534,1.203910572071574,COMPLETE
48,-8.213911233011345,2026-01-20 16:49:09.019982,2026-01-20 16:49:09.035432,0 days 00:00:00.015450,43.89786370950932,1.0174114520041926,2.553813406680187,COMPLETE
49,-8.171678725871379,2026-01-20 16:49:09.035986,2026-01-20 16:49:09.050925,0 days 00:00:00.014939,53.23859342791025,1.084197259497116,2.1598787279373353,COMPLETE
50,-8.179249973214398,2026-01-20 16:49:09.051459,2026-01-20 16:49:09.065556,0 days 00:00:00.014097,53.313503677738694,1.0648188986408593,1.863647633234283,COMPLETE
51,-8.173246429113636,2026-01-20 16:49:09.066120,2026-01-20 16:49:09.081242,0 days 00:00:00.015122,55.5967413791378,1.1518806061915445,2.142887892786917,COMPLETE
52,-8.260237381628903,2026-01-20 16:49:09.082069,2026-01-20 16:49:09.097560,0 days 00:00:00.015491,62.22244858156573,1.1613323296988194,1.5852751616006922,COMPLETE
53,-8.176894656849804,2026-01-20 16:49:09.098180,2026-01-20 16:49:09.124404,0 days 00:00:00.026224,56.04959744717149,0.9635876237225999,2.0935300194525412,COMPLETE
54,-8.16696944845331,2026-01-20 16:49:09.125233,2026-01-20 16:49:09.138919,0 days 00:00:00.013686,54.7318765873779,1.1885047515153697,2.094006250409622,COMPLETE
55,-8.209673094819335,2026-01-20 16:49:09.139515,2026-01-20 16:49:09.154235,0 days 00:00:00.014720,51.97980779823284,1.0215540915047536,1.775533359784799,COMPLETE
56,-8.20300098129223,2026-01-20 16:49:09.154781,2026-01-20 16:49:09.169823,0 days 00:00:00.015042,38.295481037073316,1.1922721421559104,2.4631755962101813,COMPLETE
57,-8.755716357234865,2026-01-20 16:49:09.170348,2026-01-20 16:49:09.183966,0 days 00:00:00.013618,58.36609983916828,1.0580087276313819,3.9931498181735186,COMPLETE
58,-8.241141061777093,2026-01-20 16:49:09.184460,2026-01-20 16:49:09.199559,0 days 00:00:00.015099,48.11697028966916,1.0826423285642437,2.6405844602455577,COMPLETE
59,-8.175087266164557,2026-01-20 16:49:09.200494,2026-01-20 16:49:09.224964,0 days 00:00:00.024470,44.8878213630914,0.7334541784879762,2.2466352594236474,COMPLETE
60,-8.174768583011739,2026-01-20 16:49:09.225556,2026-01-20 16:49:09.240289,0 days 00:00:00.014733,53.86892517799432,0.8890107658896047,2.0456550290989446,COMPLETE
61,-8.168850014628331,2026-01-20 16:49:09.241242,2026-01-20 16:49:09.255275,0 days 00:00:00.014033,54.86828052798582,1.142860777398551,2.1018581908320866,COMPLETE
62,-8.170880748342812,2026-01-20 16:49:09.255871,2026-01-20 16:49:09.271613,0 days 00:00:00.015742,54.695205811734645,1.1359140071445146,1.9207612951032607,COMPLETE
63,-8.182113427046934,2026-01-20 16:49:09.272258,2026-01-20 16:49:09.288246,0 days 00:00:00.015988,61.058010903663735,1.1997987247848698,1.8979489079869059,COMPLETE
64,-8.163817442980585,2026-01-20 16:49:09.288869,2026-01-20 16:49:09.303177,0 days 00:00:00.014308,54.67595572554957,1.1535149253905743,2.00915179695164,COMPLETE
65,-8.217837413477508,2026-01-20 16:49:09.303749,2026-01-20 16:49:09.318294,0 days 00:00:00.014545,58.192501574574386,1.1585436599127512,2.4175431322908003,COMPLETE
66,-8.19245690691817,2026-01-20 16:49:09.318856,2026-01-20 16:49:09.333207,0 days 00:00:00.014351,64.97928526225904,1.1075259404020799,2.0104582619834215,COMPLETE
67,-8.234145542363638,2026-01-20 16:49:09.333770,2026-01-20 16:49:09.348991,0 days 00:00:00.015221,41.232776851664944,1.0160945866086006,1.670601805847997,COMPLETE
68,-8.176356393988012,2026-01-20 16:49:09.349743,2026-01-20 16:49:09.364283,0 days 00:00:00.014540,39.71294038355289,1.1659928693889214,2.2908068233792998,COMPLETE
69,-8.28211219304553,2026-01-20 16:49:09.365033,2026-01-20 16:49:09.378934,0 days 00:00:00.013901,51.402628334669785,0.28232950850472527,2.8059491243084373,COMPLETE
70,-8.2188886282895,2026-01-20 16:49:09.379474,2026-01-20 16:49:09.394115,0 days 00:00:00.014641,42.67265707431005,1.1180391722720382,2.5657292650517696,COMPLETE
71,-8.181223220807272,2026-01-20 16:49:09.394814,2026-01-20 16:49:09.409150,0 days 00:00:00.014336,57.30813584456291,1.1336123035902086,1.8628095113167609,COMPLETE
72,-8.170848623712896,2026-01-20 16:49:09.409780,2026-01-20 16:49:09.424180,0 days 00:00:00.014400,54.727895360977826,1.0439872740591025,1.9621235541277475,COMPLETE
73,-8.171295039288111,2026-01-20 16:49:09.424702,2026-01-20 16:49:09.439300,0 days 00:00:00.014598,54.73112735065183,1.0403493497758403,2.0985323176624684,COMPLETE
74,-8.209792950175657,2026-01-20 16:49:09.440020,2026-01-20 16:49:09.454234,0 days 00:00:00.014214,59.91748798763234,1.0837099312840375,1.7392791318265295,COMPLETE
75,-8.18563932973608,2026-01-20 16:49:09.454738,2026-01-20 16:49:09.468872,0 days 00:00:00.014134,37.423821903581675,0.9948360018657166,2.21060865121227,COMPLETE
76,-8.203930571479182,2026-01-20 16:49:09.469646,2026-01-20 16:49:09.484469,0 days 00:00:00.014823,35.35259655216196,0.9538399086164318,1.9871280599540004,COMPLETE
77,-8.295251077963217,2026-01-20 16:49:09.485045,2026-01-20 16:49:09.499775,0 days 00:00:00.014730,56.763121463541275,1.1668430171813409,1.5247641633851314,COMPLETE
78,-8.186734527872979,2026-01-20 16:49:09.500328,2026-01-20 16:49:09.515902,0 days 00:00:00.015574,46.25250149780876,1.1951134229529654,2.3642280183568873,COMPLETE
79,-8.182340562818798,2026-01-20 16:49:09.516716,2026-01-20 16:49:09.541186,0 days 00:00:00.024470,59.57546145281426,1.0512722388752906,2.114407948396656,COMPLETE
80,-8.311333456655847,2026-01-20 16:49:09.541788,2026-01-20 16:49:09.556501,0 days 00:00:00.014713,49.32193441608294,1.1005983383894802,1.3954904515027886,COMPLETE
81,-8.170602049526957,2026-01-20 16:49:09.557076,2026-01-20 16:49:09.571637,0 days 00:00:00.014561,55.25083654633633,1.1323626672392724,1.9299076166475153,COMPLETE
82,-8.165017372997697,2026-01-20 16:49:09.572201,2026-01-20 16:49:09.586816,0 days 00:00:00.014615,54.8024670217053,1.130347784721053,1.9962236478441944,COMPLETE
83,-8.200092892286822,2026-01-20 16:49:09.587378,2026-01-20 16:49:09.602180,0 days 00:00:00.014802,52.29371190422845,1.1299883762621357,1.7894842524202748,COMPLETE
84,-8.173732094783034,2026-01-20 16:49:09.602865,2026-01-20 16:49:09.617311,0 days 00:00:00.014446,40.86787839237835,1.1685030670708927,2.2915173672351514,COMPLETE
85,-8.165972736727635,2026-01-20 16:49:09.618064,2026-01-20 16:49:09.634135,0 days 00:00:00.016071,42.06966060475292,1.1009220673327007,2.1886284694063374,COMPLETE
86,-8.579094175422384,2026-01-20 16:49:09.634745,2026-01-20 16:49:09.649321,0 days 00:00:00.014576,38.95083159912027,1.087295664160159,3.6119484619198152,COMPLETE
87,-8.163794568315307,2026-01-20 16:49:09.649894,2026-01-20 16:49:09.664774,0 days 00:00:00.014880,47.193970580905656,0.9938096834194402,2.182875837015727,COMPLETE
88,-8.1690336952153,2026-01-20 16:49:09.665363,2026-01-20 16:49:09.681270,0 days 00:00:00.015907,47.21503666680445,0.8397271841710109,2.1930683045396795,COMPLETE
89,-8.19279043790843,2026-01-20 16:49:09.681874,2026-01-20 16:49:09.697988,0 days 00:00:00.016114,47.107218983745064,0.8389607459335621,2.400822553054808,COMPLETE
90,-8.20548699200585,2026-01-20 16:49:09.698812,2026-01-20 16:49:09.714136,0 days 00:00:00.015324,44.89802058385848,0.765697708920482,2.510346582909354,COMPLETE
91,-8.164287779179615,2026-01-20 16:49:09.714745,2026-01-20 16:49:09.729281,0 days 00:00:00.014536,43.46940065213481,1.0064468695622395,2.1998955231341206,COMPLETE
92,-8.164876743712636,2026-01-20 16:49:09.729872,2026-01-20 16:49:09.744616,0 days 00:00:00.014744,45.661435720832316,0.9963564338762675,2.2181665341756176,COMPLETE
93,-8.164595775276089,2026-01-20 16:49:09.745263,2026-01-20 16:49:09.760120,0 days 00:00:00.014857,43.65586683420583,0.992765869371939,2.2083674536667997,COMPLETE
94,-8.177474816728553,2026-01-20 16:49:09.760660,2026-01-20 16:49:09.775105,0 days 00:00:00.014445,45.81214005633177,0.9996442479734023,2.317684986657328,COMPLETE
95,-8.165538680772906,2026-01-20 16:49:09.775698,2026-01-20 16:49:09.790301,0 days 00:00:00.014603,43.76541894227027,0.945161165320204,2.181473531576046,COMPLETE
96,-8.167128974222255,2026-01-20 16:49:09.790895,2026-01-20 16:49:09.805537,0 days 00:00:00.014642,43.437167331499,0.9165127728488409,2.1953773002972365,COMPLETE
97,-8.168130638580672,2026-01-20 16:49:09.806124,2026-01-20 16:49:09.820980,0 days 00:00:00.014856,48.51570741585606,0.9304039597236835,2.0335437345814307,COMPLETE
98,-8.213502626115561,2026-01-20 16:49:09.821562,2026-01-20 16:49:09.836281,0 days 00:00:00.014719,44.577728465864865,0.9493182140613855,1.826303207412752,COMPLETE
99,-8.19233896717731,2026-01-20 16:49:09.836905,2026-01-20 16:49:09.851727,0 days 00:00:00.014822,50.30057881066404,0.9871986846544969,2.37995125133294,COMPLETE
100,-10.06237117610903,2026-01-20 16:49:09.852265,2026-01-20 16:49:09.866590,0 days 00:00:00.014325,40.221750268379395,0.8755423371177568,0.5632507815572114,COMPLETE
101,-8.16479356842114,2026-01-20 16:49:09.867107,2026-01-20 16:49:09.881599,0 days 00:00:00.014492,43.752998693820416,0.978617289403998,2.2013836881836757,COMPLETE
102,-8.16829177922612,2026-01-20 16:49:09.882315,2026-01-20 16:49:09.896657,0 days 00:00:00.014342,44.06883979438894,0.9828318648744373,2.2576265375311215,COMPLETE
103,-8.172612538349266,2026-01-20 16:49:09.897183,2026-01-20 16:49:09.913093,0 days 00:00:00.015910,42.25636276696764,0.9025662325756282,2.16380214625693,COMPLETE
104,-8.177358465649323,2026-01-20 16:49:09.913605,2026-01-20 16:49:09.928829,0 days 00:00:00.015224,45.41252161770589,0.9598172159789632,2.0177508746100825,COMPLETE
105,-8.200292547158389,2026-01-20 16:49:09.929404,2026-01-20 16:49:09.954746,0 days 00:00:00.025342,48.04575876266908,1.0713724265196158,2.447287324995152,COMPLETE
106,-8.164829071259586,2026-01-20 16:49:09.955312,2026-01-20 16:49:09.969976,0 days 00:00:00.014664,43.47868610650892,1.0334339162933177,2.142152510311611,COMPLETE
107,-8.175550478748608,2026-01-20 16:49:09.970767,2026-01-20 16:49:09.985145,0 days 00:00:00.014378,42.27916492481605,1.0254314570733827,2.321829582121361,COMPLETE
108,-8.222194455310724,2026-01-20 16:49:09.985895,2026-01-20 16:49:10.002089,0 days 00:00:00.016194,43.35933407371875,0.9989629418167837,2.6041584079076445,COMPLETE
109,-8.166632106310407,2026-01-20 16:49:10.002814,2026-01-20 16:49:10.017559,0 days 00:00:00.014745,45.87592674404352,1.0409110933769032,2.23769667176981,COMPLETE
110,-8.206498713639046,2026-01-20 16:49:10.018081,2026-01-20 16:49:10.033612,0 days 00:00:00.015531,43.38810010360672,0.9202460058446011,1.8752124313349419,COMPLETE
111,-8.164295593802374,2026-01-20 16:49:10.034293,2026-01-20 16:49:10.048038,0 days 00:00:00.013745,45.77775907016976,1.043609637572296,2.2176242213510555,COMPLETE
112,-8.227656512784767,2026-01-20 16:49:10.048749,2026-01-20 16:49:10.062545,0 days 00:00:00.013796,45.103943081115844,0.05618418990153695,2.158604096255888,COMPLETE
113,-8.164768381870136,2026-01-20 16:49:10.063050,2026-01-20 16:49:10.077339,0 days 00:00:00.014289,46.99193090711767,0.9731516746111321,2.065681742332953,COMPLETE
114,-8.180941081664136,2026-01-20 16:49:10.077889,2026-01-20 16:49:10.092710,0 days 00:00:00.014821,46.686875279887175,0.9677666236007059,1.9718029103372292,COMPLETE
115,-8.162908516823808,2026-01-20 16:49:10.093393,2026-01-20 16:49:10.108545,0 days 00:00:00.015152,47.52513350130568,1.0164567594636722,2.0515061826342387,COMPLETE
116,-8.16215857198668,2026-01-20 16:49:10.109263,2026-01-20 16:49:10.123571,0 days 00:00:00.014308,48.84792205728795,1.0200906818965552,2.0662815901436056,COMPLETE
117,-8.160731254821474,2026-01-20 16:49:10.124091,2026-01-20 16:49:10.140524,0 days 00:00:00.016433,48.93089953245845,1.0556711264035905,2.0698347065700653,COMPLETE
118,-8.161089853675156,2026-01-20 16:49:10.141194,2026-01-20 16:49:10.168182,0 days 00:00:00.026988,48.70705679850916,1.0606213639656743,2.0559970125246694,COMPLETE
119,-8.16089172807569,2026-01-20 16:49:10.169854,2026-01-20 16:49:10.220152,0 days 00:00:00.050298,47.67036262992219,1.0702050052625132,2.0484878076464916,COMPLETE
120,-8.232425877842863,2026-01-20 16:49:10.220926,2026-01-20 16:49:10.278256,0 days 00:00:00.057330,49.27361511624816,1.063421585370815,1.7135186220927117,COMPLETE
121,-8.161219691601952,2026-01-20 16:49:10.279030,2026-01-20 16:49:10.339932,0 days 00:00:00.060902,47.48454316717357,1.0148740944419508,2.099455332637074,COMPLETE
122,-8.161990637216572,2026-01-20 16:49:10.340793,2026-01-20 16:49:10.388346,0 days 00:00:00.047553,47.602319029196494,1.0078742516274646,2.072660528040336,COMPLETE
123,-8.181231636469327,2026-01-20 16:49:10.389151,2026-01-20 16:49:10.438454,0 days 00:00:00.049303,49.010761898410216,1.012557436907321,1.9181099750227735,COMPLETE
124,-8.160545321179303,2026-01-20 16:49:10.439046,2026-01-20 16:49:10.470634,0 days 00:00:00.031588,48.0930322649312,1.0620493708657004,2.063304658940752,COMPLETE
125,-8.160422942684018,2026-01-20 16:49:10.471440,2026-01-20 16:49:10.498014,0 days 00:00:00.026574,47.750600393016164,1.0668549879803721,2.064501215988417,COMPLETE
126,-8.199665631617886,2026-01-20 16:49:10.498651,2026-01-20 16:49:10.513617,0 days 00:00:00.014966,51.313253916446094,1.0835066717161632,1.8066316984502522,COMPLETE
127,-8.193344589464713,2026-01-20 16:49:10.514206,2026-01-20 16:49:10.529357,0 days 00:00:00.015151,47.67628627308164,0.5552422705864162,2.0535961694066684,COMPLETE
128,-8.185786590583778,2026-01-20 16:49:10.529878,2026-01-20 16:49:10.544553,0 days 00:00:00.014675,49.92702976809895,1.0647448569310847,1.874521448433976,COMPLETE
129,-8.166393325512871,2026-01-20 16:49:10.545102,2026-01-20 16:49:10.559706,0 days 00:00:00.014604,48.728117215126495,1.1107887172580613,1.970863116836045,COMPLETE
130,-8.224640216095583,2026-01-20 16:49:10.560216,2026-01-20 16:49:10.574977,0 days 00:00:00.014761,47.90552155202722,0.1365261054096879,2.0945008519226342,COMPLETE
131,-8.16319438766939,2026-01-20 16:49:10.575503,2026-01-20 16:49:10.589749,0 days 00:00:00.014246,50.28369285281902,1.0301464120570587,2.0394363405425113,COMPLETE
132,-8.163076668643193,2026-01-20 16:49:10.590243,2026-01-20 16:49:10.605743,0 days 00:00:00.015500,50.16843752643601,1.0326433150651262,2.038732593823384,COMPLETE
