number,value,datetime_start,datetime_complete,duration,params_C,params_epsilon,params_gamma,state
0,-7.75340659704537,2026-01-17 19:47:27.726076,2026-01-17 19:47:27.738263,0 days 00:00:00.012187,49.58284780708199,0.759301809702744,2.8711302237517233,COMPLETE
1,-7.805897285178847,2026-01-17 19:47:27.738720,2026-01-17 19:47:27.750670,0 days 00:00:00.011950,61.306578964188475,1.0062658129108017,2.761917337598124,COMPLETE
2,-7.970679057157615,2026-01-17 19:47:27.751400,2026-01-17 19:47:27.763724,0 days 00:00:00.012324,60.929013013729474,1.1897215296906385,3.9054385764298782,COMPLETE
3,-7.717887911345318,2026-01-17 19:47:27.764210,2026-01-17 19:47:27.776480,0 days 00:00:00.012270,61.870918050490474,0.39066676678247225,3.2872840038240456,COMPLETE
4,-8.973391440507806,2026-01-17 19:47:27.777000,2026-01-17 19:47:27.789370,0 days 00:00:00.012370,45.620069099900135,0.3715291965493459,1.2937500931032782,COMPLETE
5,-9.339424825714671,2026-01-17 19:47:27.790067,2026-01-17 19:47:27.802308,0 days 00:00:00.012241,59.1875697260905,0.9015721623364062,0.8913044813171945,COMPLETE
6,-8.528996810135059,2026-01-17 19:47:27.802864,2026-01-17 19:47:27.815234,0 days 00:00:00.012370,25.501838928719813,0.3383364585800119,1.86852012565716,COMPLETE
7,-7.836401347757173,2026-01-17 19:47:27.815776,2026-01-17 19:47:27.837890,0 days 00:00:00.022114,53.43817589515368,0.9510261510496263,3.4272961502588517,COMPLETE
8,-8.999838814780091,2026-01-17 19:47:27.838455,2026-01-17 19:47:27.850573,0 days 00:00:00.012118,57.1073052595994,0.7098646792604226,1.274555578222409,COMPLETE
9,-7.671710146420241,2026-01-17 19:47:27.851409,2026-01-17 19:47:27.864071,0 days 00:00:00.012662,59.699541650240725,0.2448856504142447,3.071014120774524,COMPLETE
10,-7.974127615861297,2026-01-17 19:47:27.864706,2026-01-17 19:47:27.880176,0 days 00:00:00.015470,36.927013360826706,0.08806416551721785,2.3215688936580365,COMPLETE
11,-7.744508935623662,2026-01-17 19:47:27.880892,2026-01-17 19:47:27.896161,0 days 00:00:00.015269,39.34266999522721,0.38773505054926727,3.3987904854131865,COMPLETE
12,-7.6449136838085465,2026-01-17 19:47:27.896821,2026-01-17 19:47:27.910518,0 days 00:00:00.013697,63.678928098481016,0.054494799925056125,3.1472714624026934,COMPLETE
13,-7.767406054755293,2026-01-17 19:47:27.911054,2026-01-17 19:47:27.925866,0 days 00:00:00.014812,64.97579658443985,0.09432403364440169,2.403579204083043,COMPLETE
14,-7.782318840061585,2026-01-17 19:47:27.926382,2026-01-17 19:47:27.941791,0 days 00:00:00.015409,53.21634556650401,0.1960055115393095,3.8105990417231403,COMPLETE
15,-7.72260199712106,2026-01-17 19:47:27.942325,2026-01-17 19:47:27.957370,0 days 00:00:00.015045,64.81804263458451,0.5656661285721372,2.857698167000067,COMPLETE
16,-8.098058023761704,2026-01-17 19:47:27.957934,2026-01-17 19:47:27.973128,0 days 00:00:00.015194,54.677752175775105,0.23293926461028827,1.9827540883907724,COMPLETE
17,-7.7403449045020185,2026-01-17 19:47:27.973937,2026-01-17 19:47:27.998889,0 days 00:00:00.024952,47.919688543676514,0.5428793211075946,3.2029622381856675,COMPLETE
18,-7.743072159522624,2026-01-17 19:47:27.999532,2026-01-17 19:47:28.024143,0 days 00:00:00.024611,42.60315177645606,0.05177831371827997,2.585296873656879,COMPLETE
19,-7.786446530545002,2026-01-17 19:47:28.024800,2026-01-17 19:47:28.040627,0 days 00:00:00.015827,30.489950856982734,0.22399063566638394,3.602376852335563,COMPLETE
20,-7.667169069147607,2026-01-17 19:47:28.041464,2026-01-17 19:47:28.054825,0 days 00:00:00.013361,50.53848068485215,0.2096252116206402,2.973763447997424,COMPLETE
21,-7.663876756050529,2026-01-17 19:47:28.055411,2026-01-17 19:47:28.070606,0 days 00:00:00.015195,56.730696921946034,0.17852323868835515,3.071627233412428,COMPLETE
22,-7.664857856268439,2026-01-17 19:47:28.071418,2026-01-17 19:47:28.084718,0 days 00:00:00.013300,50.66727668448457,0.16948553536391822,3.0501206667069387,COMPLETE
23,-8.128384620098995,2026-01-17 19:47:28.085261,2026-01-17 19:47:28.099990,0 days 00:00:00.014729,56.195133311698285,0.12485024625744065,1.94551811747205,COMPLETE
24,-7.799270048461571,2026-01-17 19:47:28.100619,2026-01-17 19:47:28.115196,0 days 00:00:00.014577,51.042036206867216,0.5085818510656505,3.648476449340695,COMPLETE
25,-7.736083630280371,2026-01-17 19:47:28.115750,2026-01-17 19:47:28.129925,0 days 00:00:00.014175,57.60707244073526,0.47081999347777864,2.6257432600885187,COMPLETE
26,-7.687730989177092,2026-01-17 19:47:28.130492,2026-01-17 19:47:28.145161,0 days 00:00:00.014669,45.818518825675746,0.3178742189763786,3.0793771525678117,COMPLETE
27,-7.81785703516173,2026-01-17 19:47:28.145646,2026-01-17 19:47:28.159522,0 days 00:00:00.013876,41.37851399594557,0.15188009439911776,3.982817744847978,COMPLETE
28,-7.959140936395808,2026-01-17 19:47:28.160081,2026-01-17 19:47:28.184072,0 days 00:00:00.023991,53.0633314463818,0.3059050133575964,2.142525186357198,COMPLETE
29,-7.770949801508573,2026-01-17 19:47:28.184654,2026-01-17 19:47:28.200129,0 days 00:00:00.015475,48.03435034866129,0.447434608055034,3.5405522322993237,COMPLETE
30,-7.785844316726918,2026-01-17 19:47:28.200703,2026-01-17 19:47:28.215623,0 days 00:00:00.014920,61.95814253327657,0.7016241501833976,2.5588760940988937,COMPLETE
31,-7.660447939596397,2026-01-17 19:47:28.216184,2026-01-17 19:47:28.230135,0 days 00:00:00.013951,49.88871378080614,0.17249837224495926,2.984082392515087,COMPLETE
32,-7.66355614738481,2026-01-17 19:47:28.230593,2026-01-17 19:47:28.244919,0 days 00:00:00.014326,49.41235480986159,0.15652703536023635,2.8092810270227204,COMPLETE
33,-7.6844947289025,2026-01-17 19:47:28.245401,2026-01-17 19:47:28.259437,0 days 00:00:00.014036,48.33964513160449,0.26829674653413116,2.7546190847271372,COMPLETE
34,-7.659522929713542,2026-01-17 19:47:28.259955,2026-01-17 19:47:28.274348,0 days 00:00:00.014393,63.06333892103079,0.06344254168158019,3.2671527117910832,COMPLETE
35,-7.704601371389527,2026-01-17 19:47:28.274862,2026-01-17 19:47:28.288702,0 days 00:00:00.013840,34.1184663169836,0.06453747101551063,3.2402700664546686,COMPLETE
36,-7.8337656264152375,2026-01-17 19:47:28.289253,2026-01-17 19:47:28.302776,0 days 00:00:00.013523,62.66576371794981,1.1958640033844334,2.809726765350858,COMPLETE
37,-7.68956976458424,2026-01-17 19:47:28.303253,2026-01-17 19:47:28.317090,0 days 00:00:00.013837,60.33936449541141,0.12535540155157718,3.396833740923149,COMPLETE
38,-7.877636587019035,2026-01-17 19:47:28.317620,2026-01-17 19:47:28.331560,0 days 00:00:00.013940,63.93805835172778,0.8377619231875458,3.764716280979412,COMPLETE
39,-8.592278002398613,2026-01-17 19:47:28.332282,2026-01-17 19:47:28.346940,0 days 00:00:00.014658,45.23963617302002,1.0639910160189774,1.6154060416346356,COMPLETE
40,-9.704258578166847,2026-01-17 19:47:28.347469,2026-01-17 19:47:28.361134,0 days 00:00:00.013665,58.91408006391067,0.2852848292988943,0.514848572553853,COMPLETE
41,-7.669633983604075,2026-01-17 19:47:28.361762,2026-01-17 19:47:28.376181,0 days 00:00:00.014419,54.954997654603105,0.14725112355626727,3.2173282905578624,COMPLETE
42,-7.644471973090619,2026-01-17 19:47:28.376832,2026-01-17 19:47:28.390975,0 days 00:00:00.014143,58.17071860882618,0.05617234159265879,2.9183009715061257,COMPLETE
43,-7.747220820343881,2026-01-17 19:47:28.391495,2026-01-17 19:47:28.416597,0 days 00:00:00.025102,59.34753523663781,0.062288850802807376,2.4359189860533506,COMPLETE
44,-7.681121354680373,2026-01-17 19:47:28.417408,2026-01-17 19:47:28.430923,0 days 00:00:00.013515,63.44964677260934,0.10169689451293856,2.7054218440797575,COMPLETE
45,-7.652260743972983,2026-01-17 19:47:28.431525,2026-01-17 19:47:28.445561,0 days 00:00:00.014036,62.105193246328966,0.11166532790192588,2.9238401574280357,COMPLETE
46,-7.677566079240892,2026-01-17 19:47:28.446067,2026-01-17 19:47:28.460717,0 days 00:00:00.014650,61.4599068643313,0.05550747136361976,3.395134610861085,COMPLETE
47,-7.695608388745451,2026-01-17 19:47:28.461354,2026-01-17 19:47:28.476941,0 days 00:00:00.015587,58.661351637203424,0.3824251316735223,2.92965369113986,COMPLETE
48,-7.882769871241012,2026-01-17 19:47:28.477466,2026-01-17 19:47:28.491935,0 days 00:00:00.014469,60.883024855951994,0.10684924192183598,2.1809685549312023,COMPLETE
49,-7.671583197094,2026-01-17 19:47:28.492499,2026-01-17 19:47:28.517339,0 days 00:00:00.024840,63.37810700158235,0.19410378079702256,3.190794105800749,COMPLETE
50,-7.733689104246383,2026-01-17 19:47:28.517892,2026-01-17 19:47:28.532582,0 days 00:00:00.014690,61.57111825365951,0.2653292100748812,3.5178542165515205,COMPLETE
51,-7.655864377156635,2026-01-17 19:47:28.533406,2026-01-17 19:47:28.546828,0 days 00:00:00.013422,52.57640841626985,0.13542548539951496,2.8690547514873597,COMPLETE
52,-7.653858026073652,2026-01-17 19:47:28.547401,2026-01-17 19:47:28.561723,0 days 00:00:00.014322,55.11952883285896,0.11188081462135369,2.938281202132051,COMPLETE
53,-7.743514539146473,2026-01-17 19:47:28.562290,2026-01-17 19:47:28.577358,0 days 00:00:00.015068,55.24897494720998,0.10213674973090789,2.45723772165067,COMPLETE
54,-7.688404384259101,2026-01-17 19:47:28.577900,2026-01-17 19:47:28.592174,0 days 00:00:00.014274,57.99988703453261,0.2195527629936132,3.282777616839741,COMPLETE
55,-7.6807726978680835,2026-01-17 19:47:28.592718,2026-01-17 19:47:28.607069,0 days 00:00:00.014351,52.859814090511804,0.11596781286227875,2.667648416670035,COMPLETE
56,-7.649363057721248,2026-01-17 19:47:28.607616,2026-01-17 19:47:28.622403,0 days 00:00:00.014787,64.88103455307869,0.08383605500157766,2.8721465353962006,COMPLETE
57,-7.8261310065663805,2026-01-17 19:47:28.622945,2026-01-17 19:47:28.638485,0 days 00:00:00.015540,64.98087174319218,0.24785589704531102,2.307108086981732,COMPLETE
58,-7.74060662813284,2026-01-17 19:47:28.639015,2026-01-17 19:47:28.653533,0 days 00:00:00.014518,56.56178557436058,0.33489203054100636,2.5297741260455835,COMPLETE
59,-7.658952180279448,2026-01-17 19:47:28.654131,2026-01-17 19:47:28.668576,0 days 00:00:00.014445,60.01782911821513,0.14224473784688121,2.9032614019528373,COMPLETE
60,-7.671828345344872,2026-01-17 19:47:28.669374,2026-01-17 19:47:28.682990,0 days 00:00:00.013616,51.58618338552214,0.19676137727160084,3.1264241514892164,COMPLETE
61,-7.663736640008227,2026-01-17 19:47:28.683535,2026-01-17 19:47:28.697821,0 days 00:00:00.014286,59.46140511272782,0.13545520256443566,2.8265242884952495,COMPLETE
62,-7.648484565649314,2026-01-17 19:47:28.698321,2026-01-17 19:47:28.713377,0 days 00:00:00.015056,60.128352884265325,0.08356283654923974,2.943925078718396,COMPLETE
63,-7.647546200035474,2026-01-17 19:47:28.714018,2026-01-17 19:47:28.728362,0 days 00:00:00.014344,55.83539034552118,0.08810626071033573,2.996286424237496,COMPLETE
64,-7.6480667179395,2026-01-17 19:47:28.728910,2026-01-17 19:47:28.742666,0 days 00:00:00.013756,54.33670557360422,0.08562733083875049,3.0223067634942478,COMPLETE
65,-7.64414492415833,2026-01-17 19:47:28.743166,2026-01-17 19:47:28.758653,0 days 00:00:00.015487,61.83532098153505,0.08804750963785779,3.0316393479265655,COMPLETE
66,-7.642898411784978,2026-01-17 19:47:28.759172,2026-01-17 19:47:28.774094,0 days 00:00:00.014922,57.93421192014597,0.05259533761774089,3.0849943716474924,COMPLETE
67,-7.643423063143183,2026-01-17 19:47:28.774627,2026-01-17 19:47:28.788983,0 days 00:00:00.014356,57.63833979050853,0.056896146179649235,3.033678106052385,COMPLETE
68,-7.740723685610229,2026-01-17 19:47:28.789552,2026-01-17 19:47:28.803524,0 days 00:00:00.013972,57.79934915534821,0.6250318782917053,3.108074632636316,COMPLETE
69,-7.673463665120541,2026-01-17 19:47:28.804010,2026-01-17 19:47:28.818885,0 days 00:00:00.014875,54.01070179477163,0.054919173742854904,3.368877068042504,COMPLETE
70,-7.716625228771301,2026-01-17 19:47:28.819392,2026-01-17 19:47:28.833625,0 days 00:00:00.014233,56.23950741123391,0.17274122333955672,3.5101151163012867,COMPLETE
71,-7.647980556239157,2026-01-17 19:47:28.834107,2026-01-17 19:47:28.849080,0 days 00:00:00.014973,57.26330211920705,0.08469202693391517,3.0361228142192096,COMPLETE
72,-7.642393434245234,2026-01-17 19:47:28.849549,2026-01-17 19:47:28.864064,0 days 00:00:00.014515,57.23844296577541,0.050422102032381226,3.024023771420828,COMPLETE
73,-7.645352854980517,2026-01-17 19:47:28.864647,2026-01-17 19:47:28.879812,0 days 00:00:00.015165,56.144154698524595,0.05015241908644834,3.1218238408996686,COMPLETE
74,-7.827908135781686,2026-01-17 19:47:28.880327,2026-01-17 19:47:28.894616,0 days 00:00:00.014289,26.712255435764888,0.057082688689393514,3.167822911229371,COMPLETE
75,-7.684660542990983,2026-01-17 19:47:28.895373,2026-01-17 19:47:28.909243,0 days 00:00:00.013870,58.25120216952583,0.1742031364148957,3.309081294790688,COMPLETE
76,-7.66030915833791,2026-01-17 19:47:28.909759,2026-01-17 19:47:28.925115,0 days 00:00:00.015356,55.585239386751304,0.05014484051240674,2.7264465147761006,COMPLETE
77,-7.760545706741661,2026-01-17 19:47:28.925695,2026-01-17 19:47:28.940649,0 days 00:00:00.014954,60.757929289545416,0.22155411598839186,3.692945102601508,COMPLETE
78,-7.660277210274108,2026-01-17 19:47:28.941396,2026-01-17 19:47:28.956572,0 days 00:00:00.015176,56.78603557138681,0.1544782180951656,3.080718309813277,COMPLETE
79,-7.728286881488008,2026-01-17 19:47:28.957267,2026-01-17 19:47:28.972974,0 days 00:00:00.015707,52.03396084079977,0.4190028314657854,3.301308013768574,COMPLETE
80,-7.8272941538674115,2026-01-17 19:47:28.973478,2026-01-17 19:47:28.988128,0 days 00:00:00.014650,62.153658648696045,1.0775521510281605,2.6398837707885683,COMPLETE
81,-7.650358561494268,2026-01-17 19:47:28.988909,2026-01-17 19:47:29.003813,0 days 00:00:00.014904,57.94488584602626,0.0994652678349287,3.0465342527918495,COMPLETE
82,-7.649187254031839,2026-01-17 19:47:29.004339,2026-01-17 19:47:29.018481,0 days 00:00:00.014142,59.16053758947325,0.07660473276321034,3.1617909208050783,COMPLETE
83,-7.654923151075295,2026-01-17 19:47:29.019022,2026-01-17 19:47:29.034334,0 days 00:00:00.015312,57.23305747984257,0.13111300520188313,3.001305632384265,COMPLETE
84,-7.652771468013453,2026-01-17 19:47:29.034861,2026-01-17 19:47:29.048831,0 days 00:00:00.013970,53.70585787254687,0.0854761621736372,2.8000106629824932,COMPLETE
85,-7.703664368364528,2026-01-17 19:47:29.049345,2026-01-17 19:47:29.063977,0 days 00:00:00.014632,60.62569062099121,0.17651602916887377,3.4294606723717935,COMPLETE
86,-8.864672198235573,2026-01-17 19:47:29.064577,2026-01-17 19:47:29.088914,0 days 00:00:00.024337,56.08463312255972,0.051382048616498074,1.4053920967329188,COMPLETE
87,-7.673668597171695,2026-01-17 19:47:29.089467,2026-01-17 19:47:29.115675,0 days 00:00:00.026208,63.89950411905559,0.20136571047328494,3.1990430042384017,COMPLETE
88,-7.7013012698567165,2026-01-17 19:47:29.116433,2026-01-17 19:47:29.131505,0 days 00:00:00.015072,57.234696273952494,0.12615315142678082,3.4671460065262765,COMPLETE
89,-7.653048397537901,2026-01-17 19:47:29.132090,2026-01-17 19:47:29.146549,0 days 00:00:00.014459,43.444307836051856,0.08689636594485789,3.0441876092391054,COMPLETE
90,-7.723635105236561,2026-01-17 19:47:29.147108,2026-01-17 19:47:29.161569,0 days 00:00:00.014461,46.60038797804235,0.11915089772120638,3.5879634193493373,COMPLETE
91,-7.661816605649162,2026-01-17 19:47:29.162110,2026-01-17 19:47:29.177391,0 days 00:00:00.015281,54.08201760554903,0.08535975912922693,2.744720293169262,COMPLETE
92,-7.65825644545121,2026-01-17 19:47:29.178077,2026-01-17 19:47:29.192615,0 days 00:00:00.014538,54.714981841675915,0.15175185072193856,2.9947352148793356,COMPLETE
93,-7.674350745662776,2026-01-17 19:47:29.193197,2026-01-17 19:47:29.207719,0 days 00:00:00.014522,62.63077953183256,0.0801781335023827,3.34908241342203,COMPLETE
94,-7.651294360963137,2026-01-17 19:47:29.208257,2026-01-17 19:47:29.223599,0 days 00:00:00.015342,58.54525087376028,0.10051945496401278,3.1321945678756764,COMPLETE
95,-7.674518730194443,2026-01-17 19:47:29.224130,2026-01-17 19:47:29.239680,0 days 00:00:00.015550,38.733587141870444,0.05067068868486177,3.2614426232692475,COMPLETE
96,-7.658033407681347,2026-01-17 19:47:29.240202,2026-01-17 19:47:29.254356,0 days 00:00:00.014154,55.75031464407268,0.15628683320111883,2.9914811212056116,COMPLETE
97,-7.652529313752728,2026-01-17 19:47:29.255186,2026-01-17 19:47:29.268900,0 days 00:00:00.013714,59.786161271070156,0.0757775068609058,2.8460504482838425,COMPLETE
98,-7.807998443544338,2026-01-17 19:47:29.269444,2026-01-17 19:47:29.283862,0 days 00:00:00.014418,61.353271784409294,0.8906671186355002,2.584101400922317,COMPLETE
99,-7.6830401753251865,2026-01-17 19:47:29.284425,2026-01-17 19:47:29.298812,0 days 00:00:00.014387,57.0089397882069,0.2379401951653186,3.214835182968548,COMPLETE
100,-7.651550458359554,2026-01-17 19:47:29.299333,2026-01-17 19:47:29.314383,0 days 00:00:00.015050,58.96354807781824,0.11454973269990269,3.071451224892287,COMPLETE
101,-7.649696156521273,2026-01-17 19:47:29.314923,2026-01-17 19:47:29.329299,0 days 00:00:00.014376,60.20882558026324,0.08090116283272884,2.8999618691707005,COMPLETE
102,-7.651105756698439,2026-01-17 19:47:29.330014,2026-01-17 19:47:29.344774,0 days 00:00:00.014760,58.06633157408101,0.10567300856282427,2.975297638856766,COMPLETE
103,-7.645980904615195,2026-01-17 19:47:29.345335,2026-01-17 19:47:29.360666,0 days 00:00:00.015331,59.65261272292536,0.07389265938699337,3.1270587161120997,COMPLETE
104,-7.661081991372859,2026-01-17 19:47:29.361283,2026-01-17 19:47:29.376441,0 days 00:00:00.015158,54.82488602282981,0.13908000685047328,3.1293750934788442,COMPLETE
105,-7.758124406326424,2026-01-17 19:47:29.377049,2026-01-17 19:47:29.392143,0 days 00:00:00.015094,55.81350266946878,0.7426511817091731,3.0269174680910793,COMPLETE
106,-7.671369462597421,2026-01-17 19:47:29.392898,2026-01-17 19:47:29.407643,0 days 00:00:00.014745,56.81124084526059,0.0718765438406721,3.33908874154042,COMPLETE
107,-7.67453992560573,2026-01-17 19:47:29.408210,2026-01-17 19:47:29.422647,0 days 00:00:00.014437,64.08732224943812,0.1233464964772488,2.7533034398934713,COMPLETE
108,-7.67541849408344,2026-01-17 19:47:29.423141,2026-01-17 19:47:29.437425,0 days 00:00:00.014284,61.18907104603646,0.1986941930900421,3.2138464799445057,COMPLETE
109,-7.661074900926918,2026-01-17 19:47:29.438102,2026-01-17 19:47:29.452722,0 days 00:00:00.014620,62.61576531305211,0.17296321861561303,3.108532500288939,COMPLETE
110,-7.653556724170895,2026-01-17 19:47:29.453293,2026-01-17 19:47:29.468097,0 days 00:00:00.014804,59.52023096241481,0.10095428759002996,2.877457535843547,COMPLETE
111,-7.6459592735106465,2026-01-17 19:47:29.468666,2026-01-17 19:47:29.482782,0 days 00:00:00.014116,58.80370777392476,0.07053359511668839,2.961152263324356,COMPLETE
112,-7.64626559795482,2026-01-17 19:47:29.483299,2026-01-17 19:47:29.498020,0 days 00:00:00.014721,57.58755358031476,0.07124567051353137,2.929079441163806,COMPLETE
113,-7.643863888458933,2026-01-17 19:47:29.498550,2026-01-17 19:47:29.512878,0 days 00:00:00.014328,57.6054645398334,0.06237374674098183,2.958089177124178,COMPLETE
114,-7.656126368176842,2026-01-17 19:47:29.513385,2026-01-17 19:47:29.527813,0 days 00:00:00.014428,58.632037560422916,0.06555101763007043,2.814461014277496,COMPLETE
115,-7.669436940816712,2026-01-17 19:47:29.528371,2026-01-17 19:47:29.542672,0 days 00:00:00.014301,58.034895613294665,0.05380183584162605,2.689706128467838,COMPLETE
116,-7.657440686549218,2026-01-17 19:47:29.543231,2026-01-17 19:47:29.567994,0 days 00:00:00.024763,61.712761166254715,0.1402086836637061,2.9165608584239324,COMPLETE
117,-7.791881894053442,2026-01-17 19:47:29.568572,2026-01-17 19:47:29.583723,0 days 00:00:00.015151,59.54008480985868,0.6316852333352956,2.4939096151202182,COMPLETE
118,-7.6670713963027195,2026-01-17 19:47:29.584338,2026-01-17 19:47:29.599005,0 days 00:00:00.014667,60.624557355299515,0.10953466772597936,3.2644560267428138,COMPLETE
119,-8.371715792690562,2026-01-17 19:47:29.599497,2026-01-17 19:47:29.614825,0 days 00:00:00.015328,56.30675724045874,0.06772403170832873,1.7483927679478508,COMPLETE
120,-7.642409751448159,2026-01-17 19:47:29.615372,2026-01-17 19:47:29.639760,0 days 00:00:00.024388,57.54257284665785,0.05169144421199684,2.9448252981350715,COMPLETE
121,-7.649611503211034,2026-01-17 19:47:29.640307,2026-01-17 19:47:29.664955,0 days 00:00:00.024648,57.668296917302726,0.09785694955536489,2.9701744064494533,COMPLETE
122,-7.644626372304574,2026-01-17 19:47:29.665727,2026-01-17 19:47:29.681273,0 days 00:00:00.015546,55.42862057826957,0.05022226062456171,3.105615090536427,COMPLETE
123,-7.643109406276349,2026-01-17 19:47:29.681821,2026-01-17 19:47:29.696436,0 days 00:00:00.014615,58.975891799025405,0.05488632111618256,3.1244394751844196,COMPLETE
124,-7.641679079913734,2026-01-17 19:47:29.696956,2026-01-17 19:47:29.711863,0 days 00:00:00.014907,58.922831611025984,0.050158012424494816,3.1068995637199905,COMPLETE
125,-7.716578434206373,2026-01-17 19:47:29.712394,2026-01-17 19:47:29.726915,0 days 00:00:00.014521,32.97466671736407,0.05616387088961853,3.187918758327014,COMPLETE
126,-9.488131057834067,2026-01-17 19:47:29.727486,2026-01-17 19:47:29.742266,0 days 00:00:00.014780,58.78050299178101,0.1305527702833942,0.7621011054809619,COMPLETE
127,-7.643840701088818,2026-01-17 19:47:29.742776,2026-01-17 19:47:29.757367,0 days 00:00:00.014591,53.26353792828129,0.05018593398235389,3.0821164570536856,COMPLETE
128,-7.643872303204456,2026-01-17 19:47:29.757936,2026-01-17 19:47:29.772497,0 days 00:00:00.014561,55.089451890047776,0.05155517842335355,3.0899261829765954,COMPLETE
129,-7.69293504099265,2026-01-17 19:47:29.773322,2026-01-17 19:47:29.787669,0 days 00:00:00.014347,52.07948519085502,0.11015084884148683,3.4280161564169993,COMPLETE
130,-7.662719286745068,2026-01-17 19:47:29.788264,2026-01-17 19:47:29.803240,0 days 00:00:00.014976,53.50350111342655,0.050130446717280834,3.2876707575527093,COMPLETE
131,-7.650256703857036,2026-01-17 19:47:29.803955,2026-01-17 19:47:29.819324,0 days 00:00:00.015369,55.221215151635406,0.09603829550647203,3.0698045613903457,COMPLETE
