number,value,datetime_start,datetime_complete,duration,params_C,params_epsilon,params_gamma,state
132,-8.016967776175834,2026-01-17 19:51:01.933171,2026-01-17 19:51:01.947754,0 days 00:00:00.014583,64.0009918649704,0.09678128719448949,3.1933360858532485,COMPLETE
133,-8.016948383424658,2026-01-17 19:51:01.948287,2026-01-17 19:51:01.963303,0 days 00:00:00.015016,63.9349010508407,0.074047578262741,3.2401560245415384,COMPLETE
134,-8.019762884909152,2026-01-17 19:51:01.963833,2026-01-17 19:51:01.978806,0 days 00:00:00.014973,64.11470459818054,0.07026645309595712,3.3007953626346453,COMPLETE
135,-8.013203917476966,2026-01-17 19:51:01.979319,2026-01-17 19:51:01.994859,0 days 00:00:00.015540,63.11396439167432,0.050562614261849055,3.1943127014160786,COMPLETE
136,-8.02526350390528,2026-01-17 19:51:01.995387,2026-01-17 19:51:02.011224,0 days 00:00:00.015837,63.99667612720204,0.051104180617484195,2.968838207537041,COMPLETE
137,-8.043567298948268,2026-01-17 19:51:02.011847,2026-01-17 19:51:02.026848,0 days 00:00:00.015001,63.07671186351031,0.11559799551968408,3.4739377851940447,COMPLETE
138,-8.086426000727666,2026-01-17 19:51:02.027582,2026-01-17 19:51:02.041630,0 days 00:00:00.014048,64.98783158714326,0.8514822476178538,3.0841510502625487,COMPLETE
139,-8.030828422990004,2026-01-17 19:51:02.042333,2026-01-17 19:51:02.056990,0 days 00:00:00.014657,45.94630259341588,0.13258508831471472,3.18430493047181,COMPLETE
140,-8.024180266403068,2026-01-17 19:51:02.057544,2026-01-17 19:51:02.073016,0 days 00:00:00.015472,62.35231979998201,0.07655285838248034,3.351127449154488,COMPLETE
141,-8.018083945205689,2026-01-17 19:51:02.073604,2026-01-17 19:51:02.088393,0 days 00:00:00.014789,63.379557362325485,0.08104882346267825,3.2480357214277675,COMPLETE
142,-8.014846678079383,2026-01-17 19:51:02.088916,2026-01-17 19:51:02.104973,0 days 00:00:00.016057,60.126983916634536,0.05198509498325182,3.2014128975414824,COMPLETE
143,-8.01639009912745,2026-01-17 19:51:02.105498,2026-01-17 19:51:02.119757,0 days 00:00:00.014259,64.2270586740046,0.09962416348311677,3.1721336846520125,COMPLETE
144,-8.018622672184675,2026-01-17 19:51:02.120241,2026-01-17 19:51:02.135660,0 days 00:00:00.015419,64.2426051126434,0.11085762133353996,3.047356623053032,COMPLETE
145,-8.016882140771841,2026-01-17 19:51:02.136766,2026-01-17 19:51:02.151363,0 days 00:00:00.014597,62.0682790114222,0.09638575985717093,3.1740058712543524,COMPLETE
146,-8.039995909689669,2026-01-17 19:51:02.152269,2026-01-17 19:51:02.167422,0 days 00:00:00.015153,62.90738671897889,0.15310161346364476,3.4219469087236702,COMPLETE
147,-8.031137621906817,2026-01-17 19:51:02.168111,2026-01-17 19:51:02.183955,0 days 00:00:00.015844,62.04439203640501,0.09022659660741567,2.9686085795132073,COMPLETE
148,-8.01954425872563,2026-01-17 19:51:02.184669,2026-01-17 19:51:02.199425,0 days 00:00:00.014756,63.462874982851645,0.1273612123749963,3.1866374955832413,COMPLETE
149,-8.15245094339965,2026-01-17 19:51:02.200372,2026-01-17 19:51:02.215391,0 days 00:00:00.015019,25.53761264948475,0.10469802482122985,3.3085555112943714,COMPLETE
150,-8.02331959915612,2026-01-17 19:51:02.216115,2026-01-17 19:51:02.230863,0 days 00:00:00.014748,64.1849175123362,0.17788916020489887,3.069439020723665,COMPLETE
151,-8.015206517898443,2026-01-17 19:51:02.231538,2026-01-17 19:51:02.246948,0 days 00:00:00.015410,60.066366590639106,0.05144606759264875,3.136748438535335,COMPLETE
152,-8.01802608624901,2026-01-17 19:51:02.247717,2026-01-17 19:51:02.262248,0 days 00:00:00.014531,60.01353863545948,0.07531525849522705,3.118280848384926,COMPLETE
153,-8.01365505929357,2026-01-17 19:51:02.262897,2026-01-17 19:51:02.277692,0 days 00:00:00.014795,62.0483537032185,0.0519962405073626,3.1926331700507378,COMPLETE
154,-8.027329267465394,2026-01-17 19:51:02.278388,2026-01-17 19:51:02.293150,0 days 00:00:00.014762,60.81419380436935,0.08351959248116257,3.0066036625089256,COMPLETE
155,-8.01793038708878,2026-01-17 19:51:02.293726,2026-01-17 19:51:02.308603,0 days 00:00:00.014877,63.11089095775494,0.10362267495261596,3.196477303387082,COMPLETE
156,-8.01771757444499,2026-01-17 19:51:02.309630,2026-01-17 19:51:02.323902,0 days 00:00:00.014272,61.530047554339006,0.07639007557819262,3.0877913242148494,COMPLETE
157,-9.819509440186224,2026-01-17 19:51:02.324700,2026-01-17 19:51:02.339643,0 days 00:00:00.014943,64.47766361358491,0.12732717492715293,0.7961708370032525,COMPLETE
158,-8.024022473111389,2026-01-17 19:51:02.340386,2026-01-17 19:51:02.355247,0 days 00:00:00.014861,64.97654496246201,0.051776607301400025,3.371224146135517,COMPLETE
159,-8.017636489376127,2026-01-17 19:51:02.355983,2026-01-17 19:51:02.370620,0 days 00:00:00.014637,60.045572594786535,0.0932268201050234,3.1652537996562153,COMPLETE
160,-8.03268571985176,2026-01-17 19:51:02.371159,2026-01-17 19:51:02.385920,0 days 00:00:00.014761,62.84318414043537,0.07390698885123702,2.944038586652079,COMPLETE
161,-8.016336523116923,2026-01-17 19:51:02.386490,2026-01-17 19:51:02.401339,0 days 00:00:00.014849,61.915295124742045,0.053611815916565386,3.2538205388966537,COMPLETE
162,-8.020655522666058,2026-01-17 19:51:02.401996,2026-01-17 19:51:02.417611,0 days 00:00:00.015615,63.5894486537349,0.10814866712209377,3.2533009298129167,COMPLETE
163,-8.014562115145111,2026-01-17 19:51:02.418155,2026-01-17 19:51:02.432402,0 days 00:00:00.014247,62.189893368342965,0.07688560232498262,3.149831001469071,COMPLETE
164,-8.013207344899458,2026-01-17 19:51:02.433033,2026-01-17 19:51:02.447363,0 days 00:00:00.014330,61.98584143471564,0.050946217966735215,3.118121811664265,COMPLETE
165,-8.020602471728578,2026-01-17 19:51:02.447855,2026-01-17 19:51:02.462235,0 days 00:00:00.014380,61.75456983690984,0.05092811682179762,3.0297136507593407,COMPLETE
166,-8.015542935197947,2026-01-17 19:51:02.462730,2026-01-17 19:51:02.477012,0 days 00:00:00.014282,60.839530370646465,0.050967138139771044,3.1082050992219625,COMPLETE
167,-8.017587896372579,2026-01-17 19:51:02.477575,2026-01-17 19:51:02.492086,0 days 00:00:00.014511,60.599597290342146,0.06765762111665923,3.1018174617133463,COMPLETE
168,-8.037622868685768,2026-01-17 19:51:02.492848,2026-01-17 19:51:02.507716,0 days 00:00:00.014868,59.49276103278612,0.05099680463358852,2.914099460329212,COMPLETE
169,-8.020133143351012,2026-01-17 19:51:02.508242,2026-01-17 19:51:02.522512,0 days 00:00:00.014270,61.03521736203776,0.050540615477812044,3.3244010705095564,COMPLETE
170,-8.027318552521304,2026-01-17 19:51:02.523031,2026-01-17 19:51:02.537272,0 days 00:00:00.014241,59.8061180331696,0.07652911566545886,3.014579563146467,COMPLETE
171,-8.016254441204055,2026-01-17 19:51:02.537831,2026-01-17 19:51:02.553315,0 days 00:00:00.015484,61.954745353056715,0.09372387719671164,3.129140398524841,COMPLETE
172,-8.015594629813645,2026-01-17 19:51:02.553839,2026-01-17 19:51:02.568023,0 days 00:00:00.014184,61.41277693666359,0.07500014185738216,3.1234162138875643,COMPLETE
173,-8.019014745796971,2026-01-17 19:51:02.568569,2026-01-17 19:51:02.582649,0 days 00:00:00.014080,61.50867155507476,0.12307808896613907,3.1283214296264976,COMPLETE
174,-8.016981031268884,2026-01-17 19:51:02.583197,2026-01-17 19:51:02.598298,0 days 00:00:00.015101,62.48312848857039,0.0839027518690744,3.0855186184903394,COMPLETE
175,-8.028126699644208,2026-01-17 19:51:02.598852,2026-01-17 19:51:02.613225,0 days 00:00:00.014373,61.32841059415951,0.14363348652606497,3.0268041086552735,COMPLETE
176,-8.018465305631267,2026-01-17 19:51:02.613778,2026-01-17 19:51:02.628243,0 days 00:00:00.014465,60.49116201671422,0.10711127809173461,3.1656226500350377,COMPLETE
177,-8.014215799696546,2026-01-17 19:51:02.628811,2026-01-17 19:51:02.643009,0 days 00:00:00.014198,62.75597251177719,0.07424401302114131,3.121684397095814,COMPLETE
178,-8.047021631709178,2026-01-17 19:51:02.643513,2026-01-17 19:51:02.657850,0 days 00:00:00.014337,62.17167210971335,0.07329331532722419,2.84864835045778,COMPLETE
179,-8.013967981358842,2026-01-17 19:51:02.658344,2026-01-17 19:51:02.672537,0 days 00:00:00.014193,62.90022721190101,0.05032718368436275,3.0822009963515833,COMPLETE
180,-8.035643720416484,2026-01-17 19:51:02.673183,2026-01-17 19:51:02.687629,0 days 00:00:00.014446,63.02298030793973,0.07618979225339692,2.923627858970939,COMPLETE
181,-8.016282061966109,2026-01-17 19:51:02.688158,2026-01-17 19:51:02.702509,0 days 00:00:00.014351,61.879775116139676,0.06520090565408011,3.0879025265473405,COMPLETE
182,-8.019779422536796,2026-01-17 19:51:02.703373,2026-01-17 19:51:02.717983,0 days 00:00:00.014610,61.12405832964276,0.08516125224880211,3.075532919511728,COMPLETE
183,-8.02240382840551,2026-01-17 19:51:02.718598,2026-01-17 19:51:02.743554,0 days 00:00:00.024956,62.71851387442137,0.05112509547362136,3.003953095123303,COMPLETE
184,-8.544889208720416,2026-01-17 19:51:02.744113,2026-01-17 19:51:02.768901,0 days 00:00:00.024788,60.4710225052532,0.07113111926450232,1.8676597281351144,COMPLETE
185,-8.063476662236454,2026-01-17 19:51:02.769940,2026-01-17 19:51:02.784697,0 days 00:00:00.014757,36.56736186817027,0.11591647644519341,3.124755136228925,COMPLETE
186,-8.018032797137693,2026-01-17 19:51:02.785285,2026-01-17 19:51:02.799789,0 days 00:00:00.014504,63.130223856050094,0.09469841313684668,3.0652686178749953,COMPLETE
187,-8.027660095818472,2026-01-17 19:51:02.800602,2026-01-17 19:51:02.826145,0 days 00:00:00.025543,61.81403161479917,0.05000576790351051,2.978725963145576,COMPLETE
188,-8.014127868118504,2026-01-17 19:51:02.826735,2026-01-17 19:51:02.841725,0 days 00:00:00.014990,62.40529151188962,0.07352490117329746,3.1361695725028413,COMPLETE
189,-8.062963756376345,2026-01-17 19:51:02.842303,2026-01-17 19:51:02.856906,0 days 00:00:00.014603,63.46920670067397,0.5034790837903119,3.3063355869082147,COMPLETE
190,-8.021509823171893,2026-01-17 19:51:02.857517,2026-01-17 19:51:02.871906,0 days 00:00:00.014389,62.6893428236,0.1334495710834758,3.2182152437497735,COMPLETE
191,-8.01659874320023,2026-01-17 19:51:02.872544,2026-01-17 19:51:02.887268,0 days 00:00:00.014724,60.90691482343021,0.0730066839090468,3.1164870870570263,COMPLETE
192,-8.015846836690427,2026-01-17 19:51:02.887890,2026-01-17 19:51:02.902461,0 days 00:00:00.014571,61.83898548391025,0.08374385760653233,3.172318934494348,COMPLETE
193,-8.018271516090776,2026-01-17 19:51:02.903048,2026-01-17 19:51:02.917814,0 days 00:00:00.014766,59.94449644976454,0.0978582051821669,3.17346847186194,COMPLETE
194,-8.018868601846613,2026-01-17 19:51:02.918414,2026-01-17 19:51:02.943121,0 days 00:00:00.024707,62.419445981505795,0.0853690477208798,3.251145389878646,COMPLETE
195,-8.099419754182604,2026-01-17 19:51:02.943741,2026-01-17 19:51:02.958320,0 days 00:00:00.014579,61.37038450428235,0.940752351868366,3.145608501913874,COMPLETE
196,-8.017018414703788,2026-01-17 19:51:02.958893,2026-01-17 19:51:02.983585,0 days 00:00:00.024692,63.31339834963325,0.05065372700190275,3.0343092412542556,COMPLETE
197,-8.025512245560808,2026-01-17 19:51:02.984366,2026-01-17 19:51:02.998814,0 days 00:00:00.014448,60.69004468862393,0.11592050716205349,3.3138933200453558,COMPLETE
198,-8.017291081259426,2026-01-17 19:51:02.999377,2026-01-17 19:51:03.014038,0 days 00:00:00.014661,62.37945291239942,0.08620698105982032,3.2132857498330076,COMPLETE
199,-8.017606776992968,2026-01-17 19:51:03.014645,2026-01-17 19:51:03.029534,0 days 00:00:00.014889,60.01876222441207,0.07290059757672518,3.1222059832428024,COMPLETE
