number,value,datetime_start,datetime_complete,duration,params_C,params_epsilon,params_gamma,state
0,-7.742272000935458,2026-01-17 19:50:49.837492,2026-01-17 19:50:51.925191,0 days 00:00:02.087699,34.2520925370349,0.6301909736158823,2.201042097618135,COMPLETE
1,-7.935295304012824,2026-01-17 19:50:51.926117,2026-01-17 19:50:53.599335,0 days 00:00:01.673218,33.58731576020756,0.5678367854818227,3.2218613343059124,COMPLETE
2,-7.901553681266028,2026-01-17 19:50:53.600086,2026-01-17 19:50:55.171054,0 days 00:00:01.570968,33.24501016953499,0.6867053274699142,3.0168032649818812,COMPLETE
3,-7.816324372927499,2026-01-17 19:50:55.171929,2026-01-17 19:50:56.731654,0 days 00:00:01.559725,62.47273462650459,0.11498306315201809,1.4651413926467727,COMPLETE
4,-7.873688906969511,2026-01-17 19:50:56.732317,2026-01-17 19:50:56.755101,0 days 00:00:00.022784,63.126996522153995,0.23022583477362013,2.6714008946988743,COMPLETE
5,-7.8658334634726135,2026-01-17 19:50:56.755865,2026-01-17 19:50:56.768636,0 days 00:00:00.012771,50.99603687454849,0.6832819716750521,2.7904405741351592,COMPLETE
6,-7.366564090680393,2026-01-17 19:50:56.769307,2026-01-17 19:50:56.781843,0 days 00:00:00.012536,35.41034759750034,0.3487010488702524,0.984375656175162,COMPLETE
7,-7.670378682977322,2026-01-17 19:50:56.782513,2026-01-17 19:50:56.805208,0 days 00:00:00.022695,27.32405053183253,0.17883013039606094,2.12203064504473,COMPLETE
8,-7.8939274497346,2026-01-17 19:50:56.806135,2026-01-17 19:50:56.818068,0 days 00:00:00.011933,46.687715926657425,0.9541764017993843,2.969150088316419,COMPLETE
9,-7.7108118375535,2026-01-17 19:50:56.818702,2026-01-17 19:50:56.831179,0 days 00:00:00.012477,63.350608069559925,0.40655129453528205,1.2454548550456521,COMPLETE
10,-7.369603776435797,2026-01-17 19:50:56.831764,2026-01-17 19:50:56.847024,0 days 00:00:00.015260,40.7619808826782,0.3435273209861331,0.5555448435154412,COMPLETE
11,-7.384785737558518,2026-01-17 19:50:56.847593,2026-01-17 19:50:56.862425,0 days 00:00:00.014832,40.83541084587219,0.36407396923631025,0.9291187768395937,COMPLETE
12,-7.372935469839959,2026-01-17 19:50:56.862994,2026-01-17 19:50:56.878141,0 days 00:00:00.015147,41.61315813566674,0.39982633253320027,0.5121651469361007,COMPLETE
13,-8.111133680061508,2026-01-17 19:50:56.879111,2026-01-17 19:50:56.893354,0 days 00:00:00.014243,52.91472971180338,1.1326069422586769,3.748330377590694,COMPLETE
14,-7.463724751062702,2026-01-17 19:50:56.893928,2026-01-17 19:50:56.908835,0 days 00:00:00.014907,25.61892910530345,0.30560225691581044,0.5100171557228446,COMPLETE
15,-7.623191461179047,2026-01-17 19:50:56.909428,2026-01-17 19:50:56.934381,0 days 00:00:00.024953,38.9316591347974,0.06995991524278755,1.5179075217957565,COMPLETE
16,-7.48711988862119,2026-01-17 19:50:56.935137,2026-01-17 19:50:56.950006,0 days 00:00:00.014869,47.03960573597074,0.50952797010092,1.0574308898565974,COMPLETE
17,-7.653572301359233,2026-01-17 19:50:56.950610,2026-01-17 19:50:56.965713,0 days 00:00:00.015103,37.00295793242776,0.7732273692307401,1.7789352687463535,COMPLETE
18,-7.305678132868783,2026-01-17 19:50:56.966245,2026-01-17 19:50:56.981002,0 days 00:00:00.014757,29.202270797336446,0.5013069628568806,0.8215412824999793,COMPLETE
19,-7.285405260106161,2026-01-17 19:50:56.981542,2026-01-17 19:50:56.995672,0 days 00:00:00.014130,28.75757736491935,0.8450277278352168,0.9073959606945765,COMPLETE
20,-7.5861610154019825,2026-01-17 19:50:56.996634,2026-01-17 19:50:57.011547,0 days 00:00:00.014913,29.15804361933084,0.8671204735367287,1.815874567598063,COMPLETE
21,-7.265430739185588,2026-01-17 19:50:57.012157,2026-01-17 19:50:57.027378,0 days 00:00:00.015221,30.071303033014,1.050563300375753,0.8874783857459246,COMPLETE
22,-7.264142264677114,2026-01-17 19:50:57.028089,2026-01-17 19:50:57.043322,0 days 00:00:00.015233,30.060454884366674,1.0734255280445002,0.8661815384451799,COMPLETE
23,-7.412231358016461,2026-01-17 19:50:57.044125,2026-01-17 19:50:57.061050,0 days 00:00:00.016925,30.77872906579498,1.19434771974912,1.2971439838388066,COMPLETE
24,-7.596729392488032,2026-01-17 19:50:57.061643,2026-01-17 19:50:57.077010,0 days 00:00:00.015367,31.106314037635734,1.0376184926598453,1.7920224687093413,COMPLETE
25,-7.312614277933072,2026-01-17 19:50:57.077557,2026-01-17 19:50:57.092168,0 days 00:00:00.014611,25.01938040556367,1.016456210081848,0.8549377016711124,COMPLETE
26,-7.427583102445436,2026-01-17 19:50:57.092731,2026-01-17 19:50:57.106591,0 days 00:00:00.013860,31.23672821887714,0.8573078983865119,1.3022806341890942,COMPLETE
27,-7.2636174603036965,2026-01-17 19:50:57.107131,2026-01-17 19:50:57.121608,0 days 00:00:00.014477,37.785788159985515,1.0708095457045739,0.723498903395966,COMPLETE
28,-7.2632890685991445,2026-01-17 19:50:57.122277,2026-01-17 19:50:57.136090,0 days 00:00:00.013813,36.9238594739079,1.0793235766529898,0.721510507817051,COMPLETE
29,-7.257949441716306,2026-01-17 19:50:57.137020,2026-01-17 19:50:57.151515,0 days 00:00:00.014495,43.53712850949557,1.1953853829390797,0.654737173700111,COMPLETE
30,-7.774215599951207,2026-01-17 19:50:57.152074,2026-01-17 19:50:57.167545,0 days 00:00:00.015471,43.998416663368374,1.1948615014496637,2.273213786406671,COMPLETE
31,-7.308718289623789,2026-01-17 19:50:57.168046,2026-01-17 19:50:57.181937,0 days 00:00:00.013891,37.11787880429908,1.1117100458992988,0.6139594062629898,COMPLETE
32,-7.260670855853344,2026-01-17 19:50:57.182409,2026-01-17 19:50:57.197090,0 days 00:00:00.014681,44.0163570902299,1.0984808745694914,0.7159955439732801,COMPLETE
33,-7.546531319359805,2026-01-17 19:50:57.197580,2026-01-17 19:50:57.211399,0 days 00:00:00.013819,50.982010075797845,0.9474446909317257,1.1473051302205801,COMPLETE
34,-7.2746639164616855,2026-01-17 19:50:57.211929,2026-01-17 19:50:57.225971,0 days 00:00:00.014042,44.08199123555138,0.9565535213142,0.697956729958079,COMPLETE
35,-7.700099352790001,2026-01-17 19:50:57.226495,2026-01-17 19:50:57.240560,0 days 00:00:00.014065,56.57358418950272,1.143696447038794,1.5374557944806275,COMPLETE
36,-7.276725398467336,2026-01-17 19:50:57.241127,2026-01-17 19:50:57.254991,0 days 00:00:00.013864,34.23209018568116,0.9910961308579813,0.7263802967024741,COMPLETE
37,-7.466970810343287,2026-01-17 19:50:57.255481,2026-01-17 19:50:57.269842,0 days 00:00:00.014361,45.930846987038436,0.7532364101495386,1.0759138228124143,COMPLETE
38,-7.986488207031641,2026-01-17 19:50:57.270316,2026-01-17 19:50:57.284167,0 days 00:00:00.013851,48.74694907185908,1.1146666742965972,3.3669347164513947,COMPLETE
39,-7.572809272611595,2026-01-17 19:50:57.284913,2026-01-17 19:50:57.298600,0 days 00:00:00.013687,42.66174743712048,0.8971271287278271,1.4109201443101942,COMPLETE
40,-7.801242987815127,2026-01-17 19:50:57.299080,2026-01-17 19:50:57.313162,0 days 00:00:00.014082,37.6651697705743,1.1927780860786812,2.479045694566447,COMPLETE
41,-7.265079261665202,2026-01-17 19:50:57.313860,2026-01-17 19:50:57.327752,0 days 00:00:00.013892,39.20918791104465,1.0709724607817364,0.7111284802868854,COMPLETE
42,-7.393841681288921,2026-01-17 19:50:57.328217,2026-01-17 19:50:57.343242,0 days 00:00:00.015025,35.21312004688874,1.0913093260122544,1.1653360279347487,COMPLETE
43,-7.276508092172603,2026-01-17 19:50:57.343781,2026-01-17 19:50:57.358218,0 days 00:00:00.014437,33.968830083533106,1.0005048845280848,0.7304579520126394,COMPLETE
44,-7.345321822091414,2026-01-17 19:50:57.358720,2026-01-17 19:50:57.372358,0 days 00:00:00.013638,38.92295614433321,1.1627443562994926,0.9765924692673226,COMPLETE
45,-7.281041787191192,2026-01-17 19:50:57.372872,2026-01-17 19:50:57.386888,0 days 00:00:00.014016,42.37304421990242,1.0791243993778483,0.620322525043765,COMPLETE
46,-7.283752860829042,2026-01-17 19:50:57.387477,2026-01-17 19:50:57.402072,0 days 00:00:00.014595,33.04088647274128,0.6686110547118198,0.7976284157584763,COMPLETE
47,-7.433160535686537,2026-01-17 19:50:57.402669,2026-01-17 19:50:57.416788,0 days 00:00:00.014119,48.75822824502248,0.9221164754772888,0.9662979588523024,COMPLETE
48,-7.380836209186313,2026-01-17 19:50:57.417472,2026-01-17 19:50:57.432104,0 days 00:00:00.014632,39.86795997012309,0.7717230721248464,0.5039269637769471,COMPLETE
49,-7.541514906535279,2026-01-17 19:50:57.432717,2026-01-17 19:50:57.447289,0 days 00:00:00.014572,32.185165802909765,0.9888118825646658,1.5887449937365095,COMPLETE
50,-7.498491931810295,2026-01-17 19:50:57.448144,2026-01-17 19:50:57.461463,0 days 00:00:00.013319,44.637801591823155,1.1431107338530873,1.1741940131278206,COMPLETE
51,-7.273488314185315,2026-01-17 19:50:57.462017,2026-01-17 19:50:57.476464,0 days 00:00:00.014447,38.29714980274708,1.0589668675389325,0.6721974556191727,COMPLETE
52,-7.25656230609424,2026-01-17 19:50:57.477061,2026-01-17 19:50:57.491600,0 days 00:00:00.014539,36.02781176969737,1.1095981387063236,0.7662932349472827,COMPLETE
53,-7.356825320080242,2026-01-17 19:50:57.492213,2026-01-17 19:50:57.507347,0 days 00:00:00.015134,35.79361759871279,1.105448820362949,1.0567898994825176,COMPLETE
54,-7.296311734278467,2026-01-17 19:50:57.507876,2026-01-17 19:50:57.522931,0 days 00:00:00.015055,26.85258880230028,1.155138896073433,0.8051315460040671,COMPLETE
55,-7.320124942849205,2026-01-17 19:50:57.523553,2026-01-17 19:50:57.538085,0 days 00:00:00.014532,36.195184022834475,1.0337358139714774,0.6055290180256305,COMPLETE
56,-8.174286249163277,2026-01-17 19:50:57.538630,2026-01-17 19:50:57.553968,0 days 00:00:00.015338,41.2283375850898,0.9689011061030175,3.9990129937375096,COMPLETE
57,-7.704057588877015,2026-01-17 19:50:57.554584,2026-01-17 19:50:57.579184,0 days 00:00:00.024600,58.81688145262602,0.8215889015879245,1.363308713552804,COMPLETE
58,-7.365274692004823,2026-01-17 19:50:57.579826,2026-01-17 19:50:57.594119,0 days 00:00:00.014293,42.85741025051487,0.9191203327495517,0.9146036187488296,COMPLETE
59,-7.382140023915076,2026-01-17 19:50:57.594865,2026-01-17 19:50:57.608238,0 days 00:00:00.013373,40.09930450424508,1.030942703924721,1.0251781638507913,COMPLETE
60,-7.735973862891062,2026-01-17 19:50:57.608826,2026-01-17 19:50:57.622941,0 days 00:00:00.014115,47.18421667268248,1.1668629533982746,2.0091498521468263,COMPLETE
61,-7.258177079523891,2026-01-17 19:50:57.623624,2026-01-17 19:50:57.638360,0 days 00:00:00.014736,39.34972246650693,1.071731880894464,0.7849938668998118,COMPLETE
62,-7.288323421231917,2026-01-17 19:50:57.639104,2026-01-17 19:50:57.653427,0 days 00:00:00.014323,41.007983421159395,1.0896695665967766,0.8355935043608349,COMPLETE
63,-7.383627924782269,2026-01-17 19:50:57.653968,2026-01-17 19:50:57.668563,0 days 00:00:00.014595,35.53654366102072,1.1168987338296208,0.5291819947090732,COMPLETE
64,-7.306822948874036,2026-01-17 19:50:57.669074,2026-01-17 19:50:57.683780,0 days 00:00:00.014706,43.30457755824168,0.5885167144724243,0.7742086983774021,COMPLETE
65,-7.51469686553575,2026-01-17 19:50:57.684524,2026-01-17 19:50:57.698550,0 days 00:00:00.014026,45.57478496270994,1.0518300738357373,1.1851024329071276,COMPLETE
66,-7.313093352078151,2026-01-17 19:50:57.699081,2026-01-17 19:50:57.712916,0 days 00:00:00.013835,37.719805033149136,1.0142003021993318,0.6032812260177857,COMPLETE
67,-7.27016844751787,2026-01-17 19:50:57.713630,2026-01-17 19:50:57.726757,0 days 00:00:00.013127,33.388540588784885,1.1715056100238566,0.9022544026280908,COMPLETE
68,-7.567711516459262,2026-01-17 19:50:57.727500,2026-01-17 19:50:57.741443,0 days 00:00:00.013943,32.30932271208302,1.1265892376135178,1.671733250164458,COMPLETE
69,-7.895573461797737,2026-01-17 19:50:57.742041,2026-01-17 19:50:57.757324,0 days 00:00:00.015283,36.825588725178505,1.0748093819112725,2.9912502599139836,COMPLETE
70,-7.373061277058793,2026-01-17 19:50:57.757939,2026-01-17 19:50:57.772391,0 days 00:00:00.014452,27.744432194380884,0.24895908158041008,1.0999181975842962,COMPLETE
71,-7.266629834612448,2026-01-17 19:50:57.772933,2026-01-17 19:50:57.787319,0 days 00:00:00.014386,39.629375110849146,1.0759038213994423,0.6797205534035937,COMPLETE
72,-7.251316078595406,2026-01-17 19:50:57.787794,2026-01-17 19:50:57.801828,0 days 00:00:00.014034,38.63466580868805,1.1957899776330936,0.758929373500809,COMPLETE
73,-7.254890538972281,2026-01-17 19:50:57.802387,2026-01-17 19:50:57.817355,0 days 00:00:00.014968,34.697145443870035,1.197842010462575,0.8569087325864753,COMPLETE
74,-7.312372163127149,2026-01-17 19:50:57.818002,2026-01-17 19:50:57.832545,0 days 00:00:00.014543,35.023622782430195,1.1766509015543127,0.9744661043782262,COMPLETE
75,-7.512222630656275,2026-01-17 19:50:57.833140,2026-01-17 19:50:57.858413,0 days 00:00:00.025273,41.87812872833672,1.137267613231981,1.2694688956052294,COMPLETE
76,-7.253060187576127,2026-01-17 19:50:57.859145,2026-01-17 19:50:57.884710,0 days 00:00:00.025565,38.5038331355715,1.1986716084693148,0.7506766958769439,COMPLETE
77,-7.951040577448194,2026-01-17 19:50:57.885379,2026-01-17 19:50:57.910630,0 days 00:00:00.025251,40.310319050899146,1.196720141730125,3.245938485970293,COMPLETE
78,-7.313773126781311,2026-01-17 19:50:57.911341,2026-01-17 19:50:57.926894,0 days 00:00:00.015553,38.4835488432351,1.132440233662225,0.5954295242395188,COMPLETE
79,-7.249411025973343,2026-01-17 19:50:57.927593,2026-01-17 19:50:57.943373,0 days 00:00:00.015780,36.38972532076088,1.195262278305139,0.8000892553464022,COMPLETE
80,-7.874674659657425,2026-01-17 19:50:57.944126,2026-01-17 19:50:57.959640,0 days 00:00:00.015514,34.42969833266459,1.1985580960832862,2.858157586418912,COMPLETE
81,-7.253434212794343,2026-01-17 19:50:57.960381,2026-01-17 19:50:57.975940,0 days 00:00:00.015559,36.9812254915539,1.16173001461273,0.8237125405673238,COMPLETE
82,-7.255739847410823,2026-01-17 19:50:57.976625,2026-01-17 19:50:57.991104,0 days 00:00:00.014479,36.29656859606721,1.157235656963716,0.839838134836612,COMPLETE
83,-7.2535010003080895,2026-01-17 19:50:57.991681,2026-01-17 19:50:58.006320,0 days 00:00:00.014639,36.42295943024946,1.160854790356593,0.8286180798146667,COMPLETE
84,-7.269301898675332,2026-01-17 19:50:58.006888,2026-01-17 19:50:58.021513,0 days 00:00:00.014625,36.582056448774175,1.1631786528452344,0.872874822808588,COMPLETE
85,-7.314005372934962,2026-01-17 19:50:58.022443,2026-01-17 19:50:58.036720,0 days 00:00:00.014277,32.691096980300756,1.157303444363272,1.0080290747858862,COMPLETE
86,-7.275759075539133,2026-01-17 19:50:58.037533,2026-01-17 19:50:58.051294,0 days 00:00:00.013761,34.804001910305495,1.1950456400801355,0.9103245629194898,COMPLETE
87,-7.342688493990062,2026-01-17 19:50:58.051794,2026-01-17 19:50:58.066904,0 days 00:00:00.015110,31.306147211140335,1.1242710382189256,1.0965130174056184,COMPLETE
88,-7.380076017764504,2026-01-17 19:50:58.067438,2026-01-17 19:50:58.082304,0 days 00:00:00.014866,37.664599302079424,0.4531076631634058,0.5027316568868607,COMPLETE
89,-7.25184276089473,2026-01-17 19:50:58.082874,2026-01-17 19:50:58.098056,0 days 00:00:00.015182,36.046859967234695,1.1712858412652378,0.8191152663974234,COMPLETE
90,-7.675861477717605,2026-01-17 19:50:58.098630,2026-01-17 19:50:58.113028,0 days 00:00:00.014398,64.92585155750952,1.149420370661461,1.2265832124846028,COMPLETE
91,-7.278151871614139,2026-01-17 19:50:58.113583,2026-01-17 19:50:58.129071,0 days 00:00:00.015488,36.193887078467746,1.1783757395084644,0.6641026514778883,COMPLETE
92,-7.2526101262512555,2026-01-17 19:50:58.129590,2026-01-17 19:50:58.143774,0 days 00:00:00.014184,34.10187370315665,1.1143893162817855,0.8100303939668433,COMPLETE
93,-7.252973812272641,2026-01-17 19:50:58.144374,2026-01-17 19:50:58.158939,0 days 00:00:00.014565,34.14782003429386,1.1093718884171937,0.7918651557551304,COMPLETE
94,-7.256664224326029,2026-01-17 19:50:58.159456,2026-01-17 19:50:58.173685,0 days 00:00:00.014229,33.78160201179437,1.1462514795593965,0.8550441433440089,COMPLETE
95,-7.300897174048802,2026-01-17 19:50:58.174228,2026-01-17 19:50:58.188812,0 days 00:00:00.014584,34.068083061171386,1.0958169706546257,0.9543200704689723,COMPLETE
96,-7.316854405480055,2026-01-17 19:50:58.189352,2026-01-17 19:50:58.204064,0 days 00:00:00.014712,31.486239256427197,1.169898924388168,1.033266577712339,COMPLETE
97,-7.270108610188702,2026-01-17 19:50:58.204827,2026-01-17 19:50:58.219377,0 days 00:00:00.014550,30.31356843812071,1.1202438703976905,0.8057725358943253,COMPLETE
98,-7.343413020121558,2026-01-17 19:50:58.219961,2026-01-17 19:50:58.234967,0 days 00:00:00.015006,35.26685706601956,1.0449321088141625,0.5820409686428265,COMPLETE
99,-7.3999229291521775,2026-01-17 19:50:58.235820,2026-01-17 19:50:58.250676,0 days 00:00:00.014856,37.223896700303705,1.1423646867885613,1.1425866813849572,COMPLETE
100,-7.267373020979453,2026-01-17 19:50:58.251262,2026-01-17 19:50:58.266647,0 days 00:00:00.015385,38.366282490626304,1.1750849395865706,0.8457283663116782,COMPLETE
101,-7.259101691778004,2026-01-17 19:50:58.267211,2026-01-17 19:50:58.283058,0 days 00:00:00.015847,36.02751615833732,1.0989865894525361,0.7431919614933158,COMPLETE
102,-7.2618828045412185,2026-01-17 19:50:58.283670,2026-01-17 19:50:58.299059,0 days 00:00:00.015389,33.14726473891253,1.1052795556199833,0.7704833766324576,COMPLETE
103,-7.2948248037551195,2026-01-17 19:50:58.299595,2026-01-17 19:50:58.314122,0 days 00:00:00.014527,34.47842102629625,1.124737665836449,0.6619940231520931,COMPLETE
104,-7.271779584177997,2026-01-17 19:50:58.314645,2026-01-17 19:50:58.329740,0 days 00:00:00.015095,31.889502597224535,1.1783046282190448,0.9217834459285505,COMPLETE
105,-7.322283728851653,2026-01-17 19:50:58.330294,2026-01-17 19:50:58.344980,0 days 00:00:00.014686,35.83081720409249,1.1970173369229689,0.9889854906673808,COMPLETE
106,-7.348363146131244,2026-01-17 19:50:58.345753,2026-01-17 19:50:58.360220,0 days 00:00:00.014467,37.08326147056734,1.1509537179034954,0.5573887483451672,COMPLETE
107,-7.842643958524604,2026-01-17 19:50:58.360751,2026-01-17 19:50:58.374978,0 days 00:00:00.014227,38.71067700122488,0.10724956595624824,2.4951303818164625,COMPLETE
108,-7.2748090911736325,2026-01-17 19:50:58.375484,2026-01-17 19:50:58.390418,0 days 00:00:00.014934,33.52334261027679,1.0306770633266007,0.7393564667912816,COMPLETE
109,-7.258084678004406,2026-01-17 19:50:58.391097,2026-01-17 19:50:58.407123,0 days 00:00:00.016026,35.32082733865193,1.101093856736925,0.8307329673417269,COMPLETE
110,-7.502865212168028,2026-01-17 19:50:58.407819,2026-01-17 19:50:58.423206,0 days 00:00:00.015387,37.907851838702186,1.0543752523426697,1.331010306307213,COMPLETE
111,-7.257190412486824,2026-01-17 19:50:58.423881,2026-01-17 19:50:58.440238,0 days 00:00:00.016357,33.59072331219113,1.1453430443868615,0.8591559646812094,COMPLETE
112,-7.2900240734223205,2026-01-17 19:50:58.441022,2026-01-17 19:50:58.456533,0 days 00:00:00.015511,34.37686419432126,1.1318452024126684,0.6738156349540241,COMPLETE
113,-7.357501429834004,2026-01-17 19:50:58.457265,2026-01-17 19:50:58.471704,0 days 00:00:00.014439,36.47164622159906,1.1637818673639524,1.0522998682666442,COMPLETE
114,-7.27574906564745,2026-01-17 19:50:58.472413,2026-01-17 19:50:58.498541,0 days 00:00:00.026128,32.53950825082483,1.1989928978003264,0.9275820308882482,COMPLETE
115,-7.254530207822763,2026-01-17 19:50:58.499181,2026-01-17 19:50:58.513819,0 days 00:00:00.014638,34.85209486240966,1.1157607968097292,0.7718514470418668,COMPLETE
116,-7.257679055420651,2026-01-17 19:50:58.514369,2026-01-17 19:50:58.528679,0 days 00:00:00.014310,35.59128457378211,1.1132551671733555,0.7470088885716689,COMPLETE
117,-7.304656226266833,2026-01-17 19:50:58.529244,2026-01-17 19:50:58.543494,0 days 00:00:00.014250,36.824354539700465,1.0885425616465416,0.624430072911315,COMPLETE
118,-7.250109498797339,2026-01-17 19:50:58.544120,2026-01-17 19:50:58.558707,0 days 00:00:00.014587,39.08080606257772,1.177236515447079,0.7852659860246094,COMPLETE
119,-7.401017740356137,2026-01-17 19:50:58.559312,2026-01-17 19:50:58.573577,0 days 00:00:00.014265,38.972286174992085,1.170785771016506,1.1128821583371973,COMPLETE
120,-7.3293018822197835,2026-01-17 19:50:58.574125,2026-01-17 19:50:58.588589,0 days 00:00:00.014464,37.67390200269597,1.1791043984111453,0.9682817444534015,COMPLETE
121,-7.2620326507556285,2026-01-17 19:50:58.589140,2026-01-17 19:50:58.604211,0 days 00:00:00.015071,39.91933716072899,1.1385248980389298,0.8082102771622436,COMPLETE
122,-7.262454672641001,2026-01-17 19:50:58.604853,2026-01-17 19:50:58.620593,0 days 00:00:00.015740,40.64293510828588,1.1150197122923888,0.7077448620658813,COMPLETE
123,-7.2692585782977845,2026-01-17 19:50:58.621205,2026-01-17 19:50:58.636452,0 days 00:00:00.015247,34.756730660335954,1.156581066007241,0.8905872158102004,COMPLETE
124,-7.34601978246811,2026-01-17 19:50:58.637392,2026-01-17 19:50:58.653216,0 days 00:00:00.015824,36.81478206694043,1.0648395198133496,0.5655884448891079,COMPLETE
125,-7.680267264902751,2026-01-17 19:50:58.653768,2026-01-17 19:50:58.668304,0 days 00:00:00.014536,36.20495187281782,1.1810172994440404,1.9535279759862305,COMPLETE
126,-7.255269811449429,2026-01-17 19:50:58.668835,2026-01-17 19:50:58.684425,0 days 00:00:00.015590,38.05970135625329,1.1293746573611882,0.7824860077051317,COMPLETE
127,-7.270703424458061,2026-01-17 19:50:58.685253,2026-01-17 19:50:58.699931,0 days 00:00:00.014678,39.29900310396672,1.1531011539390275,0.6510141537485358,COMPLETE
128,-8.017236538580258,2026-01-17 19:50:58.700558,2026-01-17 19:50:58.715024,0 days 00:00:00.014466,37.85255278813534,1.1989930789616947,3.4902566021947563,COMPLETE
129,-7.297046633292373,2026-01-17 19:50:58.715640,2026-01-17 19:50:58.730424,0 days 00:00:00.014784,41.54125122334009,0.7230660640818948,0.8058227436665172,COMPLETE
130,-7.323523208100236,2026-01-17 19:50:58.730969,2026-01-17 19:50:58.745816,0 days 00:00:00.014847,35.11140716855835,1.128170760569159,0.989664428294311,COMPLETE
131,-7.263013733965073,2026-01-17 19:50:58.746434,2026-01-17 19:50:58.761482,0 days 00:00:00.015048,38.45742241959358,1.0866353699112683,0.7459824769221096,COMPLETE
